<?xml version="1.0" encoding="UTF-8"?>
<testsuites>
  <testsuite name="/app/phpunit-ci.xml" tests="561" assertions="13602" errors="0" failures="0" skipped="0" time="154.515327">
    <testsuite name="Unit" tests="174" assertions="289" errors="0" failures="0" skipped="0" time="9.491588">
      <testsuite name="Tests\Unit\Playground\Lead\Api\Http\Requests\Campaign\CreateRequestTest" file="/app/tests/Unit/Http/Requests/Campaign/CreateRequestTest.php" tests="1" assertions="1" errors="0" failures="0" skipped="0" time="0.346967">
        <testcase name="test_request_instance" file="/app/vendor/gammamatrix/playground-test/src/Unit/Http/Requests/RequestCase.php" line="41" class="Tests\Unit\Playground\Lead\Api\Http\Requests\Campaign\CreateRequestTest" classname="Tests.Unit.Playground.Lead.Api.Http.Requests.Campaign.CreateRequestTest" assertions="1" time="0.346967"/>
      </testsuite>
      <testsuite name="Tests\Unit\Playground\Lead\Api\Http\Requests\Campaign\DestroyRequestTest" file="/app/tests/Unit/Http/Requests/Campaign/DestroyRequestTest.php" tests="1" assertions="1" errors="0" failures="0" skipped="0" time="0.044137">
        <testcase name="test_request_instance" file="/app/vendor/gammamatrix/playground-test/src/Unit/Http/Requests/RequestCase.php" line="41" class="Tests\Unit\Playground\Lead\Api\Http\Requests\Campaign\DestroyRequestTest" classname="Tests.Unit.Playground.Lead.Api.Http.Requests.Campaign.DestroyRequestTest" assertions="1" time="0.044137"/>
      </testsuite>
      <testsuite name="Tests\Unit\Playground\Lead\Api\Http\Requests\Campaign\EditRequestTest" file="/app/tests/Unit/Http/Requests/Campaign/EditRequestTest.php" tests="1" assertions="1" errors="0" failures="0" skipped="0" time="0.063152">
        <testcase name="test_request_instance" file="/app/vendor/gammamatrix/playground-test/src/Unit/Http/Requests/RequestCase.php" line="41" class="Tests\Unit\Playground\Lead\Api\Http\Requests\Campaign\EditRequestTest" classname="Tests.Unit.Playground.Lead.Api.Http.Requests.Campaign.EditRequestTest" assertions="1" time="0.063152"/>
      </testsuite>
      <testsuite name="Tests\Unit\Playground\Lead\Api\Http\Requests\Campaign\IndexRequestTest" file="/app/tests/Unit/Http/Requests/Campaign/IndexRequestTest.php" tests="1" assertions="1" errors="0" failures="0" skipped="0" time="0.128589">
        <testcase name="test_request_instance" file="/app/vendor/gammamatrix/playground-test/src/Unit/Http/Requests/RequestCase.php" line="41" class="Tests\Unit\Playground\Lead\Api\Http\Requests\Campaign\IndexRequestTest" classname="Tests.Unit.Playground.Lead.Api.Http.Requests.Campaign.IndexRequestTest" assertions="1" time="0.128589"/>
      </testsuite>
      <testsuite name="Tests\Unit\Playground\Lead\Api\Http\Requests\Campaign\LockRequestTest" file="/app/tests/Unit/Http/Requests/Campaign/LockRequestTest.php" tests="1" assertions="1" errors="0" failures="0" skipped="0" time="0.041588">
        <testcase name="test_request_instance" file="/app/vendor/gammamatrix/playground-test/src/Unit/Http/Requests/RequestCase.php" line="41" class="Tests\Unit\Playground\Lead\Api\Http\Requests\Campaign\LockRequestTest" classname="Tests.Unit.Playground.Lead.Api.Http.Requests.Campaign.LockRequestTest" assertions="1" time="0.041588"/>
      </testsuite>
      <testsuite name="Tests\Unit\Playground\Lead\Api\Http\Requests\Campaign\RestoreRequestTest" file="/app/tests/Unit/Http/Requests/Campaign/RestoreRequestTest.php" tests="1" assertions="1" errors="0" failures="0" skipped="0" time="0.041524">
        <testcase name="test_request_instance" file="/app/vendor/gammamatrix/playground-test/src/Unit/Http/Requests/RequestCase.php" line="41" class="Tests\Unit\Playground\Lead\Api\Http\Requests\Campaign\RestoreRequestTest" classname="Tests.Unit.Playground.Lead.Api.Http.Requests.Campaign.RestoreRequestTest" assertions="1" time="0.041524"/>
      </testsuite>
      <testsuite name="Tests\Unit\Playground\Lead\Api\Http\Requests\Campaign\ShowRequestTest" file="/app/tests/Unit/Http/Requests/Campaign/ShowRequestTest.php" tests="1" assertions="1" errors="0" failures="0" skipped="0" time="0.041532">
        <testcase name="test_request_instance" file="/app/vendor/gammamatrix/playground-test/src/Unit/Http/Requests/RequestCase.php" line="41" class="Tests\Unit\Playground\Lead\Api\Http\Requests\Campaign\ShowRequestTest" classname="Tests.Unit.Playground.Lead.Api.Http.Requests.Campaign.ShowRequestTest" assertions="1" time="0.041532"/>
      </testsuite>
      <testsuite name="Tests\Unit\Playground\Lead\Api\Http\Requests\Campaign\StoreRequestTest" file="/app/tests/Unit/Http/Requests/Campaign/StoreRequestTest.php" tests="3" assertions="8" errors="0" failures="0" skipped="0" time="0.147758">
        <testcase name="test_request_instance" file="/app/vendor/gammamatrix/playground-test/src/Unit/Http/Requests/RequestCase.php" line="41" class="Tests\Unit\Playground\Lead\Api\Http\Requests\Campaign\StoreRequestTest" classname="Tests.Unit.Playground.Lead.Api.Http.Requests.Campaign.StoreRequestTest" assertions="1" time="0.067642"/>
        <testcase name="test_StoreRequest_rules_with_optional_revisions_disabled" file="/app/tests/Unit/Http/Requests/Campaign/StoreRequestTest.php" line="19" class="Tests\Unit\Playground\Lead\Api\Http\Requests\Campaign\StoreRequestTest" classname="Tests.Unit.Playground.Lead.Api.Http.Requests.Campaign.StoreRequestTest" assertions="3" time="0.040034"/>
        <testcase name="test_StoreRequest_rules_with_optional_revisions_enabled" file="/app/tests/Unit/Http/Requests/Campaign/StoreRequestTest.php" line="29" class="Tests\Unit\Playground\Lead\Api\Http\Requests\Campaign\StoreRequestTest" classname="Tests.Unit.Playground.Lead.Api.Http.Requests.Campaign.StoreRequestTest" assertions="4" time="0.040083"/>
      </testsuite>
      <testsuite name="Tests\Unit\Playground\Lead\Api\Http\Requests\Campaign\UnlockRequestTest" file="/app/tests/Unit/Http/Requests/Campaign/UnlockRequestTest.php" tests="1" assertions="1" errors="0" failures="0" skipped="0" time="0.042671">
        <testcase name="test_request_instance" file="/app/vendor/gammamatrix/playground-test/src/Unit/Http/Requests/RequestCase.php" line="41" class="Tests\Unit\Playground\Lead\Api\Http\Requests\Campaign\UnlockRequestTest" classname="Tests.Unit.Playground.Lead.Api.Http.Requests.Campaign.UnlockRequestTest" assertions="1" time="0.042671"/>
      </testsuite>
      <testsuite name="Tests\Unit\Playground\Lead\Api\Http\Requests\Campaign\UpdateRequestTest" file="/app/tests/Unit/Http/Requests/Campaign/UpdateRequestTest.php" tests="3" assertions="8" errors="0" failures="0" skipped="0" time="0.143372">
        <testcase name="test_request_instance" file="/app/vendor/gammamatrix/playground-test/src/Unit/Http/Requests/RequestCase.php" line="41" class="Tests\Unit\Playground\Lead\Api\Http\Requests\Campaign\UpdateRequestTest" classname="Tests.Unit.Playground.Lead.Api.Http.Requests.Campaign.UpdateRequestTest" assertions="1" time="0.064869"/>
        <testcase name="test_UpdateRequest_rules_with_optional_revisions_disabled" file="/app/tests/Unit/Http/Requests/Campaign/UpdateRequestTest.php" line="19" class="Tests\Unit\Playground\Lead\Api\Http\Requests\Campaign\UpdateRequestTest" classname="Tests.Unit.Playground.Lead.Api.Http.Requests.Campaign.UpdateRequestTest" assertions="3" time="0.039286"/>
        <testcase name="test_UpdateRequest_rules_with_optional_revisions_enabled" file="/app/tests/Unit/Http/Requests/Campaign/UpdateRequestTest.php" line="29" class="Tests\Unit\Playground\Lead\Api\Http\Requests\Campaign\UpdateRequestTest" classname="Tests.Unit.Playground.Lead.Api.Http.Requests.Campaign.UpdateRequestTest" assertions="4" time="0.039217"/>
      </testsuite>
      <testsuite name="Tests\Unit\Playground\Lead\Api\Http\Requests\FormRequest\InstanceTest" file="/app/tests/Unit/Http/Requests/FormRequest/InstanceTest.php" tests="5" assertions="6" errors="0" failures="0" skipped="0" time="0.229303">
        <testcase name="test_FormRequest_authorize_without_user" file="/app/tests/Unit/Http/Requests/FormRequest/InstanceTest.php" line="21" class="Tests\Unit\Playground\Lead\Api\Http\Requests\FormRequest\InstanceTest" classname="Tests.Unit.Playground.Lead.Api.Http.Requests.FormRequest.InstanceTest" assertions="1" time="0.038554"/>
        <testcase name="test_RULES_is_empty_by_default" file="/app/tests/Unit/Http/Requests/FormRequest/InstanceTest.php" line="28" class="Tests\Unit\Playground\Lead\Api\Http\Requests\FormRequest\InstanceTest" classname="Tests.Unit.Playground.Lead.Api.Http.Requests.FormRequest.InstanceTest" assertions="2" time="0.041267"/>
        <testcase name="test_userHasAdminPrivileges_without_user" file="/app/tests/Unit/Http/Requests/FormRequest/InstanceTest.php" line="36" class="Tests\Unit\Playground\Lead\Api\Http\Requests\FormRequest\InstanceTest" classname="Tests.Unit.Playground.Lead.Api.Http.Requests.FormRequest.InstanceTest" assertions="1" time="0.039594"/>
        <testcase name="test_userHasAdminPrivileges_with_admin" file="/app/tests/Unit/Http/Requests/FormRequest/InstanceTest.php" line="43" class="Tests\Unit\Playground\Lead\Api\Http\Requests\FormRequest\InstanceTest" classname="Tests.Unit.Playground.Lead.Api.Http.Requests.FormRequest.InstanceTest" assertions="1" time="0.065118"/>
        <testcase name="test_userHasAdminPrivileges_with_default_laravel_user" file="/app/tests/Unit/Http/Requests/FormRequest/InstanceTest.php" line="55" class="Tests\Unit\Playground\Lead\Api\Http\Requests\FormRequest\InstanceTest" classname="Tests.Unit.Playground.Lead.Api.Http.Requests.FormRequest.InstanceTest" assertions="1" time="0.044771"/>
      </testsuite>
      <testsuite name="Tests\Unit\Playground\Lead\Api\Http\Requests\Goal\CreateRequestTest" file="/app/tests/Unit/Http/Requests/Goal/CreateRequestTest.php" tests="1" assertions="1" errors="0" failures="0" skipped="0" time="0.063498">
        <testcase name="test_request_instance" file="/app/vendor/gammamatrix/playground-test/src/Unit/Http/Requests/RequestCase.php" line="41" class="Tests\Unit\Playground\Lead\Api\Http\Requests\Goal\CreateRequestTest" classname="Tests.Unit.Playground.Lead.Api.Http.Requests.Goal.CreateRequestTest" assertions="1" time="0.063498"/>
      </testsuite>
      <testsuite name="Tests\Unit\Playground\Lead\Api\Http\Requests\Goal\DestroyRequestTest" file="/app/tests/Unit/Http/Requests/Goal/DestroyRequestTest.php" tests="1" assertions="1" errors="0" failures="0" skipped="0" time="0.043412">
        <testcase name="test_request_instance" file="/app/vendor/gammamatrix/playground-test/src/Unit/Http/Requests/RequestCase.php" line="41" class="Tests\Unit\Playground\Lead\Api\Http\Requests\Goal\DestroyRequestTest" classname="Tests.Unit.Playground.Lead.Api.Http.Requests.Goal.DestroyRequestTest" assertions="1" time="0.043412"/>
      </testsuite>
      <testsuite name="Tests\Unit\Playground\Lead\Api\Http\Requests\Goal\EditRequestTest" file="/app/tests/Unit/Http/Requests/Goal/EditRequestTest.php" tests="1" assertions="1" errors="0" failures="0" skipped="0" time="0.071118">
        <testcase name="test_request_instance" file="/app/vendor/gammamatrix/playground-test/src/Unit/Http/Requests/RequestCase.php" line="41" class="Tests\Unit\Playground\Lead\Api\Http\Requests\Goal\EditRequestTest" classname="Tests.Unit.Playground.Lead.Api.Http.Requests.Goal.EditRequestTest" assertions="1" time="0.071118"/>
      </testsuite>
      <testsuite name="Tests\Unit\Playground\Lead\Api\Http\Requests\Goal\IndexRequestTest" file="/app/tests/Unit/Http/Requests/Goal/IndexRequestTest.php" tests="1" assertions="1" errors="0" failures="0" skipped="0" time="0.126643">
        <testcase name="test_request_instance" file="/app/vendor/gammamatrix/playground-test/src/Unit/Http/Requests/RequestCase.php" line="41" class="Tests\Unit\Playground\Lead\Api\Http\Requests\Goal\IndexRequestTest" classname="Tests.Unit.Playground.Lead.Api.Http.Requests.Goal.IndexRequestTest" assertions="1" time="0.126643"/>
      </testsuite>
      <testsuite name="Tests\Unit\Playground\Lead\Api\Http\Requests\Goal\LockRequestTest" file="/app/tests/Unit/Http/Requests/Goal/LockRequestTest.php" tests="1" assertions="1" errors="0" failures="0" skipped="0" time="0.041836">
        <testcase name="test_request_instance" file="/app/vendor/gammamatrix/playground-test/src/Unit/Http/Requests/RequestCase.php" line="41" class="Tests\Unit\Playground\Lead\Api\Http\Requests\Goal\LockRequestTest" classname="Tests.Unit.Playground.Lead.Api.Http.Requests.Goal.LockRequestTest" assertions="1" time="0.041836"/>
      </testsuite>
      <testsuite name="Tests\Unit\Playground\Lead\Api\Http\Requests\Goal\RestoreRequestTest" file="/app/tests/Unit/Http/Requests/Goal/RestoreRequestTest.php" tests="1" assertions="1" errors="0" failures="0" skipped="0" time="0.042032">
        <testcase name="test_request_instance" file="/app/vendor/gammamatrix/playground-test/src/Unit/Http/Requests/RequestCase.php" line="41" class="Tests\Unit\Playground\Lead\Api\Http\Requests\Goal\RestoreRequestTest" classname="Tests.Unit.Playground.Lead.Api.Http.Requests.Goal.RestoreRequestTest" assertions="1" time="0.042032"/>
      </testsuite>
      <testsuite name="Tests\Unit\Playground\Lead\Api\Http\Requests\Goal\ShowRequestTest" file="/app/tests/Unit/Http/Requests/Goal/ShowRequestTest.php" tests="1" assertions="1" errors="0" failures="0" skipped="0" time="0.041120">
        <testcase name="test_request_instance" file="/app/vendor/gammamatrix/playground-test/src/Unit/Http/Requests/RequestCase.php" line="41" class="Tests\Unit\Playground\Lead\Api\Http\Requests\Goal\ShowRequestTest" classname="Tests.Unit.Playground.Lead.Api.Http.Requests.Goal.ShowRequestTest" assertions="1" time="0.041120"/>
      </testsuite>
      <testsuite name="Tests\Unit\Playground\Lead\Api\Http\Requests\Goal\StoreRequestTest" file="/app/tests/Unit/Http/Requests/Goal/StoreRequestTest.php" tests="3" assertions="8" errors="0" failures="0" skipped="0" time="0.146916">
        <testcase name="test_request_instance" file="/app/vendor/gammamatrix/playground-test/src/Unit/Http/Requests/RequestCase.php" line="41" class="Tests\Unit\Playground\Lead\Api\Http\Requests\Goal\StoreRequestTest" classname="Tests.Unit.Playground.Lead.Api.Http.Requests.Goal.StoreRequestTest" assertions="1" time="0.068535"/>
        <testcase name="test_StoreRequest_rules_with_optional_revisions_disabled" file="/app/tests/Unit/Http/Requests/Goal/StoreRequestTest.php" line="19" class="Tests\Unit\Playground\Lead\Api\Http\Requests\Goal\StoreRequestTest" classname="Tests.Unit.Playground.Lead.Api.Http.Requests.Goal.StoreRequestTest" assertions="3" time="0.039720"/>
        <testcase name="test_StoreRequest_rules_with_optional_revisions_enabled" file="/app/tests/Unit/Http/Requests/Goal/StoreRequestTest.php" line="29" class="Tests\Unit\Playground\Lead\Api\Http\Requests\Goal\StoreRequestTest" classname="Tests.Unit.Playground.Lead.Api.Http.Requests.Goal.StoreRequestTest" assertions="4" time="0.038661"/>
      </testsuite>
      <testsuite name="Tests\Unit\Playground\Lead\Api\Http\Requests\Goal\UnlockRequestTest" file="/app/tests/Unit/Http/Requests/Goal/UnlockRequestTest.php" tests="1" assertions="1" errors="0" failures="0" skipped="0" time="0.040294">
        <testcase name="test_request_instance" file="/app/vendor/gammamatrix/playground-test/src/Unit/Http/Requests/RequestCase.php" line="41" class="Tests\Unit\Playground\Lead\Api\Http\Requests\Goal\UnlockRequestTest" classname="Tests.Unit.Playground.Lead.Api.Http.Requests.Goal.UnlockRequestTest" assertions="1" time="0.040294"/>
      </testsuite>
      <testsuite name="Tests\Unit\Playground\Lead\Api\Http\Requests\Goal\UpdateRequestTest" file="/app/tests/Unit/Http/Requests/Goal/UpdateRequestTest.php" tests="3" assertions="8" errors="0" failures="0" skipped="0" time="0.144035">
        <testcase name="test_request_instance" file="/app/vendor/gammamatrix/playground-test/src/Unit/Http/Requests/RequestCase.php" line="41" class="Tests\Unit\Playground\Lead\Api\Http\Requests\Goal\UpdateRequestTest" classname="Tests.Unit.Playground.Lead.Api.Http.Requests.Goal.UpdateRequestTest" assertions="1" time="0.064700"/>
        <testcase name="test_UpdateRequest_rules_with_optional_revisions_disabled" file="/app/tests/Unit/Http/Requests/Goal/UpdateRequestTest.php" line="19" class="Tests\Unit\Playground\Lead\Api\Http\Requests\Goal\UpdateRequestTest" classname="Tests.Unit.Playground.Lead.Api.Http.Requests.Goal.UpdateRequestTest" assertions="3" time="0.039966"/>
        <testcase name="test_UpdateRequest_rules_with_optional_revisions_enabled" file="/app/tests/Unit/Http/Requests/Goal/UpdateRequestTest.php" line="29" class="Tests\Unit\Playground\Lead\Api\Http\Requests\Goal\UpdateRequestTest" classname="Tests.Unit.Playground.Lead.Api.Http.Requests.Goal.UpdateRequestTest" assertions="4" time="0.039368"/>
      </testsuite>
      <testsuite name="Tests\Unit\Playground\Lead\Api\Http\Requests\Lead\CreateRequestTest" file="/app/tests/Unit/Http/Requests/Lead/CreateRequestTest.php" tests="1" assertions="1" errors="0" failures="0" skipped="0" time="0.060107">
        <testcase name="test_request_instance" file="/app/vendor/gammamatrix/playground-test/src/Unit/Http/Requests/RequestCase.php" line="41" class="Tests\Unit\Playground\Lead\Api\Http\Requests\Lead\CreateRequestTest" classname="Tests.Unit.Playground.Lead.Api.Http.Requests.Lead.CreateRequestTest" assertions="1" time="0.060107"/>
      </testsuite>
      <testsuite name="Tests\Unit\Playground\Lead\Api\Http\Requests\Lead\DestroyRequestTest" file="/app/tests/Unit/Http/Requests/Lead/DestroyRequestTest.php" tests="1" assertions="1" errors="0" failures="0" skipped="0" time="0.042598">
        <testcase name="test_request_instance" file="/app/vendor/gammamatrix/playground-test/src/Unit/Http/Requests/RequestCase.php" line="41" class="Tests\Unit\Playground\Lead\Api\Http\Requests\Lead\DestroyRequestTest" classname="Tests.Unit.Playground.Lead.Api.Http.Requests.Lead.DestroyRequestTest" assertions="1" time="0.042598"/>
      </testsuite>
      <testsuite name="Tests\Unit\Playground\Lead\Api\Http\Requests\Lead\EditRequestTest" file="/app/tests/Unit/Http/Requests/Lead/EditRequestTest.php" tests="1" assertions="1" errors="0" failures="0" skipped="0" time="0.065293">
        <testcase name="test_request_instance" file="/app/vendor/gammamatrix/playground-test/src/Unit/Http/Requests/RequestCase.php" line="41" class="Tests\Unit\Playground\Lead\Api\Http\Requests\Lead\EditRequestTest" classname="Tests.Unit.Playground.Lead.Api.Http.Requests.Lead.EditRequestTest" assertions="1" time="0.065293"/>
      </testsuite>
      <testsuite name="Tests\Unit\Playground\Lead\Api\Http\Requests\Lead\IndexRequestTest" file="/app/tests/Unit/Http/Requests/Lead/IndexRequestTest.php" tests="1" assertions="1" errors="0" failures="0" skipped="0" time="0.120639">
        <testcase name="test_request_instance" file="/app/vendor/gammamatrix/playground-test/src/Unit/Http/Requests/RequestCase.php" line="41" class="Tests\Unit\Playground\Lead\Api\Http\Requests\Lead\IndexRequestTest" classname="Tests.Unit.Playground.Lead.Api.Http.Requests.Lead.IndexRequestTest" assertions="1" time="0.120639"/>
      </testsuite>
      <testsuite name="Tests\Unit\Playground\Lead\Api\Http\Requests\Lead\LockRequestTest" file="/app/tests/Unit/Http/Requests/Lead/LockRequestTest.php" tests="1" assertions="1" errors="0" failures="0" skipped="0" time="0.040590">
        <testcase name="test_request_instance" file="/app/vendor/gammamatrix/playground-test/src/Unit/Http/Requests/RequestCase.php" line="41" class="Tests\Unit\Playground\Lead\Api\Http\Requests\Lead\LockRequestTest" classname="Tests.Unit.Playground.Lead.Api.Http.Requests.Lead.LockRequestTest" assertions="1" time="0.040590"/>
      </testsuite>
      <testsuite name="Tests\Unit\Playground\Lead\Api\Http\Requests\Lead\RestoreRequestTest" file="/app/tests/Unit/Http/Requests/Lead/RestoreRequestTest.php" tests="1" assertions="1" errors="0" failures="0" skipped="0" time="0.040242">
        <testcase name="test_request_instance" file="/app/vendor/gammamatrix/playground-test/src/Unit/Http/Requests/RequestCase.php" line="41" class="Tests\Unit\Playground\Lead\Api\Http\Requests\Lead\RestoreRequestTest" classname="Tests.Unit.Playground.Lead.Api.Http.Requests.Lead.RestoreRequestTest" assertions="1" time="0.040242"/>
      </testsuite>
      <testsuite name="Tests\Unit\Playground\Lead\Api\Http\Requests\Lead\ShowRequestTest" file="/app/tests/Unit/Http/Requests/Lead/ShowRequestTest.php" tests="1" assertions="1" errors="0" failures="0" skipped="0" time="0.041326">
        <testcase name="test_request_instance" file="/app/vendor/gammamatrix/playground-test/src/Unit/Http/Requests/RequestCase.php" line="41" class="Tests\Unit\Playground\Lead\Api\Http\Requests\Lead\ShowRequestTest" classname="Tests.Unit.Playground.Lead.Api.Http.Requests.Lead.ShowRequestTest" assertions="1" time="0.041326"/>
      </testsuite>
      <testsuite name="Tests\Unit\Playground\Lead\Api\Http\Requests\Lead\StoreRequestTest" file="/app/tests/Unit/Http/Requests/Lead/StoreRequestTest.php" tests="3" assertions="8" errors="0" failures="0" skipped="0" time="0.147433">
        <testcase name="test_request_instance" file="/app/vendor/gammamatrix/playground-test/src/Unit/Http/Requests/RequestCase.php" line="41" class="Tests\Unit\Playground\Lead\Api\Http\Requests\Lead\StoreRequestTest" classname="Tests.Unit.Playground.Lead.Api.Http.Requests.Lead.StoreRequestTest" assertions="1" time="0.065634"/>
        <testcase name="test_StoreRequest_rules_with_optional_revisions_disabled" file="/app/tests/Unit/Http/Requests/Lead/StoreRequestTest.php" line="19" class="Tests\Unit\Playground\Lead\Api\Http\Requests\Lead\StoreRequestTest" classname="Tests.Unit.Playground.Lead.Api.Http.Requests.Lead.StoreRequestTest" assertions="3" time="0.039502"/>
        <testcase name="test_StoreRequest_rules_with_optional_revisions_enabled" file="/app/tests/Unit/Http/Requests/Lead/StoreRequestTest.php" line="29" class="Tests\Unit\Playground\Lead\Api\Http\Requests\Lead\StoreRequestTest" classname="Tests.Unit.Playground.Lead.Api.Http.Requests.Lead.StoreRequestTest" assertions="4" time="0.042297"/>
      </testsuite>
      <testsuite name="Tests\Unit\Playground\Lead\Api\Http\Requests\Lead\UnlockRequestTest" file="/app/tests/Unit/Http/Requests/Lead/UnlockRequestTest.php" tests="1" assertions="1" errors="0" failures="0" skipped="0" time="0.042702">
        <testcase name="test_request_instance" file="/app/vendor/gammamatrix/playground-test/src/Unit/Http/Requests/RequestCase.php" line="41" class="Tests\Unit\Playground\Lead\Api\Http\Requests\Lead\UnlockRequestTest" classname="Tests.Unit.Playground.Lead.Api.Http.Requests.Lead.UnlockRequestTest" assertions="1" time="0.042702"/>
      </testsuite>
      <testsuite name="Tests\Unit\Playground\Lead\Api\Http\Requests\Lead\UpdateRequestTest" file="/app/tests/Unit/Http/Requests/Lead/UpdateRequestTest.php" tests="3" assertions="8" errors="0" failures="0" skipped="0" time="0.145561">
        <testcase name="test_request_instance" file="/app/vendor/gammamatrix/playground-test/src/Unit/Http/Requests/RequestCase.php" line="41" class="Tests\Unit\Playground\Lead\Api\Http\Requests\Lead\UpdateRequestTest" classname="Tests.Unit.Playground.Lead.Api.Http.Requests.Lead.UpdateRequestTest" assertions="1" time="0.065669"/>
        <testcase name="test_UpdateRequest_rules_with_optional_revisions_disabled" file="/app/tests/Unit/Http/Requests/Lead/UpdateRequestTest.php" line="19" class="Tests\Unit\Playground\Lead\Api\Http\Requests\Lead\UpdateRequestTest" classname="Tests.Unit.Playground.Lead.Api.Http.Requests.Lead.UpdateRequestTest" assertions="3" time="0.039871"/>
        <testcase name="test_UpdateRequest_rules_with_optional_revisions_enabled" file="/app/tests/Unit/Http/Requests/Lead/UpdateRequestTest.php" line="29" class="Tests\Unit\Playground\Lead\Api\Http\Requests\Lead\UpdateRequestTest" classname="Tests.Unit.Playground.Lead.Api.Http.Requests.Lead.UpdateRequestTest" assertions="4" time="0.040020"/>
      </testsuite>
      <testsuite name="Tests\Unit\Playground\Lead\Api\Http\Requests\Opportunity\CreateRequestTest" file="/app/tests/Unit/Http/Requests/Opportunity/CreateRequestTest.php" tests="1" assertions="1" errors="0" failures="0" skipped="0" time="0.061890">
        <testcase name="test_request_instance" file="/app/vendor/gammamatrix/playground-test/src/Unit/Http/Requests/RequestCase.php" line="41" class="Tests\Unit\Playground\Lead\Api\Http\Requests\Opportunity\CreateRequestTest" classname="Tests.Unit.Playground.Lead.Api.Http.Requests.Opportunity.CreateRequestTest" assertions="1" time="0.061890"/>
      </testsuite>
      <testsuite name="Tests\Unit\Playground\Lead\Api\Http\Requests\Opportunity\DestroyRequestTest" file="/app/tests/Unit/Http/Requests/Opportunity/DestroyRequestTest.php" tests="1" assertions="1" errors="0" failures="0" skipped="0" time="0.042726">
        <testcase name="test_request_instance" file="/app/vendor/gammamatrix/playground-test/src/Unit/Http/Requests/RequestCase.php" line="41" class="Tests\Unit\Playground\Lead\Api\Http\Requests\Opportunity\DestroyRequestTest" classname="Tests.Unit.Playground.Lead.Api.Http.Requests.Opportunity.DestroyRequestTest" assertions="1" time="0.042726"/>
      </testsuite>
      <testsuite name="Tests\Unit\Playground\Lead\Api\Http\Requests\Opportunity\EditRequestTest" file="/app/tests/Unit/Http/Requests/Opportunity/EditRequestTest.php" tests="1" assertions="1" errors="0" failures="0" skipped="0" time="0.067476">
        <testcase name="test_request_instance" file="/app/vendor/gammamatrix/playground-test/src/Unit/Http/Requests/RequestCase.php" line="41" class="Tests\Unit\Playground\Lead\Api\Http\Requests\Opportunity\EditRequestTest" classname="Tests.Unit.Playground.Lead.Api.Http.Requests.Opportunity.EditRequestTest" assertions="1" time="0.067476"/>
      </testsuite>
      <testsuite name="Tests\Unit\Playground\Lead\Api\Http\Requests\Opportunity\IndexRequestTest" file="/app/tests/Unit/Http/Requests/Opportunity/IndexRequestTest.php" tests="1" assertions="1" errors="0" failures="0" skipped="0" time="0.125196">
        <testcase name="test_request_instance" file="/app/vendor/gammamatrix/playground-test/src/Unit/Http/Requests/RequestCase.php" line="41" class="Tests\Unit\Playground\Lead\Api\Http\Requests\Opportunity\IndexRequestTest" classname="Tests.Unit.Playground.Lead.Api.Http.Requests.Opportunity.IndexRequestTest" assertions="1" time="0.125196"/>
      </testsuite>
      <testsuite name="Tests\Unit\Playground\Lead\Api\Http\Requests\Opportunity\LockRequestTest" file="/app/tests/Unit/Http/Requests/Opportunity/LockRequestTest.php" tests="1" assertions="1" errors="0" failures="0" skipped="0" time="0.041851">
        <testcase name="test_request_instance" file="/app/vendor/gammamatrix/playground-test/src/Unit/Http/Requests/RequestCase.php" line="41" class="Tests\Unit\Playground\Lead\Api\Http\Requests\Opportunity\LockRequestTest" classname="Tests.Unit.Playground.Lead.Api.Http.Requests.Opportunity.LockRequestTest" assertions="1" time="0.041851"/>
      </testsuite>
      <testsuite name="Tests\Unit\Playground\Lead\Api\Http\Requests\Opportunity\RestoreRequestTest" file="/app/tests/Unit/Http/Requests/Opportunity/RestoreRequestTest.php" tests="1" assertions="1" errors="0" failures="0" skipped="0" time="0.043259">
        <testcase name="test_request_instance" file="/app/vendor/gammamatrix/playground-test/src/Unit/Http/Requests/RequestCase.php" line="41" class="Tests\Unit\Playground\Lead\Api\Http\Requests\Opportunity\RestoreRequestTest" classname="Tests.Unit.Playground.Lead.Api.Http.Requests.Opportunity.RestoreRequestTest" assertions="1" time="0.043259"/>
      </testsuite>
      <testsuite name="Tests\Unit\Playground\Lead\Api\Http\Requests\Opportunity\ShowRequestTest" file="/app/tests/Unit/Http/Requests/Opportunity/ShowRequestTest.php" tests="1" assertions="1" errors="0" failures="0" skipped="0" time="0.041018">
        <testcase name="test_request_instance" file="/app/vendor/gammamatrix/playground-test/src/Unit/Http/Requests/RequestCase.php" line="41" class="Tests\Unit\Playground\Lead\Api\Http\Requests\Opportunity\ShowRequestTest" classname="Tests.Unit.Playground.Lead.Api.Http.Requests.Opportunity.ShowRequestTest" assertions="1" time="0.041018"/>
      </testsuite>
      <testsuite name="Tests\Unit\Playground\Lead\Api\Http\Requests\Opportunity\StoreRequestTest" file="/app/tests/Unit/Http/Requests/Opportunity/StoreRequestTest.php" tests="3" assertions="8" errors="0" failures="0" skipped="0" time="0.146006">
        <testcase name="test_request_instance" file="/app/vendor/gammamatrix/playground-test/src/Unit/Http/Requests/RequestCase.php" line="41" class="Tests\Unit\Playground\Lead\Api\Http\Requests\Opportunity\StoreRequestTest" classname="Tests.Unit.Playground.Lead.Api.Http.Requests.Opportunity.StoreRequestTest" assertions="1" time="0.067141"/>
        <testcase name="test_StoreRequest_rules_with_optional_revisions_disabled" file="/app/tests/Unit/Http/Requests/Opportunity/StoreRequestTest.php" line="19" class="Tests\Unit\Playground\Lead\Api\Http\Requests\Opportunity\StoreRequestTest" classname="Tests.Unit.Playground.Lead.Api.Http.Requests.Opportunity.StoreRequestTest" assertions="3" time="0.039551"/>
        <testcase name="test_StoreRequest_rules_with_optional_revisions_enabled" file="/app/tests/Unit/Http/Requests/Opportunity/StoreRequestTest.php" line="29" class="Tests\Unit\Playground\Lead\Api\Http\Requests\Opportunity\StoreRequestTest" classname="Tests.Unit.Playground.Lead.Api.Http.Requests.Opportunity.StoreRequestTest" assertions="4" time="0.039313"/>
      </testsuite>
      <testsuite name="Tests\Unit\Playground\Lead\Api\Http\Requests\Opportunity\UnlockRequestTest" file="/app/tests/Unit/Http/Requests/Opportunity/UnlockRequestTest.php" tests="1" assertions="1" errors="0" failures="0" skipped="0" time="0.041126">
        <testcase name="test_request_instance" file="/app/vendor/gammamatrix/playground-test/src/Unit/Http/Requests/RequestCase.php" line="41" class="Tests\Unit\Playground\Lead\Api\Http\Requests\Opportunity\UnlockRequestTest" classname="Tests.Unit.Playground.Lead.Api.Http.Requests.Opportunity.UnlockRequestTest" assertions="1" time="0.041126"/>
      </testsuite>
      <testsuite name="Tests\Unit\Playground\Lead\Api\Http\Requests\Opportunity\UpdateRequestTest" file="/app/tests/Unit/Http/Requests/Opportunity/UpdateRequestTest.php" tests="3" assertions="8" errors="0" failures="0" skipped="0" time="0.147793">
        <testcase name="test_request_instance" file="/app/vendor/gammamatrix/playground-test/src/Unit/Http/Requests/RequestCase.php" line="41" class="Tests\Unit\Playground\Lead\Api\Http\Requests\Opportunity\UpdateRequestTest" classname="Tests.Unit.Playground.Lead.Api.Http.Requests.Opportunity.UpdateRequestTest" assertions="1" time="0.065587"/>
        <testcase name="test_UpdateRequest_rules_with_optional_revisions_disabled" file="/app/tests/Unit/Http/Requests/Opportunity/UpdateRequestTest.php" line="19" class="Tests\Unit\Playground\Lead\Api\Http\Requests\Opportunity\UpdateRequestTest" classname="Tests.Unit.Playground.Lead.Api.Http.Requests.Opportunity.UpdateRequestTest" assertions="3" time="0.040633"/>
        <testcase name="test_UpdateRequest_rules_with_optional_revisions_enabled" file="/app/tests/Unit/Http/Requests/Opportunity/UpdateRequestTest.php" line="29" class="Tests\Unit\Playground\Lead\Api\Http\Requests\Opportunity\UpdateRequestTest" classname="Tests.Unit.Playground.Lead.Api.Http.Requests.Opportunity.UpdateRequestTest" assertions="4" time="0.041573"/>
      </testsuite>
      <testsuite name="Tests\Unit\Playground\Lead\Api\Http\Requests\Plan\CreateRequestTest" file="/app/tests/Unit/Http/Requests/Plan/CreateRequestTest.php" tests="1" assertions="1" errors="0" failures="0" skipped="0" time="0.061373">
        <testcase name="test_request_instance" file="/app/vendor/gammamatrix/playground-test/src/Unit/Http/Requests/RequestCase.php" line="41" class="Tests\Unit\Playground\Lead\Api\Http\Requests\Plan\CreateRequestTest" classname="Tests.Unit.Playground.Lead.Api.Http.Requests.Plan.CreateRequestTest" assertions="1" time="0.061373"/>
      </testsuite>
      <testsuite name="Tests\Unit\Playground\Lead\Api\Http\Requests\Plan\DestroyRequestTest" file="/app/tests/Unit/Http/Requests/Plan/DestroyRequestTest.php" tests="1" assertions="1" errors="0" failures="0" skipped="0" time="0.043012">
        <testcase name="test_request_instance" file="/app/vendor/gammamatrix/playground-test/src/Unit/Http/Requests/RequestCase.php" line="41" class="Tests\Unit\Playground\Lead\Api\Http\Requests\Plan\DestroyRequestTest" classname="Tests.Unit.Playground.Lead.Api.Http.Requests.Plan.DestroyRequestTest" assertions="1" time="0.043012"/>
      </testsuite>
      <testsuite name="Tests\Unit\Playground\Lead\Api\Http\Requests\Plan\EditRequestTest" file="/app/tests/Unit/Http/Requests/Plan/EditRequestTest.php" tests="1" assertions="1" errors="0" failures="0" skipped="0" time="0.067986">
        <testcase name="test_request_instance" file="/app/vendor/gammamatrix/playground-test/src/Unit/Http/Requests/RequestCase.php" line="41" class="Tests\Unit\Playground\Lead\Api\Http\Requests\Plan\EditRequestTest" classname="Tests.Unit.Playground.Lead.Api.Http.Requests.Plan.EditRequestTest" assertions="1" time="0.067986"/>
      </testsuite>
      <testsuite name="Tests\Unit\Playground\Lead\Api\Http\Requests\Plan\IndexRequestTest" file="/app/tests/Unit/Http/Requests/Plan/IndexRequestTest.php" tests="1" assertions="1" errors="0" failures="0" skipped="0" time="0.126734">
        <testcase name="test_request_instance" file="/app/vendor/gammamatrix/playground-test/src/Unit/Http/Requests/RequestCase.php" line="41" class="Tests\Unit\Playground\Lead\Api\Http\Requests\Plan\IndexRequestTest" classname="Tests.Unit.Playground.Lead.Api.Http.Requests.Plan.IndexRequestTest" assertions="1" time="0.126734"/>
      </testsuite>
      <testsuite name="Tests\Unit\Playground\Lead\Api\Http\Requests\Plan\LockRequestTest" file="/app/tests/Unit/Http/Requests/Plan/LockRequestTest.php" tests="1" assertions="1" errors="0" failures="0" skipped="0" time="0.042194">
        <testcase name="test_request_instance" file="/app/vendor/gammamatrix/playground-test/src/Unit/Http/Requests/RequestCase.php" line="41" class="Tests\Unit\Playground\Lead\Api\Http\Requests\Plan\LockRequestTest" classname="Tests.Unit.Playground.Lead.Api.Http.Requests.Plan.LockRequestTest" assertions="1" time="0.042194"/>
      </testsuite>
      <testsuite name="Tests\Unit\Playground\Lead\Api\Http\Requests\Plan\RestoreRequestTest" file="/app/tests/Unit/Http/Requests/Plan/RestoreRequestTest.php" tests="1" assertions="1" errors="0" failures="0" skipped="0" time="0.041905">
        <testcase name="test_request_instance" file="/app/vendor/gammamatrix/playground-test/src/Unit/Http/Requests/RequestCase.php" line="41" class="Tests\Unit\Playground\Lead\Api\Http\Requests\Plan\RestoreRequestTest" classname="Tests.Unit.Playground.Lead.Api.Http.Requests.Plan.RestoreRequestTest" assertions="1" time="0.041905"/>
      </testsuite>
      <testsuite name="Tests\Unit\Playground\Lead\Api\Http\Requests\Plan\ShowRequestTest" file="/app/tests/Unit/Http/Requests/Plan/ShowRequestTest.php" tests="1" assertions="1" errors="0" failures="0" skipped="0" time="0.043558">
        <testcase name="test_request_instance" file="/app/vendor/gammamatrix/playground-test/src/Unit/Http/Requests/RequestCase.php" line="41" class="Tests\Unit\Playground\Lead\Api\Http\Requests\Plan\ShowRequestTest" classname="Tests.Unit.Playground.Lead.Api.Http.Requests.Plan.ShowRequestTest" assertions="1" time="0.043558"/>
      </testsuite>
      <testsuite name="Tests\Unit\Playground\Lead\Api\Http\Requests\Plan\StoreRequestTest" file="/app/tests/Unit/Http/Requests/Plan/StoreRequestTest.php" tests="3" assertions="8" errors="0" failures="0" skipped="0" time="0.143906">
        <testcase name="test_request_instance" file="/app/vendor/gammamatrix/playground-test/src/Unit/Http/Requests/RequestCase.php" line="41" class="Tests\Unit\Playground\Lead\Api\Http\Requests\Plan\StoreRequestTest" classname="Tests.Unit.Playground.Lead.Api.Http.Requests.Plan.StoreRequestTest" assertions="1" time="0.065126"/>
        <testcase name="test_StoreRequest_rules_with_optional_revisions_disabled" file="/app/tests/Unit/Http/Requests/Plan/StoreRequestTest.php" line="19" class="Tests\Unit\Playground\Lead\Api\Http\Requests\Plan\StoreRequestTest" classname="Tests.Unit.Playground.Lead.Api.Http.Requests.Plan.StoreRequestTest" assertions="3" time="0.039270"/>
        <testcase name="test_StoreRequest_rules_with_optional_revisions_enabled" file="/app/tests/Unit/Http/Requests/Plan/StoreRequestTest.php" line="29" class="Tests\Unit\Playground\Lead\Api\Http\Requests\Plan\StoreRequestTest" classname="Tests.Unit.Playground.Lead.Api.Http.Requests.Plan.StoreRequestTest" assertions="4" time="0.039510"/>
      </testsuite>
      <testsuite name="Tests\Unit\Playground\Lead\Api\Http\Requests\Plan\UnlockRequestTest" file="/app/tests/Unit/Http/Requests/Plan/UnlockRequestTest.php" tests="1" assertions="1" errors="0" failures="0" skipped="0" time="0.040333">
        <testcase name="test_request_instance" file="/app/vendor/gammamatrix/playground-test/src/Unit/Http/Requests/RequestCase.php" line="41" class="Tests\Unit\Playground\Lead\Api\Http\Requests\Plan\UnlockRequestTest" classname="Tests.Unit.Playground.Lead.Api.Http.Requests.Plan.UnlockRequestTest" assertions="1" time="0.040333"/>
      </testsuite>
      <testsuite name="Tests\Unit\Playground\Lead\Api\Http\Requests\Plan\UpdateRequestTest" file="/app/tests/Unit/Http/Requests/Plan/UpdateRequestTest.php" tests="3" assertions="8" errors="0" failures="0" skipped="0" time="0.143003">
        <testcase name="test_request_instance" file="/app/vendor/gammamatrix/playground-test/src/Unit/Http/Requests/RequestCase.php" line="41" class="Tests\Unit\Playground\Lead\Api\Http\Requests\Plan\UpdateRequestTest" classname="Tests.Unit.Playground.Lead.Api.Http.Requests.Plan.UpdateRequestTest" assertions="1" time="0.064799"/>
        <testcase name="test_UpdateRequest_rules_with_optional_revisions_disabled" file="/app/tests/Unit/Http/Requests/Plan/UpdateRequestTest.php" line="19" class="Tests\Unit\Playground\Lead\Api\Http\Requests\Plan\UpdateRequestTest" classname="Tests.Unit.Playground.Lead.Api.Http.Requests.Plan.UpdateRequestTest" assertions="3" time="0.038926"/>
        <testcase name="test_UpdateRequest_rules_with_optional_revisions_enabled" file="/app/tests/Unit/Http/Requests/Plan/UpdateRequestTest.php" line="29" class="Tests\Unit\Playground\Lead\Api\Http\Requests\Plan\UpdateRequestTest" classname="Tests.Unit.Playground.Lead.Api.Http.Requests.Plan.UpdateRequestTest" assertions="4" time="0.039278"/>
      </testsuite>
      <testsuite name="Tests\Unit\Playground\Lead\Api\Http\Requests\Region\CreateRequestTest" file="/app/tests/Unit/Http/Requests/Region/CreateRequestTest.php" tests="1" assertions="1" errors="0" failures="0" skipped="0" time="0.060743">
        <testcase name="test_request_instance" file="/app/vendor/gammamatrix/playground-test/src/Unit/Http/Requests/RequestCase.php" line="41" class="Tests\Unit\Playground\Lead\Api\Http\Requests\Region\CreateRequestTest" classname="Tests.Unit.Playground.Lead.Api.Http.Requests.Region.CreateRequestTest" assertions="1" time="0.060743"/>
      </testsuite>
      <testsuite name="Tests\Unit\Playground\Lead\Api\Http\Requests\Region\DestroyRequestTest" file="/app/tests/Unit/Http/Requests/Region/DestroyRequestTest.php" tests="1" assertions="1" errors="0" failures="0" skipped="0" time="0.042848">
        <testcase name="test_request_instance" file="/app/vendor/gammamatrix/playground-test/src/Unit/Http/Requests/RequestCase.php" line="41" class="Tests\Unit\Playground\Lead\Api\Http\Requests\Region\DestroyRequestTest" classname="Tests.Unit.Playground.Lead.Api.Http.Requests.Region.DestroyRequestTest" assertions="1" time="0.042848"/>
      </testsuite>
      <testsuite name="Tests\Unit\Playground\Lead\Api\Http\Requests\Region\EditRequestTest" file="/app/tests/Unit/Http/Requests/Region/EditRequestTest.php" tests="1" assertions="1" errors="0" failures="0" skipped="0" time="0.067076">
        <testcase name="test_request_instance" file="/app/vendor/gammamatrix/playground-test/src/Unit/Http/Requests/RequestCase.php" line="41" class="Tests\Unit\Playground\Lead\Api\Http\Requests\Region\EditRequestTest" classname="Tests.Unit.Playground.Lead.Api.Http.Requests.Region.EditRequestTest" assertions="1" time="0.067076"/>
      </testsuite>
      <testsuite name="Tests\Unit\Playground\Lead\Api\Http\Requests\Region\IndexRequestTest" file="/app/tests/Unit/Http/Requests/Region/IndexRequestTest.php" tests="1" assertions="1" errors="0" failures="0" skipped="0" time="0.122611">
        <testcase name="test_request_instance" file="/app/vendor/gammamatrix/playground-test/src/Unit/Http/Requests/RequestCase.php" line="41" class="Tests\Unit\Playground\Lead\Api\Http\Requests\Region\IndexRequestTest" classname="Tests.Unit.Playground.Lead.Api.Http.Requests.Region.IndexRequestTest" assertions="1" time="0.122611"/>
      </testsuite>
      <testsuite name="Tests\Unit\Playground\Lead\Api\Http\Requests\Region\LockRequestTest" file="/app/tests/Unit/Http/Requests/Region/LockRequestTest.php" tests="1" assertions="1" errors="0" failures="0" skipped="0" time="0.040586">
        <testcase name="test_request_instance" file="/app/vendor/gammamatrix/playground-test/src/Unit/Http/Requests/RequestCase.php" line="41" class="Tests\Unit\Playground\Lead\Api\Http\Requests\Region\LockRequestTest" classname="Tests.Unit.Playground.Lead.Api.Http.Requests.Region.LockRequestTest" assertions="1" time="0.040586"/>
      </testsuite>
      <testsuite name="Tests\Unit\Playground\Lead\Api\Http\Requests\Region\RestoreRequestTest" file="/app/tests/Unit/Http/Requests/Region/RestoreRequestTest.php" tests="1" assertions="1" errors="0" failures="0" skipped="0" time="0.043720">
        <testcase name="test_request_instance" file="/app/vendor/gammamatrix/playground-test/src/Unit/Http/Requests/RequestCase.php" line="41" class="Tests\Unit\Playground\Lead\Api\Http\Requests\Region\RestoreRequestTest" classname="Tests.Unit.Playground.Lead.Api.Http.Requests.Region.RestoreRequestTest" assertions="1" time="0.043720"/>
      </testsuite>
      <testsuite name="Tests\Unit\Playground\Lead\Api\Http\Requests\Region\ShowRequestTest" file="/app/tests/Unit/Http/Requests/Region/ShowRequestTest.php" tests="1" assertions="1" errors="0" failures="0" skipped="0" time="0.041393">
        <testcase name="test_request_instance" file="/app/vendor/gammamatrix/playground-test/src/Unit/Http/Requests/RequestCase.php" line="41" class="Tests\Unit\Playground\Lead\Api\Http\Requests\Region\ShowRequestTest" classname="Tests.Unit.Playground.Lead.Api.Http.Requests.Region.ShowRequestTest" assertions="1" time="0.041393"/>
      </testsuite>
      <testsuite name="Tests\Unit\Playground\Lead\Api\Http\Requests\Region\StoreRequestTest" file="/app/tests/Unit/Http/Requests/Region/StoreRequestTest.php" tests="3" assertions="8" errors="0" failures="0" skipped="0" time="0.146466">
        <testcase name="test_request_instance" file="/app/vendor/gammamatrix/playground-test/src/Unit/Http/Requests/RequestCase.php" line="41" class="Tests\Unit\Playground\Lead\Api\Http\Requests\Region\StoreRequestTest" classname="Tests.Unit.Playground.Lead.Api.Http.Requests.Region.StoreRequestTest" assertions="1" time="0.066659"/>
        <testcase name="test_StoreRequest_rules_with_optional_revisions_disabled" file="/app/tests/Unit/Http/Requests/Region/StoreRequestTest.php" line="19" class="Tests\Unit\Playground\Lead\Api\Http\Requests\Region\StoreRequestTest" classname="Tests.Unit.Playground.Lead.Api.Http.Requests.Region.StoreRequestTest" assertions="3" time="0.039830"/>
        <testcase name="test_StoreRequest_rules_with_optional_revisions_enabled" file="/app/tests/Unit/Http/Requests/Region/StoreRequestTest.php" line="29" class="Tests\Unit\Playground\Lead\Api\Http\Requests\Region\StoreRequestTest" classname="Tests.Unit.Playground.Lead.Api.Http.Requests.Region.StoreRequestTest" assertions="4" time="0.039978"/>
      </testsuite>
      <testsuite name="Tests\Unit\Playground\Lead\Api\Http\Requests\Region\UnlockRequestTest" file="/app/tests/Unit/Http/Requests/Region/UnlockRequestTest.php" tests="1" assertions="1" errors="0" failures="0" skipped="0" time="0.041720">
        <testcase name="test_request_instance" file="/app/vendor/gammamatrix/playground-test/src/Unit/Http/Requests/RequestCase.php" line="41" class="Tests\Unit\Playground\Lead\Api\Http\Requests\Region\UnlockRequestTest" classname="Tests.Unit.Playground.Lead.Api.Http.Requests.Region.UnlockRequestTest" assertions="1" time="0.041720"/>
      </testsuite>
      <testsuite name="Tests\Unit\Playground\Lead\Api\Http\Requests\Region\UpdateRequestTest" file="/app/tests/Unit/Http/Requests/Region/UpdateRequestTest.php" tests="3" assertions="8" errors="0" failures="0" skipped="0" time="0.145588">
        <testcase name="test_request_instance" file="/app/vendor/gammamatrix/playground-test/src/Unit/Http/Requests/RequestCase.php" line="41" class="Tests\Unit\Playground\Lead\Api\Http\Requests\Region\UpdateRequestTest" classname="Tests.Unit.Playground.Lead.Api.Http.Requests.Region.UpdateRequestTest" assertions="1" time="0.064382"/>
        <testcase name="test_UpdateRequest_rules_with_optional_revisions_disabled" file="/app/tests/Unit/Http/Requests/Region/UpdateRequestTest.php" line="19" class="Tests\Unit\Playground\Lead\Api\Http\Requests\Region\UpdateRequestTest" classname="Tests.Unit.Playground.Lead.Api.Http.Requests.Region.UpdateRequestTest" assertions="3" time="0.041380"/>
        <testcase name="test_UpdateRequest_rules_with_optional_revisions_enabled" file="/app/tests/Unit/Http/Requests/Region/UpdateRequestTest.php" line="29" class="Tests\Unit\Playground\Lead\Api\Http\Requests\Region\UpdateRequestTest" classname="Tests.Unit.Playground.Lead.Api.Http.Requests.Region.UpdateRequestTest" assertions="4" time="0.039826"/>
      </testsuite>
      <testsuite name="Tests\Unit\Playground\Lead\Api\Http\Requests\Report\CreateRequestTest" file="/app/tests/Unit/Http/Requests/Report/CreateRequestTest.php" tests="1" assertions="1" errors="0" failures="0" skipped="0" time="0.062596">
        <testcase name="test_request_instance" file="/app/vendor/gammamatrix/playground-test/src/Unit/Http/Requests/RequestCase.php" line="41" class="Tests\Unit\Playground\Lead\Api\Http\Requests\Report\CreateRequestTest" classname="Tests.Unit.Playground.Lead.Api.Http.Requests.Report.CreateRequestTest" assertions="1" time="0.062596"/>
      </testsuite>
      <testsuite name="Tests\Unit\Playground\Lead\Api\Http\Requests\Report\DestroyRequestTest" file="/app/tests/Unit/Http/Requests/Report/DestroyRequestTest.php" tests="1" assertions="1" errors="0" failures="0" skipped="0" time="0.042543">
        <testcase name="test_request_instance" file="/app/vendor/gammamatrix/playground-test/src/Unit/Http/Requests/RequestCase.php" line="41" class="Tests\Unit\Playground\Lead\Api\Http\Requests\Report\DestroyRequestTest" classname="Tests.Unit.Playground.Lead.Api.Http.Requests.Report.DestroyRequestTest" assertions="1" time="0.042543"/>
      </testsuite>
      <testsuite name="Tests\Unit\Playground\Lead\Api\Http\Requests\Report\EditRequestTest" file="/app/tests/Unit/Http/Requests/Report/EditRequestTest.php" tests="1" assertions="1" errors="0" failures="0" skipped="0" time="0.067952">
        <testcase name="test_request_instance" file="/app/vendor/gammamatrix/playground-test/src/Unit/Http/Requests/RequestCase.php" line="41" class="Tests\Unit\Playground\Lead\Api\Http\Requests\Report\EditRequestTest" classname="Tests.Unit.Playground.Lead.Api.Http.Requests.Report.EditRequestTest" assertions="1" time="0.067952"/>
      </testsuite>
      <testsuite name="Tests\Unit\Playground\Lead\Api\Http\Requests\Report\IndexRequestTest" file="/app/tests/Unit/Http/Requests/Report/IndexRequestTest.php" tests="1" assertions="1" errors="0" failures="0" skipped="0" time="0.131245">
        <testcase name="test_request_instance" file="/app/vendor/gammamatrix/playground-test/src/Unit/Http/Requests/RequestCase.php" line="41" class="Tests\Unit\Playground\Lead\Api\Http\Requests\Report\IndexRequestTest" classname="Tests.Unit.Playground.Lead.Api.Http.Requests.Report.IndexRequestTest" assertions="1" time="0.131245"/>
      </testsuite>
      <testsuite name="Tests\Unit\Playground\Lead\Api\Http\Requests\Report\LockRequestTest" file="/app/tests/Unit/Http/Requests/Report/LockRequestTest.php" tests="1" assertions="1" errors="0" failures="0" skipped="0" time="0.043069">
        <testcase name="test_request_instance" file="/app/vendor/gammamatrix/playground-test/src/Unit/Http/Requests/RequestCase.php" line="41" class="Tests\Unit\Playground\Lead\Api\Http\Requests\Report\LockRequestTest" classname="Tests.Unit.Playground.Lead.Api.Http.Requests.Report.LockRequestTest" assertions="1" time="0.043069"/>
      </testsuite>
      <testsuite name="Tests\Unit\Playground\Lead\Api\Http\Requests\Report\RestoreRequestTest" file="/app/tests/Unit/Http/Requests/Report/RestoreRequestTest.php" tests="1" assertions="1" errors="0" failures="0" skipped="0" time="0.040891">
        <testcase name="test_request_instance" file="/app/vendor/gammamatrix/playground-test/src/Unit/Http/Requests/RequestCase.php" line="41" class="Tests\Unit\Playground\Lead\Api\Http\Requests\Report\RestoreRequestTest" classname="Tests.Unit.Playground.Lead.Api.Http.Requests.Report.RestoreRequestTest" assertions="1" time="0.040891"/>
      </testsuite>
      <testsuite name="Tests\Unit\Playground\Lead\Api\Http\Requests\Report\ShowRequestTest" file="/app/tests/Unit/Http/Requests/Report/ShowRequestTest.php" tests="1" assertions="1" errors="0" failures="0" skipped="0" time="0.042449">
        <testcase name="test_request_instance" file="/app/vendor/gammamatrix/playground-test/src/Unit/Http/Requests/RequestCase.php" line="41" class="Tests\Unit\Playground\Lead\Api\Http\Requests\Report\ShowRequestTest" classname="Tests.Unit.Playground.Lead.Api.Http.Requests.Report.ShowRequestTest" assertions="1" time="0.042449"/>
      </testsuite>
      <testsuite name="Tests\Unit\Playground\Lead\Api\Http\Requests\Report\StoreRequestTest" file="/app/tests/Unit/Http/Requests/Report/StoreRequestTest.php" tests="3" assertions="8" errors="0" failures="0" skipped="0" time="0.144592">
        <testcase name="test_request_instance" file="/app/vendor/gammamatrix/playground-test/src/Unit/Http/Requests/RequestCase.php" line="41" class="Tests\Unit\Playground\Lead\Api\Http\Requests\Report\StoreRequestTest" classname="Tests.Unit.Playground.Lead.Api.Http.Requests.Report.StoreRequestTest" assertions="1" time="0.065079"/>
        <testcase name="test_StoreRequest_rules_with_optional_revisions_disabled" file="/app/tests/Unit/Http/Requests/Report/StoreRequestTest.php" line="19" class="Tests\Unit\Playground\Lead\Api\Http\Requests\Report\StoreRequestTest" classname="Tests.Unit.Playground.Lead.Api.Http.Requests.Report.StoreRequestTest" assertions="3" time="0.040099"/>
        <testcase name="test_StoreRequest_rules_with_optional_revisions_enabled" file="/app/tests/Unit/Http/Requests/Report/StoreRequestTest.php" line="29" class="Tests\Unit\Playground\Lead\Api\Http\Requests\Report\StoreRequestTest" classname="Tests.Unit.Playground.Lead.Api.Http.Requests.Report.StoreRequestTest" assertions="4" time="0.039415"/>
      </testsuite>
      <testsuite name="Tests\Unit\Playground\Lead\Api\Http\Requests\Report\UnlockRequestTest" file="/app/tests/Unit/Http/Requests/Report/UnlockRequestTest.php" tests="1" assertions="1" errors="0" failures="0" skipped="0" time="0.041551">
        <testcase name="test_request_instance" file="/app/vendor/gammamatrix/playground-test/src/Unit/Http/Requests/RequestCase.php" line="41" class="Tests\Unit\Playground\Lead\Api\Http\Requests\Report\UnlockRequestTest" classname="Tests.Unit.Playground.Lead.Api.Http.Requests.Report.UnlockRequestTest" assertions="1" time="0.041551"/>
      </testsuite>
      <testsuite name="Tests\Unit\Playground\Lead\Api\Http\Requests\Report\UpdateRequestTest" file="/app/tests/Unit/Http/Requests/Report/UpdateRequestTest.php" tests="3" assertions="8" errors="0" failures="0" skipped="0" time="0.143386">
        <testcase name="test_request_instance" file="/app/vendor/gammamatrix/playground-test/src/Unit/Http/Requests/RequestCase.php" line="41" class="Tests\Unit\Playground\Lead\Api\Http\Requests\Report\UpdateRequestTest" classname="Tests.Unit.Playground.Lead.Api.Http.Requests.Report.UpdateRequestTest" assertions="1" time="0.063970"/>
        <testcase name="test_UpdateRequest_rules_with_optional_revisions_disabled" file="/app/tests/Unit/Http/Requests/Report/UpdateRequestTest.php" line="19" class="Tests\Unit\Playground\Lead\Api\Http\Requests\Report\UpdateRequestTest" classname="Tests.Unit.Playground.Lead.Api.Http.Requests.Report.UpdateRequestTest" assertions="3" time="0.039657"/>
        <testcase name="test_UpdateRequest_rules_with_optional_revisions_enabled" file="/app/tests/Unit/Http/Requests/Report/UpdateRequestTest.php" line="29" class="Tests\Unit\Playground\Lead\Api\Http\Requests\Report\UpdateRequestTest" classname="Tests.Unit.Playground.Lead.Api.Http.Requests.Report.UpdateRequestTest" assertions="4" time="0.039759"/>
      </testsuite>
      <testsuite name="Tests\Unit\Playground\Lead\Api\Http\Requests\Source\CreateRequestTest" file="/app/tests/Unit/Http/Requests/Source/CreateRequestTest.php" tests="1" assertions="1" errors="0" failures="0" skipped="0" time="0.061738">
        <testcase name="test_request_instance" file="/app/vendor/gammamatrix/playground-test/src/Unit/Http/Requests/RequestCase.php" line="41" class="Tests\Unit\Playground\Lead\Api\Http\Requests\Source\CreateRequestTest" classname="Tests.Unit.Playground.Lead.Api.Http.Requests.Source.CreateRequestTest" assertions="1" time="0.061738"/>
      </testsuite>
      <testsuite name="Tests\Unit\Playground\Lead\Api\Http\Requests\Source\DestroyRequestTest" file="/app/tests/Unit/Http/Requests/Source/DestroyRequestTest.php" tests="1" assertions="1" errors="0" failures="0" skipped="0" time="0.042891">
        <testcase name="test_request_instance" file="/app/vendor/gammamatrix/playground-test/src/Unit/Http/Requests/RequestCase.php" line="41" class="Tests\Unit\Playground\Lead\Api\Http\Requests\Source\DestroyRequestTest" classname="Tests.Unit.Playground.Lead.Api.Http.Requests.Source.DestroyRequestTest" assertions="1" time="0.042891"/>
      </testsuite>
      <testsuite name="Tests\Unit\Playground\Lead\Api\Http\Requests\Source\EditRequestTest" file="/app/tests/Unit/Http/Requests/Source/EditRequestTest.php" tests="1" assertions="1" errors="0" failures="0" skipped="0" time="0.067325">
        <testcase name="test_request_instance" file="/app/vendor/gammamatrix/playground-test/src/Unit/Http/Requests/RequestCase.php" line="41" class="Tests\Unit\Playground\Lead\Api\Http\Requests\Source\EditRequestTest" classname="Tests.Unit.Playground.Lead.Api.Http.Requests.Source.EditRequestTest" assertions="1" time="0.067325"/>
      </testsuite>
      <testsuite name="Tests\Unit\Playground\Lead\Api\Http\Requests\Source\IndexRequestTest" file="/app/tests/Unit/Http/Requests/Source/IndexRequestTest.php" tests="1" assertions="1" errors="0" failures="0" skipped="0" time="0.126011">
        <testcase name="test_request_instance" file="/app/vendor/gammamatrix/playground-test/src/Unit/Http/Requests/RequestCase.php" line="41" class="Tests\Unit\Playground\Lead\Api\Http\Requests\Source\IndexRequestTest" classname="Tests.Unit.Playground.Lead.Api.Http.Requests.Source.IndexRequestTest" assertions="1" time="0.126011"/>
      </testsuite>
      <testsuite name="Tests\Unit\Playground\Lead\Api\Http\Requests\Source\LockRequestTest" file="/app/tests/Unit/Http/Requests/Source/LockRequestTest.php" tests="1" assertions="1" errors="0" failures="0" skipped="0" time="0.042202">
        <testcase name="test_request_instance" file="/app/vendor/gammamatrix/playground-test/src/Unit/Http/Requests/RequestCase.php" line="41" class="Tests\Unit\Playground\Lead\Api\Http\Requests\Source\LockRequestTest" classname="Tests.Unit.Playground.Lead.Api.Http.Requests.Source.LockRequestTest" assertions="1" time="0.042202"/>
      </testsuite>
      <testsuite name="Tests\Unit\Playground\Lead\Api\Http\Requests\Source\RestoreRequestTest" file="/app/tests/Unit/Http/Requests/Source/RestoreRequestTest.php" tests="1" assertions="1" errors="0" failures="0" skipped="0" time="0.044820">
        <testcase name="test_request_instance" file="/app/vendor/gammamatrix/playground-test/src/Unit/Http/Requests/RequestCase.php" line="41" class="Tests\Unit\Playground\Lead\Api\Http\Requests\Source\RestoreRequestTest" classname="Tests.Unit.Playground.Lead.Api.Http.Requests.Source.RestoreRequestTest" assertions="1" time="0.044820"/>
      </testsuite>
      <testsuite name="Tests\Unit\Playground\Lead\Api\Http\Requests\Source\ShowRequestTest" file="/app/tests/Unit/Http/Requests/Source/ShowRequestTest.php" tests="1" assertions="1" errors="0" failures="0" skipped="0" time="0.041534">
        <testcase name="test_request_instance" file="/app/vendor/gammamatrix/playground-test/src/Unit/Http/Requests/RequestCase.php" line="41" class="Tests\Unit\Playground\Lead\Api\Http\Requests\Source\ShowRequestTest" classname="Tests.Unit.Playground.Lead.Api.Http.Requests.Source.ShowRequestTest" assertions="1" time="0.041534"/>
      </testsuite>
      <testsuite name="Tests\Unit\Playground\Lead\Api\Http\Requests\Source\StoreRequestTest" file="/app/tests/Unit/Http/Requests/Source/StoreRequestTest.php" tests="3" assertions="8" errors="0" failures="0" skipped="0" time="0.147747">
        <testcase name="test_request_instance" file="/app/vendor/gammamatrix/playground-test/src/Unit/Http/Requests/RequestCase.php" line="41" class="Tests\Unit\Playground\Lead\Api\Http\Requests\Source\StoreRequestTest" classname="Tests.Unit.Playground.Lead.Api.Http.Requests.Source.StoreRequestTest" assertions="1" time="0.066546"/>
        <testcase name="test_StoreRequest_rules_with_optional_revisions_disabled" file="/app/tests/Unit/Http/Requests/Source/StoreRequestTest.php" line="19" class="Tests\Unit\Playground\Lead\Api\Http\Requests\Source\StoreRequestTest" classname="Tests.Unit.Playground.Lead.Api.Http.Requests.Source.StoreRequestTest" assertions="3" time="0.040905"/>
        <testcase name="test_StoreRequest_rules_with_optional_revisions_enabled" file="/app/tests/Unit/Http/Requests/Source/StoreRequestTest.php" line="29" class="Tests\Unit\Playground\Lead\Api\Http\Requests\Source\StoreRequestTest" classname="Tests.Unit.Playground.Lead.Api.Http.Requests.Source.StoreRequestTest" assertions="4" time="0.040297"/>
      </testsuite>
      <testsuite name="Tests\Unit\Playground\Lead\Api\Http\Requests\Source\UnlockRequestTest" file="/app/tests/Unit/Http/Requests/Source/UnlockRequestTest.php" tests="1" assertions="1" errors="0" failures="0" skipped="0" time="0.041410">
        <testcase name="test_request_instance" file="/app/vendor/gammamatrix/playground-test/src/Unit/Http/Requests/RequestCase.php" line="41" class="Tests\Unit\Playground\Lead\Api\Http\Requests\Source\UnlockRequestTest" classname="Tests.Unit.Playground.Lead.Api.Http.Requests.Source.UnlockRequestTest" assertions="1" time="0.041410"/>
      </testsuite>
      <testsuite name="Tests\Unit\Playground\Lead\Api\Http\Requests\Source\UpdateRequestTest" file="/app/tests/Unit/Http/Requests/Source/UpdateRequestTest.php" tests="3" assertions="8" errors="0" failures="0" skipped="0" time="0.148878">
        <testcase name="test_request_instance" file="/app/vendor/gammamatrix/playground-test/src/Unit/Http/Requests/RequestCase.php" line="41" class="Tests\Unit\Playground\Lead\Api\Http\Requests\Source\UpdateRequestTest" classname="Tests.Unit.Playground.Lead.Api.Http.Requests.Source.UpdateRequestTest" assertions="1" time="0.066563"/>
        <testcase name="test_UpdateRequest_rules_with_optional_revisions_disabled" file="/app/tests/Unit/Http/Requests/Source/UpdateRequestTest.php" line="19" class="Tests\Unit\Playground\Lead\Api\Http\Requests\Source\UpdateRequestTest" classname="Tests.Unit.Playground.Lead.Api.Http.Requests.Source.UpdateRequestTest" assertions="3" time="0.042448"/>
        <testcase name="test_UpdateRequest_rules_with_optional_revisions_enabled" file="/app/tests/Unit/Http/Requests/Source/UpdateRequestTest.php" line="29" class="Tests\Unit\Playground\Lead\Api\Http\Requests\Source\UpdateRequestTest" classname="Tests.Unit.Playground.Lead.Api.Http.Requests.Source.UpdateRequestTest" assertions="4" time="0.039868"/>
      </testsuite>
      <testsuite name="Tests\Unit\Playground\Lead\Api\Http\Requests\Task\CreateRequestTest" file="/app/tests/Unit/Http/Requests/Task/CreateRequestTest.php" tests="1" assertions="1" errors="0" failures="0" skipped="0" time="0.063431">
        <testcase name="test_request_instance" file="/app/vendor/gammamatrix/playground-test/src/Unit/Http/Requests/RequestCase.php" line="41" class="Tests\Unit\Playground\Lead\Api\Http\Requests\Task\CreateRequestTest" classname="Tests.Unit.Playground.Lead.Api.Http.Requests.Task.CreateRequestTest" assertions="1" time="0.063431"/>
      </testsuite>
      <testsuite name="Tests\Unit\Playground\Lead\Api\Http\Requests\Task\DestroyRequestTest" file="/app/tests/Unit/Http/Requests/Task/DestroyRequestTest.php" tests="1" assertions="1" errors="0" failures="0" skipped="0" time="0.042494">
        <testcase name="test_request_instance" file="/app/vendor/gammamatrix/playground-test/src/Unit/Http/Requests/RequestCase.php" line="41" class="Tests\Unit\Playground\Lead\Api\Http\Requests\Task\DestroyRequestTest" classname="Tests.Unit.Playground.Lead.Api.Http.Requests.Task.DestroyRequestTest" assertions="1" time="0.042494"/>
      </testsuite>
      <testsuite name="Tests\Unit\Playground\Lead\Api\Http\Requests\Task\EditRequestTest" file="/app/tests/Unit/Http/Requests/Task/EditRequestTest.php" tests="1" assertions="1" errors="0" failures="0" skipped="0" time="0.069437">
        <testcase name="test_request_instance" file="/app/vendor/gammamatrix/playground-test/src/Unit/Http/Requests/RequestCase.php" line="41" class="Tests\Unit\Playground\Lead\Api\Http\Requests\Task\EditRequestTest" classname="Tests.Unit.Playground.Lead.Api.Http.Requests.Task.EditRequestTest" assertions="1" time="0.069437"/>
      </testsuite>
      <testsuite name="Tests\Unit\Playground\Lead\Api\Http\Requests\Task\IndexRequestTest" file="/app/tests/Unit/Http/Requests/Task/IndexRequestTest.php" tests="1" assertions="1" errors="0" failures="0" skipped="0" time="0.127163">
        <testcase name="test_request_instance" file="/app/vendor/gammamatrix/playground-test/src/Unit/Http/Requests/RequestCase.php" line="41" class="Tests\Unit\Playground\Lead\Api\Http\Requests\Task\IndexRequestTest" classname="Tests.Unit.Playground.Lead.Api.Http.Requests.Task.IndexRequestTest" assertions="1" time="0.127163"/>
      </testsuite>
      <testsuite name="Tests\Unit\Playground\Lead\Api\Http\Requests\Task\LockRequestTest" file="/app/tests/Unit/Http/Requests/Task/LockRequestTest.php" tests="1" assertions="1" errors="0" failures="0" skipped="0" time="0.043562">
        <testcase name="test_request_instance" file="/app/vendor/gammamatrix/playground-test/src/Unit/Http/Requests/RequestCase.php" line="41" class="Tests\Unit\Playground\Lead\Api\Http\Requests\Task\LockRequestTest" classname="Tests.Unit.Playground.Lead.Api.Http.Requests.Task.LockRequestTest" assertions="1" time="0.043562"/>
      </testsuite>
      <testsuite name="Tests\Unit\Playground\Lead\Api\Http\Requests\Task\RestoreRequestTest" file="/app/tests/Unit/Http/Requests/Task/RestoreRequestTest.php" tests="1" assertions="1" errors="0" failures="0" skipped="0" time="0.042688">
        <testcase name="test_request_instance" file="/app/vendor/gammamatrix/playground-test/src/Unit/Http/Requests/RequestCase.php" line="41" class="Tests\Unit\Playground\Lead\Api\Http\Requests\Task\RestoreRequestTest" classname="Tests.Unit.Playground.Lead.Api.Http.Requests.Task.RestoreRequestTest" assertions="1" time="0.042688"/>
      </testsuite>
      <testsuite name="Tests\Unit\Playground\Lead\Api\Http\Requests\Task\ShowRequestTest" file="/app/tests/Unit/Http/Requests/Task/ShowRequestTest.php" tests="1" assertions="1" errors="0" failures="0" skipped="0" time="0.041735">
        <testcase name="test_request_instance" file="/app/vendor/gammamatrix/playground-test/src/Unit/Http/Requests/RequestCase.php" line="41" class="Tests\Unit\Playground\Lead\Api\Http\Requests\Task\ShowRequestTest" classname="Tests.Unit.Playground.Lead.Api.Http.Requests.Task.ShowRequestTest" assertions="1" time="0.041735"/>
      </testsuite>
      <testsuite name="Tests\Unit\Playground\Lead\Api\Http\Requests\Task\StoreRequestTest" file="/app/tests/Unit/Http/Requests/Task/StoreRequestTest.php" tests="3" assertions="8" errors="0" failures="0" skipped="0" time="0.147092">
        <testcase name="test_request_instance" file="/app/vendor/gammamatrix/playground-test/src/Unit/Http/Requests/RequestCase.php" line="41" class="Tests\Unit\Playground\Lead\Api\Http\Requests\Task\StoreRequestTest" classname="Tests.Unit.Playground.Lead.Api.Http.Requests.Task.StoreRequestTest" assertions="1" time="0.067198"/>
        <testcase name="test_StoreRequest_rules_with_optional_revisions_disabled" file="/app/tests/Unit/Http/Requests/Task/StoreRequestTest.php" line="19" class="Tests\Unit\Playground\Lead\Api\Http\Requests\Task\StoreRequestTest" classname="Tests.Unit.Playground.Lead.Api.Http.Requests.Task.StoreRequestTest" assertions="3" time="0.040232"/>
        <testcase name="test_StoreRequest_rules_with_optional_revisions_enabled" file="/app/tests/Unit/Http/Requests/Task/StoreRequestTest.php" line="29" class="Tests\Unit\Playground\Lead\Api\Http\Requests\Task\StoreRequestTest" classname="Tests.Unit.Playground.Lead.Api.Http.Requests.Task.StoreRequestTest" assertions="4" time="0.039662"/>
      </testsuite>
      <testsuite name="Tests\Unit\Playground\Lead\Api\Http\Requests\Task\UnlockRequestTest" file="/app/tests/Unit/Http/Requests/Task/UnlockRequestTest.php" tests="1" assertions="1" errors="0" failures="0" skipped="0" time="0.041158">
        <testcase name="test_request_instance" file="/app/vendor/gammamatrix/playground-test/src/Unit/Http/Requests/RequestCase.php" line="41" class="Tests\Unit\Playground\Lead\Api\Http\Requests\Task\UnlockRequestTest" classname="Tests.Unit.Playground.Lead.Api.Http.Requests.Task.UnlockRequestTest" assertions="1" time="0.041158"/>
      </testsuite>
      <testsuite name="Tests\Unit\Playground\Lead\Api\Http\Requests\Task\UpdateRequestTest" file="/app/tests/Unit/Http/Requests/Task/UpdateRequestTest.php" tests="3" assertions="8" errors="0" failures="0" skipped="0" time="0.147505">
        <testcase name="test_request_instance" file="/app/vendor/gammamatrix/playground-test/src/Unit/Http/Requests/RequestCase.php" line="41" class="Tests\Unit\Playground\Lead\Api\Http\Requests\Task\UpdateRequestTest" classname="Tests.Unit.Playground.Lead.Api.Http.Requests.Task.UpdateRequestTest" assertions="1" time="0.066650"/>
        <testcase name="test_UpdateRequest_rules_with_optional_revisions_disabled" file="/app/tests/Unit/Http/Requests/Task/UpdateRequestTest.php" line="19" class="Tests\Unit\Playground\Lead\Api\Http\Requests\Task\UpdateRequestTest" classname="Tests.Unit.Playground.Lead.Api.Http.Requests.Task.UpdateRequestTest" assertions="3" time="0.040593"/>
        <testcase name="test_UpdateRequest_rules_with_optional_revisions_enabled" file="/app/tests/Unit/Http/Requests/Task/UpdateRequestTest.php" line="29" class="Tests\Unit\Playground\Lead\Api\Http\Requests\Task\UpdateRequestTest" classname="Tests.Unit.Playground.Lead.Api.Http.Requests.Task.UpdateRequestTest" assertions="4" time="0.040262"/>
      </testsuite>
      <testsuite name="Tests\Unit\Playground\Lead\Api\Http\Requests\Team\CreateRequestTest" file="/app/tests/Unit/Http/Requests/Team/CreateRequestTest.php" tests="1" assertions="1" errors="0" failures="0" skipped="0" time="0.063690">
        <testcase name="test_request_instance" file="/app/vendor/gammamatrix/playground-test/src/Unit/Http/Requests/RequestCase.php" line="41" class="Tests\Unit\Playground\Lead\Api\Http\Requests\Team\CreateRequestTest" classname="Tests.Unit.Playground.Lead.Api.Http.Requests.Team.CreateRequestTest" assertions="1" time="0.063690"/>
      </testsuite>
      <testsuite name="Tests\Unit\Playground\Lead\Api\Http\Requests\Team\DestroyRequestTest" file="/app/tests/Unit/Http/Requests/Team/DestroyRequestTest.php" tests="1" assertions="1" errors="0" failures="0" skipped="0" time="0.043439">
        <testcase name="test_request_instance" file="/app/vendor/gammamatrix/playground-test/src/Unit/Http/Requests/RequestCase.php" line="41" class="Tests\Unit\Playground\Lead\Api\Http\Requests\Team\DestroyRequestTest" classname="Tests.Unit.Playground.Lead.Api.Http.Requests.Team.DestroyRequestTest" assertions="1" time="0.043439"/>
      </testsuite>
      <testsuite name="Tests\Unit\Playground\Lead\Api\Http\Requests\Team\EditRequestTest" file="/app/tests/Unit/Http/Requests/Team/EditRequestTest.php" tests="1" assertions="1" errors="0" failures="0" skipped="0" time="0.070311">
        <testcase name="test_request_instance" file="/app/vendor/gammamatrix/playground-test/src/Unit/Http/Requests/RequestCase.php" line="41" class="Tests\Unit\Playground\Lead\Api\Http\Requests\Team\EditRequestTest" classname="Tests.Unit.Playground.Lead.Api.Http.Requests.Team.EditRequestTest" assertions="1" time="0.070311"/>
      </testsuite>
      <testsuite name="Tests\Unit\Playground\Lead\Api\Http\Requests\Team\IndexRequestTest" file="/app/tests/Unit/Http/Requests/Team/IndexRequestTest.php" tests="1" assertions="1" errors="0" failures="0" skipped="0" time="0.131069">
        <testcase name="test_request_instance" file="/app/vendor/gammamatrix/playground-test/src/Unit/Http/Requests/RequestCase.php" line="41" class="Tests\Unit\Playground\Lead\Api\Http\Requests\Team\IndexRequestTest" classname="Tests.Unit.Playground.Lead.Api.Http.Requests.Team.IndexRequestTest" assertions="1" time="0.131069"/>
      </testsuite>
      <testsuite name="Tests\Unit\Playground\Lead\Api\Http\Requests\Team\LockRequestTest" file="/app/tests/Unit/Http/Requests/Team/LockRequestTest.php" tests="1" assertions="1" errors="0" failures="0" skipped="0" time="0.041877">
        <testcase name="test_request_instance" file="/app/vendor/gammamatrix/playground-test/src/Unit/Http/Requests/RequestCase.php" line="41" class="Tests\Unit\Playground\Lead\Api\Http\Requests\Team\LockRequestTest" classname="Tests.Unit.Playground.Lead.Api.Http.Requests.Team.LockRequestTest" assertions="1" time="0.041877"/>
      </testsuite>
      <testsuite name="Tests\Unit\Playground\Lead\Api\Http\Requests\Team\RestoreRequestTest" file="/app/tests/Unit/Http/Requests/Team/RestoreRequestTest.php" tests="1" assertions="1" errors="0" failures="0" skipped="0" time="0.043554">
        <testcase name="test_request_instance" file="/app/vendor/gammamatrix/playground-test/src/Unit/Http/Requests/RequestCase.php" line="41" class="Tests\Unit\Playground\Lead\Api\Http\Requests\Team\RestoreRequestTest" classname="Tests.Unit.Playground.Lead.Api.Http.Requests.Team.RestoreRequestTest" assertions="1" time="0.043554"/>
      </testsuite>
      <testsuite name="Tests\Unit\Playground\Lead\Api\Http\Requests\Team\ShowRequestTest" file="/app/tests/Unit/Http/Requests/Team/ShowRequestTest.php" tests="1" assertions="1" errors="0" failures="0" skipped="0" time="0.041799">
        <testcase name="test_request_instance" file="/app/vendor/gammamatrix/playground-test/src/Unit/Http/Requests/RequestCase.php" line="41" class="Tests\Unit\Playground\Lead\Api\Http\Requests\Team\ShowRequestTest" classname="Tests.Unit.Playground.Lead.Api.Http.Requests.Team.ShowRequestTest" assertions="1" time="0.041799"/>
      </testsuite>
      <testsuite name="Tests\Unit\Playground\Lead\Api\Http\Requests\Team\StoreRequestTest" file="/app/tests/Unit/Http/Requests/Team/StoreRequestTest.php" tests="3" assertions="8" errors="0" failures="0" skipped="0" time="0.149589">
        <testcase name="test_request_instance" file="/app/vendor/gammamatrix/playground-test/src/Unit/Http/Requests/RequestCase.php" line="41" class="Tests\Unit\Playground\Lead\Api\Http\Requests\Team\StoreRequestTest" classname="Tests.Unit.Playground.Lead.Api.Http.Requests.Team.StoreRequestTest" assertions="1" time="0.067405"/>
        <testcase name="test_StoreRequest_rules_with_optional_revisions_disabled" file="/app/tests/Unit/Http/Requests/Team/StoreRequestTest.php" line="19" class="Tests\Unit\Playground\Lead\Api\Http\Requests\Team\StoreRequestTest" classname="Tests.Unit.Playground.Lead.Api.Http.Requests.Team.StoreRequestTest" assertions="3" time="0.040857"/>
        <testcase name="test_StoreRequest_rules_with_optional_revisions_enabled" file="/app/tests/Unit/Http/Requests/Team/StoreRequestTest.php" line="29" class="Tests\Unit\Playground\Lead\Api\Http\Requests\Team\StoreRequestTest" classname="Tests.Unit.Playground.Lead.Api.Http.Requests.Team.StoreRequestTest" assertions="4" time="0.041326"/>
      </testsuite>
      <testsuite name="Tests\Unit\Playground\Lead\Api\Http\Requests\Team\UnlockRequestTest" file="/app/tests/Unit/Http/Requests/Team/UnlockRequestTest.php" tests="1" assertions="1" errors="0" failures="0" skipped="0" time="0.041994">
        <testcase name="test_request_instance" file="/app/vendor/gammamatrix/playground-test/src/Unit/Http/Requests/RequestCase.php" line="41" class="Tests\Unit\Playground\Lead\Api\Http\Requests\Team\UnlockRequestTest" classname="Tests.Unit.Playground.Lead.Api.Http.Requests.Team.UnlockRequestTest" assertions="1" time="0.041994"/>
      </testsuite>
      <testsuite name="Tests\Unit\Playground\Lead\Api\Http\Requests\Team\UpdateRequestTest" file="/app/tests/Unit/Http/Requests/Team/UpdateRequestTest.php" tests="3" assertions="8" errors="0" failures="0" skipped="0" time="0.150276">
        <testcase name="test_request_instance" file="/app/vendor/gammamatrix/playground-test/src/Unit/Http/Requests/RequestCase.php" line="41" class="Tests\Unit\Playground\Lead\Api\Http\Requests\Team\UpdateRequestTest" classname="Tests.Unit.Playground.Lead.Api.Http.Requests.Team.UpdateRequestTest" assertions="1" time="0.066867"/>
        <testcase name="test_UpdateRequest_rules_with_optional_revisions_disabled" file="/app/tests/Unit/Http/Requests/Team/UpdateRequestTest.php" line="19" class="Tests\Unit\Playground\Lead\Api\Http\Requests\Team\UpdateRequestTest" classname="Tests.Unit.Playground.Lead.Api.Http.Requests.Team.UpdateRequestTest" assertions="3" time="0.042849"/>
        <testcase name="test_UpdateRequest_rules_with_optional_revisions_enabled" file="/app/tests/Unit/Http/Requests/Team/UpdateRequestTest.php" line="29" class="Tests\Unit\Playground\Lead\Api\Http\Requests\Team\UpdateRequestTest" classname="Tests.Unit.Playground.Lead.Api.Http.Requests.Team.UpdateRequestTest" assertions="4" time="0.040560"/>
      </testsuite>
      <testsuite name="Tests\Unit\Playground\Lead\Api\Http\Requests\Teammate\CreateRequestTest" file="/app/tests/Unit/Http/Requests/Teammate/CreateRequestTest.php" tests="1" assertions="1" errors="0" failures="0" skipped="0" time="0.063339">
        <testcase name="test_request_instance" file="/app/vendor/gammamatrix/playground-test/src/Unit/Http/Requests/RequestCase.php" line="41" class="Tests\Unit\Playground\Lead\Api\Http\Requests\Teammate\CreateRequestTest" classname="Tests.Unit.Playground.Lead.Api.Http.Requests.Teammate.CreateRequestTest" assertions="1" time="0.063339"/>
      </testsuite>
      <testsuite name="Tests\Unit\Playground\Lead\Api\Http\Requests\Teammate\DestroyRequestTest" file="/app/tests/Unit/Http/Requests/Teammate/DestroyRequestTest.php" tests="1" assertions="1" errors="0" failures="0" skipped="0" time="0.042867">
        <testcase name="test_request_instance" file="/app/vendor/gammamatrix/playground-test/src/Unit/Http/Requests/RequestCase.php" line="41" class="Tests\Unit\Playground\Lead\Api\Http\Requests\Teammate\DestroyRequestTest" classname="Tests.Unit.Playground.Lead.Api.Http.Requests.Teammate.DestroyRequestTest" assertions="1" time="0.042867"/>
      </testsuite>
      <testsuite name="Tests\Unit\Playground\Lead\Api\Http\Requests\Teammate\EditRequestTest" file="/app/tests/Unit/Http/Requests/Teammate/EditRequestTest.php" tests="1" assertions="1" errors="0" failures="0" skipped="0" time="0.069802">
        <testcase name="test_request_instance" file="/app/vendor/gammamatrix/playground-test/src/Unit/Http/Requests/RequestCase.php" line="41" class="Tests\Unit\Playground\Lead\Api\Http\Requests\Teammate\EditRequestTest" classname="Tests.Unit.Playground.Lead.Api.Http.Requests.Teammate.EditRequestTest" assertions="1" time="0.069802"/>
      </testsuite>
      <testsuite name="Tests\Unit\Playground\Lead\Api\Http\Requests\Teammate\IndexRequestTest" file="/app/tests/Unit/Http/Requests/Teammate/IndexRequestTest.php" tests="1" assertions="1" errors="0" failures="0" skipped="0" time="0.130325">
        <testcase name="test_request_instance" file="/app/vendor/gammamatrix/playground-test/src/Unit/Http/Requests/RequestCase.php" line="41" class="Tests\Unit\Playground\Lead\Api\Http\Requests\Teammate\IndexRequestTest" classname="Tests.Unit.Playground.Lead.Api.Http.Requests.Teammate.IndexRequestTest" assertions="1" time="0.130325"/>
      </testsuite>
      <testsuite name="Tests\Unit\Playground\Lead\Api\Http\Requests\Teammate\LockRequestTest" file="/app/tests/Unit/Http/Requests/Teammate/LockRequestTest.php" tests="1" assertions="1" errors="0" failures="0" skipped="0" time="0.044835">
        <testcase name="test_request_instance" file="/app/vendor/gammamatrix/playground-test/src/Unit/Http/Requests/RequestCase.php" line="41" class="Tests\Unit\Playground\Lead\Api\Http\Requests\Teammate\LockRequestTest" classname="Tests.Unit.Playground.Lead.Api.Http.Requests.Teammate.LockRequestTest" assertions="1" time="0.044835"/>
      </testsuite>
      <testsuite name="Tests\Unit\Playground\Lead\Api\Http\Requests\Teammate\RestoreRequestTest" file="/app/tests/Unit/Http/Requests/Teammate/RestoreRequestTest.php" tests="1" assertions="1" errors="0" failures="0" skipped="0" time="0.041864">
        <testcase name="test_request_instance" file="/app/vendor/gammamatrix/playground-test/src/Unit/Http/Requests/RequestCase.php" line="41" class="Tests\Unit\Playground\Lead\Api\Http\Requests\Teammate\RestoreRequestTest" classname="Tests.Unit.Playground.Lead.Api.Http.Requests.Teammate.RestoreRequestTest" assertions="1" time="0.041864"/>
      </testsuite>
      <testsuite name="Tests\Unit\Playground\Lead\Api\Http\Requests\Teammate\ShowRequestTest" file="/app/tests/Unit/Http/Requests/Teammate/ShowRequestTest.php" tests="1" assertions="1" errors="0" failures="0" skipped="0" time="0.041088">
        <testcase name="test_request_instance" file="/app/vendor/gammamatrix/playground-test/src/Unit/Http/Requests/RequestCase.php" line="41" class="Tests\Unit\Playground\Lead\Api\Http\Requests\Teammate\ShowRequestTest" classname="Tests.Unit.Playground.Lead.Api.Http.Requests.Teammate.ShowRequestTest" assertions="1" time="0.041088"/>
      </testsuite>
      <testsuite name="Tests\Unit\Playground\Lead\Api\Http\Requests\Teammate\StoreRequestTest" file="/app/tests/Unit/Http/Requests/Teammate/StoreRequestTest.php" tests="3" assertions="8" errors="0" failures="0" skipped="0" time="0.148660">
        <testcase name="test_request_instance" file="/app/vendor/gammamatrix/playground-test/src/Unit/Http/Requests/RequestCase.php" line="41" class="Tests\Unit\Playground\Lead\Api\Http\Requests\Teammate\StoreRequestTest" classname="Tests.Unit.Playground.Lead.Api.Http.Requests.Teammate.StoreRequestTest" assertions="1" time="0.067162"/>
        <testcase name="test_StoreRequest_rules_with_optional_revisions_disabled" file="/app/tests/Unit/Http/Requests/Teammate/StoreRequestTest.php" line="19" class="Tests\Unit\Playground\Lead\Api\Http\Requests\Teammate\StoreRequestTest" classname="Tests.Unit.Playground.Lead.Api.Http.Requests.Teammate.StoreRequestTest" assertions="3" time="0.041021"/>
        <testcase name="test_StoreRequest_rules_with_optional_revisions_enabled" file="/app/tests/Unit/Http/Requests/Teammate/StoreRequestTest.php" line="29" class="Tests\Unit\Playground\Lead\Api\Http\Requests\Teammate\StoreRequestTest" classname="Tests.Unit.Playground.Lead.Api.Http.Requests.Teammate.StoreRequestTest" assertions="4" time="0.040477"/>
      </testsuite>
      <testsuite name="Tests\Unit\Playground\Lead\Api\Http\Requests\Teammate\UnlockRequestTest" file="/app/tests/Unit/Http/Requests/Teammate/UnlockRequestTest.php" tests="1" assertions="1" errors="0" failures="0" skipped="0" time="0.041659">
        <testcase name="test_request_instance" file="/app/vendor/gammamatrix/playground-test/src/Unit/Http/Requests/RequestCase.php" line="41" class="Tests\Unit\Playground\Lead\Api\Http\Requests\Teammate\UnlockRequestTest" classname="Tests.Unit.Playground.Lead.Api.Http.Requests.Teammate.UnlockRequestTest" assertions="1" time="0.041659"/>
      </testsuite>
      <testsuite name="Tests\Unit\Playground\Lead\Api\Http\Requests\Teammate\UpdateRequestTest" file="/app/tests/Unit/Http/Requests/Teammate/UpdateRequestTest.php" tests="3" assertions="8" errors="0" failures="0" skipped="0" time="0.150744">
        <testcase name="test_request_instance" file="/app/vendor/gammamatrix/playground-test/src/Unit/Http/Requests/RequestCase.php" line="41" class="Tests\Unit\Playground\Lead\Api\Http\Requests\Teammate\UpdateRequestTest" classname="Tests.Unit.Playground.Lead.Api.Http.Requests.Teammate.UpdateRequestTest" assertions="1" time="0.068657"/>
        <testcase name="test_UpdateRequest_rules_with_optional_revisions_disabled" file="/app/tests/Unit/Http/Requests/Teammate/UpdateRequestTest.php" line="19" class="Tests\Unit\Playground\Lead\Api\Http\Requests\Teammate\UpdateRequestTest" classname="Tests.Unit.Playground.Lead.Api.Http.Requests.Teammate.UpdateRequestTest" assertions="3" time="0.041226"/>
        <testcase name="test_UpdateRequest_rules_with_optional_revisions_enabled" file="/app/tests/Unit/Http/Requests/Teammate/UpdateRequestTest.php" line="29" class="Tests\Unit\Playground\Lead\Api\Http\Requests\Teammate\UpdateRequestTest" classname="Tests.Unit.Playground.Lead.Api.Http.Requests.Teammate.UpdateRequestTest" assertions="4" time="0.040862"/>
      </testsuite>
      <testsuite name="Tests\Unit\Playground\Lead\Api\Policies\CampaignPolicy\PolicyTest" file="/app/tests/Unit/Policies/CampaignPolicy/PolicyTest.php" tests="1" assertions="1" errors="0" failures="0" skipped="0" time="0.039392">
        <testcase name="test_policy_instance" file="/app/tests/Unit/Policies/CampaignPolicy/PolicyTest.php" line="19" class="Tests\Unit\Playground\Lead\Api\Policies\CampaignPolicy\PolicyTest" classname="Tests.Unit.Playground.Lead.Api.Policies.CampaignPolicy.PolicyTest" assertions="1" time="0.039392"/>
      </testsuite>
      <testsuite name="Tests\Unit\Playground\Lead\Api\Policies\GoalPolicy\PolicyTest" file="/app/tests/Unit/Policies/GoalPolicy/PolicyTest.php" tests="1" assertions="1" errors="0" failures="0" skipped="0" time="0.039169">
        <testcase name="test_policy_instance" file="/app/tests/Unit/Policies/GoalPolicy/PolicyTest.php" line="19" class="Tests\Unit\Playground\Lead\Api\Policies\GoalPolicy\PolicyTest" classname="Tests.Unit.Playground.Lead.Api.Policies.GoalPolicy.PolicyTest" assertions="1" time="0.039169"/>
      </testsuite>
      <testsuite name="Tests\Unit\Playground\Lead\Api\Policies\LeadPolicy\PolicyTest" file="/app/tests/Unit/Policies/LeadPolicy/PolicyTest.php" tests="1" assertions="1" errors="0" failures="0" skipped="0" time="0.039394">
        <testcase name="test_policy_instance" file="/app/tests/Unit/Policies/LeadPolicy/PolicyTest.php" line="19" class="Tests\Unit\Playground\Lead\Api\Policies\LeadPolicy\PolicyTest" classname="Tests.Unit.Playground.Lead.Api.Policies.LeadPolicy.PolicyTest" assertions="1" time="0.039394"/>
      </testsuite>
      <testsuite name="Tests\Unit\Playground\Lead\Api\Policies\OpportunityPolicy\PolicyTest" file="/app/tests/Unit/Policies/OpportunityPolicy/PolicyTest.php" tests="1" assertions="1" errors="0" failures="0" skipped="0" time="0.041635">
        <testcase name="test_policy_instance" file="/app/tests/Unit/Policies/OpportunityPolicy/PolicyTest.php" line="19" class="Tests\Unit\Playground\Lead\Api\Policies\OpportunityPolicy\PolicyTest" classname="Tests.Unit.Playground.Lead.Api.Policies.OpportunityPolicy.PolicyTest" assertions="1" time="0.041635"/>
      </testsuite>
      <testsuite name="Tests\Unit\Playground\Lead\Api\Policies\PlanPolicy\PolicyTest" file="/app/tests/Unit/Policies/PlanPolicy/PolicyTest.php" tests="1" assertions="1" errors="0" failures="0" skipped="0" time="0.039461">
        <testcase name="test_policy_instance" file="/app/tests/Unit/Policies/PlanPolicy/PolicyTest.php" line="19" class="Tests\Unit\Playground\Lead\Api\Policies\PlanPolicy\PolicyTest" classname="Tests.Unit.Playground.Lead.Api.Policies.PlanPolicy.PolicyTest" assertions="1" time="0.039461"/>
      </testsuite>
      <testsuite name="Tests\Unit\Playground\Lead\Api\Policies\RegionPolicy\PolicyTest" file="/app/tests/Unit/Policies/RegionPolicy/PolicyTest.php" tests="1" assertions="1" errors="0" failures="0" skipped="0" time="0.039965">
        <testcase name="test_policy_instance" file="/app/tests/Unit/Policies/RegionPolicy/PolicyTest.php" line="19" class="Tests\Unit\Playground\Lead\Api\Policies\RegionPolicy\PolicyTest" classname="Tests.Unit.Playground.Lead.Api.Policies.RegionPolicy.PolicyTest" assertions="1" time="0.039965"/>
      </testsuite>
      <testsuite name="Tests\Unit\Playground\Lead\Api\Policies\ReportPolicy\PolicyTest" file="/app/tests/Unit/Policies/ReportPolicy/PolicyTest.php" tests="1" assertions="1" errors="0" failures="0" skipped="0" time="0.041904">
        <testcase name="test_policy_instance" file="/app/tests/Unit/Policies/ReportPolicy/PolicyTest.php" line="19" class="Tests\Unit\Playground\Lead\Api\Policies\ReportPolicy\PolicyTest" classname="Tests.Unit.Playground.Lead.Api.Policies.ReportPolicy.PolicyTest" assertions="1" time="0.041904"/>
      </testsuite>
      <testsuite name="Tests\Unit\Playground\Lead\Api\Policies\SourcePolicy\PolicyTest" file="/app/tests/Unit/Policies/SourcePolicy/PolicyTest.php" tests="1" assertions="1" errors="0" failures="0" skipped="0" time="0.046111">
        <testcase name="test_policy_instance" file="/app/tests/Unit/Policies/SourcePolicy/PolicyTest.php" line="19" class="Tests\Unit\Playground\Lead\Api\Policies\SourcePolicy\PolicyTest" classname="Tests.Unit.Playground.Lead.Api.Policies.SourcePolicy.PolicyTest" assertions="1" time="0.046111"/>
      </testsuite>
      <testsuite name="Tests\Unit\Playground\Lead\Api\Policies\TaskPolicy\PolicyTest" file="/app/tests/Unit/Policies/TaskPolicy/PolicyTest.php" tests="1" assertions="1" errors="0" failures="0" skipped="0" time="0.039952">
        <testcase name="test_policy_instance" file="/app/tests/Unit/Policies/TaskPolicy/PolicyTest.php" line="19" class="Tests\Unit\Playground\Lead\Api\Policies\TaskPolicy\PolicyTest" classname="Tests.Unit.Playground.Lead.Api.Policies.TaskPolicy.PolicyTest" assertions="1" time="0.039952"/>
      </testsuite>
      <testsuite name="Tests\Unit\Playground\Lead\Api\Policies\TeamPolicy\PolicyTest" file="/app/tests/Unit/Policies/TeamPolicy/PolicyTest.php" tests="1" assertions="1" errors="0" failures="0" skipped="0" time="0.038463">
        <testcase name="test_policy_instance" file="/app/tests/Unit/Policies/TeamPolicy/PolicyTest.php" line="19" class="Tests\Unit\Playground\Lead\Api\Policies\TeamPolicy\PolicyTest" classname="Tests.Unit.Playground.Lead.Api.Policies.TeamPolicy.PolicyTest" assertions="1" time="0.038463"/>
      </testsuite>
      <testsuite name="Tests\Unit\Playground\Lead\Api\Policies\TeammatePolicy\PolicyTest" file="/app/tests/Unit/Policies/TeammatePolicy/PolicyTest.php" tests="1" assertions="1" errors="0" failures="0" skipped="0" time="0.038706">
        <testcase name="test_policy_instance" file="/app/tests/Unit/Policies/TeammatePolicy/PolicyTest.php" line="19" class="Tests\Unit\Playground\Lead\Api\Policies\TeammatePolicy\PolicyTest" classname="Tests.Unit.Playground.Lead.Api.Policies.TeammatePolicy.PolicyTest" assertions="1" time="0.038706"/>
      </testsuite>
      <testsuite name="Tests\Unit\Playground\Lead\Api\ServiceProvider\InstanceTest" file="/app/tests/Unit/ServiceProvider/InstanceTest.php" tests="4" assertions="8" errors="0" failures="0" skipped="0" time="0.160471">
        <testcase name="test_version_matches" file="/app/tests/Unit/ServiceProvider/InstanceTest.php" line="20" class="Tests\Unit\Playground\Lead\Api\ServiceProvider\InstanceTest" classname="Tests.Unit.Playground.Lead.Api.ServiceProvider.InstanceTest" assertions="3" time="0.039659"/>
        <testcase name="test_setPolicies_with_empty_array" file="/app/tests/Unit/ServiceProvider/InstanceTest.php" line="29" class="Tests\Unit\Playground\Lead\Api\ServiceProvider\InstanceTest" classname="Tests.Unit.Playground.Lead.Api.ServiceProvider.InstanceTest" assertions="1" time="0.039067"/>
        <testcase name="test_setPolicies_with_invalid_model" file="/app/tests/Unit/ServiceProvider/InstanceTest.php" line="43" class="Tests\Unit\Playground\Lead\Api\ServiceProvider\InstanceTest" classname="Tests.Unit.Playground.Lead.Api.ServiceProvider.InstanceTest" assertions="2" time="0.041471"/>
        <testcase name="test_setPolicies_with_invalid_policy" file="/app/tests/Unit/ServiceProvider/InstanceTest.php" line="72" class="Tests\Unit\Playground\Lead\Api\ServiceProvider\InstanceTest" classname="Tests.Unit.Playground.Lead.Api.ServiceProvider.InstanceTest" assertions="2" time="0.040275"/>
      </testsuite>
    </testsuite>
    <testsuite name="Feature" tests="387" assertions="13313" errors="0" failures="0" skipped="0" time="145.023739">
      <testsuite name="Tests\Feature\Playground\Lead\Api\Console\Commands\About\CommandTest" file="/app/tests/Feature/Console/Commands/About/CommandTest.php" tests="1" assertions="2" errors="0" failures="0" skipped="0" time="0.583395">
        <testcase name="test_command_about_displays_package_information_and_succeed" file="/app/tests/Feature/Console/Commands/About/CommandTest.php" line="20" class="Tests\Feature\Playground\Lead\Api\Console\Commands\About\CommandTest" classname="Tests.Feature.Playground.Lead.Api.Console.Commands.About.CommandTest" assertions="2" time="0.583395"/>
      </testsuite>
      <testsuite name="Tests\Feature\Playground\Lead\Api\Http\Controllers\Playground\CampaignRouteTest" file="/app/tests/Feature/Http/Controllers/Playground/CampaignRouteTest.php" tests="35" assertions="1210" errors="0" failures="0" skipped="0" time="13.064771">
        <testcase name="test_json_guest_cannot_get_create_info" file="/app/vendor/gammamatrix/playground-test/src/Feature/Http/Controllers/Resource/Playground/CreateJsonTrait.php" line="38" class="Tests\Feature\Playground\Lead\Api\Http\Controllers\Playground\CampaignRouteTest" classname="Tests.Feature.Playground.Lead.Api.Http.Controllers.Playground.CampaignRouteTest" assertions="1" time="0.392038"/>
        <testcase name="test_json_admin_can_get_create_info" file="/app/vendor/gammamatrix/playground-test/src/Feature/Http/Controllers/Resource/Playground/CreateJsonTrait.php" line="53" class="Tests\Feature\Playground\Lead\Api\Http\Controllers\Playground\CampaignRouteTest" classname="Tests.Feature.Playground.Lead.Api.Http.Controllers.Playground.CampaignRouteTest" assertions="123" time="0.402531"/>
        <testcase name="test_json_get_create_info_as_admin_with_invalid_parameter_and_fail_validation" file="/app/vendor/gammamatrix/playground-test/src/Feature/Http/Controllers/Resource/Playground/CreateJsonTrait.php" line="73" class="Tests\Feature\Playground\Lead\Api\Http\Controllers\Playground\CampaignRouteTest" classname="Tests.Feature.Playground.Lead.Api.Http.Controllers.Playground.CampaignRouteTest" assertions="4" time="0.363316"/>
        <testcase name="test_json_guest_cannot_destroy" file="/app/vendor/gammamatrix/playground-test/src/Feature/Http/Controllers/Resource/Playground/DestroyJsonTrait.php" line="31" class="Tests\Feature\Playground\Lead\Api\Http\Controllers\Playground\CampaignRouteTest" classname="Tests.Feature.Playground.Lead.Api.Http.Controllers.Playground.CampaignRouteTest" assertions="3" time="0.353786"/>
        <testcase name="test_json_destroy_as_admin_and_succeed" file="/app/vendor/gammamatrix/playground-test/src/Feature/Http/Controllers/Resource/Playground/DestroyJsonTrait.php" line="61" class="Tests\Feature\Playground\Lead\Api\Http\Controllers\Playground\CampaignRouteTest" classname="Tests.Feature.Playground.Lead.Api.Http.Controllers.Playground.CampaignRouteTest" assertions="5" time="0.371886"/>
        <testcase name="test_json_destroy_as_admin_and_succeed_with_force_delete" file="/app/vendor/gammamatrix/playground-test/src/Feature/Http/Controllers/Resource/Playground/DestroyJsonTrait.php" line="100" class="Tests\Feature\Playground\Lead\Api\Http\Controllers\Playground\CampaignRouteTest" classname="Tests.Feature.Playground.Lead.Api.Http.Controllers.Playground.CampaignRouteTest" assertions="4" time="0.357876"/>
        <testcase name="test_json_destroy_as_admin_and_succeed_with_no_content" file="/app/vendor/gammamatrix/playground-test/src/Feature/Http/Controllers/Resource/Playground/DestroyJsonTrait.php" line="132" class="Tests\Feature\Playground\Lead\Api\Http\Controllers\Playground\CampaignRouteTest" classname="Tests.Feature.Playground.Lead.Api.Http.Controllers.Playground.CampaignRouteTest" assertions="5" time="0.366087"/>
        <testcase name="test_json_destroy_as_admin_and_succeed_and_ignore_redirect" file="/app/vendor/gammamatrix/playground-test/src/Feature/Http/Controllers/Resource/Playground/DestroyJsonTrait.php" line="167" class="Tests\Feature\Playground\Lead\Api\Http\Controllers\Playground\CampaignRouteTest" classname="Tests.Feature.Playground.Lead.Api.Http.Controllers.Playground.CampaignRouteTest" assertions="5" time="0.367129"/>
        <testcase name="test_json_destroy_as_user_and_get_denied_and_no_force_delete_allowed" file="/app/vendor/gammamatrix/playground-test/src/Feature/Http/Controllers/Resource/Playground/DestroyJsonTrait.php" line="209" class="Tests\Feature\Playground\Lead\Api\Http\Controllers\Playground\CampaignRouteTest" classname="Tests.Feature.Playground.Lead.Api.Http.Controllers.Playground.CampaignRouteTest" assertions="3" time="0.356638"/>
        <testcase name="test_json_guest_cannot_get_edit_info" file="/app/vendor/gammamatrix/playground-test/src/Feature/Http/Controllers/Resource/Playground/EditJsonTrait.php" line="38" class="Tests\Feature\Playground\Lead\Api\Http\Controllers\Playground\CampaignRouteTest" classname="Tests.Feature.Playground.Lead.Api.Http.Controllers.Playground.CampaignRouteTest" assertions="1" time="0.350611"/>
        <testcase name="test_json_admin_can_get_edit_info" file="/app/vendor/gammamatrix/playground-test/src/Feature/Http/Controllers/Resource/Playground/EditJsonTrait.php" line="58" class="Tests\Feature\Playground\Lead\Api\Http\Controllers\Playground\CampaignRouteTest" classname="Tests.Feature.Playground.Lead.Api.Http.Controllers.Playground.CampaignRouteTest" assertions="4" time="0.383803"/>
        <testcase name="test_json_edit_as_admin_and_fail_validation_with_invalid_parameter" file="/app/vendor/gammamatrix/playground-test/src/Feature/Http/Controllers/Resource/Playground/EditJsonTrait.php" line="87" class="Tests\Feature\Playground\Lead\Api\Http\Controllers\Playground\CampaignRouteTest" classname="Tests.Feature.Playground.Lead.Api.Http.Controllers.Playground.CampaignRouteTest" assertions="4" time="0.369664"/>
        <testcase name="test_json_guest_cannot_get_index" file="/app/vendor/gammamatrix/playground-test/src/Feature/Http/Controllers/Resource/Playground/IndexJsonTrait.php" line="34" class="Tests\Feature\Playground\Lead\Api\Http\Controllers\Playground\CampaignRouteTest" classname="Tests.Feature.Playground.Lead.Api.Http.Controllers.Playground.CampaignRouteTest" assertions="1" time="0.350577"/>
        <testcase name="test_json_admin_can_get_index" file="/app/vendor/gammamatrix/playground-test/src/Feature/Http/Controllers/Resource/Playground/IndexJsonTrait.php" line="49" class="Tests\Feature\Playground\Lead\Api\Http\Controllers\Playground\CampaignRouteTest" classname="Tests.Feature.Playground.Lead.Api.Http.Controllers.Playground.CampaignRouteTest" assertions="130" time="0.377629"/>
        <testcase name="test_json_admin_can_get_index_with_filters" file="/app/vendor/gammamatrix/playground-test/src/Feature/Http/Controllers/Resource/Playground/IndexJsonTrait.php" line="85" class="Tests\Feature\Playground\Lead\Api\Http\Controllers\Playground\CampaignRouteTest" classname="Tests.Feature.Playground.Lead.Api.Http.Controllers.Playground.CampaignRouteTest" assertions="3" time="0.379021"/>
        <testcase name="test_json_guest_cannot_lock" file="/app/vendor/gammamatrix/playground-test/src/Feature/Http/Controllers/Resource/Playground/LockJsonTrait.php" line="36" class="Tests\Feature\Playground\Lead\Api\Http\Controllers\Playground\CampaignRouteTest" classname="Tests.Feature.Playground.Lead.Api.Http.Controllers.Playground.CampaignRouteTest" assertions="3" time="0.372029"/>
        <testcase name="test_json_lock_as_admin_and_succeed" file="/app/vendor/gammamatrix/playground-test/src/Feature/Http/Controllers/Resource/Playground/LockJsonTrait.php" line="66" class="Tests\Feature\Playground\Lead\Api\Http\Controllers\Playground\CampaignRouteTest" classname="Tests.Feature.Playground.Lead.Api.Http.Controllers.Playground.CampaignRouteTest" assertions="3" time="0.402735"/>
        <testcase name="test_json_lock_as_admin_and_succeed_with_no_redirect" file="/app/vendor/gammamatrix/playground-test/src/Feature/Http/Controllers/Resource/Playground/LockJsonTrait.php" line="98" class="Tests\Feature\Playground\Lead\Api\Http\Controllers\Playground\CampaignRouteTest" classname="Tests.Feature.Playground.Lead.Api.Http.Controllers.Playground.CampaignRouteTest" assertions="125" time="0.376237"/>
        <testcase name="test_json_lock_as_user_and_get_denied" file="/app/vendor/gammamatrix/playground-test/src/Feature/Http/Controllers/Resource/Playground/LockJsonTrait.php" line="143" class="Tests\Feature\Playground\Lead\Api\Http\Controllers\Playground\CampaignRouteTest" classname="Tests.Feature.Playground.Lead.Api.Http.Controllers.Playground.CampaignRouteTest" assertions="3" time="0.357982"/>
        <testcase name="test_json_guest_cannot_restore" file="/app/vendor/gammamatrix/playground-test/src/Feature/Http/Controllers/Resource/Playground/RestoreJsonTrait.php" line="32" class="Tests\Feature\Playground\Lead\Api\Http\Controllers\Playground\CampaignRouteTest" classname="Tests.Feature.Playground.Lead.Api.Http.Controllers.Playground.CampaignRouteTest" assertions="3" time="0.354916"/>
        <testcase name="test_json_restore_as_admin_and_succeed" file="/app/vendor/gammamatrix/playground-test/src/Feature/Http/Controllers/Resource/Playground/RestoreJsonTrait.php" line="64" class="Tests\Feature\Playground\Lead\Api\Http\Controllers\Playground\CampaignRouteTest" classname="Tests.Feature.Playground.Lead.Api.Http.Controllers.Playground.CampaignRouteTest" assertions="125" time="0.379749"/>
        <testcase name="test_json_restore_as_admin_and_succeed_with_no_redirect" file="/app/vendor/gammamatrix/playground-test/src/Feature/Http/Controllers/Resource/Playground/RestoreJsonTrait.php" line="100" class="Tests\Feature\Playground\Lead\Api\Http\Controllers\Playground\CampaignRouteTest" classname="Tests.Feature.Playground.Lead.Api.Http.Controllers.Playground.CampaignRouteTest" assertions="125" time="0.373488"/>
        <testcase name="test_json_restore_as_user_and_get_denied" file="/app/vendor/gammamatrix/playground-test/src/Feature/Http/Controllers/Resource/Playground/RestoreJsonTrait.php" line="143" class="Tests\Feature\Playground\Lead\Api\Http\Controllers\Playground\CampaignRouteTest" classname="Tests.Feature.Playground.Lead.Api.Http.Controllers.Playground.CampaignRouteTest" assertions="3" time="0.370515"/>
        <testcase name="test_json_guest_cannot_see_info" file="/app/vendor/gammamatrix/playground-test/src/Feature/Http/Controllers/Resource/Playground/ShowJsonTrait.php" line="29" class="Tests\Feature\Playground\Lead\Api\Http\Controllers\Playground\CampaignRouteTest" classname="Tests.Feature.Playground.Lead.Api.Http.Controllers.Playground.CampaignRouteTest" assertions="1" time="0.366952"/>
        <testcase name="test_json_show_info_for_admin" file="/app/vendor/gammamatrix/playground-test/src/Feature/Http/Controllers/Resource/Playground/ShowJsonTrait.php" line="49" class="Tests\Feature\Playground\Lead\Api\Http\Controllers\Playground\CampaignRouteTest" classname="Tests.Feature.Playground.Lead.Api.Http.Controllers.Playground.CampaignRouteTest" assertions="124" time="0.367570"/>
        <testcase name="test_json_guest_cannot_store" file="/app/vendor/gammamatrix/playground-test/src/Feature/Http/Controllers/Resource/Playground/StoreJsonTrait.php" line="43" class="Tests\Feature\Playground\Lead\Api\Http\Controllers\Playground\CampaignRouteTest" classname="Tests.Feature.Playground.Lead.Api.Http.Controllers.Playground.CampaignRouteTest" assertions="3" time="0.354898"/>
        <testcase name="test_json_store_as_admin_without_payload_and_fail_validation" file="/app/vendor/gammamatrix/playground-test/src/Feature/Http/Controllers/Resource/Playground/StoreJsonTrait.php" line="66" class="Tests\Feature\Playground\Lead\Api\Http\Controllers\Playground\CampaignRouteTest" classname="Tests.Feature.Playground.Lead.Api.Http.Controllers.Playground.CampaignRouteTest" assertions="5" time="0.367554"/>
        <testcase name="test_json_store_as_admin_and_succeed" file="/app/vendor/gammamatrix/playground-test/src/Feature/Http/Controllers/Resource/Playground/StoreJsonTrait.php" line="92" class="Tests\Feature\Playground\Lead\Api\Http\Controllers\Playground\CampaignRouteTest" classname="Tests.Feature.Playground.Lead.Api.Http.Controllers.Playground.CampaignRouteTest" assertions="3" time="0.423159"/>
        <testcase name="test_json_guest_cannot_unlock" file="/app/vendor/gammamatrix/playground-test/src/Feature/Http/Controllers/Resource/Playground/UnlockJsonTrait.php" line="36" class="Tests\Feature\Playground\Lead\Api\Http\Controllers\Playground\CampaignRouteTest" classname="Tests.Feature.Playground.Lead.Api.Http.Controllers.Playground.CampaignRouteTest" assertions="3" time="0.366185"/>
        <testcase name="test_json_unlock_as_admin_and_succeed" file="/app/vendor/gammamatrix/playground-test/src/Feature/Http/Controllers/Resource/Playground/UnlockJsonTrait.php" line="68" class="Tests\Feature\Playground\Lead\Api\Http\Controllers\Playground\CampaignRouteTest" classname="Tests.Feature.Playground.Lead.Api.Http.Controllers.Playground.CampaignRouteTest" assertions="125" time="0.378793"/>
        <testcase name="test_json_unlock_as_admin_and_succeed_with_no_redirect" file="/app/vendor/gammamatrix/playground-test/src/Feature/Http/Controllers/Resource/Playground/UnlockJsonTrait.php" line="104" class="Tests\Feature\Playground\Lead\Api\Http\Controllers\Playground\CampaignRouteTest" classname="Tests.Feature.Playground.Lead.Api.Http.Controllers.Playground.CampaignRouteTest" assertions="125" time="0.382151"/>
        <testcase name="test_json_unlock_as_user_and_get_denied" file="/app/vendor/gammamatrix/playground-test/src/Feature/Http/Controllers/Resource/Playground/UnlockJsonTrait.php" line="145" class="Tests\Feature\Playground\Lead\Api\Http\Controllers\Playground\CampaignRouteTest" classname="Tests.Feature.Playground.Lead.Api.Http.Controllers.Playground.CampaignRouteTest" assertions="3" time="0.372080"/>
        <testcase name="test_json_guest_cannot_update" file="/app/vendor/gammamatrix/playground-test/src/Feature/Http/Controllers/Resource/Playground/UpdateJsonTrait.php" line="45" class="Tests\Feature\Playground\Lead\Api\Http\Controllers\Playground\CampaignRouteTest" classname="Tests.Feature.Playground.Lead.Api.Http.Controllers.Playground.CampaignRouteTest" assertions="1" time="0.353761"/>
        <testcase name="test_json_update_as_admin_without_payload_and_fail_validation" file="/app/vendor/gammamatrix/playground-test/src/Feature/Http/Controllers/Resource/Playground/UpdateJsonTrait.php" line="65" class="Tests\Feature\Playground\Lead\Api\Http\Controllers\Playground\CampaignRouteTest" classname="Tests.Feature.Playground.Lead.Api.Http.Controllers.Playground.CampaignRouteTest" assertions="4" time="0.376456"/>
        <testcase name="test_json_admin_can_update" file="/app/vendor/gammamatrix/playground-test/src/Feature/Http/Controllers/Resource/Playground/UpdateJsonTrait.php" line="90" class="Tests\Feature\Playground\Lead\Api\Http\Controllers\Playground\CampaignRouteTest" classname="Tests.Feature.Playground.Lead.Api.Http.Controllers.Playground.CampaignRouteTest" assertions="127" time="0.424967"/>
      </testsuite>
      <testsuite name="Tests\Feature\Playground\Lead\Api\Http\Controllers\Playground\GoalRouteTest" file="/app/tests/Feature/Http/Controllers/Playground/GoalRouteTest.php" tests="35" assertions="1210" errors="0" failures="0" skipped="0" time="12.850757">
        <testcase name="test_json_guest_cannot_get_create_info" file="/app/vendor/gammamatrix/playground-test/src/Feature/Http/Controllers/Resource/Playground/CreateJsonTrait.php" line="38" class="Tests\Feature\Playground\Lead\Api\Http\Controllers\Playground\GoalRouteTest" classname="Tests.Feature.Playground.Lead.Api.Http.Controllers.Playground.GoalRouteTest" assertions="1" time="0.370158"/>
        <testcase name="test_json_admin_can_get_create_info" file="/app/vendor/gammamatrix/playground-test/src/Feature/Http/Controllers/Resource/Playground/CreateJsonTrait.php" line="53" class="Tests\Feature\Playground\Lead\Api\Http\Controllers\Playground\GoalRouteTest" classname="Tests.Feature.Playground.Lead.Api.Http.Controllers.Playground.GoalRouteTest" assertions="123" time="0.370758"/>
        <testcase name="test_json_get_create_info_as_admin_with_invalid_parameter_and_fail_validation" file="/app/vendor/gammamatrix/playground-test/src/Feature/Http/Controllers/Resource/Playground/CreateJsonTrait.php" line="73" class="Tests\Feature\Playground\Lead\Api\Http\Controllers\Playground\GoalRouteTest" classname="Tests.Feature.Playground.Lead.Api.Http.Controllers.Playground.GoalRouteTest" assertions="4" time="0.361944"/>
        <testcase name="test_json_guest_cannot_destroy" file="/app/vendor/gammamatrix/playground-test/src/Feature/Http/Controllers/Resource/Playground/DestroyJsonTrait.php" line="31" class="Tests\Feature\Playground\Lead\Api\Http\Controllers\Playground\GoalRouteTest" classname="Tests.Feature.Playground.Lead.Api.Http.Controllers.Playground.GoalRouteTest" assertions="3" time="0.350043"/>
        <testcase name="test_json_destroy_as_admin_and_succeed" file="/app/vendor/gammamatrix/playground-test/src/Feature/Http/Controllers/Resource/Playground/DestroyJsonTrait.php" line="61" class="Tests\Feature\Playground\Lead\Api\Http\Controllers\Playground\GoalRouteTest" classname="Tests.Feature.Playground.Lead.Api.Http.Controllers.Playground.GoalRouteTest" assertions="5" time="0.359790"/>
        <testcase name="test_json_destroy_as_admin_and_succeed_with_force_delete" file="/app/vendor/gammamatrix/playground-test/src/Feature/Http/Controllers/Resource/Playground/DestroyJsonTrait.php" line="100" class="Tests\Feature\Playground\Lead\Api\Http\Controllers\Playground\GoalRouteTest" classname="Tests.Feature.Playground.Lead.Api.Http.Controllers.Playground.GoalRouteTest" assertions="4" time="0.352170"/>
        <testcase name="test_json_destroy_as_admin_and_succeed_with_no_content" file="/app/vendor/gammamatrix/playground-test/src/Feature/Http/Controllers/Resource/Playground/DestroyJsonTrait.php" line="132" class="Tests\Feature\Playground\Lead\Api\Http\Controllers\Playground\GoalRouteTest" classname="Tests.Feature.Playground.Lead.Api.Http.Controllers.Playground.GoalRouteTest" assertions="5" time="0.362741"/>
        <testcase name="test_json_destroy_as_admin_and_succeed_and_ignore_redirect" file="/app/vendor/gammamatrix/playground-test/src/Feature/Http/Controllers/Resource/Playground/DestroyJsonTrait.php" line="167" class="Tests\Feature\Playground\Lead\Api\Http\Controllers\Playground\GoalRouteTest" classname="Tests.Feature.Playground.Lead.Api.Http.Controllers.Playground.GoalRouteTest" assertions="5" time="0.359874"/>
        <testcase name="test_json_destroy_as_user_and_get_denied_and_no_force_delete_allowed" file="/app/vendor/gammamatrix/playground-test/src/Feature/Http/Controllers/Resource/Playground/DestroyJsonTrait.php" line="209" class="Tests\Feature\Playground\Lead\Api\Http\Controllers\Playground\GoalRouteTest" classname="Tests.Feature.Playground.Lead.Api.Http.Controllers.Playground.GoalRouteTest" assertions="3" time="0.354861"/>
        <testcase name="test_json_guest_cannot_get_edit_info" file="/app/vendor/gammamatrix/playground-test/src/Feature/Http/Controllers/Resource/Playground/EditJsonTrait.php" line="38" class="Tests\Feature\Playground\Lead\Api\Http\Controllers\Playground\GoalRouteTest" classname="Tests.Feature.Playground.Lead.Api.Http.Controllers.Playground.GoalRouteTest" assertions="1" time="0.354221"/>
        <testcase name="test_json_admin_can_get_edit_info" file="/app/vendor/gammamatrix/playground-test/src/Feature/Http/Controllers/Resource/Playground/EditJsonTrait.php" line="58" class="Tests\Feature\Playground\Lead\Api\Http\Controllers\Playground\GoalRouteTest" classname="Tests.Feature.Playground.Lead.Api.Http.Controllers.Playground.GoalRouteTest" assertions="4" time="0.374400"/>
        <testcase name="test_json_edit_as_admin_and_fail_validation_with_invalid_parameter" file="/app/vendor/gammamatrix/playground-test/src/Feature/Http/Controllers/Resource/Playground/EditJsonTrait.php" line="87" class="Tests\Feature\Playground\Lead\Api\Http\Controllers\Playground\GoalRouteTest" classname="Tests.Feature.Playground.Lead.Api.Http.Controllers.Playground.GoalRouteTest" assertions="4" time="0.362990"/>
        <testcase name="test_json_guest_cannot_get_index" file="/app/vendor/gammamatrix/playground-test/src/Feature/Http/Controllers/Resource/Playground/IndexJsonTrait.php" line="34" class="Tests\Feature\Playground\Lead\Api\Http\Controllers\Playground\GoalRouteTest" classname="Tests.Feature.Playground.Lead.Api.Http.Controllers.Playground.GoalRouteTest" assertions="1" time="0.347903"/>
        <testcase name="test_json_admin_can_get_index" file="/app/vendor/gammamatrix/playground-test/src/Feature/Http/Controllers/Resource/Playground/IndexJsonTrait.php" line="49" class="Tests\Feature\Playground\Lead\Api\Http\Controllers\Playground\GoalRouteTest" classname="Tests.Feature.Playground.Lead.Api.Http.Controllers.Playground.GoalRouteTest" assertions="130" time="0.402741"/>
        <testcase name="test_json_admin_can_get_index_with_filters" file="/app/vendor/gammamatrix/playground-test/src/Feature/Http/Controllers/Resource/Playground/IndexJsonTrait.php" line="85" class="Tests\Feature\Playground\Lead\Api\Http\Controllers\Playground\GoalRouteTest" classname="Tests.Feature.Playground.Lead.Api.Http.Controllers.Playground.GoalRouteTest" assertions="3" time="0.378764"/>
        <testcase name="test_json_guest_cannot_lock" file="/app/vendor/gammamatrix/playground-test/src/Feature/Http/Controllers/Resource/Playground/LockJsonTrait.php" line="36" class="Tests\Feature\Playground\Lead\Api\Http\Controllers\Playground\GoalRouteTest" classname="Tests.Feature.Playground.Lead.Api.Http.Controllers.Playground.GoalRouteTest" assertions="3" time="0.350619"/>
        <testcase name="test_json_lock_as_admin_and_succeed" file="/app/vendor/gammamatrix/playground-test/src/Feature/Http/Controllers/Resource/Playground/LockJsonTrait.php" line="66" class="Tests\Feature\Playground\Lead\Api\Http\Controllers\Playground\GoalRouteTest" classname="Tests.Feature.Playground.Lead.Api.Http.Controllers.Playground.GoalRouteTest" assertions="3" time="0.363869"/>
        <testcase name="test_json_lock_as_admin_and_succeed_with_no_redirect" file="/app/vendor/gammamatrix/playground-test/src/Feature/Http/Controllers/Resource/Playground/LockJsonTrait.php" line="98" class="Tests\Feature\Playground\Lead\Api\Http\Controllers\Playground\GoalRouteTest" classname="Tests.Feature.Playground.Lead.Api.Http.Controllers.Playground.GoalRouteTest" assertions="125" time="0.377941"/>
        <testcase name="test_json_lock_as_user_and_get_denied" file="/app/vendor/gammamatrix/playground-test/src/Feature/Http/Controllers/Resource/Playground/LockJsonTrait.php" line="143" class="Tests\Feature\Playground\Lead\Api\Http\Controllers\Playground\GoalRouteTest" classname="Tests.Feature.Playground.Lead.Api.Http.Controllers.Playground.GoalRouteTest" assertions="3" time="0.363064"/>
        <testcase name="test_json_guest_cannot_restore" file="/app/vendor/gammamatrix/playground-test/src/Feature/Http/Controllers/Resource/Playground/RestoreJsonTrait.php" line="32" class="Tests\Feature\Playground\Lead\Api\Http\Controllers\Playground\GoalRouteTest" classname="Tests.Feature.Playground.Lead.Api.Http.Controllers.Playground.GoalRouteTest" assertions="3" time="0.352275"/>
        <testcase name="test_json_restore_as_admin_and_succeed" file="/app/vendor/gammamatrix/playground-test/src/Feature/Http/Controllers/Resource/Playground/RestoreJsonTrait.php" line="64" class="Tests\Feature\Playground\Lead\Api\Http\Controllers\Playground\GoalRouteTest" classname="Tests.Feature.Playground.Lead.Api.Http.Controllers.Playground.GoalRouteTest" assertions="125" time="0.377125"/>
        <testcase name="test_json_restore_as_admin_and_succeed_with_no_redirect" file="/app/vendor/gammamatrix/playground-test/src/Feature/Http/Controllers/Resource/Playground/RestoreJsonTrait.php" line="100" class="Tests\Feature\Playground\Lead\Api\Http\Controllers\Playground\GoalRouteTest" classname="Tests.Feature.Playground.Lead.Api.Http.Controllers.Playground.GoalRouteTest" assertions="125" time="0.374433"/>
        <testcase name="test_json_restore_as_user_and_get_denied" file="/app/vendor/gammamatrix/playground-test/src/Feature/Http/Controllers/Resource/Playground/RestoreJsonTrait.php" line="143" class="Tests\Feature\Playground\Lead\Api\Http\Controllers\Playground\GoalRouteTest" classname="Tests.Feature.Playground.Lead.Api.Http.Controllers.Playground.GoalRouteTest" assertions="3" time="0.355056"/>
        <testcase name="test_json_guest_cannot_see_info" file="/app/vendor/gammamatrix/playground-test/src/Feature/Http/Controllers/Resource/Playground/ShowJsonTrait.php" line="29" class="Tests\Feature\Playground\Lead\Api\Http\Controllers\Playground\GoalRouteTest" classname="Tests.Feature.Playground.Lead.Api.Http.Controllers.Playground.GoalRouteTest" assertions="1" time="0.355286"/>
        <testcase name="test_json_show_info_for_admin" file="/app/vendor/gammamatrix/playground-test/src/Feature/Http/Controllers/Resource/Playground/ShowJsonTrait.php" line="49" class="Tests\Feature\Playground\Lead\Api\Http\Controllers\Playground\GoalRouteTest" classname="Tests.Feature.Playground.Lead.Api.Http.Controllers.Playground.GoalRouteTest" assertions="124" time="0.371075"/>
        <testcase name="test_json_guest_cannot_store" file="/app/vendor/gammamatrix/playground-test/src/Feature/Http/Controllers/Resource/Playground/StoreJsonTrait.php" line="43" class="Tests\Feature\Playground\Lead\Api\Http\Controllers\Playground\GoalRouteTest" classname="Tests.Feature.Playground.Lead.Api.Http.Controllers.Playground.GoalRouteTest" assertions="3" time="0.346829"/>
        <testcase name="test_json_store_as_admin_without_payload_and_fail_validation" file="/app/vendor/gammamatrix/playground-test/src/Feature/Http/Controllers/Resource/Playground/StoreJsonTrait.php" line="66" class="Tests\Feature\Playground\Lead\Api\Http\Controllers\Playground\GoalRouteTest" classname="Tests.Feature.Playground.Lead.Api.Http.Controllers.Playground.GoalRouteTest" assertions="5" time="0.369212"/>
        <testcase name="test_json_store_as_admin_and_succeed" file="/app/vendor/gammamatrix/playground-test/src/Feature/Http/Controllers/Resource/Playground/StoreJsonTrait.php" line="92" class="Tests\Feature\Playground\Lead\Api\Http\Controllers\Playground\GoalRouteTest" classname="Tests.Feature.Playground.Lead.Api.Http.Controllers.Playground.GoalRouteTest" assertions="3" time="0.393238"/>
        <testcase name="test_json_guest_cannot_unlock" file="/app/vendor/gammamatrix/playground-test/src/Feature/Http/Controllers/Resource/Playground/UnlockJsonTrait.php" line="36" class="Tests\Feature\Playground\Lead\Api\Http\Controllers\Playground\GoalRouteTest" classname="Tests.Feature.Playground.Lead.Api.Http.Controllers.Playground.GoalRouteTest" assertions="3" time="0.354305"/>
        <testcase name="test_json_unlock_as_admin_and_succeed" file="/app/vendor/gammamatrix/playground-test/src/Feature/Http/Controllers/Resource/Playground/UnlockJsonTrait.php" line="68" class="Tests\Feature\Playground\Lead\Api\Http\Controllers\Playground\GoalRouteTest" classname="Tests.Feature.Playground.Lead.Api.Http.Controllers.Playground.GoalRouteTest" assertions="125" time="0.385275"/>
        <testcase name="test_json_unlock_as_admin_and_succeed_with_no_redirect" file="/app/vendor/gammamatrix/playground-test/src/Feature/Http/Controllers/Resource/Playground/UnlockJsonTrait.php" line="104" class="Tests\Feature\Playground\Lead\Api\Http\Controllers\Playground\GoalRouteTest" classname="Tests.Feature.Playground.Lead.Api.Http.Controllers.Playground.GoalRouteTest" assertions="125" time="0.373342"/>
        <testcase name="test_json_unlock_as_user_and_get_denied" file="/app/vendor/gammamatrix/playground-test/src/Feature/Http/Controllers/Resource/Playground/UnlockJsonTrait.php" line="145" class="Tests\Feature\Playground\Lead\Api\Http\Controllers\Playground\GoalRouteTest" classname="Tests.Feature.Playground.Lead.Api.Http.Controllers.Playground.GoalRouteTest" assertions="3" time="0.370622"/>
        <testcase name="test_json_guest_cannot_update" file="/app/vendor/gammamatrix/playground-test/src/Feature/Http/Controllers/Resource/Playground/UpdateJsonTrait.php" line="45" class="Tests\Feature\Playground\Lead\Api\Http\Controllers\Playground\GoalRouteTest" classname="Tests.Feature.Playground.Lead.Api.Http.Controllers.Playground.GoalRouteTest" assertions="1" time="0.351943"/>
        <testcase name="test_json_update_as_admin_without_payload_and_fail_validation" file="/app/vendor/gammamatrix/playground-test/src/Feature/Http/Controllers/Resource/Playground/UpdateJsonTrait.php" line="65" class="Tests\Feature\Playground\Lead\Api\Http\Controllers\Playground\GoalRouteTest" classname="Tests.Feature.Playground.Lead.Api.Http.Controllers.Playground.GoalRouteTest" assertions="4" time="0.374229"/>
        <testcase name="test_json_admin_can_update" file="/app/vendor/gammamatrix/playground-test/src/Feature/Http/Controllers/Resource/Playground/UpdateJsonTrait.php" line="90" class="Tests\Feature\Playground\Lead\Api\Http\Controllers\Playground\GoalRouteTest" classname="Tests.Feature.Playground.Lead.Api.Http.Controllers.Playground.GoalRouteTest" assertions="127" time="0.427664"/>
      </testsuite>
      <testsuite name="Tests\Feature\Playground\Lead\Api\Http\Controllers\Playground\LeadRouteTest" file="/app/tests/Feature/Http/Controllers/Playground/LeadRouteTest.php" tests="35" assertions="1210" errors="0" failures="0" skipped="0" time="12.914305">
        <testcase name="test_json_guest_cannot_get_create_info" file="/app/vendor/gammamatrix/playground-test/src/Feature/Http/Controllers/Resource/Playground/CreateJsonTrait.php" line="38" class="Tests\Feature\Playground\Lead\Api\Http\Controllers\Playground\LeadRouteTest" classname="Tests.Feature.Playground.Lead.Api.Http.Controllers.Playground.LeadRouteTest" assertions="1" time="0.359790"/>
        <testcase name="test_json_admin_can_get_create_info" file="/app/vendor/gammamatrix/playground-test/src/Feature/Http/Controllers/Resource/Playground/CreateJsonTrait.php" line="53" class="Tests\Feature\Playground\Lead\Api\Http\Controllers\Playground\LeadRouteTest" classname="Tests.Feature.Playground.Lead.Api.Http.Controllers.Playground.LeadRouteTest" assertions="123" time="0.364423"/>
        <testcase name="test_json_get_create_info_as_admin_with_invalid_parameter_and_fail_validation" file="/app/vendor/gammamatrix/playground-test/src/Feature/Http/Controllers/Resource/Playground/CreateJsonTrait.php" line="73" class="Tests\Feature\Playground\Lead\Api\Http\Controllers\Playground\LeadRouteTest" classname="Tests.Feature.Playground.Lead.Api.Http.Controllers.Playground.LeadRouteTest" assertions="4" time="0.367354"/>
        <testcase name="test_json_guest_cannot_destroy" file="/app/vendor/gammamatrix/playground-test/src/Feature/Http/Controllers/Resource/Playground/DestroyJsonTrait.php" line="31" class="Tests\Feature\Playground\Lead\Api\Http\Controllers\Playground\LeadRouteTest" classname="Tests.Feature.Playground.Lead.Api.Http.Controllers.Playground.LeadRouteTest" assertions="3" time="0.349320"/>
        <testcase name="test_json_destroy_as_admin_and_succeed" file="/app/vendor/gammamatrix/playground-test/src/Feature/Http/Controllers/Resource/Playground/DestroyJsonTrait.php" line="61" class="Tests\Feature\Playground\Lead\Api\Http\Controllers\Playground\LeadRouteTest" classname="Tests.Feature.Playground.Lead.Api.Http.Controllers.Playground.LeadRouteTest" assertions="5" time="0.355837"/>
        <testcase name="test_json_destroy_as_admin_and_succeed_with_force_delete" file="/app/vendor/gammamatrix/playground-test/src/Feature/Http/Controllers/Resource/Playground/DestroyJsonTrait.php" line="100" class="Tests\Feature\Playground\Lead\Api\Http\Controllers\Playground\LeadRouteTest" classname="Tests.Feature.Playground.Lead.Api.Http.Controllers.Playground.LeadRouteTest" assertions="4" time="0.363751"/>
        <testcase name="test_json_destroy_as_admin_and_succeed_with_no_content" file="/app/vendor/gammamatrix/playground-test/src/Feature/Http/Controllers/Resource/Playground/DestroyJsonTrait.php" line="132" class="Tests\Feature\Playground\Lead\Api\Http\Controllers\Playground\LeadRouteTest" classname="Tests.Feature.Playground.Lead.Api.Http.Controllers.Playground.LeadRouteTest" assertions="5" time="0.360927"/>
        <testcase name="test_json_destroy_as_admin_and_succeed_and_ignore_redirect" file="/app/vendor/gammamatrix/playground-test/src/Feature/Http/Controllers/Resource/Playground/DestroyJsonTrait.php" line="167" class="Tests\Feature\Playground\Lead\Api\Http\Controllers\Playground\LeadRouteTest" classname="Tests.Feature.Playground.Lead.Api.Http.Controllers.Playground.LeadRouteTest" assertions="5" time="0.367354"/>
        <testcase name="test_json_destroy_as_user_and_get_denied_and_no_force_delete_allowed" file="/app/vendor/gammamatrix/playground-test/src/Feature/Http/Controllers/Resource/Playground/DestroyJsonTrait.php" line="209" class="Tests\Feature\Playground\Lead\Api\Http\Controllers\Playground\LeadRouteTest" classname="Tests.Feature.Playground.Lead.Api.Http.Controllers.Playground.LeadRouteTest" assertions="3" time="0.355400"/>
        <testcase name="test_json_guest_cannot_get_edit_info" file="/app/vendor/gammamatrix/playground-test/src/Feature/Http/Controllers/Resource/Playground/EditJsonTrait.php" line="38" class="Tests\Feature\Playground\Lead\Api\Http\Controllers\Playground\LeadRouteTest" classname="Tests.Feature.Playground.Lead.Api.Http.Controllers.Playground.LeadRouteTest" assertions="1" time="0.353960"/>
        <testcase name="test_json_admin_can_get_edit_info" file="/app/vendor/gammamatrix/playground-test/src/Feature/Http/Controllers/Resource/Playground/EditJsonTrait.php" line="58" class="Tests\Feature\Playground\Lead\Api\Http\Controllers\Playground\LeadRouteTest" classname="Tests.Feature.Playground.Lead.Api.Http.Controllers.Playground.LeadRouteTest" assertions="4" time="0.396405"/>
        <testcase name="test_json_edit_as_admin_and_fail_validation_with_invalid_parameter" file="/app/vendor/gammamatrix/playground-test/src/Feature/Http/Controllers/Resource/Playground/EditJsonTrait.php" line="87" class="Tests\Feature\Playground\Lead\Api\Http\Controllers\Playground\LeadRouteTest" classname="Tests.Feature.Playground.Lead.Api.Http.Controllers.Playground.LeadRouteTest" assertions="4" time="0.363264"/>
        <testcase name="test_json_guest_cannot_get_index" file="/app/vendor/gammamatrix/playground-test/src/Feature/Http/Controllers/Resource/Playground/IndexJsonTrait.php" line="34" class="Tests\Feature\Playground\Lead\Api\Http\Controllers\Playground\LeadRouteTest" classname="Tests.Feature.Playground.Lead.Api.Http.Controllers.Playground.LeadRouteTest" assertions="1" time="0.341699"/>
        <testcase name="test_json_admin_can_get_index" file="/app/vendor/gammamatrix/playground-test/src/Feature/Http/Controllers/Resource/Playground/IndexJsonTrait.php" line="49" class="Tests\Feature\Playground\Lead\Api\Http\Controllers\Playground\LeadRouteTest" classname="Tests.Feature.Playground.Lead.Api.Http.Controllers.Playground.LeadRouteTest" assertions="130" time="0.400905"/>
        <testcase name="test_json_admin_can_get_index_with_filters" file="/app/vendor/gammamatrix/playground-test/src/Feature/Http/Controllers/Resource/Playground/IndexJsonTrait.php" line="85" class="Tests\Feature\Playground\Lead\Api\Http\Controllers\Playground\LeadRouteTest" classname="Tests.Feature.Playground.Lead.Api.Http.Controllers.Playground.LeadRouteTest" assertions="3" time="0.376090"/>
        <testcase name="test_json_guest_cannot_lock" file="/app/vendor/gammamatrix/playground-test/src/Feature/Http/Controllers/Resource/Playground/LockJsonTrait.php" line="36" class="Tests\Feature\Playground\Lead\Api\Http\Controllers\Playground\LeadRouteTest" classname="Tests.Feature.Playground.Lead.Api.Http.Controllers.Playground.LeadRouteTest" assertions="3" time="0.352656"/>
        <testcase name="test_json_lock_as_admin_and_succeed" file="/app/vendor/gammamatrix/playground-test/src/Feature/Http/Controllers/Resource/Playground/LockJsonTrait.php" line="66" class="Tests\Feature\Playground\Lead\Api\Http\Controllers\Playground\LeadRouteTest" classname="Tests.Feature.Playground.Lead.Api.Http.Controllers.Playground.LeadRouteTest" assertions="3" time="0.378115"/>
        <testcase name="test_json_lock_as_admin_and_succeed_with_no_redirect" file="/app/vendor/gammamatrix/playground-test/src/Feature/Http/Controllers/Resource/Playground/LockJsonTrait.php" line="98" class="Tests\Feature\Playground\Lead\Api\Http\Controllers\Playground\LeadRouteTest" classname="Tests.Feature.Playground.Lead.Api.Http.Controllers.Playground.LeadRouteTest" assertions="125" time="0.385025"/>
        <testcase name="test_json_lock_as_user_and_get_denied" file="/app/vendor/gammamatrix/playground-test/src/Feature/Http/Controllers/Resource/Playground/LockJsonTrait.php" line="143" class="Tests\Feature\Playground\Lead\Api\Http\Controllers\Playground\LeadRouteTest" classname="Tests.Feature.Playground.Lead.Api.Http.Controllers.Playground.LeadRouteTest" assertions="3" time="0.369978"/>
        <testcase name="test_json_guest_cannot_restore" file="/app/vendor/gammamatrix/playground-test/src/Feature/Http/Controllers/Resource/Playground/RestoreJsonTrait.php" line="32" class="Tests\Feature\Playground\Lead\Api\Http\Controllers\Playground\LeadRouteTest" classname="Tests.Feature.Playground.Lead.Api.Http.Controllers.Playground.LeadRouteTest" assertions="3" time="0.347312"/>
        <testcase name="test_json_restore_as_admin_and_succeed" file="/app/vendor/gammamatrix/playground-test/src/Feature/Http/Controllers/Resource/Playground/RestoreJsonTrait.php" line="64" class="Tests\Feature\Playground\Lead\Api\Http\Controllers\Playground\LeadRouteTest" classname="Tests.Feature.Playground.Lead.Api.Http.Controllers.Playground.LeadRouteTest" assertions="125" time="0.366393"/>
        <testcase name="test_json_restore_as_admin_and_succeed_with_no_redirect" file="/app/vendor/gammamatrix/playground-test/src/Feature/Http/Controllers/Resource/Playground/RestoreJsonTrait.php" line="100" class="Tests\Feature\Playground\Lead\Api\Http\Controllers\Playground\LeadRouteTest" classname="Tests.Feature.Playground.Lead.Api.Http.Controllers.Playground.LeadRouteTest" assertions="125" time="0.382479"/>
        <testcase name="test_json_restore_as_user_and_get_denied" file="/app/vendor/gammamatrix/playground-test/src/Feature/Http/Controllers/Resource/Playground/RestoreJsonTrait.php" line="143" class="Tests\Feature\Playground\Lead\Api\Http\Controllers\Playground\LeadRouteTest" classname="Tests.Feature.Playground.Lead.Api.Http.Controllers.Playground.LeadRouteTest" assertions="3" time="0.365754"/>
        <testcase name="test_json_guest_cannot_see_info" file="/app/vendor/gammamatrix/playground-test/src/Feature/Http/Controllers/Resource/Playground/ShowJsonTrait.php" line="29" class="Tests\Feature\Playground\Lead\Api\Http\Controllers\Playground\LeadRouteTest" classname="Tests.Feature.Playground.Lead.Api.Http.Controllers.Playground.LeadRouteTest" assertions="1" time="0.347087"/>
        <testcase name="test_json_show_info_for_admin" file="/app/vendor/gammamatrix/playground-test/src/Feature/Http/Controllers/Resource/Playground/ShowJsonTrait.php" line="49" class="Tests\Feature\Playground\Lead\Api\Http\Controllers\Playground\LeadRouteTest" classname="Tests.Feature.Playground.Lead.Api.Http.Controllers.Playground.LeadRouteTest" assertions="124" time="0.374978"/>
        <testcase name="test_json_guest_cannot_store" file="/app/vendor/gammamatrix/playground-test/src/Feature/Http/Controllers/Resource/Playground/StoreJsonTrait.php" line="43" class="Tests\Feature\Playground\Lead\Api\Http\Controllers\Playground\LeadRouteTest" classname="Tests.Feature.Playground.Lead.Api.Http.Controllers.Playground.LeadRouteTest" assertions="3" time="0.349673"/>
        <testcase name="test_json_store_as_admin_without_payload_and_fail_validation" file="/app/vendor/gammamatrix/playground-test/src/Feature/Http/Controllers/Resource/Playground/StoreJsonTrait.php" line="66" class="Tests\Feature\Playground\Lead\Api\Http\Controllers\Playground\LeadRouteTest" classname="Tests.Feature.Playground.Lead.Api.Http.Controllers.Playground.LeadRouteTest" assertions="5" time="0.356031"/>
        <testcase name="test_json_store_as_admin_and_succeed" file="/app/vendor/gammamatrix/playground-test/src/Feature/Http/Controllers/Resource/Playground/StoreJsonTrait.php" line="92" class="Tests\Feature\Playground\Lead\Api\Http\Controllers\Playground\LeadRouteTest" classname="Tests.Feature.Playground.Lead.Api.Http.Controllers.Playground.LeadRouteTest" assertions="3" time="0.407802"/>
        <testcase name="test_json_guest_cannot_unlock" file="/app/vendor/gammamatrix/playground-test/src/Feature/Http/Controllers/Resource/Playground/UnlockJsonTrait.php" line="36" class="Tests\Feature\Playground\Lead\Api\Http\Controllers\Playground\LeadRouteTest" classname="Tests.Feature.Playground.Lead.Api.Http.Controllers.Playground.LeadRouteTest" assertions="3" time="0.363855"/>
        <testcase name="test_json_unlock_as_admin_and_succeed" file="/app/vendor/gammamatrix/playground-test/src/Feature/Http/Controllers/Resource/Playground/UnlockJsonTrait.php" line="68" class="Tests\Feature\Playground\Lead\Api\Http\Controllers\Playground\LeadRouteTest" classname="Tests.Feature.Playground.Lead.Api.Http.Controllers.Playground.LeadRouteTest" assertions="125" time="0.396403"/>
        <testcase name="test_json_unlock_as_admin_and_succeed_with_no_redirect" file="/app/vendor/gammamatrix/playground-test/src/Feature/Http/Controllers/Resource/Playground/UnlockJsonTrait.php" line="104" class="Tests\Feature\Playground\Lead\Api\Http\Controllers\Playground\LeadRouteTest" classname="Tests.Feature.Playground.Lead.Api.Http.Controllers.Playground.LeadRouteTest" assertions="125" time="0.372918"/>
        <testcase name="test_json_unlock_as_user_and_get_denied" file="/app/vendor/gammamatrix/playground-test/src/Feature/Http/Controllers/Resource/Playground/UnlockJsonTrait.php" line="145" class="Tests\Feature\Playground\Lead\Api\Http\Controllers\Playground\LeadRouteTest" classname="Tests.Feature.Playground.Lead.Api.Http.Controllers.Playground.LeadRouteTest" assertions="3" time="0.360997"/>
        <testcase name="test_json_guest_cannot_update" file="/app/vendor/gammamatrix/playground-test/src/Feature/Http/Controllers/Resource/Playground/UpdateJsonTrait.php" line="45" class="Tests\Feature\Playground\Lead\Api\Http\Controllers\Playground\LeadRouteTest" classname="Tests.Feature.Playground.Lead.Api.Http.Controllers.Playground.LeadRouteTest" assertions="1" time="0.366292"/>
        <testcase name="test_json_update_as_admin_without_payload_and_fail_validation" file="/app/vendor/gammamatrix/playground-test/src/Feature/Http/Controllers/Resource/Playground/UpdateJsonTrait.php" line="65" class="Tests\Feature\Playground\Lead\Api\Http\Controllers\Playground\LeadRouteTest" classname="Tests.Feature.Playground.Lead.Api.Http.Controllers.Playground.LeadRouteTest" assertions="4" time="0.371224"/>
        <testcase name="test_json_admin_can_update" file="/app/vendor/gammamatrix/playground-test/src/Feature/Http/Controllers/Resource/Playground/UpdateJsonTrait.php" line="90" class="Tests\Feature\Playground\Lead\Api\Http\Controllers\Playground\LeadRouteTest" classname="Tests.Feature.Playground.Lead.Api.Http.Controllers.Playground.LeadRouteTest" assertions="127" time="0.422855"/>
      </testsuite>
      <testsuite name="Tests\Feature\Playground\Lead\Api\Http\Controllers\Playground\OpportunityRouteTest" file="/app/tests/Feature/Http/Controllers/Playground/OpportunityRouteTest.php" tests="35" assertions="1210" errors="0" failures="0" skipped="0" time="13.059013">
        <testcase name="test_json_guest_cannot_get_create_info" file="/app/vendor/gammamatrix/playground-test/src/Feature/Http/Controllers/Resource/Playground/CreateJsonTrait.php" line="38" class="Tests\Feature\Playground\Lead\Api\Http\Controllers\Playground\OpportunityRouteTest" classname="Tests.Feature.Playground.Lead.Api.Http.Controllers.Playground.OpportunityRouteTest" assertions="1" time="0.381022"/>
        <testcase name="test_json_admin_can_get_create_info" file="/app/vendor/gammamatrix/playground-test/src/Feature/Http/Controllers/Resource/Playground/CreateJsonTrait.php" line="53" class="Tests\Feature\Playground\Lead\Api\Http\Controllers\Playground\OpportunityRouteTest" classname="Tests.Feature.Playground.Lead.Api.Http.Controllers.Playground.OpportunityRouteTest" assertions="123" time="0.364863"/>
        <testcase name="test_json_get_create_info_as_admin_with_invalid_parameter_and_fail_validation" file="/app/vendor/gammamatrix/playground-test/src/Feature/Http/Controllers/Resource/Playground/CreateJsonTrait.php" line="73" class="Tests\Feature\Playground\Lead\Api\Http\Controllers\Playground\OpportunityRouteTest" classname="Tests.Feature.Playground.Lead.Api.Http.Controllers.Playground.OpportunityRouteTest" assertions="4" time="0.370134"/>
        <testcase name="test_json_guest_cannot_destroy" file="/app/vendor/gammamatrix/playground-test/src/Feature/Http/Controllers/Resource/Playground/DestroyJsonTrait.php" line="31" class="Tests\Feature\Playground\Lead\Api\Http\Controllers\Playground\OpportunityRouteTest" classname="Tests.Feature.Playground.Lead.Api.Http.Controllers.Playground.OpportunityRouteTest" assertions="3" time="0.347641"/>
        <testcase name="test_json_destroy_as_admin_and_succeed" file="/app/vendor/gammamatrix/playground-test/src/Feature/Http/Controllers/Resource/Playground/DestroyJsonTrait.php" line="61" class="Tests\Feature\Playground\Lead\Api\Http\Controllers\Playground\OpportunityRouteTest" classname="Tests.Feature.Playground.Lead.Api.Http.Controllers.Playground.OpportunityRouteTest" assertions="5" time="0.358915"/>
        <testcase name="test_json_destroy_as_admin_and_succeed_with_force_delete" file="/app/vendor/gammamatrix/playground-test/src/Feature/Http/Controllers/Resource/Playground/DestroyJsonTrait.php" line="100" class="Tests\Feature\Playground\Lead\Api\Http\Controllers\Playground\OpportunityRouteTest" classname="Tests.Feature.Playground.Lead.Api.Http.Controllers.Playground.OpportunityRouteTest" assertions="4" time="0.378573"/>
        <testcase name="test_json_destroy_as_admin_and_succeed_with_no_content" file="/app/vendor/gammamatrix/playground-test/src/Feature/Http/Controllers/Resource/Playground/DestroyJsonTrait.php" line="132" class="Tests\Feature\Playground\Lead\Api\Http\Controllers\Playground\OpportunityRouteTest" classname="Tests.Feature.Playground.Lead.Api.Http.Controllers.Playground.OpportunityRouteTest" assertions="5" time="0.363458"/>
        <testcase name="test_json_destroy_as_admin_and_succeed_and_ignore_redirect" file="/app/vendor/gammamatrix/playground-test/src/Feature/Http/Controllers/Resource/Playground/DestroyJsonTrait.php" line="167" class="Tests\Feature\Playground\Lead\Api\Http\Controllers\Playground\OpportunityRouteTest" classname="Tests.Feature.Playground.Lead.Api.Http.Controllers.Playground.OpportunityRouteTest" assertions="5" time="0.358200"/>
        <testcase name="test_json_destroy_as_user_and_get_denied_and_no_force_delete_allowed" file="/app/vendor/gammamatrix/playground-test/src/Feature/Http/Controllers/Resource/Playground/DestroyJsonTrait.php" line="209" class="Tests\Feature\Playground\Lead\Api\Http\Controllers\Playground\OpportunityRouteTest" classname="Tests.Feature.Playground.Lead.Api.Http.Controllers.Playground.OpportunityRouteTest" assertions="3" time="0.365409"/>
        <testcase name="test_json_guest_cannot_get_edit_info" file="/app/vendor/gammamatrix/playground-test/src/Feature/Http/Controllers/Resource/Playground/EditJsonTrait.php" line="38" class="Tests\Feature\Playground\Lead\Api\Http\Controllers\Playground\OpportunityRouteTest" classname="Tests.Feature.Playground.Lead.Api.Http.Controllers.Playground.OpportunityRouteTest" assertions="1" time="0.345950"/>
        <testcase name="test_json_admin_can_get_edit_info" file="/app/vendor/gammamatrix/playground-test/src/Feature/Http/Controllers/Resource/Playground/EditJsonTrait.php" line="58" class="Tests\Feature\Playground\Lead\Api\Http\Controllers\Playground\OpportunityRouteTest" classname="Tests.Feature.Playground.Lead.Api.Http.Controllers.Playground.OpportunityRouteTest" assertions="4" time="0.375335"/>
        <testcase name="test_json_edit_as_admin_and_fail_validation_with_invalid_parameter" file="/app/vendor/gammamatrix/playground-test/src/Feature/Http/Controllers/Resource/Playground/EditJsonTrait.php" line="87" class="Tests\Feature\Playground\Lead\Api\Http\Controllers\Playground\OpportunityRouteTest" classname="Tests.Feature.Playground.Lead.Api.Http.Controllers.Playground.OpportunityRouteTest" assertions="4" time="0.386377"/>
        <testcase name="test_json_guest_cannot_get_index" file="/app/vendor/gammamatrix/playground-test/src/Feature/Http/Controllers/Resource/Playground/IndexJsonTrait.php" line="34" class="Tests\Feature\Playground\Lead\Api\Http\Controllers\Playground\OpportunityRouteTest" classname="Tests.Feature.Playground.Lead.Api.Http.Controllers.Playground.OpportunityRouteTest" assertions="1" time="0.347028"/>
        <testcase name="test_json_admin_can_get_index" file="/app/vendor/gammamatrix/playground-test/src/Feature/Http/Controllers/Resource/Playground/IndexJsonTrait.php" line="49" class="Tests\Feature\Playground\Lead\Api\Http\Controllers\Playground\OpportunityRouteTest" classname="Tests.Feature.Playground.Lead.Api.Http.Controllers.Playground.OpportunityRouteTest" assertions="130" time="0.378748"/>
        <testcase name="test_json_admin_can_get_index_with_filters" file="/app/vendor/gammamatrix/playground-test/src/Feature/Http/Controllers/Resource/Playground/IndexJsonTrait.php" line="85" class="Tests\Feature\Playground\Lead\Api\Http\Controllers\Playground\OpportunityRouteTest" classname="Tests.Feature.Playground.Lead.Api.Http.Controllers.Playground.OpportunityRouteTest" assertions="3" time="0.388510"/>
        <testcase name="test_json_guest_cannot_lock" file="/app/vendor/gammamatrix/playground-test/src/Feature/Http/Controllers/Resource/Playground/LockJsonTrait.php" line="36" class="Tests\Feature\Playground\Lead\Api\Http\Controllers\Playground\OpportunityRouteTest" classname="Tests.Feature.Playground.Lead.Api.Http.Controllers.Playground.OpportunityRouteTest" assertions="3" time="0.348342"/>
        <testcase name="test_json_lock_as_admin_and_succeed" file="/app/vendor/gammamatrix/playground-test/src/Feature/Http/Controllers/Resource/Playground/LockJsonTrait.php" line="66" class="Tests\Feature\Playground\Lead\Api\Http\Controllers\Playground\OpportunityRouteTest" classname="Tests.Feature.Playground.Lead.Api.Http.Controllers.Playground.OpportunityRouteTest" assertions="3" time="0.383808"/>
        <testcase name="test_json_lock_as_admin_and_succeed_with_no_redirect" file="/app/vendor/gammamatrix/playground-test/src/Feature/Http/Controllers/Resource/Playground/LockJsonTrait.php" line="98" class="Tests\Feature\Playground\Lead\Api\Http\Controllers\Playground\OpportunityRouteTest" classname="Tests.Feature.Playground.Lead.Api.Http.Controllers.Playground.OpportunityRouteTest" assertions="125" time="0.387131"/>
        <testcase name="test_json_lock_as_user_and_get_denied" file="/app/vendor/gammamatrix/playground-test/src/Feature/Http/Controllers/Resource/Playground/LockJsonTrait.php" line="143" class="Tests\Feature\Playground\Lead\Api\Http\Controllers\Playground\OpportunityRouteTest" classname="Tests.Feature.Playground.Lead.Api.Http.Controllers.Playground.OpportunityRouteTest" assertions="3" time="0.379098"/>
        <testcase name="test_json_guest_cannot_restore" file="/app/vendor/gammamatrix/playground-test/src/Feature/Http/Controllers/Resource/Playground/RestoreJsonTrait.php" line="32" class="Tests\Feature\Playground\Lead\Api\Http\Controllers\Playground\OpportunityRouteTest" classname="Tests.Feature.Playground.Lead.Api.Http.Controllers.Playground.OpportunityRouteTest" assertions="3" time="0.373170"/>
        <testcase name="test_json_restore_as_admin_and_succeed" file="/app/vendor/gammamatrix/playground-test/src/Feature/Http/Controllers/Resource/Playground/RestoreJsonTrait.php" line="64" class="Tests\Feature\Playground\Lead\Api\Http\Controllers\Playground\OpportunityRouteTest" classname="Tests.Feature.Playground.Lead.Api.Http.Controllers.Playground.OpportunityRouteTest" assertions="125" time="0.375649"/>
        <testcase name="test_json_restore_as_admin_and_succeed_with_no_redirect" file="/app/vendor/gammamatrix/playground-test/src/Feature/Http/Controllers/Resource/Playground/RestoreJsonTrait.php" line="100" class="Tests\Feature\Playground\Lead\Api\Http\Controllers\Playground\OpportunityRouteTest" classname="Tests.Feature.Playground.Lead.Api.Http.Controllers.Playground.OpportunityRouteTest" assertions="125" time="0.382202"/>
        <testcase name="test_json_restore_as_user_and_get_denied" file="/app/vendor/gammamatrix/playground-test/src/Feature/Http/Controllers/Resource/Playground/RestoreJsonTrait.php" line="143" class="Tests\Feature\Playground\Lead\Api\Http\Controllers\Playground\OpportunityRouteTest" classname="Tests.Feature.Playground.Lead.Api.Http.Controllers.Playground.OpportunityRouteTest" assertions="3" time="0.379657"/>
        <testcase name="test_json_guest_cannot_see_info" file="/app/vendor/gammamatrix/playground-test/src/Feature/Http/Controllers/Resource/Playground/ShowJsonTrait.php" line="29" class="Tests\Feature\Playground\Lead\Api\Http\Controllers\Playground\OpportunityRouteTest" classname="Tests.Feature.Playground.Lead.Api.Http.Controllers.Playground.OpportunityRouteTest" assertions="1" time="0.352893"/>
        <testcase name="test_json_show_info_for_admin" file="/app/vendor/gammamatrix/playground-test/src/Feature/Http/Controllers/Resource/Playground/ShowJsonTrait.php" line="49" class="Tests\Feature\Playground\Lead\Api\Http\Controllers\Playground\OpportunityRouteTest" classname="Tests.Feature.Playground.Lead.Api.Http.Controllers.Playground.OpportunityRouteTest" assertions="124" time="0.391424"/>
        <testcase name="test_json_guest_cannot_store" file="/app/vendor/gammamatrix/playground-test/src/Feature/Http/Controllers/Resource/Playground/StoreJsonTrait.php" line="43" class="Tests\Feature\Playground\Lead\Api\Http\Controllers\Playground\OpportunityRouteTest" classname="Tests.Feature.Playground.Lead.Api.Http.Controllers.Playground.OpportunityRouteTest" assertions="3" time="0.353314"/>
        <testcase name="test_json_store_as_admin_without_payload_and_fail_validation" file="/app/vendor/gammamatrix/playground-test/src/Feature/Http/Controllers/Resource/Playground/StoreJsonTrait.php" line="66" class="Tests\Feature\Playground\Lead\Api\Http\Controllers\Playground\OpportunityRouteTest" classname="Tests.Feature.Playground.Lead.Api.Http.Controllers.Playground.OpportunityRouteTest" assertions="5" time="0.360567"/>
        <testcase name="test_json_store_as_admin_and_succeed" file="/app/vendor/gammamatrix/playground-test/src/Feature/Http/Controllers/Resource/Playground/StoreJsonTrait.php" line="92" class="Tests\Feature\Playground\Lead\Api\Http\Controllers\Playground\OpportunityRouteTest" classname="Tests.Feature.Playground.Lead.Api.Http.Controllers.Playground.OpportunityRouteTest" assertions="3" time="0.410234"/>
        <testcase name="test_json_guest_cannot_unlock" file="/app/vendor/gammamatrix/playground-test/src/Feature/Http/Controllers/Resource/Playground/UnlockJsonTrait.php" line="36" class="Tests\Feature\Playground\Lead\Api\Http\Controllers\Playground\OpportunityRouteTest" classname="Tests.Feature.Playground.Lead.Api.Http.Controllers.Playground.OpportunityRouteTest" assertions="3" time="0.360159"/>
        <testcase name="test_json_unlock_as_admin_and_succeed" file="/app/vendor/gammamatrix/playground-test/src/Feature/Http/Controllers/Resource/Playground/UnlockJsonTrait.php" line="68" class="Tests\Feature\Playground\Lead\Api\Http\Controllers\Playground\OpportunityRouteTest" classname="Tests.Feature.Playground.Lead.Api.Http.Controllers.Playground.OpportunityRouteTest" assertions="125" time="0.381423"/>
        <testcase name="test_json_unlock_as_admin_and_succeed_with_no_redirect" file="/app/vendor/gammamatrix/playground-test/src/Feature/Http/Controllers/Resource/Playground/UnlockJsonTrait.php" line="104" class="Tests\Feature\Playground\Lead\Api\Http\Controllers\Playground\OpportunityRouteTest" classname="Tests.Feature.Playground.Lead.Api.Http.Controllers.Playground.OpportunityRouteTest" assertions="125" time="0.394027"/>
        <testcase name="test_json_unlock_as_user_and_get_denied" file="/app/vendor/gammamatrix/playground-test/src/Feature/Http/Controllers/Resource/Playground/UnlockJsonTrait.php" line="145" class="Tests\Feature\Playground\Lead\Api\Http\Controllers\Playground\OpportunityRouteTest" classname="Tests.Feature.Playground.Lead.Api.Http.Controllers.Playground.OpportunityRouteTest" assertions="3" time="0.365770"/>
        <testcase name="test_json_guest_cannot_update" file="/app/vendor/gammamatrix/playground-test/src/Feature/Http/Controllers/Resource/Playground/UpdateJsonTrait.php" line="45" class="Tests\Feature\Playground\Lead\Api\Http\Controllers\Playground\OpportunityRouteTest" classname="Tests.Feature.Playground.Lead.Api.Http.Controllers.Playground.OpportunityRouteTest" assertions="1" time="0.354316"/>
        <testcase name="test_json_update_as_admin_without_payload_and_fail_validation" file="/app/vendor/gammamatrix/playground-test/src/Feature/Http/Controllers/Resource/Playground/UpdateJsonTrait.php" line="65" class="Tests\Feature\Playground\Lead\Api\Http\Controllers\Playground\OpportunityRouteTest" classname="Tests.Feature.Playground.Lead.Api.Http.Controllers.Playground.OpportunityRouteTest" assertions="4" time="0.392645"/>
        <testcase name="test_json_admin_can_update" file="/app/vendor/gammamatrix/playground-test/src/Feature/Http/Controllers/Resource/Playground/UpdateJsonTrait.php" line="90" class="Tests\Feature\Playground\Lead\Api\Http\Controllers\Playground\OpportunityRouteTest" classname="Tests.Feature.Playground.Lead.Api.Http.Controllers.Playground.OpportunityRouteTest" assertions="127" time="0.423021"/>
      </testsuite>
      <testsuite name="Tests\Feature\Playground\Lead\Api\Http\Controllers\Playground\PlanRouteTest" file="/app/tests/Feature/Http/Controllers/Playground/PlanRouteTest.php" tests="35" assertions="1210" errors="0" failures="0" skipped="0" time="13.037499">
        <testcase name="test_json_guest_cannot_get_create_info" file="/app/vendor/gammamatrix/playground-test/src/Feature/Http/Controllers/Resource/Playground/CreateJsonTrait.php" line="38" class="Tests\Feature\Playground\Lead\Api\Http\Controllers\Playground\PlanRouteTest" classname="Tests.Feature.Playground.Lead.Api.Http.Controllers.Playground.PlanRouteTest" assertions="1" time="0.383256"/>
        <testcase name="test_json_admin_can_get_create_info" file="/app/vendor/gammamatrix/playground-test/src/Feature/Http/Controllers/Resource/Playground/CreateJsonTrait.php" line="53" class="Tests\Feature\Playground\Lead\Api\Http\Controllers\Playground\PlanRouteTest" classname="Tests.Feature.Playground.Lead.Api.Http.Controllers.Playground.PlanRouteTest" assertions="123" time="0.362183"/>
        <testcase name="test_json_get_create_info_as_admin_with_invalid_parameter_and_fail_validation" file="/app/vendor/gammamatrix/playground-test/src/Feature/Http/Controllers/Resource/Playground/CreateJsonTrait.php" line="73" class="Tests\Feature\Playground\Lead\Api\Http\Controllers\Playground\PlanRouteTest" classname="Tests.Feature.Playground.Lead.Api.Http.Controllers.Playground.PlanRouteTest" assertions="4" time="0.355353"/>
        <testcase name="test_json_guest_cannot_destroy" file="/app/vendor/gammamatrix/playground-test/src/Feature/Http/Controllers/Resource/Playground/DestroyJsonTrait.php" line="31" class="Tests\Feature\Playground\Lead\Api\Http\Controllers\Playground\PlanRouteTest" classname="Tests.Feature.Playground.Lead.Api.Http.Controllers.Playground.PlanRouteTest" assertions="3" time="0.361827"/>
        <testcase name="test_json_destroy_as_admin_and_succeed" file="/app/vendor/gammamatrix/playground-test/src/Feature/Http/Controllers/Resource/Playground/DestroyJsonTrait.php" line="61" class="Tests\Feature\Playground\Lead\Api\Http\Controllers\Playground\PlanRouteTest" classname="Tests.Feature.Playground.Lead.Api.Http.Controllers.Playground.PlanRouteTest" assertions="5" time="0.353423"/>
        <testcase name="test_json_destroy_as_admin_and_succeed_with_force_delete" file="/app/vendor/gammamatrix/playground-test/src/Feature/Http/Controllers/Resource/Playground/DestroyJsonTrait.php" line="100" class="Tests\Feature\Playground\Lead\Api\Http\Controllers\Playground\PlanRouteTest" classname="Tests.Feature.Playground.Lead.Api.Http.Controllers.Playground.PlanRouteTest" assertions="4" time="0.354311"/>
        <testcase name="test_json_destroy_as_admin_and_succeed_with_no_content" file="/app/vendor/gammamatrix/playground-test/src/Feature/Http/Controllers/Resource/Playground/DestroyJsonTrait.php" line="132" class="Tests\Feature\Playground\Lead\Api\Http\Controllers\Playground\PlanRouteTest" classname="Tests.Feature.Playground.Lead.Api.Http.Controllers.Playground.PlanRouteTest" assertions="5" time="0.387597"/>
        <testcase name="test_json_destroy_as_admin_and_succeed_and_ignore_redirect" file="/app/vendor/gammamatrix/playground-test/src/Feature/Http/Controllers/Resource/Playground/DestroyJsonTrait.php" line="167" class="Tests\Feature\Playground\Lead\Api\Http\Controllers\Playground\PlanRouteTest" classname="Tests.Feature.Playground.Lead.Api.Http.Controllers.Playground.PlanRouteTest" assertions="5" time="0.358706"/>
        <testcase name="test_json_destroy_as_user_and_get_denied_and_no_force_delete_allowed" file="/app/vendor/gammamatrix/playground-test/src/Feature/Http/Controllers/Resource/Playground/DestroyJsonTrait.php" line="209" class="Tests\Feature\Playground\Lead\Api\Http\Controllers\Playground\PlanRouteTest" classname="Tests.Feature.Playground.Lead.Api.Http.Controllers.Playground.PlanRouteTest" assertions="3" time="0.373422"/>
        <testcase name="test_json_guest_cannot_get_edit_info" file="/app/vendor/gammamatrix/playground-test/src/Feature/Http/Controllers/Resource/Playground/EditJsonTrait.php" line="38" class="Tests\Feature\Playground\Lead\Api\Http\Controllers\Playground\PlanRouteTest" classname="Tests.Feature.Playground.Lead.Api.Http.Controllers.Playground.PlanRouteTest" assertions="1" time="0.343878"/>
        <testcase name="test_json_admin_can_get_edit_info" file="/app/vendor/gammamatrix/playground-test/src/Feature/Http/Controllers/Resource/Playground/EditJsonTrait.php" line="58" class="Tests\Feature\Playground\Lead\Api\Http\Controllers\Playground\PlanRouteTest" classname="Tests.Feature.Playground.Lead.Api.Http.Controllers.Playground.PlanRouteTest" assertions="4" time="0.373428"/>
        <testcase name="test_json_edit_as_admin_and_fail_validation_with_invalid_parameter" file="/app/vendor/gammamatrix/playground-test/src/Feature/Http/Controllers/Resource/Playground/EditJsonTrait.php" line="87" class="Tests\Feature\Playground\Lead\Api\Http\Controllers\Playground\PlanRouteTest" classname="Tests.Feature.Playground.Lead.Api.Http.Controllers.Playground.PlanRouteTest" assertions="4" time="0.387297"/>
        <testcase name="test_json_guest_cannot_get_index" file="/app/vendor/gammamatrix/playground-test/src/Feature/Http/Controllers/Resource/Playground/IndexJsonTrait.php" line="34" class="Tests\Feature\Playground\Lead\Api\Http\Controllers\Playground\PlanRouteTest" classname="Tests.Feature.Playground.Lead.Api.Http.Controllers.Playground.PlanRouteTest" assertions="1" time="0.351501"/>
        <testcase name="test_json_admin_can_get_index" file="/app/vendor/gammamatrix/playground-test/src/Feature/Http/Controllers/Resource/Playground/IndexJsonTrait.php" line="49" class="Tests\Feature\Playground\Lead\Api\Http\Controllers\Playground\PlanRouteTest" classname="Tests.Feature.Playground.Lead.Api.Http.Controllers.Playground.PlanRouteTest" assertions="130" time="0.377827"/>
        <testcase name="test_json_admin_can_get_index_with_filters" file="/app/vendor/gammamatrix/playground-test/src/Feature/Http/Controllers/Resource/Playground/IndexJsonTrait.php" line="85" class="Tests\Feature\Playground\Lead\Api\Http\Controllers\Playground\PlanRouteTest" classname="Tests.Feature.Playground.Lead.Api.Http.Controllers.Playground.PlanRouteTest" assertions="3" time="0.397745"/>
        <testcase name="test_json_guest_cannot_lock" file="/app/vendor/gammamatrix/playground-test/src/Feature/Http/Controllers/Resource/Playground/LockJsonTrait.php" line="36" class="Tests\Feature\Playground\Lead\Api\Http\Controllers\Playground\PlanRouteTest" classname="Tests.Feature.Playground.Lead.Api.Http.Controllers.Playground.PlanRouteTest" assertions="3" time="0.348987"/>
        <testcase name="test_json_lock_as_admin_and_succeed" file="/app/vendor/gammamatrix/playground-test/src/Feature/Http/Controllers/Resource/Playground/LockJsonTrait.php" line="66" class="Tests\Feature\Playground\Lead\Api\Http\Controllers\Playground\PlanRouteTest" classname="Tests.Feature.Playground.Lead.Api.Http.Controllers.Playground.PlanRouteTest" assertions="3" time="0.365311"/>
        <testcase name="test_json_lock_as_admin_and_succeed_with_no_redirect" file="/app/vendor/gammamatrix/playground-test/src/Feature/Http/Controllers/Resource/Playground/LockJsonTrait.php" line="98" class="Tests\Feature\Playground\Lead\Api\Http\Controllers\Playground\PlanRouteTest" classname="Tests.Feature.Playground.Lead.Api.Http.Controllers.Playground.PlanRouteTest" assertions="125" time="0.391047"/>
        <testcase name="test_json_lock_as_user_and_get_denied" file="/app/vendor/gammamatrix/playground-test/src/Feature/Http/Controllers/Resource/Playground/LockJsonTrait.php" line="143" class="Tests\Feature\Playground\Lead\Api\Http\Controllers\Playground\PlanRouteTest" classname="Tests.Feature.Playground.Lead.Api.Http.Controllers.Playground.PlanRouteTest" assertions="3" time="0.360819"/>
        <testcase name="test_json_guest_cannot_restore" file="/app/vendor/gammamatrix/playground-test/src/Feature/Http/Controllers/Resource/Playground/RestoreJsonTrait.php" line="32" class="Tests\Feature\Playground\Lead\Api\Http\Controllers\Playground\PlanRouteTest" classname="Tests.Feature.Playground.Lead.Api.Http.Controllers.Playground.PlanRouteTest" assertions="3" time="0.356419"/>
        <testcase name="test_json_restore_as_admin_and_succeed" file="/app/vendor/gammamatrix/playground-test/src/Feature/Http/Controllers/Resource/Playground/RestoreJsonTrait.php" line="64" class="Tests\Feature\Playground\Lead\Api\Http\Controllers\Playground\PlanRouteTest" classname="Tests.Feature.Playground.Lead.Api.Http.Controllers.Playground.PlanRouteTest" assertions="125" time="0.390093"/>
        <testcase name="test_json_restore_as_admin_and_succeed_with_no_redirect" file="/app/vendor/gammamatrix/playground-test/src/Feature/Http/Controllers/Resource/Playground/RestoreJsonTrait.php" line="100" class="Tests\Feature\Playground\Lead\Api\Http\Controllers\Playground\PlanRouteTest" classname="Tests.Feature.Playground.Lead.Api.Http.Controllers.Playground.PlanRouteTest" assertions="125" time="0.376898"/>
        <testcase name="test_json_restore_as_user_and_get_denied" file="/app/vendor/gammamatrix/playground-test/src/Feature/Http/Controllers/Resource/Playground/RestoreJsonTrait.php" line="143" class="Tests\Feature\Playground\Lead\Api\Http\Controllers\Playground\PlanRouteTest" classname="Tests.Feature.Playground.Lead.Api.Http.Controllers.Playground.PlanRouteTest" assertions="3" time="0.381744"/>
        <testcase name="test_json_guest_cannot_see_info" file="/app/vendor/gammamatrix/playground-test/src/Feature/Http/Controllers/Resource/Playground/ShowJsonTrait.php" line="29" class="Tests\Feature\Playground\Lead\Api\Http\Controllers\Playground\PlanRouteTest" classname="Tests.Feature.Playground.Lead.Api.Http.Controllers.Playground.PlanRouteTest" assertions="1" time="0.352651"/>
        <testcase name="test_json_show_info_for_admin" file="/app/vendor/gammamatrix/playground-test/src/Feature/Http/Controllers/Resource/Playground/ShowJsonTrait.php" line="49" class="Tests\Feature\Playground\Lead\Api\Http\Controllers\Playground\PlanRouteTest" classname="Tests.Feature.Playground.Lead.Api.Http.Controllers.Playground.PlanRouteTest" assertions="124" time="0.365869"/>
        <testcase name="test_json_guest_cannot_store" file="/app/vendor/gammamatrix/playground-test/src/Feature/Http/Controllers/Resource/Playground/StoreJsonTrait.php" line="43" class="Tests\Feature\Playground\Lead\Api\Http\Controllers\Playground\PlanRouteTest" classname="Tests.Feature.Playground.Lead.Api.Http.Controllers.Playground.PlanRouteTest" assertions="3" time="0.387047"/>
        <testcase name="test_json_store_as_admin_without_payload_and_fail_validation" file="/app/vendor/gammamatrix/playground-test/src/Feature/Http/Controllers/Resource/Playground/StoreJsonTrait.php" line="66" class="Tests\Feature\Playground\Lead\Api\Http\Controllers\Playground\PlanRouteTest" classname="Tests.Feature.Playground.Lead.Api.Http.Controllers.Playground.PlanRouteTest" assertions="5" time="0.360466"/>
        <testcase name="test_json_store_as_admin_and_succeed" file="/app/vendor/gammamatrix/playground-test/src/Feature/Http/Controllers/Resource/Playground/StoreJsonTrait.php" line="92" class="Tests\Feature\Playground\Lead\Api\Http\Controllers\Playground\PlanRouteTest" classname="Tests.Feature.Playground.Lead.Api.Http.Controllers.Playground.PlanRouteTest" assertions="3" time="0.397316"/>
        <testcase name="test_json_guest_cannot_unlock" file="/app/vendor/gammamatrix/playground-test/src/Feature/Http/Controllers/Resource/Playground/UnlockJsonTrait.php" line="36" class="Tests\Feature\Playground\Lead\Api\Http\Controllers\Playground\PlanRouteTest" classname="Tests.Feature.Playground.Lead.Api.Http.Controllers.Playground.PlanRouteTest" assertions="3" time="0.369233"/>
        <testcase name="test_json_unlock_as_admin_and_succeed" file="/app/vendor/gammamatrix/playground-test/src/Feature/Http/Controllers/Resource/Playground/UnlockJsonTrait.php" line="68" class="Tests\Feature\Playground\Lead\Api\Http\Controllers\Playground\PlanRouteTest" classname="Tests.Feature.Playground.Lead.Api.Http.Controllers.Playground.PlanRouteTest" assertions="125" time="0.378997"/>
        <testcase name="test_json_unlock_as_admin_and_succeed_with_no_redirect" file="/app/vendor/gammamatrix/playground-test/src/Feature/Http/Controllers/Resource/Playground/UnlockJsonTrait.php" line="104" class="Tests\Feature\Playground\Lead\Api\Http\Controllers\Playground\PlanRouteTest" classname="Tests.Feature.Playground.Lead.Api.Http.Controllers.Playground.PlanRouteTest" assertions="125" time="0.395407"/>
        <testcase name="test_json_unlock_as_user_and_get_denied" file="/app/vendor/gammamatrix/playground-test/src/Feature/Http/Controllers/Resource/Playground/UnlockJsonTrait.php" line="145" class="Tests\Feature\Playground\Lead\Api\Http\Controllers\Playground\PlanRouteTest" classname="Tests.Feature.Playground.Lead.Api.Http.Controllers.Playground.PlanRouteTest" assertions="3" time="0.361461"/>
        <testcase name="test_json_guest_cannot_update" file="/app/vendor/gammamatrix/playground-test/src/Feature/Http/Controllers/Resource/Playground/UpdateJsonTrait.php" line="45" class="Tests\Feature\Playground\Lead\Api\Http\Controllers\Playground\PlanRouteTest" classname="Tests.Feature.Playground.Lead.Api.Http.Controllers.Playground.PlanRouteTest" assertions="1" time="0.362415"/>
        <testcase name="test_json_update_as_admin_without_payload_and_fail_validation" file="/app/vendor/gammamatrix/playground-test/src/Feature/Http/Controllers/Resource/Playground/UpdateJsonTrait.php" line="65" class="Tests\Feature\Playground\Lead\Api\Http\Controllers\Playground\PlanRouteTest" classname="Tests.Feature.Playground.Lead.Api.Http.Controllers.Playground.PlanRouteTest" assertions="4" time="0.391035"/>
        <testcase name="test_json_admin_can_update" file="/app/vendor/gammamatrix/playground-test/src/Feature/Http/Controllers/Resource/Playground/UpdateJsonTrait.php" line="90" class="Tests\Feature\Playground\Lead\Api\Http\Controllers\Playground\PlanRouteTest" classname="Tests.Feature.Playground.Lead.Api.Http.Controllers.Playground.PlanRouteTest" assertions="127" time="0.422530"/>
      </testsuite>
      <testsuite name="Tests\Feature\Playground\Lead\Api\Http\Controllers\Playground\RegionRouteTest" file="/app/tests/Feature/Http/Controllers/Playground/RegionRouteTest.php" tests="35" assertions="1210" errors="0" failures="0" skipped="0" time="13.121344">
        <testcase name="test_json_guest_cannot_get_create_info" file="/app/vendor/gammamatrix/playground-test/src/Feature/Http/Controllers/Resource/Playground/CreateJsonTrait.php" line="38" class="Tests\Feature\Playground\Lead\Api\Http\Controllers\Playground\RegionRouteTest" classname="Tests.Feature.Playground.Lead.Api.Http.Controllers.Playground.RegionRouteTest" assertions="1" time="0.371002"/>
        <testcase name="test_json_admin_can_get_create_info" file="/app/vendor/gammamatrix/playground-test/src/Feature/Http/Controllers/Resource/Playground/CreateJsonTrait.php" line="53" class="Tests\Feature\Playground\Lead\Api\Http\Controllers\Playground\RegionRouteTest" classname="Tests.Feature.Playground.Lead.Api.Http.Controllers.Playground.RegionRouteTest" assertions="123" time="0.381912"/>
        <testcase name="test_json_get_create_info_as_admin_with_invalid_parameter_and_fail_validation" file="/app/vendor/gammamatrix/playground-test/src/Feature/Http/Controllers/Resource/Playground/CreateJsonTrait.php" line="73" class="Tests\Feature\Playground\Lead\Api\Http\Controllers\Playground\RegionRouteTest" classname="Tests.Feature.Playground.Lead.Api.Http.Controllers.Playground.RegionRouteTest" assertions="4" time="0.356827"/>
        <testcase name="test_json_guest_cannot_destroy" file="/app/vendor/gammamatrix/playground-test/src/Feature/Http/Controllers/Resource/Playground/DestroyJsonTrait.php" line="31" class="Tests\Feature\Playground\Lead\Api\Http\Controllers\Playground\RegionRouteTest" classname="Tests.Feature.Playground.Lead.Api.Http.Controllers.Playground.RegionRouteTest" assertions="3" time="0.349422"/>
        <testcase name="test_json_destroy_as_admin_and_succeed" file="/app/vendor/gammamatrix/playground-test/src/Feature/Http/Controllers/Resource/Playground/DestroyJsonTrait.php" line="61" class="Tests\Feature\Playground\Lead\Api\Http\Controllers\Playground\RegionRouteTest" classname="Tests.Feature.Playground.Lead.Api.Http.Controllers.Playground.RegionRouteTest" assertions="5" time="0.375949"/>
        <testcase name="test_json_destroy_as_admin_and_succeed_with_force_delete" file="/app/vendor/gammamatrix/playground-test/src/Feature/Http/Controllers/Resource/Playground/DestroyJsonTrait.php" line="100" class="Tests\Feature\Playground\Lead\Api\Http\Controllers\Playground\RegionRouteTest" classname="Tests.Feature.Playground.Lead.Api.Http.Controllers.Playground.RegionRouteTest" assertions="4" time="0.356275"/>
        <testcase name="test_json_destroy_as_admin_and_succeed_with_no_content" file="/app/vendor/gammamatrix/playground-test/src/Feature/Http/Controllers/Resource/Playground/DestroyJsonTrait.php" line="132" class="Tests\Feature\Playground\Lead\Api\Http\Controllers\Playground\RegionRouteTest" classname="Tests.Feature.Playground.Lead.Api.Http.Controllers.Playground.RegionRouteTest" assertions="5" time="0.395516"/>
        <testcase name="test_json_destroy_as_admin_and_succeed_and_ignore_redirect" file="/app/vendor/gammamatrix/playground-test/src/Feature/Http/Controllers/Resource/Playground/DestroyJsonTrait.php" line="167" class="Tests\Feature\Playground\Lead\Api\Http\Controllers\Playground\RegionRouteTest" classname="Tests.Feature.Playground.Lead.Api.Http.Controllers.Playground.RegionRouteTest" assertions="5" time="0.361588"/>
        <testcase name="test_json_destroy_as_user_and_get_denied_and_no_force_delete_allowed" file="/app/vendor/gammamatrix/playground-test/src/Feature/Http/Controllers/Resource/Playground/DestroyJsonTrait.php" line="209" class="Tests\Feature\Playground\Lead\Api\Http\Controllers\Playground\RegionRouteTest" classname="Tests.Feature.Playground.Lead.Api.Http.Controllers.Playground.RegionRouteTest" assertions="3" time="0.355110"/>
        <testcase name="test_json_guest_cannot_get_edit_info" file="/app/vendor/gammamatrix/playground-test/src/Feature/Http/Controllers/Resource/Playground/EditJsonTrait.php" line="38" class="Tests\Feature\Playground\Lead\Api\Http\Controllers\Playground\RegionRouteTest" classname="Tests.Feature.Playground.Lead.Api.Http.Controllers.Playground.RegionRouteTest" assertions="1" time="0.368328"/>
        <testcase name="test_json_admin_can_get_edit_info" file="/app/vendor/gammamatrix/playground-test/src/Feature/Http/Controllers/Resource/Playground/EditJsonTrait.php" line="58" class="Tests\Feature\Playground\Lead\Api\Http\Controllers\Playground\RegionRouteTest" classname="Tests.Feature.Playground.Lead.Api.Http.Controllers.Playground.RegionRouteTest" assertions="4" time="0.375759"/>
        <testcase name="test_json_edit_as_admin_and_fail_validation_with_invalid_parameter" file="/app/vendor/gammamatrix/playground-test/src/Feature/Http/Controllers/Resource/Playground/EditJsonTrait.php" line="87" class="Tests\Feature\Playground\Lead\Api\Http\Controllers\Playground\RegionRouteTest" classname="Tests.Feature.Playground.Lead.Api.Http.Controllers.Playground.RegionRouteTest" assertions="4" time="0.371360"/>
        <testcase name="test_json_guest_cannot_get_index" file="/app/vendor/gammamatrix/playground-test/src/Feature/Http/Controllers/Resource/Playground/IndexJsonTrait.php" line="34" class="Tests\Feature\Playground\Lead\Api\Http\Controllers\Playground\RegionRouteTest" classname="Tests.Feature.Playground.Lead.Api.Http.Controllers.Playground.RegionRouteTest" assertions="1" time="0.374633"/>
        <testcase name="test_json_admin_can_get_index" file="/app/vendor/gammamatrix/playground-test/src/Feature/Http/Controllers/Resource/Playground/IndexJsonTrait.php" line="49" class="Tests\Feature\Playground\Lead\Api\Http\Controllers\Playground\RegionRouteTest" classname="Tests.Feature.Playground.Lead.Api.Http.Controllers.Playground.RegionRouteTest" assertions="130" time="0.379862"/>
        <testcase name="test_json_admin_can_get_index_with_filters" file="/app/vendor/gammamatrix/playground-test/src/Feature/Http/Controllers/Resource/Playground/IndexJsonTrait.php" line="85" class="Tests\Feature\Playground\Lead\Api\Http\Controllers\Playground\RegionRouteTest" classname="Tests.Feature.Playground.Lead.Api.Http.Controllers.Playground.RegionRouteTest" assertions="3" time="0.382773"/>
        <testcase name="test_json_guest_cannot_lock" file="/app/vendor/gammamatrix/playground-test/src/Feature/Http/Controllers/Resource/Playground/LockJsonTrait.php" line="36" class="Tests\Feature\Playground\Lead\Api\Http\Controllers\Playground\RegionRouteTest" classname="Tests.Feature.Playground.Lead.Api.Http.Controllers.Playground.RegionRouteTest" assertions="3" time="0.367503"/>
        <testcase name="test_json_lock_as_admin_and_succeed" file="/app/vendor/gammamatrix/playground-test/src/Feature/Http/Controllers/Resource/Playground/LockJsonTrait.php" line="66" class="Tests\Feature\Playground\Lead\Api\Http\Controllers\Playground\RegionRouteTest" classname="Tests.Feature.Playground.Lead.Api.Http.Controllers.Playground.RegionRouteTest" assertions="3" time="0.372296"/>
        <testcase name="test_json_lock_as_admin_and_succeed_with_no_redirect" file="/app/vendor/gammamatrix/playground-test/src/Feature/Http/Controllers/Resource/Playground/LockJsonTrait.php" line="98" class="Tests\Feature\Playground\Lead\Api\Http\Controllers\Playground\RegionRouteTest" classname="Tests.Feature.Playground.Lead.Api.Http.Controllers.Playground.RegionRouteTest" assertions="125" time="0.397023"/>
        <testcase name="test_json_lock_as_user_and_get_denied" file="/app/vendor/gammamatrix/playground-test/src/Feature/Http/Controllers/Resource/Playground/LockJsonTrait.php" line="143" class="Tests\Feature\Playground\Lead\Api\Http\Controllers\Playground\RegionRouteTest" classname="Tests.Feature.Playground.Lead.Api.Http.Controllers.Playground.RegionRouteTest" assertions="3" time="0.369879"/>
        <testcase name="test_json_guest_cannot_restore" file="/app/vendor/gammamatrix/playground-test/src/Feature/Http/Controllers/Resource/Playground/RestoreJsonTrait.php" line="32" class="Tests\Feature\Playground\Lead\Api\Http\Controllers\Playground\RegionRouteTest" classname="Tests.Feature.Playground.Lead.Api.Http.Controllers.Playground.RegionRouteTest" assertions="3" time="0.357530"/>
        <testcase name="test_json_restore_as_admin_and_succeed" file="/app/vendor/gammamatrix/playground-test/src/Feature/Http/Controllers/Resource/Playground/RestoreJsonTrait.php" line="64" class="Tests\Feature\Playground\Lead\Api\Http\Controllers\Playground\RegionRouteTest" classname="Tests.Feature.Playground.Lead.Api.Http.Controllers.Playground.RegionRouteTest" assertions="125" time="0.391208"/>
        <testcase name="test_json_restore_as_admin_and_succeed_with_no_redirect" file="/app/vendor/gammamatrix/playground-test/src/Feature/Http/Controllers/Resource/Playground/RestoreJsonTrait.php" line="100" class="Tests\Feature\Playground\Lead\Api\Http\Controllers\Playground\RegionRouteTest" classname="Tests.Feature.Playground.Lead.Api.Http.Controllers.Playground.RegionRouteTest" assertions="125" time="0.386775"/>
        <testcase name="test_json_restore_as_user_and_get_denied" file="/app/vendor/gammamatrix/playground-test/src/Feature/Http/Controllers/Resource/Playground/RestoreJsonTrait.php" line="143" class="Tests\Feature\Playground\Lead\Api\Http\Controllers\Playground\RegionRouteTest" classname="Tests.Feature.Playground.Lead.Api.Http.Controllers.Playground.RegionRouteTest" assertions="3" time="0.367982"/>
        <testcase name="test_json_guest_cannot_see_info" file="/app/vendor/gammamatrix/playground-test/src/Feature/Http/Controllers/Resource/Playground/ShowJsonTrait.php" line="29" class="Tests\Feature\Playground\Lead\Api\Http\Controllers\Playground\RegionRouteTest" classname="Tests.Feature.Playground.Lead.Api.Http.Controllers.Playground.RegionRouteTest" assertions="1" time="0.369951"/>
        <testcase name="test_json_show_info_for_admin" file="/app/vendor/gammamatrix/playground-test/src/Feature/Http/Controllers/Resource/Playground/ShowJsonTrait.php" line="49" class="Tests\Feature\Playground\Lead\Api\Http\Controllers\Playground\RegionRouteTest" classname="Tests.Feature.Playground.Lead.Api.Http.Controllers.Playground.RegionRouteTest" assertions="124" time="0.364386"/>
        <testcase name="test_json_guest_cannot_store" file="/app/vendor/gammamatrix/playground-test/src/Feature/Http/Controllers/Resource/Playground/StoreJsonTrait.php" line="43" class="Tests\Feature\Playground\Lead\Api\Http\Controllers\Playground\RegionRouteTest" classname="Tests.Feature.Playground.Lead.Api.Http.Controllers.Playground.RegionRouteTest" assertions="3" time="0.358499"/>
        <testcase name="test_json_store_as_admin_without_payload_and_fail_validation" file="/app/vendor/gammamatrix/playground-test/src/Feature/Http/Controllers/Resource/Playground/StoreJsonTrait.php" line="66" class="Tests\Feature\Playground\Lead\Api\Http\Controllers\Playground\RegionRouteTest" classname="Tests.Feature.Playground.Lead.Api.Http.Controllers.Playground.RegionRouteTest" assertions="5" time="0.373099"/>
        <testcase name="test_json_store_as_admin_and_succeed" file="/app/vendor/gammamatrix/playground-test/src/Feature/Http/Controllers/Resource/Playground/StoreJsonTrait.php" line="92" class="Tests\Feature\Playground\Lead\Api\Http\Controllers\Playground\RegionRouteTest" classname="Tests.Feature.Playground.Lead.Api.Http.Controllers.Playground.RegionRouteTest" assertions="3" time="0.395865"/>
        <testcase name="test_json_guest_cannot_unlock" file="/app/vendor/gammamatrix/playground-test/src/Feature/Http/Controllers/Resource/Playground/UnlockJsonTrait.php" line="36" class="Tests\Feature\Playground\Lead\Api\Http\Controllers\Playground\RegionRouteTest" classname="Tests.Feature.Playground.Lead.Api.Http.Controllers.Playground.RegionRouteTest" assertions="3" time="0.378417"/>
        <testcase name="test_json_unlock_as_admin_and_succeed" file="/app/vendor/gammamatrix/playground-test/src/Feature/Http/Controllers/Resource/Playground/UnlockJsonTrait.php" line="68" class="Tests\Feature\Playground\Lead\Api\Http\Controllers\Playground\RegionRouteTest" classname="Tests.Feature.Playground.Lead.Api.Http.Controllers.Playground.RegionRouteTest" assertions="125" time="0.375298"/>
        <testcase name="test_json_unlock_as_admin_and_succeed_with_no_redirect" file="/app/vendor/gammamatrix/playground-test/src/Feature/Http/Controllers/Resource/Playground/UnlockJsonTrait.php" line="104" class="Tests\Feature\Playground\Lead\Api\Http\Controllers\Playground\RegionRouteTest" classname="Tests.Feature.Playground.Lead.Api.Http.Controllers.Playground.RegionRouteTest" assertions="125" time="0.375637"/>
        <testcase name="test_json_unlock_as_user_and_get_denied" file="/app/vendor/gammamatrix/playground-test/src/Feature/Http/Controllers/Resource/Playground/UnlockJsonTrait.php" line="145" class="Tests\Feature\Playground\Lead\Api\Http\Controllers\Playground\RegionRouteTest" classname="Tests.Feature.Playground.Lead.Api.Http.Controllers.Playground.RegionRouteTest" assertions="3" time="0.382779"/>
        <testcase name="test_json_guest_cannot_update" file="/app/vendor/gammamatrix/playground-test/src/Feature/Http/Controllers/Resource/Playground/UpdateJsonTrait.php" line="45" class="Tests\Feature\Playground\Lead\Api\Http\Controllers\Playground\RegionRouteTest" classname="Tests.Feature.Playground.Lead.Api.Http.Controllers.Playground.RegionRouteTest" assertions="1" time="0.361491"/>
        <testcase name="test_json_update_as_admin_without_payload_and_fail_validation" file="/app/vendor/gammamatrix/playground-test/src/Feature/Http/Controllers/Resource/Playground/UpdateJsonTrait.php" line="65" class="Tests\Feature\Playground\Lead\Api\Http\Controllers\Playground\RegionRouteTest" classname="Tests.Feature.Playground.Lead.Api.Http.Controllers.Playground.RegionRouteTest" assertions="4" time="0.371792"/>
        <testcase name="test_json_admin_can_update" file="/app/vendor/gammamatrix/playground-test/src/Feature/Http/Controllers/Resource/Playground/UpdateJsonTrait.php" line="90" class="Tests\Feature\Playground\Lead\Api\Http\Controllers\Playground\RegionRouteTest" classname="Tests.Feature.Playground.Lead.Api.Http.Controllers.Playground.RegionRouteTest" assertions="127" time="0.447615"/>
      </testsuite>
      <testsuite name="Tests\Feature\Playground\Lead\Api\Http\Controllers\Playground\ReportRouteTest" file="/app/tests/Feature/Http/Controllers/Playground/ReportRouteTest.php" tests="35" assertions="1210" errors="0" failures="0" skipped="0" time="13.134214">
        <testcase name="test_json_guest_cannot_get_create_info" file="/app/vendor/gammamatrix/playground-test/src/Feature/Http/Controllers/Resource/Playground/CreateJsonTrait.php" line="38" class="Tests\Feature\Playground\Lead\Api\Http\Controllers\Playground\ReportRouteTest" classname="Tests.Feature.Playground.Lead.Api.Http.Controllers.Playground.ReportRouteTest" assertions="1" time="0.371845"/>
        <testcase name="test_json_admin_can_get_create_info" file="/app/vendor/gammamatrix/playground-test/src/Feature/Http/Controllers/Resource/Playground/CreateJsonTrait.php" line="53" class="Tests\Feature\Playground\Lead\Api\Http\Controllers\Playground\ReportRouteTest" classname="Tests.Feature.Playground.Lead.Api.Http.Controllers.Playground.ReportRouteTest" assertions="123" time="0.387253"/>
        <testcase name="test_json_get_create_info_as_admin_with_invalid_parameter_and_fail_validation" file="/app/vendor/gammamatrix/playground-test/src/Feature/Http/Controllers/Resource/Playground/CreateJsonTrait.php" line="73" class="Tests\Feature\Playground\Lead\Api\Http\Controllers\Playground\ReportRouteTest" classname="Tests.Feature.Playground.Lead.Api.Http.Controllers.Playground.ReportRouteTest" assertions="4" time="0.355654"/>
        <testcase name="test_json_guest_cannot_destroy" file="/app/vendor/gammamatrix/playground-test/src/Feature/Http/Controllers/Resource/Playground/DestroyJsonTrait.php" line="31" class="Tests\Feature\Playground\Lead\Api\Http\Controllers\Playground\ReportRouteTest" classname="Tests.Feature.Playground.Lead.Api.Http.Controllers.Playground.ReportRouteTest" assertions="3" time="0.347686"/>
        <testcase name="test_json_destroy_as_admin_and_succeed" file="/app/vendor/gammamatrix/playground-test/src/Feature/Http/Controllers/Resource/Playground/DestroyJsonTrait.php" line="61" class="Tests\Feature\Playground\Lead\Api\Http\Controllers\Playground\ReportRouteTest" classname="Tests.Feature.Playground.Lead.Api.Http.Controllers.Playground.ReportRouteTest" assertions="5" time="0.379280"/>
        <testcase name="test_json_destroy_as_admin_and_succeed_with_force_delete" file="/app/vendor/gammamatrix/playground-test/src/Feature/Http/Controllers/Resource/Playground/DestroyJsonTrait.php" line="100" class="Tests\Feature\Playground\Lead\Api\Http\Controllers\Playground\ReportRouteTest" classname="Tests.Feature.Playground.Lead.Api.Http.Controllers.Playground.ReportRouteTest" assertions="4" time="0.354079"/>
        <testcase name="test_json_destroy_as_admin_and_succeed_with_no_content" file="/app/vendor/gammamatrix/playground-test/src/Feature/Http/Controllers/Resource/Playground/DestroyJsonTrait.php" line="132" class="Tests\Feature\Playground\Lead\Api\Http\Controllers\Playground\ReportRouteTest" classname="Tests.Feature.Playground.Lead.Api.Http.Controllers.Playground.ReportRouteTest" assertions="5" time="0.373690"/>
        <testcase name="test_json_destroy_as_admin_and_succeed_and_ignore_redirect" file="/app/vendor/gammamatrix/playground-test/src/Feature/Http/Controllers/Resource/Playground/DestroyJsonTrait.php" line="167" class="Tests\Feature\Playground\Lead\Api\Http\Controllers\Playground\ReportRouteTest" classname="Tests.Feature.Playground.Lead.Api.Http.Controllers.Playground.ReportRouteTest" assertions="5" time="0.386345"/>
        <testcase name="test_json_destroy_as_user_and_get_denied_and_no_force_delete_allowed" file="/app/vendor/gammamatrix/playground-test/src/Feature/Http/Controllers/Resource/Playground/DestroyJsonTrait.php" line="209" class="Tests\Feature\Playground\Lead\Api\Http\Controllers\Playground\ReportRouteTest" classname="Tests.Feature.Playground.Lead.Api.Http.Controllers.Playground.ReportRouteTest" assertions="3" time="0.353098"/>
        <testcase name="test_json_guest_cannot_get_edit_info" file="/app/vendor/gammamatrix/playground-test/src/Feature/Http/Controllers/Resource/Playground/EditJsonTrait.php" line="38" class="Tests\Feature\Playground\Lead\Api\Http\Controllers\Playground\ReportRouteTest" classname="Tests.Feature.Playground.Lead.Api.Http.Controllers.Playground.ReportRouteTest" assertions="1" time="0.344826"/>
        <testcase name="test_json_admin_can_get_edit_info" file="/app/vendor/gammamatrix/playground-test/src/Feature/Http/Controllers/Resource/Playground/EditJsonTrait.php" line="58" class="Tests\Feature\Playground\Lead\Api\Http\Controllers\Playground\ReportRouteTest" classname="Tests.Feature.Playground.Lead.Api.Http.Controllers.Playground.ReportRouteTest" assertions="4" time="0.393611"/>
        <testcase name="test_json_edit_as_admin_and_fail_validation_with_invalid_parameter" file="/app/vendor/gammamatrix/playground-test/src/Feature/Http/Controllers/Resource/Playground/EditJsonTrait.php" line="87" class="Tests\Feature\Playground\Lead\Api\Http\Controllers\Playground\ReportRouteTest" classname="Tests.Feature.Playground.Lead.Api.Http.Controllers.Playground.ReportRouteTest" assertions="4" time="0.374201"/>
        <testcase name="test_json_guest_cannot_get_index" file="/app/vendor/gammamatrix/playground-test/src/Feature/Http/Controllers/Resource/Playground/IndexJsonTrait.php" line="34" class="Tests\Feature\Playground\Lead\Api\Http\Controllers\Playground\ReportRouteTest" classname="Tests.Feature.Playground.Lead.Api.Http.Controllers.Playground.ReportRouteTest" assertions="1" time="0.370450"/>
        <testcase name="test_json_admin_can_get_index" file="/app/vendor/gammamatrix/playground-test/src/Feature/Http/Controllers/Resource/Playground/IndexJsonTrait.php" line="49" class="Tests\Feature\Playground\Lead\Api\Http\Controllers\Playground\ReportRouteTest" classname="Tests.Feature.Playground.Lead.Api.Http.Controllers.Playground.ReportRouteTest" assertions="130" time="0.378249"/>
        <testcase name="test_json_admin_can_get_index_with_filters" file="/app/vendor/gammamatrix/playground-test/src/Feature/Http/Controllers/Resource/Playground/IndexJsonTrait.php" line="85" class="Tests\Feature\Playground\Lead\Api\Http\Controllers\Playground\ReportRouteTest" classname="Tests.Feature.Playground.Lead.Api.Http.Controllers.Playground.ReportRouteTest" assertions="3" time="0.379521"/>
        <testcase name="test_json_guest_cannot_lock" file="/app/vendor/gammamatrix/playground-test/src/Feature/Http/Controllers/Resource/Playground/LockJsonTrait.php" line="36" class="Tests\Feature\Playground\Lead\Api\Http\Controllers\Playground\ReportRouteTest" classname="Tests.Feature.Playground.Lead.Api.Http.Controllers.Playground.ReportRouteTest" assertions="3" time="0.371557"/>
        <testcase name="test_json_lock_as_admin_and_succeed" file="/app/vendor/gammamatrix/playground-test/src/Feature/Http/Controllers/Resource/Playground/LockJsonTrait.php" line="66" class="Tests\Feature\Playground\Lead\Api\Http\Controllers\Playground\ReportRouteTest" classname="Tests.Feature.Playground.Lead.Api.Http.Controllers.Playground.ReportRouteTest" assertions="3" time="0.367640"/>
        <testcase name="test_json_lock_as_admin_and_succeed_with_no_redirect" file="/app/vendor/gammamatrix/playground-test/src/Feature/Http/Controllers/Resource/Playground/LockJsonTrait.php" line="98" class="Tests\Feature\Playground\Lead\Api\Http\Controllers\Playground\ReportRouteTest" classname="Tests.Feature.Playground.Lead.Api.Http.Controllers.Playground.ReportRouteTest" assertions="125" time="0.371636"/>
        <testcase name="test_json_lock_as_user_and_get_denied" file="/app/vendor/gammamatrix/playground-test/src/Feature/Http/Controllers/Resource/Playground/LockJsonTrait.php" line="143" class="Tests\Feature\Playground\Lead\Api\Http\Controllers\Playground\ReportRouteTest" classname="Tests.Feature.Playground.Lead.Api.Http.Controllers.Playground.ReportRouteTest" assertions="3" time="0.388022"/>
        <testcase name="test_json_guest_cannot_restore" file="/app/vendor/gammamatrix/playground-test/src/Feature/Http/Controllers/Resource/Playground/RestoreJsonTrait.php" line="32" class="Tests\Feature\Playground\Lead\Api\Http\Controllers\Playground\ReportRouteTest" classname="Tests.Feature.Playground.Lead.Api.Http.Controllers.Playground.ReportRouteTest" assertions="3" time="0.354216"/>
        <testcase name="test_json_restore_as_admin_and_succeed" file="/app/vendor/gammamatrix/playground-test/src/Feature/Http/Controllers/Resource/Playground/RestoreJsonTrait.php" line="64" class="Tests\Feature\Playground\Lead\Api\Http\Controllers\Playground\ReportRouteTest" classname="Tests.Feature.Playground.Lead.Api.Http.Controllers.Playground.ReportRouteTest" assertions="125" time="0.370381"/>
        <testcase name="test_json_restore_as_admin_and_succeed_with_no_redirect" file="/app/vendor/gammamatrix/playground-test/src/Feature/Http/Controllers/Resource/Playground/RestoreJsonTrait.php" line="100" class="Tests\Feature\Playground\Lead\Api\Http\Controllers\Playground\ReportRouteTest" classname="Tests.Feature.Playground.Lead.Api.Http.Controllers.Playground.ReportRouteTest" assertions="125" time="0.420451"/>
        <testcase name="test_json_restore_as_user_and_get_denied" file="/app/vendor/gammamatrix/playground-test/src/Feature/Http/Controllers/Resource/Playground/RestoreJsonTrait.php" line="143" class="Tests\Feature\Playground\Lead\Api\Http\Controllers\Playground\ReportRouteTest" classname="Tests.Feature.Playground.Lead.Api.Http.Controllers.Playground.ReportRouteTest" assertions="3" time="0.363198"/>
        <testcase name="test_json_guest_cannot_see_info" file="/app/vendor/gammamatrix/playground-test/src/Feature/Http/Controllers/Resource/Playground/ShowJsonTrait.php" line="29" class="Tests\Feature\Playground\Lead\Api\Http\Controllers\Playground\ReportRouteTest" classname="Tests.Feature.Playground.Lead.Api.Http.Controllers.Playground.ReportRouteTest" assertions="1" time="0.372283"/>
        <testcase name="test_json_show_info_for_admin" file="/app/vendor/gammamatrix/playground-test/src/Feature/Http/Controllers/Resource/Playground/ShowJsonTrait.php" line="49" class="Tests\Feature\Playground\Lead\Api\Http\Controllers\Playground\ReportRouteTest" classname="Tests.Feature.Playground.Lead.Api.Http.Controllers.Playground.ReportRouteTest" assertions="124" time="0.364418"/>
        <testcase name="test_json_guest_cannot_store" file="/app/vendor/gammamatrix/playground-test/src/Feature/Http/Controllers/Resource/Playground/StoreJsonTrait.php" line="43" class="Tests\Feature\Playground\Lead\Api\Http\Controllers\Playground\ReportRouteTest" classname="Tests.Feature.Playground.Lead.Api.Http.Controllers.Playground.ReportRouteTest" assertions="3" time="0.358490"/>
        <testcase name="test_json_store_as_admin_without_payload_and_fail_validation" file="/app/vendor/gammamatrix/playground-test/src/Feature/Http/Controllers/Resource/Playground/StoreJsonTrait.php" line="66" class="Tests\Feature\Playground\Lead\Api\Http\Controllers\Playground\ReportRouteTest" classname="Tests.Feature.Playground.Lead.Api.Http.Controllers.Playground.ReportRouteTest" assertions="5" time="0.389666"/>
        <testcase name="test_json_store_as_admin_and_succeed" file="/app/vendor/gammamatrix/playground-test/src/Feature/Http/Controllers/Resource/Playground/StoreJsonTrait.php" line="92" class="Tests\Feature\Playground\Lead\Api\Http\Controllers\Playground\ReportRouteTest" classname="Tests.Feature.Playground.Lead.Api.Http.Controllers.Playground.ReportRouteTest" assertions="3" time="0.392589"/>
        <testcase name="test_json_guest_cannot_unlock" file="/app/vendor/gammamatrix/playground-test/src/Feature/Http/Controllers/Resource/Playground/UnlockJsonTrait.php" line="36" class="Tests\Feature\Playground\Lead\Api\Http\Controllers\Playground\ReportRouteTest" classname="Tests.Feature.Playground.Lead.Api.Http.Controllers.Playground.ReportRouteTest" assertions="3" time="0.351744"/>
        <testcase name="test_json_unlock_as_admin_and_succeed" file="/app/vendor/gammamatrix/playground-test/src/Feature/Http/Controllers/Resource/Playground/UnlockJsonTrait.php" line="68" class="Tests\Feature\Playground\Lead\Api\Http\Controllers\Playground\ReportRouteTest" classname="Tests.Feature.Playground.Lead.Api.Http.Controllers.Playground.ReportRouteTest" assertions="125" time="0.400827"/>
        <testcase name="test_json_unlock_as_admin_and_succeed_with_no_redirect" file="/app/vendor/gammamatrix/playground-test/src/Feature/Http/Controllers/Resource/Playground/UnlockJsonTrait.php" line="104" class="Tests\Feature\Playground\Lead\Api\Http\Controllers\Playground\ReportRouteTest" classname="Tests.Feature.Playground.Lead.Api.Http.Controllers.Playground.ReportRouteTest" assertions="125" time="0.373861"/>
        <testcase name="test_json_unlock_as_user_and_get_denied" file="/app/vendor/gammamatrix/playground-test/src/Feature/Http/Controllers/Resource/Playground/UnlockJsonTrait.php" line="145" class="Tests\Feature\Playground\Lead\Api\Http\Controllers\Playground\ReportRouteTest" classname="Tests.Feature.Playground.Lead.Api.Http.Controllers.Playground.ReportRouteTest" assertions="3" time="0.362577"/>
        <testcase name="test_json_guest_cannot_update" file="/app/vendor/gammamatrix/playground-test/src/Feature/Http/Controllers/Resource/Playground/UpdateJsonTrait.php" line="45" class="Tests\Feature\Playground\Lead\Api\Http\Controllers\Playground\ReportRouteTest" classname="Tests.Feature.Playground.Lead.Api.Http.Controllers.Playground.ReportRouteTest" assertions="1" time="0.394428"/>
        <testcase name="test_json_update_as_admin_without_payload_and_fail_validation" file="/app/vendor/gammamatrix/playground-test/src/Feature/Http/Controllers/Resource/Playground/UpdateJsonTrait.php" line="65" class="Tests\Feature\Playground\Lead\Api\Http\Controllers\Playground\ReportRouteTest" classname="Tests.Feature.Playground.Lead.Api.Http.Controllers.Playground.ReportRouteTest" assertions="4" time="0.373081"/>
        <testcase name="test_json_admin_can_update" file="/app/vendor/gammamatrix/playground-test/src/Feature/Http/Controllers/Resource/Playground/UpdateJsonTrait.php" line="90" class="Tests\Feature\Playground\Lead\Api\Http\Controllers\Playground\ReportRouteTest" classname="Tests.Feature.Playground.Lead.Api.Http.Controllers.Playground.ReportRouteTest" assertions="127" time="0.443361"/>
      </testsuite>
      <testsuite name="Tests\Feature\Playground\Lead\Api\Http\Controllers\Playground\SourceRouteTest" file="/app/tests/Feature/Http/Controllers/Playground/SourceRouteTest.php" tests="35" assertions="1210" errors="0" failures="0" skipped="0" time="13.143869">
        <testcase name="test_json_guest_cannot_get_create_info" file="/app/vendor/gammamatrix/playground-test/src/Feature/Http/Controllers/Resource/Playground/CreateJsonTrait.php" line="38" class="Tests\Feature\Playground\Lead\Api\Http\Controllers\Playground\SourceRouteTest" classname="Tests.Feature.Playground.Lead.Api.Http.Controllers.Playground.SourceRouteTest" assertions="1" time="0.371113"/>
        <testcase name="test_json_admin_can_get_create_info" file="/app/vendor/gammamatrix/playground-test/src/Feature/Http/Controllers/Resource/Playground/CreateJsonTrait.php" line="53" class="Tests\Feature\Playground\Lead\Api\Http\Controllers\Playground\SourceRouteTest" classname="Tests.Feature.Playground.Lead.Api.Http.Controllers.Playground.SourceRouteTest" assertions="123" time="0.363191"/>
        <testcase name="test_json_get_create_info_as_admin_with_invalid_parameter_and_fail_validation" file="/app/vendor/gammamatrix/playground-test/src/Feature/Http/Controllers/Resource/Playground/CreateJsonTrait.php" line="73" class="Tests\Feature\Playground\Lead\Api\Http\Controllers\Playground\SourceRouteTest" classname="Tests.Feature.Playground.Lead.Api.Http.Controllers.Playground.SourceRouteTest" assertions="4" time="0.377703"/>
        <testcase name="test_json_guest_cannot_destroy" file="/app/vendor/gammamatrix/playground-test/src/Feature/Http/Controllers/Resource/Playground/DestroyJsonTrait.php" line="31" class="Tests\Feature\Playground\Lead\Api\Http\Controllers\Playground\SourceRouteTest" classname="Tests.Feature.Playground.Lead.Api.Http.Controllers.Playground.SourceRouteTest" assertions="3" time="0.347874"/>
        <testcase name="test_json_destroy_as_admin_and_succeed" file="/app/vendor/gammamatrix/playground-test/src/Feature/Http/Controllers/Resource/Playground/DestroyJsonTrait.php" line="61" class="Tests\Feature\Playground\Lead\Api\Http\Controllers\Playground\SourceRouteTest" classname="Tests.Feature.Playground.Lead.Api.Http.Controllers.Playground.SourceRouteTest" assertions="5" time="0.354314"/>
        <testcase name="test_json_destroy_as_admin_and_succeed_with_force_delete" file="/app/vendor/gammamatrix/playground-test/src/Feature/Http/Controllers/Resource/Playground/DestroyJsonTrait.php" line="100" class="Tests\Feature\Playground\Lead\Api\Http\Controllers\Playground\SourceRouteTest" classname="Tests.Feature.Playground.Lead.Api.Http.Controllers.Playground.SourceRouteTest" assertions="4" time="0.387069"/>
        <testcase name="test_json_destroy_as_admin_and_succeed_with_no_content" file="/app/vendor/gammamatrix/playground-test/src/Feature/Http/Controllers/Resource/Playground/DestroyJsonTrait.php" line="132" class="Tests\Feature\Playground\Lead\Api\Http\Controllers\Playground\SourceRouteTest" classname="Tests.Feature.Playground.Lead.Api.Http.Controllers.Playground.SourceRouteTest" assertions="5" time="0.368343"/>
        <testcase name="test_json_destroy_as_admin_and_succeed_and_ignore_redirect" file="/app/vendor/gammamatrix/playground-test/src/Feature/Http/Controllers/Resource/Playground/DestroyJsonTrait.php" line="167" class="Tests\Feature\Playground\Lead\Api\Http\Controllers\Playground\SourceRouteTest" classname="Tests.Feature.Playground.Lead.Api.Http.Controllers.Playground.SourceRouteTest" assertions="5" time="0.360728"/>
        <testcase name="test_json_destroy_as_user_and_get_denied_and_no_force_delete_allowed" file="/app/vendor/gammamatrix/playground-test/src/Feature/Http/Controllers/Resource/Playground/DestroyJsonTrait.php" line="209" class="Tests\Feature\Playground\Lead\Api\Http\Controllers\Playground\SourceRouteTest" classname="Tests.Feature.Playground.Lead.Api.Http.Controllers.Playground.SourceRouteTest" assertions="3" time="0.371479"/>
        <testcase name="test_json_guest_cannot_get_edit_info" file="/app/vendor/gammamatrix/playground-test/src/Feature/Http/Controllers/Resource/Playground/EditJsonTrait.php" line="38" class="Tests\Feature\Playground\Lead\Api\Http\Controllers\Playground\SourceRouteTest" classname="Tests.Feature.Playground.Lead.Api.Http.Controllers.Playground.SourceRouteTest" assertions="1" time="0.345143"/>
        <testcase name="test_json_admin_can_get_edit_info" file="/app/vendor/gammamatrix/playground-test/src/Feature/Http/Controllers/Resource/Playground/EditJsonTrait.php" line="58" class="Tests\Feature\Playground\Lead\Api\Http\Controllers\Playground\SourceRouteTest" classname="Tests.Feature.Playground.Lead.Api.Http.Controllers.Playground.SourceRouteTest" assertions="4" time="0.407127"/>
        <testcase name="test_json_edit_as_admin_and_fail_validation_with_invalid_parameter" file="/app/vendor/gammamatrix/playground-test/src/Feature/Http/Controllers/Resource/Playground/EditJsonTrait.php" line="87" class="Tests\Feature\Playground\Lead\Api\Http\Controllers\Playground\SourceRouteTest" classname="Tests.Feature.Playground.Lead.Api.Http.Controllers.Playground.SourceRouteTest" assertions="4" time="0.372057"/>
        <testcase name="test_json_guest_cannot_get_index" file="/app/vendor/gammamatrix/playground-test/src/Feature/Http/Controllers/Resource/Playground/IndexJsonTrait.php" line="34" class="Tests\Feature\Playground\Lead\Api\Http\Controllers\Playground\SourceRouteTest" classname="Tests.Feature.Playground.Lead.Api.Http.Controllers.Playground.SourceRouteTest" assertions="1" time="0.352269"/>
        <testcase name="test_json_admin_can_get_index" file="/app/vendor/gammamatrix/playground-test/src/Feature/Http/Controllers/Resource/Playground/IndexJsonTrait.php" line="49" class="Tests\Feature\Playground\Lead\Api\Http\Controllers\Playground\SourceRouteTest" classname="Tests.Feature.Playground.Lead.Api.Http.Controllers.Playground.SourceRouteTest" assertions="130" time="0.407865"/>
        <testcase name="test_json_admin_can_get_index_with_filters" file="/app/vendor/gammamatrix/playground-test/src/Feature/Http/Controllers/Resource/Playground/IndexJsonTrait.php" line="85" class="Tests\Feature\Playground\Lead\Api\Http\Controllers\Playground\SourceRouteTest" classname="Tests.Feature.Playground.Lead.Api.Http.Controllers.Playground.SourceRouteTest" assertions="3" time="0.378529"/>
        <testcase name="test_json_guest_cannot_lock" file="/app/vendor/gammamatrix/playground-test/src/Feature/Http/Controllers/Resource/Playground/LockJsonTrait.php" line="36" class="Tests\Feature\Playground\Lead\Api\Http\Controllers\Playground\SourceRouteTest" classname="Tests.Feature.Playground.Lead.Api.Http.Controllers.Playground.SourceRouteTest" assertions="3" time="0.349949"/>
        <testcase name="test_json_lock_as_admin_and_succeed" file="/app/vendor/gammamatrix/playground-test/src/Feature/Http/Controllers/Resource/Playground/LockJsonTrait.php" line="66" class="Tests\Feature\Playground\Lead\Api\Http\Controllers\Playground\SourceRouteTest" classname="Tests.Feature.Playground.Lead.Api.Http.Controllers.Playground.SourceRouteTest" assertions="3" time="0.389520"/>
        <testcase name="test_json_lock_as_admin_and_succeed_with_no_redirect" file="/app/vendor/gammamatrix/playground-test/src/Feature/Http/Controllers/Resource/Playground/LockJsonTrait.php" line="98" class="Tests\Feature\Playground\Lead\Api\Http\Controllers\Playground\SourceRouteTest" classname="Tests.Feature.Playground.Lead.Api.Http.Controllers.Playground.SourceRouteTest" assertions="125" time="0.370011"/>
        <testcase name="test_json_lock_as_user_and_get_denied" file="/app/vendor/gammamatrix/playground-test/src/Feature/Http/Controllers/Resource/Playground/LockJsonTrait.php" line="143" class="Tests\Feature\Playground\Lead\Api\Http\Controllers\Playground\SourceRouteTest" classname="Tests.Feature.Playground.Lead.Api.Http.Controllers.Playground.SourceRouteTest" assertions="3" time="0.370016"/>
        <testcase name="test_json_guest_cannot_restore" file="/app/vendor/gammamatrix/playground-test/src/Feature/Http/Controllers/Resource/Playground/RestoreJsonTrait.php" line="32" class="Tests\Feature\Playground\Lead\Api\Http\Controllers\Playground\SourceRouteTest" classname="Tests.Feature.Playground.Lead.Api.Http.Controllers.Playground.SourceRouteTest" assertions="3" time="0.379895"/>
        <testcase name="test_json_restore_as_admin_and_succeed" file="/app/vendor/gammamatrix/playground-test/src/Feature/Http/Controllers/Resource/Playground/RestoreJsonTrait.php" line="64" class="Tests\Feature\Playground\Lead\Api\Http\Controllers\Playground\SourceRouteTest" classname="Tests.Feature.Playground.Lead.Api.Http.Controllers.Playground.SourceRouteTest" assertions="125" time="0.368903"/>
        <testcase name="test_json_restore_as_admin_and_succeed_with_no_redirect" file="/app/vendor/gammamatrix/playground-test/src/Feature/Http/Controllers/Resource/Playground/RestoreJsonTrait.php" line="100" class="Tests\Feature\Playground\Lead\Api\Http\Controllers\Playground\SourceRouteTest" classname="Tests.Feature.Playground.Lead.Api.Http.Controllers.Playground.SourceRouteTest" assertions="125" time="0.415403"/>
        <testcase name="test_json_restore_as_user_and_get_denied" file="/app/vendor/gammamatrix/playground-test/src/Feature/Http/Controllers/Resource/Playground/RestoreJsonTrait.php" line="143" class="Tests\Feature\Playground\Lead\Api\Http\Controllers\Playground\SourceRouteTest" classname="Tests.Feature.Playground.Lead.Api.Http.Controllers.Playground.SourceRouteTest" assertions="3" time="0.363683"/>
        <testcase name="test_json_guest_cannot_see_info" file="/app/vendor/gammamatrix/playground-test/src/Feature/Http/Controllers/Resource/Playground/ShowJsonTrait.php" line="29" class="Tests\Feature\Playground\Lead\Api\Http\Controllers\Playground\SourceRouteTest" classname="Tests.Feature.Playground.Lead.Api.Http.Controllers.Playground.SourceRouteTest" assertions="1" time="0.348143"/>
        <testcase name="test_json_show_info_for_admin" file="/app/vendor/gammamatrix/playground-test/src/Feature/Http/Controllers/Resource/Playground/ShowJsonTrait.php" line="49" class="Tests\Feature\Playground\Lead\Api\Http\Controllers\Playground\SourceRouteTest" classname="Tests.Feature.Playground.Lead.Api.Http.Controllers.Playground.SourceRouteTest" assertions="124" time="0.402627"/>
        <testcase name="test_json_guest_cannot_store" file="/app/vendor/gammamatrix/playground-test/src/Feature/Http/Controllers/Resource/Playground/StoreJsonTrait.php" line="43" class="Tests\Feature\Playground\Lead\Api\Http\Controllers\Playground\SourceRouteTest" classname="Tests.Feature.Playground.Lead.Api.Http.Controllers.Playground.SourceRouteTest" assertions="3" time="0.354902"/>
        <testcase name="test_json_store_as_admin_without_payload_and_fail_validation" file="/app/vendor/gammamatrix/playground-test/src/Feature/Http/Controllers/Resource/Playground/StoreJsonTrait.php" line="66" class="Tests\Feature\Playground\Lead\Api\Http\Controllers\Playground\SourceRouteTest" classname="Tests.Feature.Playground.Lead.Api.Http.Controllers.Playground.SourceRouteTest" assertions="5" time="0.360822"/>
        <testcase name="test_json_store_as_admin_and_succeed" file="/app/vendor/gammamatrix/playground-test/src/Feature/Http/Controllers/Resource/Playground/StoreJsonTrait.php" line="92" class="Tests\Feature\Playground\Lead\Api\Http\Controllers\Playground\SourceRouteTest" classname="Tests.Feature.Playground.Lead.Api.Http.Controllers.Playground.SourceRouteTest" assertions="3" time="0.421963"/>
        <testcase name="test_json_guest_cannot_unlock" file="/app/vendor/gammamatrix/playground-test/src/Feature/Http/Controllers/Resource/Playground/UnlockJsonTrait.php" line="36" class="Tests\Feature\Playground\Lead\Api\Http\Controllers\Playground\SourceRouteTest" classname="Tests.Feature.Playground.Lead.Api.Http.Controllers.Playground.SourceRouteTest" assertions="3" time="0.350275"/>
        <testcase name="test_json_unlock_as_admin_and_succeed" file="/app/vendor/gammamatrix/playground-test/src/Feature/Http/Controllers/Resource/Playground/UnlockJsonTrait.php" line="68" class="Tests\Feature\Playground\Lead\Api\Http\Controllers\Playground\SourceRouteTest" classname="Tests.Feature.Playground.Lead.Api.Http.Controllers.Playground.SourceRouteTest" assertions="125" time="0.376782"/>
        <testcase name="test_json_unlock_as_admin_and_succeed_with_no_redirect" file="/app/vendor/gammamatrix/playground-test/src/Feature/Http/Controllers/Resource/Playground/UnlockJsonTrait.php" line="104" class="Tests\Feature\Playground\Lead\Api\Http\Controllers\Playground\SourceRouteTest" classname="Tests.Feature.Playground.Lead.Api.Http.Controllers.Playground.SourceRouteTest" assertions="125" time="0.403472"/>
        <testcase name="test_json_unlock_as_user_and_get_denied" file="/app/vendor/gammamatrix/playground-test/src/Feature/Http/Controllers/Resource/Playground/UnlockJsonTrait.php" line="145" class="Tests\Feature\Playground\Lead\Api\Http\Controllers\Playground\SourceRouteTest" classname="Tests.Feature.Playground.Lead.Api.Http.Controllers.Playground.SourceRouteTest" assertions="3" time="0.370926"/>
        <testcase name="test_json_guest_cannot_update" file="/app/vendor/gammamatrix/playground-test/src/Feature/Http/Controllers/Resource/Playground/UpdateJsonTrait.php" line="45" class="Tests\Feature\Playground\Lead\Api\Http\Controllers\Playground\SourceRouteTest" classname="Tests.Feature.Playground.Lead.Api.Http.Controllers.Playground.SourceRouteTest" assertions="1" time="0.386827"/>
        <testcase name="test_json_update_as_admin_without_payload_and_fail_validation" file="/app/vendor/gammamatrix/playground-test/src/Feature/Http/Controllers/Resource/Playground/UpdateJsonTrait.php" line="65" class="Tests\Feature\Playground\Lead\Api\Http\Controllers\Playground\SourceRouteTest" classname="Tests.Feature.Playground.Lead.Api.Http.Controllers.Playground.SourceRouteTest" assertions="4" time="0.373843"/>
        <testcase name="test_json_admin_can_update" file="/app/vendor/gammamatrix/playground-test/src/Feature/Http/Controllers/Resource/Playground/UpdateJsonTrait.php" line="90" class="Tests\Feature\Playground\Lead\Api\Http\Controllers\Playground\SourceRouteTest" classname="Tests.Feature.Playground.Lead.Api.Http.Controllers.Playground.SourceRouteTest" assertions="127" time="0.421105"/>
      </testsuite>
      <testsuite name="Tests\Feature\Playground\Lead\Api\Http\Controllers\Playground\TaskRouteTest" file="/app/tests/Feature/Http/Controllers/Playground/TaskRouteTest.php" tests="35" assertions="1210" errors="0" failures="0" skipped="0" time="13.225933">
        <testcase name="test_json_guest_cannot_get_create_info" file="/app/vendor/gammamatrix/playground-test/src/Feature/Http/Controllers/Resource/Playground/CreateJsonTrait.php" line="38" class="Tests\Feature\Playground\Lead\Api\Http\Controllers\Playground\TaskRouteTest" classname="Tests.Feature.Playground.Lead.Api.Http.Controllers.Playground.TaskRouteTest" assertions="1" time="0.412801"/>
        <testcase name="test_json_admin_can_get_create_info" file="/app/vendor/gammamatrix/playground-test/src/Feature/Http/Controllers/Resource/Playground/CreateJsonTrait.php" line="53" class="Tests\Feature\Playground\Lead\Api\Http\Controllers\Playground\TaskRouteTest" classname="Tests.Feature.Playground.Lead.Api.Http.Controllers.Playground.TaskRouteTest" assertions="123" time="0.363296"/>
        <testcase name="test_json_get_create_info_as_admin_with_invalid_parameter_and_fail_validation" file="/app/vendor/gammamatrix/playground-test/src/Feature/Http/Controllers/Resource/Playground/CreateJsonTrait.php" line="73" class="Tests\Feature\Playground\Lead\Api\Http\Controllers\Playground\TaskRouteTest" classname="Tests.Feature.Playground.Lead.Api.Http.Controllers.Playground.TaskRouteTest" assertions="4" time="0.356263"/>
        <testcase name="test_json_guest_cannot_destroy" file="/app/vendor/gammamatrix/playground-test/src/Feature/Http/Controllers/Resource/Playground/DestroyJsonTrait.php" line="31" class="Tests\Feature\Playground\Lead\Api\Http\Controllers\Playground\TaskRouteTest" classname="Tests.Feature.Playground.Lead.Api.Http.Controllers.Playground.TaskRouteTest" assertions="3" time="0.379631"/>
        <testcase name="test_json_destroy_as_admin_and_succeed" file="/app/vendor/gammamatrix/playground-test/src/Feature/Http/Controllers/Resource/Playground/DestroyJsonTrait.php" line="61" class="Tests\Feature\Playground\Lead\Api\Http\Controllers\Playground\TaskRouteTest" classname="Tests.Feature.Playground.Lead.Api.Http.Controllers.Playground.TaskRouteTest" assertions="5" time="0.359203"/>
        <testcase name="test_json_destroy_as_admin_and_succeed_with_force_delete" file="/app/vendor/gammamatrix/playground-test/src/Feature/Http/Controllers/Resource/Playground/DestroyJsonTrait.php" line="100" class="Tests\Feature\Playground\Lead\Api\Http\Controllers\Playground\TaskRouteTest" classname="Tests.Feature.Playground.Lead.Api.Http.Controllers.Playground.TaskRouteTest" assertions="4" time="0.385604"/>
        <testcase name="test_json_destroy_as_admin_and_succeed_with_no_content" file="/app/vendor/gammamatrix/playground-test/src/Feature/Http/Controllers/Resource/Playground/DestroyJsonTrait.php" line="132" class="Tests\Feature\Playground\Lead\Api\Http\Controllers\Playground\TaskRouteTest" classname="Tests.Feature.Playground.Lead.Api.Http.Controllers.Playground.TaskRouteTest" assertions="5" time="0.366214"/>
        <testcase name="test_json_destroy_as_admin_and_succeed_and_ignore_redirect" file="/app/vendor/gammamatrix/playground-test/src/Feature/Http/Controllers/Resource/Playground/DestroyJsonTrait.php" line="167" class="Tests\Feature\Playground\Lead\Api\Http\Controllers\Playground\TaskRouteTest" classname="Tests.Feature.Playground.Lead.Api.Http.Controllers.Playground.TaskRouteTest" assertions="5" time="0.362545"/>
        <testcase name="test_json_destroy_as_user_and_get_denied_and_no_force_delete_allowed" file="/app/vendor/gammamatrix/playground-test/src/Feature/Http/Controllers/Resource/Playground/DestroyJsonTrait.php" line="209" class="Tests\Feature\Playground\Lead\Api\Http\Controllers\Playground\TaskRouteTest" classname="Tests.Feature.Playground.Lead.Api.Http.Controllers.Playground.TaskRouteTest" assertions="3" time="0.387257"/>
        <testcase name="test_json_guest_cannot_get_edit_info" file="/app/vendor/gammamatrix/playground-test/src/Feature/Http/Controllers/Resource/Playground/EditJsonTrait.php" line="38" class="Tests\Feature\Playground\Lead\Api\Http\Controllers\Playground\TaskRouteTest" classname="Tests.Feature.Playground.Lead.Api.Http.Controllers.Playground.TaskRouteTest" assertions="1" time="0.346435"/>
        <testcase name="test_json_admin_can_get_edit_info" file="/app/vendor/gammamatrix/playground-test/src/Feature/Http/Controllers/Resource/Playground/EditJsonTrait.php" line="58" class="Tests\Feature\Playground\Lead\Api\Http\Controllers\Playground\TaskRouteTest" classname="Tests.Feature.Playground.Lead.Api.Http.Controllers.Playground.TaskRouteTest" assertions="4" time="0.390275"/>
        <testcase name="test_json_edit_as_admin_and_fail_validation_with_invalid_parameter" file="/app/vendor/gammamatrix/playground-test/src/Feature/Http/Controllers/Resource/Playground/EditJsonTrait.php" line="87" class="Tests\Feature\Playground\Lead\Api\Http\Controllers\Playground\TaskRouteTest" classname="Tests.Feature.Playground.Lead.Api.Http.Controllers.Playground.TaskRouteTest" assertions="4" time="0.398292"/>
        <testcase name="test_json_guest_cannot_get_index" file="/app/vendor/gammamatrix/playground-test/src/Feature/Http/Controllers/Resource/Playground/IndexJsonTrait.php" line="34" class="Tests\Feature\Playground\Lead\Api\Http\Controllers\Playground\TaskRouteTest" classname="Tests.Feature.Playground.Lead.Api.Http.Controllers.Playground.TaskRouteTest" assertions="1" time="0.352315"/>
        <testcase name="test_json_admin_can_get_index" file="/app/vendor/gammamatrix/playground-test/src/Feature/Http/Controllers/Resource/Playground/IndexJsonTrait.php" line="49" class="Tests\Feature\Playground\Lead\Api\Http\Controllers\Playground\TaskRouteTest" classname="Tests.Feature.Playground.Lead.Api.Http.Controllers.Playground.TaskRouteTest" assertions="130" time="0.374558"/>
        <testcase name="test_json_admin_can_get_index_with_filters" file="/app/vendor/gammamatrix/playground-test/src/Feature/Http/Controllers/Resource/Playground/IndexJsonTrait.php" line="85" class="Tests\Feature\Playground\Lead\Api\Http\Controllers\Playground\TaskRouteTest" classname="Tests.Feature.Playground.Lead.Api.Http.Controllers.Playground.TaskRouteTest" assertions="3" time="0.411715"/>
        <testcase name="test_json_guest_cannot_lock" file="/app/vendor/gammamatrix/playground-test/src/Feature/Http/Controllers/Resource/Playground/LockJsonTrait.php" line="36" class="Tests\Feature\Playground\Lead\Api\Http\Controllers\Playground\TaskRouteTest" classname="Tests.Feature.Playground.Lead.Api.Http.Controllers.Playground.TaskRouteTest" assertions="3" time="0.348921"/>
        <testcase name="test_json_lock_as_admin_and_succeed" file="/app/vendor/gammamatrix/playground-test/src/Feature/Http/Controllers/Resource/Playground/LockJsonTrait.php" line="66" class="Tests\Feature\Playground\Lead\Api\Http\Controllers\Playground\TaskRouteTest" classname="Tests.Feature.Playground.Lead.Api.Http.Controllers.Playground.TaskRouteTest" assertions="3" time="0.397364"/>
        <testcase name="test_json_lock_as_admin_and_succeed_with_no_redirect" file="/app/vendor/gammamatrix/playground-test/src/Feature/Http/Controllers/Resource/Playground/LockJsonTrait.php" line="98" class="Tests\Feature\Playground\Lead\Api\Http\Controllers\Playground\TaskRouteTest" classname="Tests.Feature.Playground.Lead.Api.Http.Controllers.Playground.TaskRouteTest" assertions="125" time="0.369734"/>
        <testcase name="test_json_lock_as_user_and_get_denied" file="/app/vendor/gammamatrix/playground-test/src/Feature/Http/Controllers/Resource/Playground/LockJsonTrait.php" line="143" class="Tests\Feature\Playground\Lead\Api\Http\Controllers\Playground\TaskRouteTest" classname="Tests.Feature.Playground.Lead.Api.Http.Controllers.Playground.TaskRouteTest" assertions="3" time="0.372946"/>
        <testcase name="test_json_guest_cannot_restore" file="/app/vendor/gammamatrix/playground-test/src/Feature/Http/Controllers/Resource/Playground/RestoreJsonTrait.php" line="32" class="Tests\Feature\Playground\Lead\Api\Http\Controllers\Playground\TaskRouteTest" classname="Tests.Feature.Playground.Lead.Api.Http.Controllers.Playground.TaskRouteTest" assertions="3" time="0.382478"/>
        <testcase name="test_json_restore_as_admin_and_succeed" file="/app/vendor/gammamatrix/playground-test/src/Feature/Http/Controllers/Resource/Playground/RestoreJsonTrait.php" line="64" class="Tests\Feature\Playground\Lead\Api\Http\Controllers\Playground\TaskRouteTest" classname="Tests.Feature.Playground.Lead.Api.Http.Controllers.Playground.TaskRouteTest" assertions="125" time="0.370612"/>
        <testcase name="test_json_restore_as_admin_and_succeed_with_no_redirect" file="/app/vendor/gammamatrix/playground-test/src/Feature/Http/Controllers/Resource/Playground/RestoreJsonTrait.php" line="100" class="Tests\Feature\Playground\Lead\Api\Http\Controllers\Playground\TaskRouteTest" classname="Tests.Feature.Playground.Lead.Api.Http.Controllers.Playground.TaskRouteTest" assertions="125" time="0.369035"/>
        <testcase name="test_json_restore_as_user_and_get_denied" file="/app/vendor/gammamatrix/playground-test/src/Feature/Http/Controllers/Resource/Playground/RestoreJsonTrait.php" line="143" class="Tests\Feature\Playground\Lead\Api\Http\Controllers\Playground\TaskRouteTest" classname="Tests.Feature.Playground.Lead.Api.Http.Controllers.Playground.TaskRouteTest" assertions="3" time="0.392550"/>
        <testcase name="test_json_guest_cannot_see_info" file="/app/vendor/gammamatrix/playground-test/src/Feature/Http/Controllers/Resource/Playground/ShowJsonTrait.php" line="29" class="Tests\Feature\Playground\Lead\Api\Http\Controllers\Playground\TaskRouteTest" classname="Tests.Feature.Playground.Lead.Api.Http.Controllers.Playground.TaskRouteTest" assertions="1" time="0.346649"/>
        <testcase name="test_json_show_info_for_admin" file="/app/vendor/gammamatrix/playground-test/src/Feature/Http/Controllers/Resource/Playground/ShowJsonTrait.php" line="49" class="Tests\Feature\Playground\Lead\Api\Http\Controllers\Playground\TaskRouteTest" classname="Tests.Feature.Playground.Lead.Api.Http.Controllers.Playground.TaskRouteTest" assertions="124" time="0.370637"/>
        <testcase name="test_json_guest_cannot_store" file="/app/vendor/gammamatrix/playground-test/src/Feature/Http/Controllers/Resource/Playground/StoreJsonTrait.php" line="43" class="Tests\Feature\Playground\Lead\Api\Http\Controllers\Playground\TaskRouteTest" classname="Tests.Feature.Playground.Lead.Api.Http.Controllers.Playground.TaskRouteTest" assertions="3" time="0.374908"/>
        <testcase name="test_json_store_as_admin_without_payload_and_fail_validation" file="/app/vendor/gammamatrix/playground-test/src/Feature/Http/Controllers/Resource/Playground/StoreJsonTrait.php" line="66" class="Tests\Feature\Playground\Lead\Api\Http\Controllers\Playground\TaskRouteTest" classname="Tests.Feature.Playground.Lead.Api.Http.Controllers.Playground.TaskRouteTest" assertions="5" time="0.367012"/>
        <testcase name="test_json_store_as_admin_and_succeed" file="/app/vendor/gammamatrix/playground-test/src/Feature/Http/Controllers/Resource/Playground/StoreJsonTrait.php" line="92" class="Tests\Feature\Playground\Lead\Api\Http\Controllers\Playground\TaskRouteTest" classname="Tests.Feature.Playground.Lead.Api.Http.Controllers.Playground.TaskRouteTest" assertions="3" time="0.432577"/>
        <testcase name="test_json_guest_cannot_unlock" file="/app/vendor/gammamatrix/playground-test/src/Feature/Http/Controllers/Resource/Playground/UnlockJsonTrait.php" line="36" class="Tests\Feature\Playground\Lead\Api\Http\Controllers\Playground\TaskRouteTest" classname="Tests.Feature.Playground.Lead.Api.Http.Controllers.Playground.TaskRouteTest" assertions="3" time="0.349995"/>
        <testcase name="test_json_unlock_as_admin_and_succeed" file="/app/vendor/gammamatrix/playground-test/src/Feature/Http/Controllers/Resource/Playground/UnlockJsonTrait.php" line="68" class="Tests\Feature\Playground\Lead\Api\Http\Controllers\Playground\TaskRouteTest" classname="Tests.Feature.Playground.Lead.Api.Http.Controllers.Playground.TaskRouteTest" assertions="125" time="0.391515"/>
        <testcase name="test_json_unlock_as_admin_and_succeed_with_no_redirect" file="/app/vendor/gammamatrix/playground-test/src/Feature/Http/Controllers/Resource/Playground/UnlockJsonTrait.php" line="104" class="Tests\Feature\Playground\Lead\Api\Http\Controllers\Playground\TaskRouteTest" classname="Tests.Feature.Playground.Lead.Api.Http.Controllers.Playground.TaskRouteTest" assertions="125" time="0.402910"/>
        <testcase name="test_json_unlock_as_user_and_get_denied" file="/app/vendor/gammamatrix/playground-test/src/Feature/Http/Controllers/Resource/Playground/UnlockJsonTrait.php" line="145" class="Tests\Feature\Playground\Lead\Api\Http\Controllers\Playground\TaskRouteTest" classname="Tests.Feature.Playground.Lead.Api.Http.Controllers.Playground.TaskRouteTest" assertions="3" time="0.368031"/>
        <testcase name="test_json_guest_cannot_update" file="/app/vendor/gammamatrix/playground-test/src/Feature/Http/Controllers/Resource/Playground/UpdateJsonTrait.php" line="45" class="Tests\Feature\Playground\Lead\Api\Http\Controllers\Playground\TaskRouteTest" classname="Tests.Feature.Playground.Lead.Api.Http.Controllers.Playground.TaskRouteTest" assertions="1" time="0.348816"/>
        <testcase name="test_json_update_as_admin_without_payload_and_fail_validation" file="/app/vendor/gammamatrix/playground-test/src/Feature/Http/Controllers/Resource/Playground/UpdateJsonTrait.php" line="65" class="Tests\Feature\Playground\Lead\Api\Http\Controllers\Playground\TaskRouteTest" classname="Tests.Feature.Playground.Lead.Api.Http.Controllers.Playground.TaskRouteTest" assertions="4" time="0.403173"/>
        <testcase name="test_json_admin_can_update" file="/app/vendor/gammamatrix/playground-test/src/Feature/Http/Controllers/Resource/Playground/UpdateJsonTrait.php" line="90" class="Tests\Feature\Playground\Lead\Api\Http\Controllers\Playground\TaskRouteTest" classname="Tests.Feature.Playground.Lead.Api.Http.Controllers.Playground.TaskRouteTest" assertions="127" time="0.419664"/>
      </testsuite>
      <testsuite name="Tests\Feature\Playground\Lead\Api\Http\Controllers\Playground\TeamRouteTest" file="/app/tests/Feature/Http/Controllers/Playground/TeamRouteTest.php" tests="35" assertions="1210" errors="0" failures="0" skipped="0" time="13.266844">
        <testcase name="test_json_guest_cannot_get_create_info" file="/app/vendor/gammamatrix/playground-test/src/Feature/Http/Controllers/Resource/Playground/CreateJsonTrait.php" line="38" class="Tests\Feature\Playground\Lead\Api\Http\Controllers\Playground\TeamRouteTest" classname="Tests.Feature.Playground.Lead.Api.Http.Controllers.Playground.TeamRouteTest" assertions="1" time="0.386395"/>
        <testcase name="test_json_admin_can_get_create_info" file="/app/vendor/gammamatrix/playground-test/src/Feature/Http/Controllers/Resource/Playground/CreateJsonTrait.php" line="53" class="Tests\Feature\Playground\Lead\Api\Http\Controllers\Playground\TeamRouteTest" classname="Tests.Feature.Playground.Lead.Api.Http.Controllers.Playground.TeamRouteTest" assertions="123" time="0.378055"/>
        <testcase name="test_json_get_create_info_as_admin_with_invalid_parameter_and_fail_validation" file="/app/vendor/gammamatrix/playground-test/src/Feature/Http/Controllers/Resource/Playground/CreateJsonTrait.php" line="73" class="Tests\Feature\Playground\Lead\Api\Http\Controllers\Playground\TeamRouteTest" classname="Tests.Feature.Playground.Lead.Api.Http.Controllers.Playground.TeamRouteTest" assertions="4" time="0.354659"/>
        <testcase name="test_json_guest_cannot_destroy" file="/app/vendor/gammamatrix/playground-test/src/Feature/Http/Controllers/Resource/Playground/DestroyJsonTrait.php" line="31" class="Tests\Feature\Playground\Lead\Api\Http\Controllers\Playground\TeamRouteTest" classname="Tests.Feature.Playground.Lead.Api.Http.Controllers.Playground.TeamRouteTest" assertions="3" time="0.373565"/>
        <testcase name="test_json_destroy_as_admin_and_succeed" file="/app/vendor/gammamatrix/playground-test/src/Feature/Http/Controllers/Resource/Playground/DestroyJsonTrait.php" line="61" class="Tests\Feature\Playground\Lead\Api\Http\Controllers\Playground\TeamRouteTest" classname="Tests.Feature.Playground.Lead.Api.Http.Controllers.Playground.TeamRouteTest" assertions="5" time="0.360159"/>
        <testcase name="test_json_destroy_as_admin_and_succeed_with_force_delete" file="/app/vendor/gammamatrix/playground-test/src/Feature/Http/Controllers/Resource/Playground/DestroyJsonTrait.php" line="100" class="Tests\Feature\Playground\Lead\Api\Http\Controllers\Playground\TeamRouteTest" classname="Tests.Feature.Playground.Lead.Api.Http.Controllers.Playground.TeamRouteTest" assertions="4" time="0.354018"/>
        <testcase name="test_json_destroy_as_admin_and_succeed_with_no_content" file="/app/vendor/gammamatrix/playground-test/src/Feature/Http/Controllers/Resource/Playground/DestroyJsonTrait.php" line="132" class="Tests\Feature\Playground\Lead\Api\Http\Controllers\Playground\TeamRouteTest" classname="Tests.Feature.Playground.Lead.Api.Http.Controllers.Playground.TeamRouteTest" assertions="5" time="0.396418"/>
        <testcase name="test_json_destroy_as_admin_and_succeed_and_ignore_redirect" file="/app/vendor/gammamatrix/playground-test/src/Feature/Http/Controllers/Resource/Playground/DestroyJsonTrait.php" line="167" class="Tests\Feature\Playground\Lead\Api\Http\Controllers\Playground\TeamRouteTest" classname="Tests.Feature.Playground.Lead.Api.Http.Controllers.Playground.TeamRouteTest" assertions="5" time="0.360188"/>
        <testcase name="test_json_destroy_as_user_and_get_denied_and_no_force_delete_allowed" file="/app/vendor/gammamatrix/playground-test/src/Feature/Http/Controllers/Resource/Playground/DestroyJsonTrait.php" line="209" class="Tests\Feature\Playground\Lead\Api\Http\Controllers\Playground\TeamRouteTest" classname="Tests.Feature.Playground.Lead.Api.Http.Controllers.Playground.TeamRouteTest" assertions="3" time="0.361176"/>
        <testcase name="test_json_guest_cannot_get_edit_info" file="/app/vendor/gammamatrix/playground-test/src/Feature/Http/Controllers/Resource/Playground/EditJsonTrait.php" line="38" class="Tests\Feature\Playground\Lead\Api\Http\Controllers\Playground\TeamRouteTest" classname="Tests.Feature.Playground.Lead.Api.Http.Controllers.Playground.TeamRouteTest" assertions="1" time="0.375163"/>
        <testcase name="test_json_admin_can_get_edit_info" file="/app/vendor/gammamatrix/playground-test/src/Feature/Http/Controllers/Resource/Playground/EditJsonTrait.php" line="58" class="Tests\Feature\Playground\Lead\Api\Http\Controllers\Playground\TeamRouteTest" classname="Tests.Feature.Playground.Lead.Api.Http.Controllers.Playground.TeamRouteTest" assertions="4" time="0.368816"/>
        <testcase name="test_json_edit_as_admin_and_fail_validation_with_invalid_parameter" file="/app/vendor/gammamatrix/playground-test/src/Feature/Http/Controllers/Resource/Playground/EditJsonTrait.php" line="87" class="Tests\Feature\Playground\Lead\Api\Http\Controllers\Playground\TeamRouteTest" classname="Tests.Feature.Playground.Lead.Api.Http.Controllers.Playground.TeamRouteTest" assertions="4" time="0.380865"/>
        <testcase name="test_json_guest_cannot_get_index" file="/app/vendor/gammamatrix/playground-test/src/Feature/Http/Controllers/Resource/Playground/IndexJsonTrait.php" line="34" class="Tests\Feature\Playground\Lead\Api\Http\Controllers\Playground\TeamRouteTest" classname="Tests.Feature.Playground.Lead.Api.Http.Controllers.Playground.TeamRouteTest" assertions="1" time="0.387903"/>
        <testcase name="test_json_admin_can_get_index" file="/app/vendor/gammamatrix/playground-test/src/Feature/Http/Controllers/Resource/Playground/IndexJsonTrait.php" line="49" class="Tests\Feature\Playground\Lead\Api\Http\Controllers\Playground\TeamRouteTest" classname="Tests.Feature.Playground.Lead.Api.Http.Controllers.Playground.TeamRouteTest" assertions="130" time="0.373882"/>
        <testcase name="test_json_admin_can_get_index_with_filters" file="/app/vendor/gammamatrix/playground-test/src/Feature/Http/Controllers/Resource/Playground/IndexJsonTrait.php" line="85" class="Tests\Feature\Playground\Lead\Api\Http\Controllers\Playground\TeamRouteTest" classname="Tests.Feature.Playground.Lead.Api.Http.Controllers.Playground.TeamRouteTest" assertions="3" time="0.408529"/>
        <testcase name="test_json_guest_cannot_lock" file="/app/vendor/gammamatrix/playground-test/src/Feature/Http/Controllers/Resource/Playground/LockJsonTrait.php" line="36" class="Tests\Feature\Playground\Lead\Api\Http\Controllers\Playground\TeamRouteTest" classname="Tests.Feature.Playground.Lead.Api.Http.Controllers.Playground.TeamRouteTest" assertions="3" time="0.357311"/>
        <testcase name="test_json_lock_as_admin_and_succeed" file="/app/vendor/gammamatrix/playground-test/src/Feature/Http/Controllers/Resource/Playground/LockJsonTrait.php" line="66" class="Tests\Feature\Playground\Lead\Api\Http\Controllers\Playground\TeamRouteTest" classname="Tests.Feature.Playground.Lead.Api.Http.Controllers.Playground.TeamRouteTest" assertions="3" time="0.373363"/>
        <testcase name="test_json_lock_as_admin_and_succeed_with_no_redirect" file="/app/vendor/gammamatrix/playground-test/src/Feature/Http/Controllers/Resource/Playground/LockJsonTrait.php" line="98" class="Tests\Feature\Playground\Lead\Api\Http\Controllers\Playground\TeamRouteTest" classname="Tests.Feature.Playground.Lead.Api.Http.Controllers.Playground.TeamRouteTest" assertions="125" time="0.404746"/>
        <testcase name="test_json_lock_as_user_and_get_denied" file="/app/vendor/gammamatrix/playground-test/src/Feature/Http/Controllers/Resource/Playground/LockJsonTrait.php" line="143" class="Tests\Feature\Playground\Lead\Api\Http\Controllers\Playground\TeamRouteTest" classname="Tests.Feature.Playground.Lead.Api.Http.Controllers.Playground.TeamRouteTest" assertions="3" time="0.364415"/>
        <testcase name="test_json_guest_cannot_restore" file="/app/vendor/gammamatrix/playground-test/src/Feature/Http/Controllers/Resource/Playground/RestoreJsonTrait.php" line="32" class="Tests\Feature\Playground\Lead\Api\Http\Controllers\Playground\TeamRouteTest" classname="Tests.Feature.Playground.Lead.Api.Http.Controllers.Playground.TeamRouteTest" assertions="3" time="0.352289"/>
        <testcase name="test_json_restore_as_admin_and_succeed" file="/app/vendor/gammamatrix/playground-test/src/Feature/Http/Controllers/Resource/Playground/RestoreJsonTrait.php" line="64" class="Tests\Feature\Playground\Lead\Api\Http\Controllers\Playground\TeamRouteTest" classname="Tests.Feature.Playground.Lead.Api.Http.Controllers.Playground.TeamRouteTest" assertions="125" time="0.398625"/>
        <testcase name="test_json_restore_as_admin_and_succeed_with_no_redirect" file="/app/vendor/gammamatrix/playground-test/src/Feature/Http/Controllers/Resource/Playground/RestoreJsonTrait.php" line="100" class="Tests\Feature\Playground\Lead\Api\Http\Controllers\Playground\TeamRouteTest" classname="Tests.Feature.Playground.Lead.Api.Http.Controllers.Playground.TeamRouteTest" assertions="125" time="0.369172"/>
        <testcase name="test_json_restore_as_user_and_get_denied" file="/app/vendor/gammamatrix/playground-test/src/Feature/Http/Controllers/Resource/Playground/RestoreJsonTrait.php" line="143" class="Tests\Feature\Playground\Lead\Api\Http\Controllers\Playground\TeamRouteTest" classname="Tests.Feature.Playground.Lead.Api.Http.Controllers.Playground.TeamRouteTest" assertions="3" time="0.366276"/>
        <testcase name="test_json_guest_cannot_see_info" file="/app/vendor/gammamatrix/playground-test/src/Feature/Http/Controllers/Resource/Playground/ShowJsonTrait.php" line="29" class="Tests\Feature\Playground\Lead\Api\Http\Controllers\Playground\TeamRouteTest" classname="Tests.Feature.Playground.Lead.Api.Http.Controllers.Playground.TeamRouteTest" assertions="1" time="0.384427"/>
        <testcase name="test_json_show_info_for_admin" file="/app/vendor/gammamatrix/playground-test/src/Feature/Http/Controllers/Resource/Playground/ShowJsonTrait.php" line="49" class="Tests\Feature\Playground\Lead\Api\Http\Controllers\Playground\TeamRouteTest" classname="Tests.Feature.Playground.Lead.Api.Http.Controllers.Playground.TeamRouteTest" assertions="124" time="0.371193"/>
        <testcase name="test_json_guest_cannot_store" file="/app/vendor/gammamatrix/playground-test/src/Feature/Http/Controllers/Resource/Playground/StoreJsonTrait.php" line="43" class="Tests\Feature\Playground\Lead\Api\Http\Controllers\Playground\TeamRouteTest" classname="Tests.Feature.Playground.Lead.Api.Http.Controllers.Playground.TeamRouteTest" assertions="3" time="0.412533"/>
        <testcase name="test_json_store_as_admin_without_payload_and_fail_validation" file="/app/vendor/gammamatrix/playground-test/src/Feature/Http/Controllers/Resource/Playground/StoreJsonTrait.php" line="66" class="Tests\Feature\Playground\Lead\Api\Http\Controllers\Playground\TeamRouteTest" classname="Tests.Feature.Playground.Lead.Api.Http.Controllers.Playground.TeamRouteTest" assertions="5" time="0.366834"/>
        <testcase name="test_json_store_as_admin_and_succeed" file="/app/vendor/gammamatrix/playground-test/src/Feature/Http/Controllers/Resource/Playground/StoreJsonTrait.php" line="92" class="Tests\Feature\Playground\Lead\Api\Http\Controllers\Playground\TeamRouteTest" classname="Tests.Feature.Playground.Lead.Api.Http.Controllers.Playground.TeamRouteTest" assertions="3" time="0.400086"/>
        <testcase name="test_json_guest_cannot_unlock" file="/app/vendor/gammamatrix/playground-test/src/Feature/Http/Controllers/Resource/Playground/UnlockJsonTrait.php" line="36" class="Tests\Feature\Playground\Lead\Api\Http\Controllers\Playground\TeamRouteTest" classname="Tests.Feature.Playground.Lead.Api.Http.Controllers.Playground.TeamRouteTest" assertions="3" time="0.383382"/>
        <testcase name="test_json_unlock_as_admin_and_succeed" file="/app/vendor/gammamatrix/playground-test/src/Feature/Http/Controllers/Resource/Playground/UnlockJsonTrait.php" line="68" class="Tests\Feature\Playground\Lead\Api\Http\Controllers\Playground\TeamRouteTest" classname="Tests.Feature.Playground.Lead.Api.Http.Controllers.Playground.TeamRouteTest" assertions="125" time="0.371796"/>
        <testcase name="test_json_unlock_as_admin_and_succeed_with_no_redirect" file="/app/vendor/gammamatrix/playground-test/src/Feature/Http/Controllers/Resource/Playground/UnlockJsonTrait.php" line="104" class="Tests\Feature\Playground\Lead\Api\Http\Controllers\Playground\TeamRouteTest" classname="Tests.Feature.Playground.Lead.Api.Http.Controllers.Playground.TeamRouteTest" assertions="125" time="0.384058"/>
        <testcase name="test_json_unlock_as_user_and_get_denied" file="/app/vendor/gammamatrix/playground-test/src/Feature/Http/Controllers/Resource/Playground/UnlockJsonTrait.php" line="145" class="Tests\Feature\Playground\Lead\Api\Http\Controllers\Playground\TeamRouteTest" classname="Tests.Feature.Playground.Lead.Api.Http.Controllers.Playground.TeamRouteTest" assertions="3" time="0.402674"/>
        <testcase name="test_json_guest_cannot_update" file="/app/vendor/gammamatrix/playground-test/src/Feature/Http/Controllers/Resource/Playground/UpdateJsonTrait.php" line="45" class="Tests\Feature\Playground\Lead\Api\Http\Controllers\Playground\TeamRouteTest" classname="Tests.Feature.Playground.Lead.Api.Http.Controllers.Playground.TeamRouteTest" assertions="1" time="0.349465"/>
        <testcase name="test_json_update_as_admin_without_payload_and_fail_validation" file="/app/vendor/gammamatrix/playground-test/src/Feature/Http/Controllers/Resource/Playground/UpdateJsonTrait.php" line="65" class="Tests\Feature\Playground\Lead\Api\Http\Controllers\Playground\TeamRouteTest" classname="Tests.Feature.Playground.Lead.Api.Http.Controllers.Playground.TeamRouteTest" assertions="4" time="0.378801"/>
        <testcase name="test_json_admin_can_update" file="/app/vendor/gammamatrix/playground-test/src/Feature/Http/Controllers/Resource/Playground/UpdateJsonTrait.php" line="90" class="Tests\Feature\Playground\Lead\Api\Http\Controllers\Playground\TeamRouteTest" classname="Tests.Feature.Playground.Lead.Api.Http.Controllers.Playground.TeamRouteTest" assertions="127" time="0.455607"/>
      </testsuite>
      <testsuite name="Tests\Feature\Playground\Lead\Api\Http\Controllers\Playground\TeammateRouteTest" file="/app/tests/Feature/Http/Controllers/Playground/TeammateRouteTest.php" tests="35" assertions="1210" errors="0" failures="0" skipped="0" time="13.290695">
        <testcase name="test_json_guest_cannot_get_create_info" file="/app/vendor/gammamatrix/playground-test/src/Feature/Http/Controllers/Resource/Playground/CreateJsonTrait.php" line="38" class="Tests\Feature\Playground\Lead\Api\Http\Controllers\Playground\TeammateRouteTest" classname="Tests.Feature.Playground.Lead.Api.Http.Controllers.Playground.TeammateRouteTest" assertions="1" time="0.366911"/>
        <testcase name="test_json_admin_can_get_create_info" file="/app/vendor/gammamatrix/playground-test/src/Feature/Http/Controllers/Resource/Playground/CreateJsonTrait.php" line="53" class="Tests\Feature\Playground\Lead\Api\Http\Controllers\Playground\TeammateRouteTest" classname="Tests.Feature.Playground.Lead.Api.Http.Controllers.Playground.TeammateRouteTest" assertions="123" time="0.402590"/>
        <testcase name="test_json_get_create_info_as_admin_with_invalid_parameter_and_fail_validation" file="/app/vendor/gammamatrix/playground-test/src/Feature/Http/Controllers/Resource/Playground/CreateJsonTrait.php" line="73" class="Tests\Feature\Playground\Lead\Api\Http\Controllers\Playground\TeammateRouteTest" classname="Tests.Feature.Playground.Lead.Api.Http.Controllers.Playground.TeammateRouteTest" assertions="4" time="0.354527"/>
        <testcase name="test_json_guest_cannot_destroy" file="/app/vendor/gammamatrix/playground-test/src/Feature/Http/Controllers/Resource/Playground/DestroyJsonTrait.php" line="31" class="Tests\Feature\Playground\Lead\Api\Http\Controllers\Playground\TeammateRouteTest" classname="Tests.Feature.Playground.Lead.Api.Http.Controllers.Playground.TeammateRouteTest" assertions="3" time="0.343927"/>
        <testcase name="test_json_destroy_as_admin_and_succeed" file="/app/vendor/gammamatrix/playground-test/src/Feature/Http/Controllers/Resource/Playground/DestroyJsonTrait.php" line="61" class="Tests\Feature\Playground\Lead\Api\Http\Controllers\Playground\TeammateRouteTest" classname="Tests.Feature.Playground.Lead.Api.Http.Controllers.Playground.TeammateRouteTest" assertions="5" time="0.401925"/>
        <testcase name="test_json_destroy_as_admin_and_succeed_with_force_delete" file="/app/vendor/gammamatrix/playground-test/src/Feature/Http/Controllers/Resource/Playground/DestroyJsonTrait.php" line="100" class="Tests\Feature\Playground\Lead\Api\Http\Controllers\Playground\TeammateRouteTest" classname="Tests.Feature.Playground.Lead.Api.Http.Controllers.Playground.TeammateRouteTest" assertions="4" time="0.361997"/>
        <testcase name="test_json_destroy_as_admin_and_succeed_with_no_content" file="/app/vendor/gammamatrix/playground-test/src/Feature/Http/Controllers/Resource/Playground/DestroyJsonTrait.php" line="132" class="Tests\Feature\Playground\Lead\Api\Http\Controllers\Playground\TeammateRouteTest" classname="Tests.Feature.Playground.Lead.Api.Http.Controllers.Playground.TeammateRouteTest" assertions="5" time="0.354027"/>
        <testcase name="test_json_destroy_as_admin_and_succeed_and_ignore_redirect" file="/app/vendor/gammamatrix/playground-test/src/Feature/Http/Controllers/Resource/Playground/DestroyJsonTrait.php" line="167" class="Tests\Feature\Playground\Lead\Api\Http\Controllers\Playground\TeammateRouteTest" classname="Tests.Feature.Playground.Lead.Api.Http.Controllers.Playground.TeammateRouteTest" assertions="5" time="0.395381"/>
        <testcase name="test_json_destroy_as_user_and_get_denied_and_no_force_delete_allowed" file="/app/vendor/gammamatrix/playground-test/src/Feature/Http/Controllers/Resource/Playground/DestroyJsonTrait.php" line="209" class="Tests\Feature\Playground\Lead\Api\Http\Controllers\Playground\TeammateRouteTest" classname="Tests.Feature.Playground.Lead.Api.Http.Controllers.Playground.TeammateRouteTest" assertions="3" time="0.359337"/>
        <testcase name="test_json_guest_cannot_get_edit_info" file="/app/vendor/gammamatrix/playground-test/src/Feature/Http/Controllers/Resource/Playground/EditJsonTrait.php" line="38" class="Tests\Feature\Playground\Lead\Api\Http\Controllers\Playground\TeammateRouteTest" classname="Tests.Feature.Playground.Lead.Api.Http.Controllers.Playground.TeammateRouteTest" assertions="1" time="0.346223"/>
        <testcase name="test_json_admin_can_get_edit_info" file="/app/vendor/gammamatrix/playground-test/src/Feature/Http/Controllers/Resource/Playground/EditJsonTrait.php" line="58" class="Tests\Feature\Playground\Lead\Api\Http\Controllers\Playground\TeammateRouteTest" classname="Tests.Feature.Playground.Lead.Api.Http.Controllers.Playground.TeammateRouteTest" assertions="4" time="0.403540"/>
        <testcase name="test_json_edit_as_admin_and_fail_validation_with_invalid_parameter" file="/app/vendor/gammamatrix/playground-test/src/Feature/Http/Controllers/Resource/Playground/EditJsonTrait.php" line="87" class="Tests\Feature\Playground\Lead\Api\Http\Controllers\Playground\TeammateRouteTest" classname="Tests.Feature.Playground.Lead.Api.Http.Controllers.Playground.TeammateRouteTest" assertions="4" time="0.370214"/>
        <testcase name="test_json_guest_cannot_get_index" file="/app/vendor/gammamatrix/playground-test/src/Feature/Http/Controllers/Resource/Playground/IndexJsonTrait.php" line="34" class="Tests\Feature\Playground\Lead\Api\Http\Controllers\Playground\TeammateRouteTest" classname="Tests.Feature.Playground.Lead.Api.Http.Controllers.Playground.TeammateRouteTest" assertions="1" time="0.400704"/>
        <testcase name="test_json_admin_can_get_index" file="/app/vendor/gammamatrix/playground-test/src/Feature/Http/Controllers/Resource/Playground/IndexJsonTrait.php" line="49" class="Tests\Feature\Playground\Lead\Api\Http\Controllers\Playground\TeammateRouteTest" classname="Tests.Feature.Playground.Lead.Api.Http.Controllers.Playground.TeammateRouteTest" assertions="130" time="0.376776"/>
        <testcase name="test_json_admin_can_get_index_with_filters" file="/app/vendor/gammamatrix/playground-test/src/Feature/Http/Controllers/Resource/Playground/IndexJsonTrait.php" line="85" class="Tests\Feature\Playground\Lead\Api\Http\Controllers\Playground\TeammateRouteTest" classname="Tests.Feature.Playground.Lead.Api.Http.Controllers.Playground.TeammateRouteTest" assertions="3" time="0.373175"/>
        <testcase name="test_json_guest_cannot_lock" file="/app/vendor/gammamatrix/playground-test/src/Feature/Http/Controllers/Resource/Playground/LockJsonTrait.php" line="36" class="Tests\Feature\Playground\Lead\Api\Http\Controllers\Playground\TeammateRouteTest" classname="Tests.Feature.Playground.Lead.Api.Http.Controllers.Playground.TeammateRouteTest" assertions="3" time="0.382593"/>
        <testcase name="test_json_lock_as_admin_and_succeed" file="/app/vendor/gammamatrix/playground-test/src/Feature/Http/Controllers/Resource/Playground/LockJsonTrait.php" line="66" class="Tests\Feature\Playground\Lead\Api\Http\Controllers\Playground\TeammateRouteTest" classname="Tests.Feature.Playground.Lead.Api.Http.Controllers.Playground.TeammateRouteTest" assertions="3" time="0.374982"/>
        <testcase name="test_json_lock_as_admin_and_succeed_with_no_redirect" file="/app/vendor/gammamatrix/playground-test/src/Feature/Http/Controllers/Resource/Playground/LockJsonTrait.php" line="98" class="Tests\Feature\Playground\Lead\Api\Http\Controllers\Playground\TeammateRouteTest" classname="Tests.Feature.Playground.Lead.Api.Http.Controllers.Playground.TeammateRouteTest" assertions="125" time="0.368412"/>
        <testcase name="test_json_lock_as_user_and_get_denied" file="/app/vendor/gammamatrix/playground-test/src/Feature/Http/Controllers/Resource/Playground/LockJsonTrait.php" line="143" class="Tests\Feature\Playground\Lead\Api\Http\Controllers\Playground\TeammateRouteTest" classname="Tests.Feature.Playground.Lead.Api.Http.Controllers.Playground.TeammateRouteTest" assertions="3" time="0.407891"/>
        <testcase name="test_json_guest_cannot_restore" file="/app/vendor/gammamatrix/playground-test/src/Feature/Http/Controllers/Resource/Playground/RestoreJsonTrait.php" line="32" class="Tests\Feature\Playground\Lead\Api\Http\Controllers\Playground\TeammateRouteTest" classname="Tests.Feature.Playground.Lead.Api.Http.Controllers.Playground.TeammateRouteTest" assertions="3" time="0.356345"/>
        <testcase name="test_json_restore_as_admin_and_succeed" file="/app/vendor/gammamatrix/playground-test/src/Feature/Http/Controllers/Resource/Playground/RestoreJsonTrait.php" line="64" class="Tests\Feature\Playground\Lead\Api\Http\Controllers\Playground\TeammateRouteTest" classname="Tests.Feature.Playground.Lead.Api.Http.Controllers.Playground.TeammateRouteTest" assertions="125" time="0.372049"/>
        <testcase name="test_json_restore_as_admin_and_succeed_with_no_redirect" file="/app/vendor/gammamatrix/playground-test/src/Feature/Http/Controllers/Resource/Playground/RestoreJsonTrait.php" line="100" class="Tests\Feature\Playground\Lead\Api\Http\Controllers\Playground\TeammateRouteTest" classname="Tests.Feature.Playground.Lead.Api.Http.Controllers.Playground.TeammateRouteTest" assertions="125" time="0.404176"/>
        <testcase name="test_json_restore_as_user_and_get_denied" file="/app/vendor/gammamatrix/playground-test/src/Feature/Http/Controllers/Resource/Playground/RestoreJsonTrait.php" line="143" class="Tests\Feature\Playground\Lead\Api\Http\Controllers\Playground\TeammateRouteTest" classname="Tests.Feature.Playground.Lead.Api.Http.Controllers.Playground.TeammateRouteTest" assertions="3" time="0.357900"/>
        <testcase name="test_json_guest_cannot_see_info" file="/app/vendor/gammamatrix/playground-test/src/Feature/Http/Controllers/Resource/Playground/ShowJsonTrait.php" line="29" class="Tests\Feature\Playground\Lead\Api\Http\Controllers\Playground\TeammateRouteTest" classname="Tests.Feature.Playground.Lead.Api.Http.Controllers.Playground.TeammateRouteTest" assertions="1" time="0.397875"/>
        <testcase name="test_json_show_info_for_admin" file="/app/vendor/gammamatrix/playground-test/src/Feature/Http/Controllers/Resource/Playground/ShowJsonTrait.php" line="49" class="Tests\Feature\Playground\Lead\Api\Http\Controllers\Playground\TeammateRouteTest" classname="Tests.Feature.Playground.Lead.Api.Http.Controllers.Playground.TeammateRouteTest" assertions="124" time="0.373103"/>
        <testcase name="test_json_guest_cannot_store" file="/app/vendor/gammamatrix/playground-test/src/Feature/Http/Controllers/Resource/Playground/StoreJsonTrait.php" line="43" class="Tests\Feature\Playground\Lead\Api\Http\Controllers\Playground\TeammateRouteTest" classname="Tests.Feature.Playground.Lead.Api.Http.Controllers.Playground.TeammateRouteTest" assertions="3" time="0.343978"/>
        <testcase name="test_json_store_as_admin_without_payload_and_fail_validation" file="/app/vendor/gammamatrix/playground-test/src/Feature/Http/Controllers/Resource/Playground/StoreJsonTrait.php" line="66" class="Tests\Feature\Playground\Lead\Api\Http\Controllers\Playground\TeammateRouteTest" classname="Tests.Feature.Playground.Lead.Api.Http.Controllers.Playground.TeammateRouteTest" assertions="5" time="0.394488"/>
        <testcase name="test_json_store_as_admin_and_succeed" file="/app/vendor/gammamatrix/playground-test/src/Feature/Http/Controllers/Resource/Playground/StoreJsonTrait.php" line="92" class="Tests\Feature\Playground\Lead\Api\Http\Controllers\Playground\TeammateRouteTest" classname="Tests.Feature.Playground.Lead.Api.Http.Controllers.Playground.TeammateRouteTest" assertions="3" time="0.399017"/>
        <testcase name="test_json_guest_cannot_unlock" file="/app/vendor/gammamatrix/playground-test/src/Feature/Http/Controllers/Resource/Playground/UnlockJsonTrait.php" line="36" class="Tests\Feature\Playground\Lead\Api\Http\Controllers\Playground\TeammateRouteTest" classname="Tests.Feature.Playground.Lead.Api.Http.Controllers.Playground.TeammateRouteTest" assertions="3" time="0.349298"/>
        <testcase name="test_json_unlock_as_admin_and_succeed" file="/app/vendor/gammamatrix/playground-test/src/Feature/Http/Controllers/Resource/Playground/UnlockJsonTrait.php" line="68" class="Tests\Feature\Playground\Lead\Api\Http\Controllers\Playground\TeammateRouteTest" classname="Tests.Feature.Playground.Lead.Api.Http.Controllers.Playground.TeammateRouteTest" assertions="125" time="0.419329"/>
        <testcase name="test_json_unlock_as_admin_and_succeed_with_no_redirect" file="/app/vendor/gammamatrix/playground-test/src/Feature/Http/Controllers/Resource/Playground/UnlockJsonTrait.php" line="104" class="Tests\Feature\Playground\Lead\Api\Http\Controllers\Playground\TeammateRouteTest" classname="Tests.Feature.Playground.Lead.Api.Http.Controllers.Playground.TeammateRouteTest" assertions="125" time="0.401185"/>
        <testcase name="test_json_unlock_as_user_and_get_denied" file="/app/vendor/gammamatrix/playground-test/src/Feature/Http/Controllers/Resource/Playground/UnlockJsonTrait.php" line="145" class="Tests\Feature\Playground\Lead\Api\Http\Controllers\Playground\TeammateRouteTest" classname="Tests.Feature.Playground.Lead.Api.Http.Controllers.Playground.TeammateRouteTest" assertions="3" time="0.362495"/>
        <testcase name="test_json_guest_cannot_update" file="/app/vendor/gammamatrix/playground-test/src/Feature/Http/Controllers/Resource/Playground/UpdateJsonTrait.php" line="45" class="Tests\Feature\Playground\Lead\Api\Http\Controllers\Playground\TeammateRouteTest" classname="Tests.Feature.Playground.Lead.Api.Http.Controllers.Playground.TeammateRouteTest" assertions="1" time="0.370376"/>
        <testcase name="test_json_update_as_admin_without_payload_and_fail_validation" file="/app/vendor/gammamatrix/playground-test/src/Feature/Http/Controllers/Resource/Playground/UpdateJsonTrait.php" line="65" class="Tests\Feature\Playground\Lead\Api\Http\Controllers\Playground\TeammateRouteTest" classname="Tests.Feature.Playground.Lead.Api.Http.Controllers.Playground.TeammateRouteTest" assertions="4" time="0.370732"/>
        <testcase name="test_json_admin_can_update" file="/app/vendor/gammamatrix/playground-test/src/Feature/Http/Controllers/Resource/Playground/UpdateJsonTrait.php" line="90" class="Tests\Feature\Playground\Lead\Api\Http\Controllers\Playground\TeammateRouteTest" classname="Tests.Feature.Playground.Lead.Api.Http.Controllers.Playground.TeammateRouteTest" assertions="127" time="0.473222"/>
      </testsuite>
      <testsuite name="Tests\Feature\Playground\Lead\Api\Http\Requests\FormRequest\InstanceTest" file="/app/tests/Feature/Http/Requests/FormRequest/InstanceTest.php" tests="1" assertions="1" errors="0" failures="0" skipped="0" time="0.331102">
        <testcase name="test_FormRequest_authorize_with_admin" file="/app/tests/Feature/Http/Requests/FormRequest/InstanceTest.php" line="21" class="Tests\Feature\Playground\Lead\Api\Http\Requests\FormRequest\InstanceTest" classname="Tests.Feature.Playground.Lead.Api.Http.Requests.FormRequest.InstanceTest" assertions="1" time="0.331102"/>
      </testsuite>
    </testsuite>
  </testsuite>
</testsuites>
