<?xml version="1.0" encoding="UTF-8"?>
<testsuites>
  <testsuite name="/app/phpunit.xml.dist" tests="399" assertions="11845" errors="0" failures="0" skipped="0" time="135.590937">
    <testsuite name="Unit" tests="13" assertions="18" errors="0" failures="0" skipped="0" time="0.846580">
      <testsuite name="Tests\Unit\Playground\Lead\Api\Http\Requests\Campaign\CreateRequestTest" file="/app/tests/Unit/Http/Requests/Campaign/CreateRequestTest.php" tests="1" assertions="1" errors="0" failures="0" skipped="0" time="0.331458">
        <testcase name="test_request_instance" file="/app/vendor/gammamatrix/playground-test/src/Unit/Http/Requests/RequestCase.php" line="41" class="Tests\Unit\Playground\Lead\Api\Http\Requests\Campaign\CreateRequestTest" classname="Tests.Unit.Playground.Lead.Api.Http.Requests.Campaign.CreateRequestTest" assertions="1" time="0.331458"/>
      </testsuite>
      <testsuite name="Tests\Unit\Playground\Lead\Api\Http\Requests\Campaign\StoreRequestTest" file="/app/tests/Unit/Http/Requests/Campaign/StoreRequestTest.php" tests="1" assertions="1" errors="0" failures="0" skipped="0" time="0.075706">
        <testcase name="test_request_instance" file="/app/vendor/gammamatrix/playground-test/src/Unit/Http/Requests/RequestCase.php" line="41" class="Tests\Unit\Playground\Lead\Api\Http\Requests\Campaign\StoreRequestTest" classname="Tests.Unit.Playground.Lead.Api.Http.Requests.Campaign.StoreRequestTest" assertions="1" time="0.075706"/>
      </testsuite>
      <testsuite name="Tests\Unit\Playground\Lead\Api\Http\Requests\Campaign\UpdateRequestTest" file="/app/tests/Unit/Http/Requests/Campaign/UpdateRequestTest.php" tests="1" assertions="1" errors="0" failures="0" skipped="0" time="0.040738">
        <testcase name="test_request_instance" file="/app/vendor/gammamatrix/playground-test/src/Unit/Http/Requests/RequestCase.php" line="41" class="Tests\Unit\Playground\Lead\Api\Http\Requests\Campaign\UpdateRequestTest" classname="Tests.Unit.Playground.Lead.Api.Http.Requests.Campaign.UpdateRequestTest" assertions="1" time="0.040738"/>
      </testsuite>
      <testsuite name="Tests\Unit\Playground\Lead\Api\Http\Requests\FormRequest\InstanceTest" file="/app/tests/Unit/Http/Requests/FormRequest/InstanceTest.php" tests="5" assertions="6" errors="0" failures="0" skipped="0" time="0.213845">
        <testcase name="test_FormRequest_authorize_without_user" file="/app/tests/Unit/Http/Requests/FormRequest/InstanceTest.php" line="21" class="Tests\Unit\Playground\Lead\Api\Http\Requests\FormRequest\InstanceTest" classname="Tests.Unit.Playground.Lead.Api.Http.Requests.FormRequest.InstanceTest" assertions="1" time="0.036191"/>
        <testcase name="test_RULES_is_empty_by_default" file="/app/tests/Unit/Http/Requests/FormRequest/InstanceTest.php" line="28" class="Tests\Unit\Playground\Lead\Api\Http\Requests\FormRequest\InstanceTest" classname="Tests.Unit.Playground.Lead.Api.Http.Requests.FormRequest.InstanceTest" assertions="2" time="0.036524"/>
        <testcase name="test_userHasAdminPrivileges_without_user" file="/app/tests/Unit/Http/Requests/FormRequest/InstanceTest.php" line="36" class="Tests\Unit\Playground\Lead\Api\Http\Requests\FormRequest\InstanceTest" classname="Tests.Unit.Playground.Lead.Api.Http.Requests.FormRequest.InstanceTest" assertions="1" time="0.037985"/>
        <testcase name="test_userHasAdminPrivileges_with_admin" file="/app/tests/Unit/Http/Requests/FormRequest/InstanceTest.php" line="43" class="Tests\Unit\Playground\Lead\Api\Http\Requests\FormRequest\InstanceTest" classname="Tests.Unit.Playground.Lead.Api.Http.Requests.FormRequest.InstanceTest" assertions="1" time="0.061884"/>
        <testcase name="test_userHasAdminPrivileges_with_default_laravel_user" file="/app/tests/Unit/Http/Requests/FormRequest/InstanceTest.php" line="55" class="Tests\Unit\Playground\Lead\Api\Http\Requests\FormRequest\InstanceTest" classname="Tests.Unit.Playground.Lead.Api.Http.Requests.FormRequest.InstanceTest" assertions="1" time="0.041261"/>
      </testsuite>
      <testsuite name="Tests\Unit\Playground\Lead\Api\Policies\CampaignPolicy\PolicyTest" file="/app/tests/Unit/Policies/CampaignPolicy/PolicyTest.php" tests="1" assertions="1" errors="0" failures="0" skipped="0" time="0.035916">
        <testcase name="test_policy_instance" file="/app/tests/Unit/Policies/CampaignPolicy/PolicyTest.php" line="18" class="Tests\Unit\Playground\Lead\Api\Policies\CampaignPolicy\PolicyTest" classname="Tests.Unit.Playground.Lead.Api.Policies.CampaignPolicy.PolicyTest" assertions="1" time="0.035916"/>
      </testsuite>
      <testsuite name="Tests\Unit\Playground\Lead\Api\ServiceProvider\InstanceTest" file="/app/tests/Unit/ServiceProvider/InstanceTest.php" tests="4" assertions="8" errors="0" failures="0" skipped="0" time="0.148919">
        <testcase name="test_version_matches" file="/app/tests/Unit/ServiceProvider/InstanceTest.php" line="20" class="Tests\Unit\Playground\Lead\Api\ServiceProvider\InstanceTest" classname="Tests.Unit.Playground.Lead.Api.ServiceProvider.InstanceTest" assertions="3" time="0.036030"/>
        <testcase name="test_setPolicies_with_empty_array" file="/app/tests/Unit/ServiceProvider/InstanceTest.php" line="29" class="Tests\Unit\Playground\Lead\Api\ServiceProvider\InstanceTest" classname="Tests.Unit.Playground.Lead.Api.ServiceProvider.InstanceTest" assertions="1" time="0.036437"/>
        <testcase name="test_setPolicies_with_invalid_model" file="/app/tests/Unit/ServiceProvider/InstanceTest.php" line="43" class="Tests\Unit\Playground\Lead\Api\ServiceProvider\InstanceTest" classname="Tests.Unit.Playground.Lead.Api.ServiceProvider.InstanceTest" assertions="2" time="0.039166"/>
        <testcase name="test_setPolicies_with_invalid_policy" file="/app/tests/Unit/ServiceProvider/InstanceTest.php" line="72" class="Tests\Unit\Playground\Lead\Api\ServiceProvider\InstanceTest" classname="Tests.Unit.Playground.Lead.Api.ServiceProvider.InstanceTest" assertions="2" time="0.037286"/>
      </testsuite>
    </testsuite>
    <testsuite name="Feature" tests="386" assertions="11827" errors="0" failures="0" skipped="0" time="134.744357">
      <testsuite name="Tests\Feature\Playground\Lead\Api\Console\Commands\About\CommandTest" file="/app/tests/Feature/Console/Commands/About/CommandTest.php" tests="1" assertions="2" errors="0" failures="0" skipped="0" time="0.230728">
        <testcase name="test_command_about_displays_package_information_and_succeed_with_code_0" file="/app/tests/Feature/Console/Commands/About/CommandTest.php" line="19" class="Tests\Feature\Playground\Lead\Api\Console\Commands\About\CommandTest" classname="Tests.Feature.Playground.Lead.Api.Console.Commands.About.CommandTest" assertions="2" time="0.230728"/>
      </testsuite>
      <testsuite name="Tests\Feature\Playground\Lead\Api\Http\Controllers\Playground\CampaignRouteTest" file="/app/tests/Feature/Http/Controllers/Playground/CampaignRouteTest.php" tests="35" assertions="1075" errors="0" failures="0" skipped="0" time="12.049355">
        <testcase name="test_json_guest_cannot_get_create_info" file="/app/vendor/gammamatrix/playground-test/src/Feature/Http/Controllers/Resource/Playground/CreateJsonTrait.php" line="38" class="Tests\Feature\Playground\Lead\Api\Http\Controllers\Playground\CampaignRouteTest" classname="Tests.Feature.Playground.Lead.Api.Http.Controllers.Playground.CampaignRouteTest" assertions="1" time="0.394768"/>
        <testcase name="test_json_admin_can_get_create_info" file="/app/vendor/gammamatrix/playground-test/src/Feature/Http/Controllers/Resource/Playground/CreateJsonTrait.php" line="53" class="Tests\Feature\Playground\Lead\Api\Http\Controllers\Playground\CampaignRouteTest" classname="Tests.Feature.Playground.Lead.Api.Http.Controllers.Playground.CampaignRouteTest" assertions="108" time="0.362740"/>
        <testcase name="test_json_get_create_info_as_admin_with_invalid_parameter_and_fail_validation" file="/app/vendor/gammamatrix/playground-test/src/Feature/Http/Controllers/Resource/Playground/CreateJsonTrait.php" line="73" class="Tests\Feature\Playground\Lead\Api\Http\Controllers\Playground\CampaignRouteTest" classname="Tests.Feature.Playground.Lead.Api.Http.Controllers.Playground.CampaignRouteTest" assertions="4" time="0.330197"/>
        <testcase name="test_json_guest_cannot_destroy" file="/app/vendor/gammamatrix/playground-test/src/Feature/Http/Controllers/Resource/Playground/DestroyJsonTrait.php" line="31" class="Tests\Feature\Playground\Lead\Api\Http\Controllers\Playground\CampaignRouteTest" classname="Tests.Feature.Playground.Lead.Api.Http.Controllers.Playground.CampaignRouteTest" assertions="3" time="0.319441"/>
        <testcase name="test_json_destroy_as_admin_and_succeed" file="/app/vendor/gammamatrix/playground-test/src/Feature/Http/Controllers/Resource/Playground/DestroyJsonTrait.php" line="61" class="Tests\Feature\Playground\Lead\Api\Http\Controllers\Playground\CampaignRouteTest" classname="Tests.Feature.Playground.Lead.Api.Http.Controllers.Playground.CampaignRouteTest" assertions="5" time="0.344281"/>
        <testcase name="test_json_destroy_as_admin_and_succeed_with_force_delete" file="/app/vendor/gammamatrix/playground-test/src/Feature/Http/Controllers/Resource/Playground/DestroyJsonTrait.php" line="100" class="Tests\Feature\Playground\Lead\Api\Http\Controllers\Playground\CampaignRouteTest" classname="Tests.Feature.Playground.Lead.Api.Http.Controllers.Playground.CampaignRouteTest" assertions="4" time="0.328293"/>
        <testcase name="test_json_destroy_as_admin_and_succeed_with_no_content" file="/app/vendor/gammamatrix/playground-test/src/Feature/Http/Controllers/Resource/Playground/DestroyJsonTrait.php" line="132" class="Tests\Feature\Playground\Lead\Api\Http\Controllers\Playground\CampaignRouteTest" classname="Tests.Feature.Playground.Lead.Api.Http.Controllers.Playground.CampaignRouteTest" assertions="5" time="0.338428"/>
        <testcase name="test_json_destroy_as_admin_and_succeed_and_ignore_redirect" file="/app/vendor/gammamatrix/playground-test/src/Feature/Http/Controllers/Resource/Playground/DestroyJsonTrait.php" line="167" class="Tests\Feature\Playground\Lead\Api\Http\Controllers\Playground\CampaignRouteTest" classname="Tests.Feature.Playground.Lead.Api.Http.Controllers.Playground.CampaignRouteTest" assertions="5" time="0.337368"/>
        <testcase name="test_json_destroy_as_user_and_get_denied_and_no_force_delete_allowed" file="/app/vendor/gammamatrix/playground-test/src/Feature/Http/Controllers/Resource/Playground/DestroyJsonTrait.php" line="209" class="Tests\Feature\Playground\Lead\Api\Http\Controllers\Playground\CampaignRouteTest" classname="Tests.Feature.Playground.Lead.Api.Http.Controllers.Playground.CampaignRouteTest" assertions="3" time="0.325799"/>
        <testcase name="test_json_guest_cannot_get_edit_info" file="/app/vendor/gammamatrix/playground-test/src/Feature/Http/Controllers/Resource/Playground/EditJsonTrait.php" line="38" class="Tests\Feature\Playground\Lead\Api\Http\Controllers\Playground\CampaignRouteTest" classname="Tests.Feature.Playground.Lead.Api.Http.Controllers.Playground.CampaignRouteTest" assertions="1" time="0.315988"/>
        <testcase name="test_json_admin_can_get_edit_info" file="/app/vendor/gammamatrix/playground-test/src/Feature/Http/Controllers/Resource/Playground/EditJsonTrait.php" line="58" class="Tests\Feature\Playground\Lead\Api\Http\Controllers\Playground\CampaignRouteTest" classname="Tests.Feature.Playground.Lead.Api.Http.Controllers.Playground.CampaignRouteTest" assertions="4" time="0.353277"/>
        <testcase name="test_json_edit_as_admin_and_fail_validation_with_invalid_parameter" file="/app/vendor/gammamatrix/playground-test/src/Feature/Http/Controllers/Resource/Playground/EditJsonTrait.php" line="87" class="Tests\Feature\Playground\Lead\Api\Http\Controllers\Playground\CampaignRouteTest" classname="Tests.Feature.Playground.Lead.Api.Http.Controllers.Playground.CampaignRouteTest" assertions="4" time="0.341148"/>
        <testcase name="test_json_guest_cannot_get_index" file="/app/vendor/gammamatrix/playground-test/src/Feature/Http/Controllers/Resource/Playground/IndexJsonTrait.php" line="34" class="Tests\Feature\Playground\Lead\Api\Http\Controllers\Playground\CampaignRouteTest" classname="Tests.Feature.Playground.Lead.Api.Http.Controllers.Playground.CampaignRouteTest" assertions="1" time="0.317518"/>
        <testcase name="test_json_admin_can_get_index" file="/app/vendor/gammamatrix/playground-test/src/Feature/Http/Controllers/Resource/Playground/IndexJsonTrait.php" line="49" class="Tests\Feature\Playground\Lead\Api\Http\Controllers\Playground\CampaignRouteTest" classname="Tests.Feature.Playground.Lead.Api.Http.Controllers.Playground.CampaignRouteTest" assertions="115" time="0.423999"/>
        <testcase name="test_json_admin_can_get_index_with_filters" file="/app/vendor/gammamatrix/playground-test/src/Feature/Http/Controllers/Resource/Playground/IndexJsonTrait.php" line="85" class="Tests\Feature\Playground\Lead\Api\Http\Controllers\Playground\CampaignRouteTest" classname="Tests.Feature.Playground.Lead.Api.Http.Controllers.Playground.CampaignRouteTest" assertions="3" time="0.341451"/>
        <testcase name="test_json_guest_cannot_lock" file="/app/vendor/gammamatrix/playground-test/src/Feature/Http/Controllers/Resource/Playground/LockJsonTrait.php" line="36" class="Tests\Feature\Playground\Lead\Api\Http\Controllers\Playground\CampaignRouteTest" classname="Tests.Feature.Playground.Lead.Api.Http.Controllers.Playground.CampaignRouteTest" assertions="3" time="0.321461"/>
        <testcase name="test_json_lock_as_admin_and_succeed" file="/app/vendor/gammamatrix/playground-test/src/Feature/Http/Controllers/Resource/Playground/LockJsonTrait.php" line="66" class="Tests\Feature\Playground\Lead\Api\Http\Controllers\Playground\CampaignRouteTest" classname="Tests.Feature.Playground.Lead.Api.Http.Controllers.Playground.CampaignRouteTest" assertions="3" time="0.348031"/>
        <testcase name="test_json_lock_as_admin_and_succeed_with_no_redirect" file="/app/vendor/gammamatrix/playground-test/src/Feature/Http/Controllers/Resource/Playground/LockJsonTrait.php" line="98" class="Tests\Feature\Playground\Lead\Api\Http\Controllers\Playground\CampaignRouteTest" classname="Tests.Feature.Playground.Lead.Api.Http.Controllers.Playground.CampaignRouteTest" assertions="110" time="0.345874"/>
        <testcase name="test_json_lock_as_user_and_get_denied" file="/app/vendor/gammamatrix/playground-test/src/Feature/Http/Controllers/Resource/Playground/LockJsonTrait.php" line="143" class="Tests\Feature\Playground\Lead\Api\Http\Controllers\Playground\CampaignRouteTest" classname="Tests.Feature.Playground.Lead.Api.Http.Controllers.Playground.CampaignRouteTest" assertions="3" time="0.332001"/>
        <testcase name="test_json_guest_cannot_restore" file="/app/vendor/gammamatrix/playground-test/src/Feature/Http/Controllers/Resource/Playground/RestoreJsonTrait.php" line="32" class="Tests\Feature\Playground\Lead\Api\Http\Controllers\Playground\CampaignRouteTest" classname="Tests.Feature.Playground.Lead.Api.Http.Controllers.Playground.CampaignRouteTest" assertions="3" time="0.329085"/>
        <testcase name="test_json_restore_as_admin_and_succeed" file="/app/vendor/gammamatrix/playground-test/src/Feature/Http/Controllers/Resource/Playground/RestoreJsonTrait.php" line="64" class="Tests\Feature\Playground\Lead\Api\Http\Controllers\Playground\CampaignRouteTest" classname="Tests.Feature.Playground.Lead.Api.Http.Controllers.Playground.CampaignRouteTest" assertions="110" time="0.348106"/>
        <testcase name="test_json_restore_as_admin_and_succeed_with_no_redirect" file="/app/vendor/gammamatrix/playground-test/src/Feature/Http/Controllers/Resource/Playground/RestoreJsonTrait.php" line="100" class="Tests\Feature\Playground\Lead\Api\Http\Controllers\Playground\CampaignRouteTest" classname="Tests.Feature.Playground.Lead.Api.Http.Controllers.Playground.CampaignRouteTest" assertions="110" time="0.342372"/>
        <testcase name="test_json_restore_as_user_and_get_denied" file="/app/vendor/gammamatrix/playground-test/src/Feature/Http/Controllers/Resource/Playground/RestoreJsonTrait.php" line="143" class="Tests\Feature\Playground\Lead\Api\Http\Controllers\Playground\CampaignRouteTest" classname="Tests.Feature.Playground.Lead.Api.Http.Controllers.Playground.CampaignRouteTest" assertions="3" time="0.340835"/>
        <testcase name="test_json_guest_cannot_see_info" file="/app/vendor/gammamatrix/playground-test/src/Feature/Http/Controllers/Resource/Playground/ShowJsonTrait.php" line="29" class="Tests\Feature\Playground\Lead\Api\Http\Controllers\Playground\CampaignRouteTest" classname="Tests.Feature.Playground.Lead.Api.Http.Controllers.Playground.CampaignRouteTest" assertions="1" time="0.324547"/>
        <testcase name="test_json_show_info_for_admin" file="/app/vendor/gammamatrix/playground-test/src/Feature/Http/Controllers/Resource/Playground/ShowJsonTrait.php" line="49" class="Tests\Feature\Playground\Lead\Api\Http\Controllers\Playground\CampaignRouteTest" classname="Tests.Feature.Playground.Lead.Api.Http.Controllers.Playground.CampaignRouteTest" assertions="109" time="0.342652"/>
        <testcase name="test_json_guest_cannot_store" file="/app/vendor/gammamatrix/playground-test/src/Feature/Http/Controllers/Resource/Playground/StoreJsonTrait.php" line="43" class="Tests\Feature\Playground\Lead\Api\Http\Controllers\Playground\CampaignRouteTest" classname="Tests.Feature.Playground.Lead.Api.Http.Controllers.Playground.CampaignRouteTest" assertions="3" time="0.328148"/>
        <testcase name="test_json_store_as_admin_without_payload_and_fail_validation" file="/app/vendor/gammamatrix/playground-test/src/Feature/Http/Controllers/Resource/Playground/StoreJsonTrait.php" line="66" class="Tests\Feature\Playground\Lead\Api\Http\Controllers\Playground\CampaignRouteTest" classname="Tests.Feature.Playground.Lead.Api.Http.Controllers.Playground.CampaignRouteTest" assertions="5" time="0.336084"/>
        <testcase name="test_json_store_as_admin_and_succeed" file="/app/vendor/gammamatrix/playground-test/src/Feature/Http/Controllers/Resource/Playground/StoreJsonTrait.php" line="92" class="Tests\Feature\Playground\Lead\Api\Http\Controllers\Playground\CampaignRouteTest" classname="Tests.Feature.Playground.Lead.Api.Http.Controllers.Playground.CampaignRouteTest" assertions="3" time="0.388288"/>
        <testcase name="test_json_guest_cannot_unlock" file="/app/vendor/gammamatrix/playground-test/src/Feature/Http/Controllers/Resource/Playground/UnlockJsonTrait.php" line="36" class="Tests\Feature\Playground\Lead\Api\Http\Controllers\Playground\CampaignRouteTest" classname="Tests.Feature.Playground.Lead.Api.Http.Controllers.Playground.CampaignRouteTest" assertions="3" time="0.333081"/>
        <testcase name="test_json_unlock_as_admin_and_succeed" file="/app/vendor/gammamatrix/playground-test/src/Feature/Http/Controllers/Resource/Playground/UnlockJsonTrait.php" line="68" class="Tests\Feature\Playground\Lead\Api\Http\Controllers\Playground\CampaignRouteTest" classname="Tests.Feature.Playground.Lead.Api.Http.Controllers.Playground.CampaignRouteTest" assertions="110" time="0.351574"/>
        <testcase name="test_json_unlock_as_admin_and_succeed_with_no_redirect" file="/app/vendor/gammamatrix/playground-test/src/Feature/Http/Controllers/Resource/Playground/UnlockJsonTrait.php" line="104" class="Tests\Feature\Playground\Lead\Api\Http\Controllers\Playground\CampaignRouteTest" classname="Tests.Feature.Playground.Lead.Api.Http.Controllers.Playground.CampaignRouteTest" assertions="110" time="0.348379"/>
        <testcase name="test_json_unlock_as_user_and_get_denied" file="/app/vendor/gammamatrix/playground-test/src/Feature/Http/Controllers/Resource/Playground/UnlockJsonTrait.php" line="145" class="Tests\Feature\Playground\Lead\Api\Http\Controllers\Playground\CampaignRouteTest" classname="Tests.Feature.Playground.Lead.Api.Http.Controllers.Playground.CampaignRouteTest" assertions="3" time="0.344948"/>
        <testcase name="test_json_guest_cannot_update" file="/app/vendor/gammamatrix/playground-test/src/Feature/Http/Controllers/Resource/Playground/UpdateJsonTrait.php" line="45" class="Tests\Feature\Playground\Lead\Api\Http\Controllers\Playground\CampaignRouteTest" classname="Tests.Feature.Playground.Lead.Api.Http.Controllers.Playground.CampaignRouteTest" assertions="1" time="0.328986"/>
        <testcase name="test_json_update_as_admin_without_payload_and_fail_validation" file="/app/vendor/gammamatrix/playground-test/src/Feature/Http/Controllers/Resource/Playground/UpdateJsonTrait.php" line="65" class="Tests\Feature\Playground\Lead\Api\Http\Controllers\Playground\CampaignRouteTest" classname="Tests.Feature.Playground.Lead.Api.Http.Controllers.Playground.CampaignRouteTest" assertions="4" time="0.345660"/>
        <testcase name="test_json_admin_can_update" file="/app/vendor/gammamatrix/playground-test/src/Feature/Http/Controllers/Resource/Playground/UpdateJsonTrait.php" line="90" class="Tests\Feature\Playground\Lead\Api\Http\Controllers\Playground\CampaignRouteTest" classname="Tests.Feature.Playground.Lead.Api.Http.Controllers.Playground.CampaignRouteTest" assertions="112" time="0.394545"/>
      </testsuite>
      <testsuite name="Tests\Feature\Playground\Lead\Api\Http\Controllers\Playground\GoalRouteTest" file="/app/tests/Feature/Http/Controllers/Playground/GoalRouteTest.php" tests="35" assertions="1075" errors="0" failures="0" skipped="0" time="12.412699">
        <testcase name="test_json_guest_cannot_get_create_info" file="/app/vendor/gammamatrix/playground-test/src/Feature/Http/Controllers/Resource/Playground/CreateJsonTrait.php" line="38" class="Tests\Feature\Playground\Lead\Api\Http\Controllers\Playground\GoalRouteTest" classname="Tests.Feature.Playground.Lead.Api.Http.Controllers.Playground.GoalRouteTest" assertions="1" time="0.339928"/>
        <testcase name="test_json_admin_can_get_create_info" file="/app/vendor/gammamatrix/playground-test/src/Feature/Http/Controllers/Resource/Playground/CreateJsonTrait.php" line="53" class="Tests\Feature\Playground\Lead\Api\Http\Controllers\Playground\GoalRouteTest" classname="Tests.Feature.Playground.Lead.Api.Http.Controllers.Playground.GoalRouteTest" assertions="108" time="0.348569"/>
        <testcase name="test_json_get_create_info_as_admin_with_invalid_parameter_and_fail_validation" file="/app/vendor/gammamatrix/playground-test/src/Feature/Http/Controllers/Resource/Playground/CreateJsonTrait.php" line="73" class="Tests\Feature\Playground\Lead\Api\Http\Controllers\Playground\GoalRouteTest" classname="Tests.Feature.Playground.Lead.Api.Http.Controllers.Playground.GoalRouteTest" assertions="4" time="0.349716"/>
        <testcase name="test_json_guest_cannot_destroy" file="/app/vendor/gammamatrix/playground-test/src/Feature/Http/Controllers/Resource/Playground/DestroyJsonTrait.php" line="31" class="Tests\Feature\Playground\Lead\Api\Http\Controllers\Playground\GoalRouteTest" classname="Tests.Feature.Playground.Lead.Api.Http.Controllers.Playground.GoalRouteTest" assertions="3" time="0.331941"/>
        <testcase name="test_json_destroy_as_admin_and_succeed" file="/app/vendor/gammamatrix/playground-test/src/Feature/Http/Controllers/Resource/Playground/DestroyJsonTrait.php" line="61" class="Tests\Feature\Playground\Lead\Api\Http\Controllers\Playground\GoalRouteTest" classname="Tests.Feature.Playground.Lead.Api.Http.Controllers.Playground.GoalRouteTest" assertions="5" time="0.352297"/>
        <testcase name="test_json_destroy_as_admin_and_succeed_with_force_delete" file="/app/vendor/gammamatrix/playground-test/src/Feature/Http/Controllers/Resource/Playground/DestroyJsonTrait.php" line="100" class="Tests\Feature\Playground\Lead\Api\Http\Controllers\Playground\GoalRouteTest" classname="Tests.Feature.Playground.Lead.Api.Http.Controllers.Playground.GoalRouteTest" assertions="4" time="0.356636"/>
        <testcase name="test_json_destroy_as_admin_and_succeed_with_no_content" file="/app/vendor/gammamatrix/playground-test/src/Feature/Http/Controllers/Resource/Playground/DestroyJsonTrait.php" line="132" class="Tests\Feature\Playground\Lead\Api\Http\Controllers\Playground\GoalRouteTest" classname="Tests.Feature.Playground.Lead.Api.Http.Controllers.Playground.GoalRouteTest" assertions="5" time="0.350975"/>
        <testcase name="test_json_destroy_as_admin_and_succeed_and_ignore_redirect" file="/app/vendor/gammamatrix/playground-test/src/Feature/Http/Controllers/Resource/Playground/DestroyJsonTrait.php" line="167" class="Tests\Feature\Playground\Lead\Api\Http\Controllers\Playground\GoalRouteTest" classname="Tests.Feature.Playground.Lead.Api.Http.Controllers.Playground.GoalRouteTest" assertions="5" time="0.355177"/>
        <testcase name="test_json_destroy_as_user_and_get_denied_and_no_force_delete_allowed" file="/app/vendor/gammamatrix/playground-test/src/Feature/Http/Controllers/Resource/Playground/DestroyJsonTrait.php" line="209" class="Tests\Feature\Playground\Lead\Api\Http\Controllers\Playground\GoalRouteTest" classname="Tests.Feature.Playground.Lead.Api.Http.Controllers.Playground.GoalRouteTest" assertions="3" time="0.348918"/>
        <testcase name="test_json_guest_cannot_get_edit_info" file="/app/vendor/gammamatrix/playground-test/src/Feature/Http/Controllers/Resource/Playground/EditJsonTrait.php" line="38" class="Tests\Feature\Playground\Lead\Api\Http\Controllers\Playground\GoalRouteTest" classname="Tests.Feature.Playground.Lead.Api.Http.Controllers.Playground.GoalRouteTest" assertions="1" time="0.340478"/>
        <testcase name="test_json_admin_can_get_edit_info" file="/app/vendor/gammamatrix/playground-test/src/Feature/Http/Controllers/Resource/Playground/EditJsonTrait.php" line="58" class="Tests\Feature\Playground\Lead\Api\Http\Controllers\Playground\GoalRouteTest" classname="Tests.Feature.Playground.Lead.Api.Http.Controllers.Playground.GoalRouteTest" assertions="4" time="0.362609"/>
        <testcase name="test_json_edit_as_admin_and_fail_validation_with_invalid_parameter" file="/app/vendor/gammamatrix/playground-test/src/Feature/Http/Controllers/Resource/Playground/EditJsonTrait.php" line="87" class="Tests\Feature\Playground\Lead\Api\Http\Controllers\Playground\GoalRouteTest" classname="Tests.Feature.Playground.Lead.Api.Http.Controllers.Playground.GoalRouteTest" assertions="4" time="0.356750"/>
        <testcase name="test_json_guest_cannot_get_index" file="/app/vendor/gammamatrix/playground-test/src/Feature/Http/Controllers/Resource/Playground/IndexJsonTrait.php" line="34" class="Tests\Feature\Playground\Lead\Api\Http\Controllers\Playground\GoalRouteTest" classname="Tests.Feature.Playground.Lead.Api.Http.Controllers.Playground.GoalRouteTest" assertions="1" time="0.333943"/>
        <testcase name="test_json_admin_can_get_index" file="/app/vendor/gammamatrix/playground-test/src/Feature/Http/Controllers/Resource/Playground/IndexJsonTrait.php" line="49" class="Tests\Feature\Playground\Lead\Api\Http\Controllers\Playground\GoalRouteTest" classname="Tests.Feature.Playground.Lead.Api.Http.Controllers.Playground.GoalRouteTest" assertions="115" time="0.375463"/>
        <testcase name="test_json_admin_can_get_index_with_filters" file="/app/vendor/gammamatrix/playground-test/src/Feature/Http/Controllers/Resource/Playground/IndexJsonTrait.php" line="85" class="Tests\Feature\Playground\Lead\Api\Http\Controllers\Playground\GoalRouteTest" classname="Tests.Feature.Playground.Lead.Api.Http.Controllers.Playground.GoalRouteTest" assertions="3" time="0.357533"/>
        <testcase name="test_json_guest_cannot_lock" file="/app/vendor/gammamatrix/playground-test/src/Feature/Http/Controllers/Resource/Playground/LockJsonTrait.php" line="36" class="Tests\Feature\Playground\Lead\Api\Http\Controllers\Playground\GoalRouteTest" classname="Tests.Feature.Playground.Lead.Api.Http.Controllers.Playground.GoalRouteTest" assertions="3" time="0.338816"/>
        <testcase name="test_json_lock_as_admin_and_succeed" file="/app/vendor/gammamatrix/playground-test/src/Feature/Http/Controllers/Resource/Playground/LockJsonTrait.php" line="66" class="Tests\Feature\Playground\Lead\Api\Http\Controllers\Playground\GoalRouteTest" classname="Tests.Feature.Playground.Lead.Api.Http.Controllers.Playground.GoalRouteTest" assertions="3" time="0.360446"/>
        <testcase name="test_json_lock_as_admin_and_succeed_with_no_redirect" file="/app/vendor/gammamatrix/playground-test/src/Feature/Http/Controllers/Resource/Playground/LockJsonTrait.php" line="98" class="Tests\Feature\Playground\Lead\Api\Http\Controllers\Playground\GoalRouteTest" classname="Tests.Feature.Playground.Lead.Api.Http.Controllers.Playground.GoalRouteTest" assertions="110" time="0.364059"/>
        <testcase name="test_json_lock_as_user_and_get_denied" file="/app/vendor/gammamatrix/playground-test/src/Feature/Http/Controllers/Resource/Playground/LockJsonTrait.php" line="143" class="Tests\Feature\Playground\Lead\Api\Http\Controllers\Playground\GoalRouteTest" classname="Tests.Feature.Playground.Lead.Api.Http.Controllers.Playground.GoalRouteTest" assertions="3" time="0.346626"/>
        <testcase name="test_json_guest_cannot_restore" file="/app/vendor/gammamatrix/playground-test/src/Feature/Http/Controllers/Resource/Playground/RestoreJsonTrait.php" line="32" class="Tests\Feature\Playground\Lead\Api\Http\Controllers\Playground\GoalRouteTest" classname="Tests.Feature.Playground.Lead.Api.Http.Controllers.Playground.GoalRouteTest" assertions="3" time="0.340965"/>
        <testcase name="test_json_restore_as_admin_and_succeed" file="/app/vendor/gammamatrix/playground-test/src/Feature/Http/Controllers/Resource/Playground/RestoreJsonTrait.php" line="64" class="Tests\Feature\Playground\Lead\Api\Http\Controllers\Playground\GoalRouteTest" classname="Tests.Feature.Playground.Lead.Api.Http.Controllers.Playground.GoalRouteTest" assertions="110" time="0.363556"/>
        <testcase name="test_json_restore_as_admin_and_succeed_with_no_redirect" file="/app/vendor/gammamatrix/playground-test/src/Feature/Http/Controllers/Resource/Playground/RestoreJsonTrait.php" line="100" class="Tests\Feature\Playground\Lead\Api\Http\Controllers\Playground\GoalRouteTest" classname="Tests.Feature.Playground.Lead.Api.Http.Controllers.Playground.GoalRouteTest" assertions="110" time="0.359246"/>
        <testcase name="test_json_restore_as_user_and_get_denied" file="/app/vendor/gammamatrix/playground-test/src/Feature/Http/Controllers/Resource/Playground/RestoreJsonTrait.php" line="143" class="Tests\Feature\Playground\Lead\Api\Http\Controllers\Playground\GoalRouteTest" classname="Tests.Feature.Playground.Lead.Api.Http.Controllers.Playground.GoalRouteTest" assertions="3" time="0.348664"/>
        <testcase name="test_json_guest_cannot_see_info" file="/app/vendor/gammamatrix/playground-test/src/Feature/Http/Controllers/Resource/Playground/ShowJsonTrait.php" line="29" class="Tests\Feature\Playground\Lead\Api\Http\Controllers\Playground\GoalRouteTest" classname="Tests.Feature.Playground.Lead.Api.Http.Controllers.Playground.GoalRouteTest" assertions="1" time="0.336143"/>
        <testcase name="test_json_show_info_for_admin" file="/app/vendor/gammamatrix/playground-test/src/Feature/Http/Controllers/Resource/Playground/ShowJsonTrait.php" line="49" class="Tests\Feature\Playground\Lead\Api\Http\Controllers\Playground\GoalRouteTest" classname="Tests.Feature.Playground.Lead.Api.Http.Controllers.Playground.GoalRouteTest" assertions="109" time="0.372734"/>
        <testcase name="test_json_guest_cannot_store" file="/app/vendor/gammamatrix/playground-test/src/Feature/Http/Controllers/Resource/Playground/StoreJsonTrait.php" line="43" class="Tests\Feature\Playground\Lead\Api\Http\Controllers\Playground\GoalRouteTest" classname="Tests.Feature.Playground.Lead.Api.Http.Controllers.Playground.GoalRouteTest" assertions="3" time="0.329896"/>
        <testcase name="test_json_store_as_admin_without_payload_and_fail_validation" file="/app/vendor/gammamatrix/playground-test/src/Feature/Http/Controllers/Resource/Playground/StoreJsonTrait.php" line="66" class="Tests\Feature\Playground\Lead\Api\Http\Controllers\Playground\GoalRouteTest" classname="Tests.Feature.Playground.Lead.Api.Http.Controllers.Playground.GoalRouteTest" assertions="5" time="0.350189"/>
        <testcase name="test_json_store_as_admin_and_succeed" file="/app/vendor/gammamatrix/playground-test/src/Feature/Http/Controllers/Resource/Playground/StoreJsonTrait.php" line="92" class="Tests\Feature\Playground\Lead\Api\Http\Controllers\Playground\GoalRouteTest" classname="Tests.Feature.Playground.Lead.Api.Http.Controllers.Playground.GoalRouteTest" assertions="3" time="0.389072"/>
        <testcase name="test_json_guest_cannot_unlock" file="/app/vendor/gammamatrix/playground-test/src/Feature/Http/Controllers/Resource/Playground/UnlockJsonTrait.php" line="36" class="Tests\Feature\Playground\Lead\Api\Http\Controllers\Playground\GoalRouteTest" classname="Tests.Feature.Playground.Lead.Api.Http.Controllers.Playground.GoalRouteTest" assertions="3" time="0.340864"/>
        <testcase name="test_json_unlock_as_admin_and_succeed" file="/app/vendor/gammamatrix/playground-test/src/Feature/Http/Controllers/Resource/Playground/UnlockJsonTrait.php" line="68" class="Tests\Feature\Playground\Lead\Api\Http\Controllers\Playground\GoalRouteTest" classname="Tests.Feature.Playground.Lead.Api.Http.Controllers.Playground.GoalRouteTest" assertions="110" time="0.364820"/>
        <testcase name="test_json_unlock_as_admin_and_succeed_with_no_redirect" file="/app/vendor/gammamatrix/playground-test/src/Feature/Http/Controllers/Resource/Playground/UnlockJsonTrait.php" line="104" class="Tests\Feature\Playground\Lead\Api\Http\Controllers\Playground\GoalRouteTest" classname="Tests.Feature.Playground.Lead.Api.Http.Controllers.Playground.GoalRouteTest" assertions="110" time="0.371873"/>
        <testcase name="test_json_unlock_as_user_and_get_denied" file="/app/vendor/gammamatrix/playground-test/src/Feature/Http/Controllers/Resource/Playground/UnlockJsonTrait.php" line="145" class="Tests\Feature\Playground\Lead\Api\Http\Controllers\Playground\GoalRouteTest" classname="Tests.Feature.Playground.Lead.Api.Http.Controllers.Playground.GoalRouteTest" assertions="3" time="0.351840"/>
        <testcase name="test_json_guest_cannot_update" file="/app/vendor/gammamatrix/playground-test/src/Feature/Http/Controllers/Resource/Playground/UpdateJsonTrait.php" line="45" class="Tests\Feature\Playground\Lead\Api\Http\Controllers\Playground\GoalRouteTest" classname="Tests.Feature.Playground.Lead.Api.Http.Controllers.Playground.GoalRouteTest" assertions="1" time="0.337577"/>
        <testcase name="test_json_update_as_admin_without_payload_and_fail_validation" file="/app/vendor/gammamatrix/playground-test/src/Feature/Http/Controllers/Resource/Playground/UpdateJsonTrait.php" line="65" class="Tests\Feature\Playground\Lead\Api\Http\Controllers\Playground\GoalRouteTest" classname="Tests.Feature.Playground.Lead.Api.Http.Controllers.Playground.GoalRouteTest" assertions="4" time="0.370342"/>
        <testcase name="test_json_admin_can_update" file="/app/vendor/gammamatrix/playground-test/src/Feature/Http/Controllers/Resource/Playground/UpdateJsonTrait.php" line="90" class="Tests\Feature\Playground\Lead\Api\Http\Controllers\Playground\GoalRouteTest" classname="Tests.Feature.Playground.Lead.Api.Http.Controllers.Playground.GoalRouteTest" assertions="112" time="0.414041"/>
      </testsuite>
      <testsuite name="Tests\Feature\Playground\Lead\Api\Http\Controllers\Playground\LeadRouteTest" file="/app/tests/Feature/Http/Controllers/Playground/LeadRouteTest.php" tests="35" assertions="1075" errors="0" failures="0" skipped="0" time="12.125814">
        <testcase name="test_json_guest_cannot_get_create_info" file="/app/vendor/gammamatrix/playground-test/src/Feature/Http/Controllers/Resource/Playground/CreateJsonTrait.php" line="38" class="Tests\Feature\Playground\Lead\Api\Http\Controllers\Playground\LeadRouteTest" classname="Tests.Feature.Playground.Lead.Api.Http.Controllers.Playground.LeadRouteTest" assertions="1" time="0.351700"/>
        <testcase name="test_json_admin_can_get_create_info" file="/app/vendor/gammamatrix/playground-test/src/Feature/Http/Controllers/Resource/Playground/CreateJsonTrait.php" line="53" class="Tests\Feature\Playground\Lead\Api\Http\Controllers\Playground\LeadRouteTest" classname="Tests.Feature.Playground.Lead.Api.Http.Controllers.Playground.LeadRouteTest" assertions="108" time="0.357105"/>
        <testcase name="test_json_get_create_info_as_admin_with_invalid_parameter_and_fail_validation" file="/app/vendor/gammamatrix/playground-test/src/Feature/Http/Controllers/Resource/Playground/CreateJsonTrait.php" line="73" class="Tests\Feature\Playground\Lead\Api\Http\Controllers\Playground\LeadRouteTest" classname="Tests.Feature.Playground.Lead.Api.Http.Controllers.Playground.LeadRouteTest" assertions="4" time="0.329354"/>
        <testcase name="test_json_guest_cannot_destroy" file="/app/vendor/gammamatrix/playground-test/src/Feature/Http/Controllers/Resource/Playground/DestroyJsonTrait.php" line="31" class="Tests\Feature\Playground\Lead\Api\Http\Controllers\Playground\LeadRouteTest" classname="Tests.Feature.Playground.Lead.Api.Http.Controllers.Playground.LeadRouteTest" assertions="3" time="0.323517"/>
        <testcase name="test_json_destroy_as_admin_and_succeed" file="/app/vendor/gammamatrix/playground-test/src/Feature/Http/Controllers/Resource/Playground/DestroyJsonTrait.php" line="61" class="Tests\Feature\Playground\Lead\Api\Http\Controllers\Playground\LeadRouteTest" classname="Tests.Feature.Playground.Lead.Api.Http.Controllers.Playground.LeadRouteTest" assertions="5" time="0.340810"/>
        <testcase name="test_json_destroy_as_admin_and_succeed_with_force_delete" file="/app/vendor/gammamatrix/playground-test/src/Feature/Http/Controllers/Resource/Playground/DestroyJsonTrait.php" line="100" class="Tests\Feature\Playground\Lead\Api\Http\Controllers\Playground\LeadRouteTest" classname="Tests.Feature.Playground.Lead.Api.Http.Controllers.Playground.LeadRouteTest" assertions="4" time="0.329023"/>
        <testcase name="test_json_destroy_as_admin_and_succeed_with_no_content" file="/app/vendor/gammamatrix/playground-test/src/Feature/Http/Controllers/Resource/Playground/DestroyJsonTrait.php" line="132" class="Tests\Feature\Playground\Lead\Api\Http\Controllers\Playground\LeadRouteTest" classname="Tests.Feature.Playground.Lead.Api.Http.Controllers.Playground.LeadRouteTest" assertions="5" time="0.338533"/>
        <testcase name="test_json_destroy_as_admin_and_succeed_and_ignore_redirect" file="/app/vendor/gammamatrix/playground-test/src/Feature/Http/Controllers/Resource/Playground/DestroyJsonTrait.php" line="167" class="Tests\Feature\Playground\Lead\Api\Http\Controllers\Playground\LeadRouteTest" classname="Tests.Feature.Playground.Lead.Api.Http.Controllers.Playground.LeadRouteTest" assertions="5" time="0.342927"/>
        <testcase name="test_json_destroy_as_user_and_get_denied_and_no_force_delete_allowed" file="/app/vendor/gammamatrix/playground-test/src/Feature/Http/Controllers/Resource/Playground/DestroyJsonTrait.php" line="209" class="Tests\Feature\Playground\Lead\Api\Http\Controllers\Playground\LeadRouteTest" classname="Tests.Feature.Playground.Lead.Api.Http.Controllers.Playground.LeadRouteTest" assertions="3" time="0.329137"/>
        <testcase name="test_json_guest_cannot_get_edit_info" file="/app/vendor/gammamatrix/playground-test/src/Feature/Http/Controllers/Resource/Playground/EditJsonTrait.php" line="38" class="Tests\Feature\Playground\Lead\Api\Http\Controllers\Playground\LeadRouteTest" classname="Tests.Feature.Playground.Lead.Api.Http.Controllers.Playground.LeadRouteTest" assertions="1" time="0.323842"/>
        <testcase name="test_json_admin_can_get_edit_info" file="/app/vendor/gammamatrix/playground-test/src/Feature/Http/Controllers/Resource/Playground/EditJsonTrait.php" line="58" class="Tests\Feature\Playground\Lead\Api\Http\Controllers\Playground\LeadRouteTest" classname="Tests.Feature.Playground.Lead.Api.Http.Controllers.Playground.LeadRouteTest" assertions="4" time="0.362786"/>
        <testcase name="test_json_edit_as_admin_and_fail_validation_with_invalid_parameter" file="/app/vendor/gammamatrix/playground-test/src/Feature/Http/Controllers/Resource/Playground/EditJsonTrait.php" line="87" class="Tests\Feature\Playground\Lead\Api\Http\Controllers\Playground\LeadRouteTest" classname="Tests.Feature.Playground.Lead.Api.Http.Controllers.Playground.LeadRouteTest" assertions="4" time="0.343705"/>
        <testcase name="test_json_guest_cannot_get_index" file="/app/vendor/gammamatrix/playground-test/src/Feature/Http/Controllers/Resource/Playground/IndexJsonTrait.php" line="34" class="Tests\Feature\Playground\Lead\Api\Http\Controllers\Playground\LeadRouteTest" classname="Tests.Feature.Playground.Lead.Api.Http.Controllers.Playground.LeadRouteTest" assertions="1" time="0.321451"/>
        <testcase name="test_json_admin_can_get_index" file="/app/vendor/gammamatrix/playground-test/src/Feature/Http/Controllers/Resource/Playground/IndexJsonTrait.php" line="49" class="Tests\Feature\Playground\Lead\Api\Http\Controllers\Playground\LeadRouteTest" classname="Tests.Feature.Playground.Lead.Api.Http.Controllers.Playground.LeadRouteTest" assertions="115" time="0.375225"/>
        <testcase name="test_json_admin_can_get_index_with_filters" file="/app/vendor/gammamatrix/playground-test/src/Feature/Http/Controllers/Resource/Playground/IndexJsonTrait.php" line="85" class="Tests\Feature\Playground\Lead\Api\Http\Controllers\Playground\LeadRouteTest" classname="Tests.Feature.Playground.Lead.Api.Http.Controllers.Playground.LeadRouteTest" assertions="3" time="0.348745"/>
        <testcase name="test_json_guest_cannot_lock" file="/app/vendor/gammamatrix/playground-test/src/Feature/Http/Controllers/Resource/Playground/LockJsonTrait.php" line="36" class="Tests\Feature\Playground\Lead\Api\Http\Controllers\Playground\LeadRouteTest" classname="Tests.Feature.Playground.Lead.Api.Http.Controllers.Playground.LeadRouteTest" assertions="3" time="0.336118"/>
        <testcase name="test_json_lock_as_admin_and_succeed" file="/app/vendor/gammamatrix/playground-test/src/Feature/Http/Controllers/Resource/Playground/LockJsonTrait.php" line="66" class="Tests\Feature\Playground\Lead\Api\Http\Controllers\Playground\LeadRouteTest" classname="Tests.Feature.Playground.Lead.Api.Http.Controllers.Playground.LeadRouteTest" assertions="3" time="0.347250"/>
        <testcase name="test_json_lock_as_admin_and_succeed_with_no_redirect" file="/app/vendor/gammamatrix/playground-test/src/Feature/Http/Controllers/Resource/Playground/LockJsonTrait.php" line="98" class="Tests\Feature\Playground\Lead\Api\Http\Controllers\Playground\LeadRouteTest" classname="Tests.Feature.Playground.Lead.Api.Http.Controllers.Playground.LeadRouteTest" assertions="110" time="0.363627"/>
        <testcase name="test_json_lock_as_user_and_get_denied" file="/app/vendor/gammamatrix/playground-test/src/Feature/Http/Controllers/Resource/Playground/LockJsonTrait.php" line="143" class="Tests\Feature\Playground\Lead\Api\Http\Controllers\Playground\LeadRouteTest" classname="Tests.Feature.Playground.Lead.Api.Http.Controllers.Playground.LeadRouteTest" assertions="3" time="0.391754"/>
        <testcase name="test_json_guest_cannot_restore" file="/app/vendor/gammamatrix/playground-test/src/Feature/Http/Controllers/Resource/Playground/RestoreJsonTrait.php" line="32" class="Tests\Feature\Playground\Lead\Api\Http\Controllers\Playground\LeadRouteTest" classname="Tests.Feature.Playground.Lead.Api.Http.Controllers.Playground.LeadRouteTest" assertions="3" time="0.325465"/>
        <testcase name="test_json_restore_as_admin_and_succeed" file="/app/vendor/gammamatrix/playground-test/src/Feature/Http/Controllers/Resource/Playground/RestoreJsonTrait.php" line="64" class="Tests\Feature\Playground\Lead\Api\Http\Controllers\Playground\LeadRouteTest" classname="Tests.Feature.Playground.Lead.Api.Http.Controllers.Playground.LeadRouteTest" assertions="110" time="0.349580"/>
        <testcase name="test_json_restore_as_admin_and_succeed_with_no_redirect" file="/app/vendor/gammamatrix/playground-test/src/Feature/Http/Controllers/Resource/Playground/RestoreJsonTrait.php" line="100" class="Tests\Feature\Playground\Lead\Api\Http\Controllers\Playground\LeadRouteTest" classname="Tests.Feature.Playground.Lead.Api.Http.Controllers.Playground.LeadRouteTest" assertions="110" time="0.362668"/>
        <testcase name="test_json_restore_as_user_and_get_denied" file="/app/vendor/gammamatrix/playground-test/src/Feature/Http/Controllers/Resource/Playground/RestoreJsonTrait.php" line="143" class="Tests\Feature\Playground\Lead\Api\Http\Controllers\Playground\LeadRouteTest" classname="Tests.Feature.Playground.Lead.Api.Http.Controllers.Playground.LeadRouteTest" assertions="3" time="0.337221"/>
        <testcase name="test_json_guest_cannot_see_info" file="/app/vendor/gammamatrix/playground-test/src/Feature/Http/Controllers/Resource/Playground/ShowJsonTrait.php" line="29" class="Tests\Feature\Playground\Lead\Api\Http\Controllers\Playground\LeadRouteTest" classname="Tests.Feature.Playground.Lead.Api.Http.Controllers.Playground.LeadRouteTest" assertions="1" time="0.324019"/>
        <testcase name="test_json_show_info_for_admin" file="/app/vendor/gammamatrix/playground-test/src/Feature/Http/Controllers/Resource/Playground/ShowJsonTrait.php" line="49" class="Tests\Feature\Playground\Lead\Api\Http\Controllers\Playground\LeadRouteTest" classname="Tests.Feature.Playground.Lead.Api.Http.Controllers.Playground.LeadRouteTest" assertions="109" time="0.360962"/>
        <testcase name="test_json_guest_cannot_store" file="/app/vendor/gammamatrix/playground-test/src/Feature/Http/Controllers/Resource/Playground/StoreJsonTrait.php" line="43" class="Tests\Feature\Playground\Lead\Api\Http\Controllers\Playground\LeadRouteTest" classname="Tests.Feature.Playground.Lead.Api.Http.Controllers.Playground.LeadRouteTest" assertions="3" time="0.321986"/>
        <testcase name="test_json_store_as_admin_without_payload_and_fail_validation" file="/app/vendor/gammamatrix/playground-test/src/Feature/Http/Controllers/Resource/Playground/StoreJsonTrait.php" line="66" class="Tests\Feature\Playground\Lead\Api\Http\Controllers\Playground\LeadRouteTest" classname="Tests.Feature.Playground.Lead.Api.Http.Controllers.Playground.LeadRouteTest" assertions="5" time="0.338691"/>
        <testcase name="test_json_store_as_admin_and_succeed" file="/app/vendor/gammamatrix/playground-test/src/Feature/Http/Controllers/Resource/Playground/StoreJsonTrait.php" line="92" class="Tests\Feature\Playground\Lead\Api\Http\Controllers\Playground\LeadRouteTest" classname="Tests.Feature.Playground.Lead.Api.Http.Controllers.Playground.LeadRouteTest" assertions="3" time="0.378945"/>
        <testcase name="test_json_guest_cannot_unlock" file="/app/vendor/gammamatrix/playground-test/src/Feature/Http/Controllers/Resource/Playground/UnlockJsonTrait.php" line="36" class="Tests\Feature\Playground\Lead\Api\Http\Controllers\Playground\LeadRouteTest" classname="Tests.Feature.Playground.Lead.Api.Http.Controllers.Playground.LeadRouteTest" assertions="3" time="0.341151"/>
        <testcase name="test_json_unlock_as_admin_and_succeed" file="/app/vendor/gammamatrix/playground-test/src/Feature/Http/Controllers/Resource/Playground/UnlockJsonTrait.php" line="68" class="Tests\Feature\Playground\Lead\Api\Http\Controllers\Playground\LeadRouteTest" classname="Tests.Feature.Playground.Lead.Api.Http.Controllers.Playground.LeadRouteTest" assertions="110" time="0.352490"/>
        <testcase name="test_json_unlock_as_admin_and_succeed_with_no_redirect" file="/app/vendor/gammamatrix/playground-test/src/Feature/Http/Controllers/Resource/Playground/UnlockJsonTrait.php" line="104" class="Tests\Feature\Playground\Lead\Api\Http\Controllers\Playground\LeadRouteTest" classname="Tests.Feature.Playground.Lead.Api.Http.Controllers.Playground.LeadRouteTest" assertions="110" time="0.357778"/>
        <testcase name="test_json_unlock_as_user_and_get_denied" file="/app/vendor/gammamatrix/playground-test/src/Feature/Http/Controllers/Resource/Playground/UnlockJsonTrait.php" line="145" class="Tests\Feature\Playground\Lead\Api\Http\Controllers\Playground\LeadRouteTest" classname="Tests.Feature.Playground.Lead.Api.Http.Controllers.Playground.LeadRouteTest" assertions="3" time="0.339847"/>
        <testcase name="test_json_guest_cannot_update" file="/app/vendor/gammamatrix/playground-test/src/Feature/Http/Controllers/Resource/Playground/UpdateJsonTrait.php" line="45" class="Tests\Feature\Playground\Lead\Api\Http\Controllers\Playground\LeadRouteTest" classname="Tests.Feature.Playground.Lead.Api.Http.Controllers.Playground.LeadRouteTest" assertions="1" time="0.325511"/>
        <testcase name="test_json_update_as_admin_without_payload_and_fail_validation" file="/app/vendor/gammamatrix/playground-test/src/Feature/Http/Controllers/Resource/Playground/UpdateJsonTrait.php" line="65" class="Tests\Feature\Playground\Lead\Api\Http\Controllers\Playground\LeadRouteTest" classname="Tests.Feature.Playground.Lead.Api.Http.Controllers.Playground.LeadRouteTest" assertions="4" time="0.363759"/>
        <testcase name="test_json_admin_can_update" file="/app/vendor/gammamatrix/playground-test/src/Feature/Http/Controllers/Resource/Playground/UpdateJsonTrait.php" line="90" class="Tests\Feature\Playground\Lead\Api\Http\Controllers\Playground\LeadRouteTest" classname="Tests.Feature.Playground.Lead.Api.Http.Controllers.Playground.LeadRouteTest" assertions="112" time="0.389132"/>
      </testsuite>
      <testsuite name="Tests\Feature\Playground\Lead\Api\Http\Controllers\Playground\OpportunityRouteTest" file="/app/tests/Feature/Http/Controllers/Playground/OpportunityRouteTest.php" tests="35" assertions="1075" errors="0" failures="0" skipped="0" time="12.063370">
        <testcase name="test_json_guest_cannot_get_create_info" file="/app/vendor/gammamatrix/playground-test/src/Feature/Http/Controllers/Resource/Playground/CreateJsonTrait.php" line="38" class="Tests\Feature\Playground\Lead\Api\Http\Controllers\Playground\OpportunityRouteTest" classname="Tests.Feature.Playground.Lead.Api.Http.Controllers.Playground.OpportunityRouteTest" assertions="1" time="0.341267"/>
        <testcase name="test_json_admin_can_get_create_info" file="/app/vendor/gammamatrix/playground-test/src/Feature/Http/Controllers/Resource/Playground/CreateJsonTrait.php" line="53" class="Tests\Feature\Playground\Lead\Api\Http\Controllers\Playground\OpportunityRouteTest" classname="Tests.Feature.Playground.Lead.Api.Http.Controllers.Playground.OpportunityRouteTest" assertions="108" time="0.352859"/>
        <testcase name="test_json_get_create_info_as_admin_with_invalid_parameter_and_fail_validation" file="/app/vendor/gammamatrix/playground-test/src/Feature/Http/Controllers/Resource/Playground/CreateJsonTrait.php" line="73" class="Tests\Feature\Playground\Lead\Api\Http\Controllers\Playground\OpportunityRouteTest" classname="Tests.Feature.Playground.Lead.Api.Http.Controllers.Playground.OpportunityRouteTest" assertions="4" time="0.330171"/>
        <testcase name="test_json_guest_cannot_destroy" file="/app/vendor/gammamatrix/playground-test/src/Feature/Http/Controllers/Resource/Playground/DestroyJsonTrait.php" line="31" class="Tests\Feature\Playground\Lead\Api\Http\Controllers\Playground\OpportunityRouteTest" classname="Tests.Feature.Playground.Lead.Api.Http.Controllers.Playground.OpportunityRouteTest" assertions="3" time="0.320940"/>
        <testcase name="test_json_destroy_as_admin_and_succeed" file="/app/vendor/gammamatrix/playground-test/src/Feature/Http/Controllers/Resource/Playground/DestroyJsonTrait.php" line="61" class="Tests\Feature\Playground\Lead\Api\Http\Controllers\Playground\OpportunityRouteTest" classname="Tests.Feature.Playground.Lead.Api.Http.Controllers.Playground.OpportunityRouteTest" assertions="5" time="0.350305"/>
        <testcase name="test_json_destroy_as_admin_and_succeed_with_force_delete" file="/app/vendor/gammamatrix/playground-test/src/Feature/Http/Controllers/Resource/Playground/DestroyJsonTrait.php" line="100" class="Tests\Feature\Playground\Lead\Api\Http\Controllers\Playground\OpportunityRouteTest" classname="Tests.Feature.Playground.Lead.Api.Http.Controllers.Playground.OpportunityRouteTest" assertions="4" time="0.335082"/>
        <testcase name="test_json_destroy_as_admin_and_succeed_with_no_content" file="/app/vendor/gammamatrix/playground-test/src/Feature/Http/Controllers/Resource/Playground/DestroyJsonTrait.php" line="132" class="Tests\Feature\Playground\Lead\Api\Http\Controllers\Playground\OpportunityRouteTest" classname="Tests.Feature.Playground.Lead.Api.Http.Controllers.Playground.OpportunityRouteTest" assertions="5" time="0.335995"/>
        <testcase name="test_json_destroy_as_admin_and_succeed_and_ignore_redirect" file="/app/vendor/gammamatrix/playground-test/src/Feature/Http/Controllers/Resource/Playground/DestroyJsonTrait.php" line="167" class="Tests\Feature\Playground\Lead\Api\Http\Controllers\Playground\OpportunityRouteTest" classname="Tests.Feature.Playground.Lead.Api.Http.Controllers.Playground.OpportunityRouteTest" assertions="5" time="0.347280"/>
        <testcase name="test_json_destroy_as_user_and_get_denied_and_no_force_delete_allowed" file="/app/vendor/gammamatrix/playground-test/src/Feature/Http/Controllers/Resource/Playground/DestroyJsonTrait.php" line="209" class="Tests\Feature\Playground\Lead\Api\Http\Controllers\Playground\OpportunityRouteTest" classname="Tests.Feature.Playground.Lead.Api.Http.Controllers.Playground.OpportunityRouteTest" assertions="3" time="0.331706"/>
        <testcase name="test_json_guest_cannot_get_edit_info" file="/app/vendor/gammamatrix/playground-test/src/Feature/Http/Controllers/Resource/Playground/EditJsonTrait.php" line="38" class="Tests\Feature\Playground\Lead\Api\Http\Controllers\Playground\OpportunityRouteTest" classname="Tests.Feature.Playground.Lead.Api.Http.Controllers.Playground.OpportunityRouteTest" assertions="1" time="0.322897"/>
        <testcase name="test_json_admin_can_get_edit_info" file="/app/vendor/gammamatrix/playground-test/src/Feature/Http/Controllers/Resource/Playground/EditJsonTrait.php" line="58" class="Tests\Feature\Playground\Lead\Api\Http\Controllers\Playground\OpportunityRouteTest" classname="Tests.Feature.Playground.Lead.Api.Http.Controllers.Playground.OpportunityRouteTest" assertions="4" time="0.356660"/>
        <testcase name="test_json_edit_as_admin_and_fail_validation_with_invalid_parameter" file="/app/vendor/gammamatrix/playground-test/src/Feature/Http/Controllers/Resource/Playground/EditJsonTrait.php" line="87" class="Tests\Feature\Playground\Lead\Api\Http\Controllers\Playground\OpportunityRouteTest" classname="Tests.Feature.Playground.Lead.Api.Http.Controllers.Playground.OpportunityRouteTest" assertions="4" time="0.343493"/>
        <testcase name="test_json_guest_cannot_get_index" file="/app/vendor/gammamatrix/playground-test/src/Feature/Http/Controllers/Resource/Playground/IndexJsonTrait.php" line="34" class="Tests\Feature\Playground\Lead\Api\Http\Controllers\Playground\OpportunityRouteTest" classname="Tests.Feature.Playground.Lead.Api.Http.Controllers.Playground.OpportunityRouteTest" assertions="1" time="0.325509"/>
        <testcase name="test_json_admin_can_get_index" file="/app/vendor/gammamatrix/playground-test/src/Feature/Http/Controllers/Resource/Playground/IndexJsonTrait.php" line="49" class="Tests\Feature\Playground\Lead\Api\Http\Controllers\Playground\OpportunityRouteTest" classname="Tests.Feature.Playground.Lead.Api.Http.Controllers.Playground.OpportunityRouteTest" assertions="115" time="0.377832"/>
        <testcase name="test_json_admin_can_get_index_with_filters" file="/app/vendor/gammamatrix/playground-test/src/Feature/Http/Controllers/Resource/Playground/IndexJsonTrait.php" line="85" class="Tests\Feature\Playground\Lead\Api\Http\Controllers\Playground\OpportunityRouteTest" classname="Tests.Feature.Playground.Lead.Api.Http.Controllers.Playground.OpportunityRouteTest" assertions="3" time="0.350185"/>
        <testcase name="test_json_guest_cannot_lock" file="/app/vendor/gammamatrix/playground-test/src/Feature/Http/Controllers/Resource/Playground/LockJsonTrait.php" line="36" class="Tests\Feature\Playground\Lead\Api\Http\Controllers\Playground\OpportunityRouteTest" classname="Tests.Feature.Playground.Lead.Api.Http.Controllers.Playground.OpportunityRouteTest" assertions="3" time="0.323165"/>
        <testcase name="test_json_lock_as_admin_and_succeed" file="/app/vendor/gammamatrix/playground-test/src/Feature/Http/Controllers/Resource/Playground/LockJsonTrait.php" line="66" class="Tests\Feature\Playground\Lead\Api\Http\Controllers\Playground\OpportunityRouteTest" classname="Tests.Feature.Playground.Lead.Api.Http.Controllers.Playground.OpportunityRouteTest" assertions="3" time="0.357431"/>
        <testcase name="test_json_lock_as_admin_and_succeed_with_no_redirect" file="/app/vendor/gammamatrix/playground-test/src/Feature/Http/Controllers/Resource/Playground/LockJsonTrait.php" line="98" class="Tests\Feature\Playground\Lead\Api\Http\Controllers\Playground\OpportunityRouteTest" classname="Tests.Feature.Playground.Lead.Api.Http.Controllers.Playground.OpportunityRouteTest" assertions="110" time="0.359360"/>
        <testcase name="test_json_lock_as_user_and_get_denied" file="/app/vendor/gammamatrix/playground-test/src/Feature/Http/Controllers/Resource/Playground/LockJsonTrait.php" line="143" class="Tests\Feature\Playground\Lead\Api\Http\Controllers\Playground\OpportunityRouteTest" classname="Tests.Feature.Playground.Lead.Api.Http.Controllers.Playground.OpportunityRouteTest" assertions="3" time="0.350569"/>
        <testcase name="test_json_guest_cannot_restore" file="/app/vendor/gammamatrix/playground-test/src/Feature/Http/Controllers/Resource/Playground/RestoreJsonTrait.php" line="32" class="Tests\Feature\Playground\Lead\Api\Http\Controllers\Playground\OpportunityRouteTest" classname="Tests.Feature.Playground.Lead.Api.Http.Controllers.Playground.OpportunityRouteTest" assertions="3" time="0.329452"/>
        <testcase name="test_json_restore_as_admin_and_succeed" file="/app/vendor/gammamatrix/playground-test/src/Feature/Http/Controllers/Resource/Playground/RestoreJsonTrait.php" line="64" class="Tests\Feature\Playground\Lead\Api\Http\Controllers\Playground\OpportunityRouteTest" classname="Tests.Feature.Playground.Lead.Api.Http.Controllers.Playground.OpportunityRouteTest" assertions="110" time="0.346279"/>
        <testcase name="test_json_restore_as_admin_and_succeed_with_no_redirect" file="/app/vendor/gammamatrix/playground-test/src/Feature/Http/Controllers/Resource/Playground/RestoreJsonTrait.php" line="100" class="Tests\Feature\Playground\Lead\Api\Http\Controllers\Playground\OpportunityRouteTest" classname="Tests.Feature.Playground.Lead.Api.Http.Controllers.Playground.OpportunityRouteTest" assertions="110" time="0.361285"/>
        <testcase name="test_json_restore_as_user_and_get_denied" file="/app/vendor/gammamatrix/playground-test/src/Feature/Http/Controllers/Resource/Playground/RestoreJsonTrait.php" line="143" class="Tests\Feature\Playground\Lead\Api\Http\Controllers\Playground\OpportunityRouteTest" classname="Tests.Feature.Playground.Lead.Api.Http.Controllers.Playground.OpportunityRouteTest" assertions="3" time="0.335638"/>
        <testcase name="test_json_guest_cannot_see_info" file="/app/vendor/gammamatrix/playground-test/src/Feature/Http/Controllers/Resource/Playground/ShowJsonTrait.php" line="29" class="Tests\Feature\Playground\Lead\Api\Http\Controllers\Playground\OpportunityRouteTest" classname="Tests.Feature.Playground.Lead.Api.Http.Controllers.Playground.OpportunityRouteTest" assertions="1" time="0.322995"/>
        <testcase name="test_json_show_info_for_admin" file="/app/vendor/gammamatrix/playground-test/src/Feature/Http/Controllers/Resource/Playground/ShowJsonTrait.php" line="49" class="Tests\Feature\Playground\Lead\Api\Http\Controllers\Playground\OpportunityRouteTest" classname="Tests.Feature.Playground.Lead.Api.Http.Controllers.Playground.OpportunityRouteTest" assertions="109" time="0.368383"/>
        <testcase name="test_json_guest_cannot_store" file="/app/vendor/gammamatrix/playground-test/src/Feature/Http/Controllers/Resource/Playground/StoreJsonTrait.php" line="43" class="Tests\Feature\Playground\Lead\Api\Http\Controllers\Playground\OpportunityRouteTest" classname="Tests.Feature.Playground.Lead.Api.Http.Controllers.Playground.OpportunityRouteTest" assertions="3" time="0.320783"/>
        <testcase name="test_json_store_as_admin_without_payload_and_fail_validation" file="/app/vendor/gammamatrix/playground-test/src/Feature/Http/Controllers/Resource/Playground/StoreJsonTrait.php" line="66" class="Tests\Feature\Playground\Lead\Api\Http\Controllers\Playground\OpportunityRouteTest" classname="Tests.Feature.Playground.Lead.Api.Http.Controllers.Playground.OpportunityRouteTest" assertions="5" time="0.341862"/>
        <testcase name="test_json_store_as_admin_and_succeed" file="/app/vendor/gammamatrix/playground-test/src/Feature/Http/Controllers/Resource/Playground/StoreJsonTrait.php" line="92" class="Tests\Feature\Playground\Lead\Api\Http\Controllers\Playground\OpportunityRouteTest" classname="Tests.Feature.Playground.Lead.Api.Http.Controllers.Playground.OpportunityRouteTest" assertions="3" time="0.376596"/>
        <testcase name="test_json_guest_cannot_unlock" file="/app/vendor/gammamatrix/playground-test/src/Feature/Http/Controllers/Resource/Playground/UnlockJsonTrait.php" line="36" class="Tests\Feature\Playground\Lead\Api\Http\Controllers\Playground\OpportunityRouteTest" classname="Tests.Feature.Playground.Lead.Api.Http.Controllers.Playground.OpportunityRouteTest" assertions="3" time="0.335643"/>
        <testcase name="test_json_unlock_as_admin_and_succeed" file="/app/vendor/gammamatrix/playground-test/src/Feature/Http/Controllers/Resource/Playground/UnlockJsonTrait.php" line="68" class="Tests\Feature\Playground\Lead\Api\Http\Controllers\Playground\OpportunityRouteTest" classname="Tests.Feature.Playground.Lead.Api.Http.Controllers.Playground.OpportunityRouteTest" assertions="110" time="0.351956"/>
        <testcase name="test_json_unlock_as_admin_and_succeed_with_no_redirect" file="/app/vendor/gammamatrix/playground-test/src/Feature/Http/Controllers/Resource/Playground/UnlockJsonTrait.php" line="104" class="Tests\Feature\Playground\Lead\Api\Http\Controllers\Playground\OpportunityRouteTest" classname="Tests.Feature.Playground.Lead.Api.Http.Controllers.Playground.OpportunityRouteTest" assertions="110" time="0.355863"/>
        <testcase name="test_json_unlock_as_user_and_get_denied" file="/app/vendor/gammamatrix/playground-test/src/Feature/Http/Controllers/Resource/Playground/UnlockJsonTrait.php" line="145" class="Tests\Feature\Playground\Lead\Api\Http\Controllers\Playground\OpportunityRouteTest" classname="Tests.Feature.Playground.Lead.Api.Http.Controllers.Playground.OpportunityRouteTest" assertions="3" time="0.335047"/>
        <testcase name="test_json_guest_cannot_update" file="/app/vendor/gammamatrix/playground-test/src/Feature/Http/Controllers/Resource/Playground/UpdateJsonTrait.php" line="45" class="Tests\Feature\Playground\Lead\Api\Http\Controllers\Playground\OpportunityRouteTest" classname="Tests.Feature.Playground.Lead.Api.Http.Controllers.Playground.OpportunityRouteTest" assertions="1" time="0.324074"/>
        <testcase name="test_json_update_as_admin_without_payload_and_fail_validation" file="/app/vendor/gammamatrix/playground-test/src/Feature/Http/Controllers/Resource/Playground/UpdateJsonTrait.php" line="65" class="Tests\Feature\Playground\Lead\Api\Http\Controllers\Playground\OpportunityRouteTest" classname="Tests.Feature.Playground.Lead.Api.Http.Controllers.Playground.OpportunityRouteTest" assertions="4" time="0.360155"/>
        <testcase name="test_json_admin_can_update" file="/app/vendor/gammamatrix/playground-test/src/Feature/Http/Controllers/Resource/Playground/UpdateJsonTrait.php" line="90" class="Tests\Feature\Playground\Lead\Api\Http\Controllers\Playground\OpportunityRouteTest" classname="Tests.Feature.Playground.Lead.Api.Http.Controllers.Playground.OpportunityRouteTest" assertions="112" time="0.384652"/>
      </testsuite>
      <testsuite name="Tests\Feature\Playground\Lead\Api\Http\Controllers\Playground\PlanRouteTest" file="/app/tests/Feature/Http/Controllers/Playground/PlanRouteTest.php" tests="35" assertions="1075" errors="0" failures="0" skipped="0" time="12.091236">
        <testcase name="test_json_guest_cannot_get_create_info" file="/app/vendor/gammamatrix/playground-test/src/Feature/Http/Controllers/Resource/Playground/CreateJsonTrait.php" line="38" class="Tests\Feature\Playground\Lead\Api\Http\Controllers\Playground\PlanRouteTest" classname="Tests.Feature.Playground.Lead.Api.Http.Controllers.Playground.PlanRouteTest" assertions="1" time="0.338241"/>
        <testcase name="test_json_admin_can_get_create_info" file="/app/vendor/gammamatrix/playground-test/src/Feature/Http/Controllers/Resource/Playground/CreateJsonTrait.php" line="53" class="Tests\Feature\Playground\Lead\Api\Http\Controllers\Playground\PlanRouteTest" classname="Tests.Feature.Playground.Lead.Api.Http.Controllers.Playground.PlanRouteTest" assertions="108" time="0.351476"/>
        <testcase name="test_json_get_create_info_as_admin_with_invalid_parameter_and_fail_validation" file="/app/vendor/gammamatrix/playground-test/src/Feature/Http/Controllers/Resource/Playground/CreateJsonTrait.php" line="73" class="Tests\Feature\Playground\Lead\Api\Http\Controllers\Playground\PlanRouteTest" classname="Tests.Feature.Playground.Lead.Api.Http.Controllers.Playground.PlanRouteTest" assertions="4" time="0.333264"/>
        <testcase name="test_json_guest_cannot_destroy" file="/app/vendor/gammamatrix/playground-test/src/Feature/Http/Controllers/Resource/Playground/DestroyJsonTrait.php" line="31" class="Tests\Feature\Playground\Lead\Api\Http\Controllers\Playground\PlanRouteTest" classname="Tests.Feature.Playground.Lead.Api.Http.Controllers.Playground.PlanRouteTest" assertions="3" time="0.320714"/>
        <testcase name="test_json_destroy_as_admin_and_succeed" file="/app/vendor/gammamatrix/playground-test/src/Feature/Http/Controllers/Resource/Playground/DestroyJsonTrait.php" line="61" class="Tests\Feature\Playground\Lead\Api\Http\Controllers\Playground\PlanRouteTest" classname="Tests.Feature.Playground.Lead.Api.Http.Controllers.Playground.PlanRouteTest" assertions="5" time="0.349328"/>
        <testcase name="test_json_destroy_as_admin_and_succeed_with_force_delete" file="/app/vendor/gammamatrix/playground-test/src/Feature/Http/Controllers/Resource/Playground/DestroyJsonTrait.php" line="100" class="Tests\Feature\Playground\Lead\Api\Http\Controllers\Playground\PlanRouteTest" classname="Tests.Feature.Playground.Lead.Api.Http.Controllers.Playground.PlanRouteTest" assertions="4" time="0.329607"/>
        <testcase name="test_json_destroy_as_admin_and_succeed_with_no_content" file="/app/vendor/gammamatrix/playground-test/src/Feature/Http/Controllers/Resource/Playground/DestroyJsonTrait.php" line="132" class="Tests\Feature\Playground\Lead\Api\Http\Controllers\Playground\PlanRouteTest" classname="Tests.Feature.Playground.Lead.Api.Http.Controllers.Playground.PlanRouteTest" assertions="5" time="0.334665"/>
        <testcase name="test_json_destroy_as_admin_and_succeed_and_ignore_redirect" file="/app/vendor/gammamatrix/playground-test/src/Feature/Http/Controllers/Resource/Playground/DestroyJsonTrait.php" line="167" class="Tests\Feature\Playground\Lead\Api\Http\Controllers\Playground\PlanRouteTest" classname="Tests.Feature.Playground.Lead.Api.Http.Controllers.Playground.PlanRouteTest" assertions="5" time="0.351752"/>
        <testcase name="test_json_destroy_as_user_and_get_denied_and_no_force_delete_allowed" file="/app/vendor/gammamatrix/playground-test/src/Feature/Http/Controllers/Resource/Playground/DestroyJsonTrait.php" line="209" class="Tests\Feature\Playground\Lead\Api\Http\Controllers\Playground\PlanRouteTest" classname="Tests.Feature.Playground.Lead.Api.Http.Controllers.Playground.PlanRouteTest" assertions="3" time="0.329706"/>
        <testcase name="test_json_guest_cannot_get_edit_info" file="/app/vendor/gammamatrix/playground-test/src/Feature/Http/Controllers/Resource/Playground/EditJsonTrait.php" line="38" class="Tests\Feature\Playground\Lead\Api\Http\Controllers\Playground\PlanRouteTest" classname="Tests.Feature.Playground.Lead.Api.Http.Controllers.Playground.PlanRouteTest" assertions="1" time="0.324583"/>
        <testcase name="test_json_admin_can_get_edit_info" file="/app/vendor/gammamatrix/playground-test/src/Feature/Http/Controllers/Resource/Playground/EditJsonTrait.php" line="58" class="Tests\Feature\Playground\Lead\Api\Http\Controllers\Playground\PlanRouteTest" classname="Tests.Feature.Playground.Lead.Api.Http.Controllers.Playground.PlanRouteTest" assertions="4" time="0.363555"/>
        <testcase name="test_json_edit_as_admin_and_fail_validation_with_invalid_parameter" file="/app/vendor/gammamatrix/playground-test/src/Feature/Http/Controllers/Resource/Playground/EditJsonTrait.php" line="87" class="Tests\Feature\Playground\Lead\Api\Http\Controllers\Playground\PlanRouteTest" classname="Tests.Feature.Playground.Lead.Api.Http.Controllers.Playground.PlanRouteTest" assertions="4" time="0.346096"/>
        <testcase name="test_json_guest_cannot_get_index" file="/app/vendor/gammamatrix/playground-test/src/Feature/Http/Controllers/Resource/Playground/IndexJsonTrait.php" line="34" class="Tests\Feature\Playground\Lead\Api\Http\Controllers\Playground\PlanRouteTest" classname="Tests.Feature.Playground.Lead.Api.Http.Controllers.Playground.PlanRouteTest" assertions="1" time="0.321888"/>
        <testcase name="test_json_admin_can_get_index" file="/app/vendor/gammamatrix/playground-test/src/Feature/Http/Controllers/Resource/Playground/IndexJsonTrait.php" line="49" class="Tests\Feature\Playground\Lead\Api\Http\Controllers\Playground\PlanRouteTest" classname="Tests.Feature.Playground.Lead.Api.Http.Controllers.Playground.PlanRouteTest" assertions="115" time="0.373693"/>
        <testcase name="test_json_admin_can_get_index_with_filters" file="/app/vendor/gammamatrix/playground-test/src/Feature/Http/Controllers/Resource/Playground/IndexJsonTrait.php" line="85" class="Tests\Feature\Playground\Lead\Api\Http\Controllers\Playground\PlanRouteTest" classname="Tests.Feature.Playground.Lead.Api.Http.Controllers.Playground.PlanRouteTest" assertions="3" time="0.348783"/>
        <testcase name="test_json_guest_cannot_lock" file="/app/vendor/gammamatrix/playground-test/src/Feature/Http/Controllers/Resource/Playground/LockJsonTrait.php" line="36" class="Tests\Feature\Playground\Lead\Api\Http\Controllers\Playground\PlanRouteTest" classname="Tests.Feature.Playground.Lead.Api.Http.Controllers.Playground.PlanRouteTest" assertions="3" time="0.321754"/>
        <testcase name="test_json_lock_as_admin_and_succeed" file="/app/vendor/gammamatrix/playground-test/src/Feature/Http/Controllers/Resource/Playground/LockJsonTrait.php" line="66" class="Tests\Feature\Playground\Lead\Api\Http\Controllers\Playground\PlanRouteTest" classname="Tests.Feature.Playground.Lead.Api.Http.Controllers.Playground.PlanRouteTest" assertions="3" time="0.362792"/>
        <testcase name="test_json_lock_as_admin_and_succeed_with_no_redirect" file="/app/vendor/gammamatrix/playground-test/src/Feature/Http/Controllers/Resource/Playground/LockJsonTrait.php" line="98" class="Tests\Feature\Playground\Lead\Api\Http\Controllers\Playground\PlanRouteTest" classname="Tests.Feature.Playground.Lead.Api.Http.Controllers.Playground.PlanRouteTest" assertions="110" time="0.350179"/>
        <testcase name="test_json_lock_as_user_and_get_denied" file="/app/vendor/gammamatrix/playground-test/src/Feature/Http/Controllers/Resource/Playground/LockJsonTrait.php" line="143" class="Tests\Feature\Playground\Lead\Api\Http\Controllers\Playground\PlanRouteTest" classname="Tests.Feature.Playground.Lead.Api.Http.Controllers.Playground.PlanRouteTest" assertions="3" time="0.330547"/>
        <testcase name="test_json_guest_cannot_restore" file="/app/vendor/gammamatrix/playground-test/src/Feature/Http/Controllers/Resource/Playground/RestoreJsonTrait.php" line="32" class="Tests\Feature\Playground\Lead\Api\Http\Controllers\Playground\PlanRouteTest" classname="Tests.Feature.Playground.Lead.Api.Http.Controllers.Playground.PlanRouteTest" assertions="3" time="0.335567"/>
        <testcase name="test_json_restore_as_admin_and_succeed" file="/app/vendor/gammamatrix/playground-test/src/Feature/Http/Controllers/Resource/Playground/RestoreJsonTrait.php" line="64" class="Tests\Feature\Playground\Lead\Api\Http\Controllers\Playground\PlanRouteTest" classname="Tests.Feature.Playground.Lead.Api.Http.Controllers.Playground.PlanRouteTest" assertions="110" time="0.345059"/>
        <testcase name="test_json_restore_as_admin_and_succeed_with_no_redirect" file="/app/vendor/gammamatrix/playground-test/src/Feature/Http/Controllers/Resource/Playground/RestoreJsonTrait.php" line="100" class="Tests\Feature\Playground\Lead\Api\Http\Controllers\Playground\PlanRouteTest" classname="Tests.Feature.Playground.Lead.Api.Http.Controllers.Playground.PlanRouteTest" assertions="110" time="0.349742"/>
        <testcase name="test_json_restore_as_user_and_get_denied" file="/app/vendor/gammamatrix/playground-test/src/Feature/Http/Controllers/Resource/Playground/RestoreJsonTrait.php" line="143" class="Tests\Feature\Playground\Lead\Api\Http\Controllers\Playground\PlanRouteTest" classname="Tests.Feature.Playground.Lead.Api.Http.Controllers.Playground.PlanRouteTest" assertions="3" time="0.359558"/>
        <testcase name="test_json_guest_cannot_see_info" file="/app/vendor/gammamatrix/playground-test/src/Feature/Http/Controllers/Resource/Playground/ShowJsonTrait.php" line="29" class="Tests\Feature\Playground\Lead\Api\Http\Controllers\Playground\PlanRouteTest" classname="Tests.Feature.Playground.Lead.Api.Http.Controllers.Playground.PlanRouteTest" assertions="1" time="0.327027"/>
        <testcase name="test_json_show_info_for_admin" file="/app/vendor/gammamatrix/playground-test/src/Feature/Http/Controllers/Resource/Playground/ShowJsonTrait.php" line="49" class="Tests\Feature\Playground\Lead\Api\Http\Controllers\Playground\PlanRouteTest" classname="Tests.Feature.Playground.Lead.Api.Http.Controllers.Playground.PlanRouteTest" assertions="109" time="0.343610"/>
        <testcase name="test_json_guest_cannot_store" file="/app/vendor/gammamatrix/playground-test/src/Feature/Http/Controllers/Resource/Playground/StoreJsonTrait.php" line="43" class="Tests\Feature\Playground\Lead\Api\Http\Controllers\Playground\PlanRouteTest" classname="Tests.Feature.Playground.Lead.Api.Http.Controllers.Playground.PlanRouteTest" assertions="3" time="0.346445"/>
        <testcase name="test_json_store_as_admin_without_payload_and_fail_validation" file="/app/vendor/gammamatrix/playground-test/src/Feature/Http/Controllers/Resource/Playground/StoreJsonTrait.php" line="66" class="Tests\Feature\Playground\Lead\Api\Http\Controllers\Playground\PlanRouteTest" classname="Tests.Feature.Playground.Lead.Api.Http.Controllers.Playground.PlanRouteTest" assertions="5" time="0.339014"/>
        <testcase name="test_json_store_as_admin_and_succeed" file="/app/vendor/gammamatrix/playground-test/src/Feature/Http/Controllers/Resource/Playground/StoreJsonTrait.php" line="92" class="Tests\Feature\Playground\Lead\Api\Http\Controllers\Playground\PlanRouteTest" classname="Tests.Feature.Playground.Lead.Api.Http.Controllers.Playground.PlanRouteTest" assertions="3" time="0.365606"/>
        <testcase name="test_json_guest_cannot_unlock" file="/app/vendor/gammamatrix/playground-test/src/Feature/Http/Controllers/Resource/Playground/UnlockJsonTrait.php" line="36" class="Tests\Feature\Playground\Lead\Api\Http\Controllers\Playground\PlanRouteTest" classname="Tests.Feature.Playground.Lead.Api.Http.Controllers.Playground.PlanRouteTest" assertions="3" time="0.349896"/>
        <testcase name="test_json_unlock_as_admin_and_succeed" file="/app/vendor/gammamatrix/playground-test/src/Feature/Http/Controllers/Resource/Playground/UnlockJsonTrait.php" line="68" class="Tests\Feature\Playground\Lead\Api\Http\Controllers\Playground\PlanRouteTest" classname="Tests.Feature.Playground.Lead.Api.Http.Controllers.Playground.PlanRouteTest" assertions="110" time="0.348789"/>
        <testcase name="test_json_unlock_as_admin_and_succeed_with_no_redirect" file="/app/vendor/gammamatrix/playground-test/src/Feature/Http/Controllers/Resource/Playground/UnlockJsonTrait.php" line="104" class="Tests\Feature\Playground\Lead\Api\Http\Controllers\Playground\PlanRouteTest" classname="Tests.Feature.Playground.Lead.Api.Http.Controllers.Playground.PlanRouteTest" assertions="110" time="0.351895"/>
        <testcase name="test_json_unlock_as_user_and_get_denied" file="/app/vendor/gammamatrix/playground-test/src/Feature/Http/Controllers/Resource/Playground/UnlockJsonTrait.php" line="145" class="Tests\Feature\Playground\Lead\Api\Http\Controllers\Playground\PlanRouteTest" classname="Tests.Feature.Playground.Lead.Api.Http.Controllers.Playground.PlanRouteTest" assertions="3" time="0.361163"/>
        <testcase name="test_json_guest_cannot_update" file="/app/vendor/gammamatrix/playground-test/src/Feature/Http/Controllers/Resource/Playground/UpdateJsonTrait.php" line="45" class="Tests\Feature\Playground\Lead\Api\Http\Controllers\Playground\PlanRouteTest" classname="Tests.Feature.Playground.Lead.Api.Http.Controllers.Playground.PlanRouteTest" assertions="1" time="0.325370"/>
        <testcase name="test_json_update_as_admin_without_payload_and_fail_validation" file="/app/vendor/gammamatrix/playground-test/src/Feature/Http/Controllers/Resource/Playground/UpdateJsonTrait.php" line="65" class="Tests\Feature\Playground\Lead\Api\Http\Controllers\Playground\PlanRouteTest" classname="Tests.Feature.Playground.Lead.Api.Http.Controllers.Playground.PlanRouteTest" assertions="4" time="0.349051"/>
        <testcase name="test_json_admin_can_update" file="/app/vendor/gammamatrix/playground-test/src/Feature/Http/Controllers/Resource/Playground/UpdateJsonTrait.php" line="90" class="Tests\Feature\Playground\Lead\Api\Http\Controllers\Playground\PlanRouteTest" classname="Tests.Feature.Playground.Lead.Api.Http.Controllers.Playground.PlanRouteTest" assertions="112" time="0.410820"/>
      </testsuite>
      <testsuite name="Tests\Feature\Playground\Lead\Api\Http\Controllers\Playground\RegionRouteTest" file="/app/tests/Feature/Http/Controllers/Playground/RegionRouteTest.php" tests="35" assertions="1075" errors="0" failures="0" skipped="0" time="12.182882">
        <testcase name="test_json_guest_cannot_get_create_info" file="/app/vendor/gammamatrix/playground-test/src/Feature/Http/Controllers/Resource/Playground/CreateJsonTrait.php" line="38" class="Tests\Feature\Playground\Lead\Api\Http\Controllers\Playground\RegionRouteTest" classname="Tests.Feature.Playground.Lead.Api.Http.Controllers.Playground.RegionRouteTest" assertions="1" time="0.342256"/>
        <testcase name="test_json_admin_can_get_create_info" file="/app/vendor/gammamatrix/playground-test/src/Feature/Http/Controllers/Resource/Playground/CreateJsonTrait.php" line="53" class="Tests\Feature\Playground\Lead\Api\Http\Controllers\Playground\RegionRouteTest" classname="Tests.Feature.Playground.Lead.Api.Http.Controllers.Playground.RegionRouteTest" assertions="108" time="0.358102"/>
        <testcase name="test_json_get_create_info_as_admin_with_invalid_parameter_and_fail_validation" file="/app/vendor/gammamatrix/playground-test/src/Feature/Http/Controllers/Resource/Playground/CreateJsonTrait.php" line="73" class="Tests\Feature\Playground\Lead\Api\Http\Controllers\Playground\RegionRouteTest" classname="Tests.Feature.Playground.Lead.Api.Http.Controllers.Playground.RegionRouteTest" assertions="4" time="0.334196"/>
        <testcase name="test_json_guest_cannot_destroy" file="/app/vendor/gammamatrix/playground-test/src/Feature/Http/Controllers/Resource/Playground/DestroyJsonTrait.php" line="31" class="Tests\Feature\Playground\Lead\Api\Http\Controllers\Playground\RegionRouteTest" classname="Tests.Feature.Playground.Lead.Api.Http.Controllers.Playground.RegionRouteTest" assertions="3" time="0.321789"/>
        <testcase name="test_json_destroy_as_admin_and_succeed" file="/app/vendor/gammamatrix/playground-test/src/Feature/Http/Controllers/Resource/Playground/DestroyJsonTrait.php" line="61" class="Tests\Feature\Playground\Lead\Api\Http\Controllers\Playground\RegionRouteTest" classname="Tests.Feature.Playground.Lead.Api.Http.Controllers.Playground.RegionRouteTest" assertions="5" time="0.352360"/>
        <testcase name="test_json_destroy_as_admin_and_succeed_with_force_delete" file="/app/vendor/gammamatrix/playground-test/src/Feature/Http/Controllers/Resource/Playground/DestroyJsonTrait.php" line="100" class="Tests\Feature\Playground\Lead\Api\Http\Controllers\Playground\RegionRouteTest" classname="Tests.Feature.Playground.Lead.Api.Http.Controllers.Playground.RegionRouteTest" assertions="4" time="0.331015"/>
        <testcase name="test_json_destroy_as_admin_and_succeed_with_no_content" file="/app/vendor/gammamatrix/playground-test/src/Feature/Http/Controllers/Resource/Playground/DestroyJsonTrait.php" line="132" class="Tests\Feature\Playground\Lead\Api\Http\Controllers\Playground\RegionRouteTest" classname="Tests.Feature.Playground.Lead.Api.Http.Controllers.Playground.RegionRouteTest" assertions="5" time="0.349230"/>
        <testcase name="test_json_destroy_as_admin_and_succeed_and_ignore_redirect" file="/app/vendor/gammamatrix/playground-test/src/Feature/Http/Controllers/Resource/Playground/DestroyJsonTrait.php" line="167" class="Tests\Feature\Playground\Lead\Api\Http\Controllers\Playground\RegionRouteTest" classname="Tests.Feature.Playground.Lead.Api.Http.Controllers.Playground.RegionRouteTest" assertions="5" time="0.354679"/>
        <testcase name="test_json_destroy_as_user_and_get_denied_and_no_force_delete_allowed" file="/app/vendor/gammamatrix/playground-test/src/Feature/Http/Controllers/Resource/Playground/DestroyJsonTrait.php" line="209" class="Tests\Feature\Playground\Lead\Api\Http\Controllers\Playground\RegionRouteTest" classname="Tests.Feature.Playground.Lead.Api.Http.Controllers.Playground.RegionRouteTest" assertions="3" time="0.334313"/>
        <testcase name="test_json_guest_cannot_get_edit_info" file="/app/vendor/gammamatrix/playground-test/src/Feature/Http/Controllers/Resource/Playground/EditJsonTrait.php" line="38" class="Tests\Feature\Playground\Lead\Api\Http\Controllers\Playground\RegionRouteTest" classname="Tests.Feature.Playground.Lead.Api.Http.Controllers.Playground.RegionRouteTest" assertions="1" time="0.321589"/>
        <testcase name="test_json_admin_can_get_edit_info" file="/app/vendor/gammamatrix/playground-test/src/Feature/Http/Controllers/Resource/Playground/EditJsonTrait.php" line="58" class="Tests\Feature\Playground\Lead\Api\Http\Controllers\Playground\RegionRouteTest" classname="Tests.Feature.Playground.Lead.Api.Http.Controllers.Playground.RegionRouteTest" assertions="4" time="0.365147"/>
        <testcase name="test_json_edit_as_admin_and_fail_validation_with_invalid_parameter" file="/app/vendor/gammamatrix/playground-test/src/Feature/Http/Controllers/Resource/Playground/EditJsonTrait.php" line="87" class="Tests\Feature\Playground\Lead\Api\Http\Controllers\Playground\RegionRouteTest" classname="Tests.Feature.Playground.Lead.Api.Http.Controllers.Playground.RegionRouteTest" assertions="4" time="0.345704"/>
        <testcase name="test_json_guest_cannot_get_index" file="/app/vendor/gammamatrix/playground-test/src/Feature/Http/Controllers/Resource/Playground/IndexJsonTrait.php" line="34" class="Tests\Feature\Playground\Lead\Api\Http\Controllers\Playground\RegionRouteTest" classname="Tests.Feature.Playground.Lead.Api.Http.Controllers.Playground.RegionRouteTest" assertions="1" time="0.318711"/>
        <testcase name="test_json_admin_can_get_index" file="/app/vendor/gammamatrix/playground-test/src/Feature/Http/Controllers/Resource/Playground/IndexJsonTrait.php" line="49" class="Tests\Feature\Playground\Lead\Api\Http\Controllers\Playground\RegionRouteTest" classname="Tests.Feature.Playground.Lead.Api.Http.Controllers.Playground.RegionRouteTest" assertions="115" time="0.380400"/>
        <testcase name="test_json_admin_can_get_index_with_filters" file="/app/vendor/gammamatrix/playground-test/src/Feature/Http/Controllers/Resource/Playground/IndexJsonTrait.php" line="85" class="Tests\Feature\Playground\Lead\Api\Http\Controllers\Playground\RegionRouteTest" classname="Tests.Feature.Playground.Lead.Api.Http.Controllers.Playground.RegionRouteTest" assertions="3" time="0.350737"/>
        <testcase name="test_json_guest_cannot_lock" file="/app/vendor/gammamatrix/playground-test/src/Feature/Http/Controllers/Resource/Playground/LockJsonTrait.php" line="36" class="Tests\Feature\Playground\Lead\Api\Http\Controllers\Playground\RegionRouteTest" classname="Tests.Feature.Playground.Lead.Api.Http.Controllers.Playground.RegionRouteTest" assertions="3" time="0.324426"/>
        <testcase name="test_json_lock_as_admin_and_succeed" file="/app/vendor/gammamatrix/playground-test/src/Feature/Http/Controllers/Resource/Playground/LockJsonTrait.php" line="66" class="Tests\Feature\Playground\Lead\Api\Http\Controllers\Playground\RegionRouteTest" classname="Tests.Feature.Playground.Lead.Api.Http.Controllers.Playground.RegionRouteTest" assertions="3" time="0.365954"/>
        <testcase name="test_json_lock_as_admin_and_succeed_with_no_redirect" file="/app/vendor/gammamatrix/playground-test/src/Feature/Http/Controllers/Resource/Playground/LockJsonTrait.php" line="98" class="Tests\Feature\Playground\Lead\Api\Http\Controllers\Playground\RegionRouteTest" classname="Tests.Feature.Playground.Lead.Api.Http.Controllers.Playground.RegionRouteTest" assertions="110" time="0.349798"/>
        <testcase name="test_json_lock_as_user_and_get_denied" file="/app/vendor/gammamatrix/playground-test/src/Feature/Http/Controllers/Resource/Playground/LockJsonTrait.php" line="143" class="Tests\Feature\Playground\Lead\Api\Http\Controllers\Playground\RegionRouteTest" classname="Tests.Feature.Playground.Lead.Api.Http.Controllers.Playground.RegionRouteTest" assertions="3" time="0.334703"/>
        <testcase name="test_json_guest_cannot_restore" file="/app/vendor/gammamatrix/playground-test/src/Feature/Http/Controllers/Resource/Playground/RestoreJsonTrait.php" line="32" class="Tests\Feature\Playground\Lead\Api\Http\Controllers\Playground\RegionRouteTest" classname="Tests.Feature.Playground.Lead.Api.Http.Controllers.Playground.RegionRouteTest" assertions="3" time="0.349235"/>
        <testcase name="test_json_restore_as_admin_and_succeed" file="/app/vendor/gammamatrix/playground-test/src/Feature/Http/Controllers/Resource/Playground/RestoreJsonTrait.php" line="64" class="Tests\Feature\Playground\Lead\Api\Http\Controllers\Playground\RegionRouteTest" classname="Tests.Feature.Playground.Lead.Api.Http.Controllers.Playground.RegionRouteTest" assertions="110" time="0.350142"/>
        <testcase name="test_json_restore_as_admin_and_succeed_with_no_redirect" file="/app/vendor/gammamatrix/playground-test/src/Feature/Http/Controllers/Resource/Playground/RestoreJsonTrait.php" line="100" class="Tests\Feature\Playground\Lead\Api\Http\Controllers\Playground\RegionRouteTest" classname="Tests.Feature.Playground.Lead.Api.Http.Controllers.Playground.RegionRouteTest" assertions="110" time="0.351135"/>
        <testcase name="test_json_restore_as_user_and_get_denied" file="/app/vendor/gammamatrix/playground-test/src/Feature/Http/Controllers/Resource/Playground/RestoreJsonTrait.php" line="143" class="Tests\Feature\Playground\Lead\Api\Http\Controllers\Playground\RegionRouteTest" classname="Tests.Feature.Playground.Lead.Api.Http.Controllers.Playground.RegionRouteTest" assertions="3" time="0.353791"/>
        <testcase name="test_json_guest_cannot_see_info" file="/app/vendor/gammamatrix/playground-test/src/Feature/Http/Controllers/Resource/Playground/ShowJsonTrait.php" line="29" class="Tests\Feature\Playground\Lead\Api\Http\Controllers\Playground\RegionRouteTest" classname="Tests.Feature.Playground.Lead.Api.Http.Controllers.Playground.RegionRouteTest" assertions="1" time="0.326687"/>
        <testcase name="test_json_show_info_for_admin" file="/app/vendor/gammamatrix/playground-test/src/Feature/Http/Controllers/Resource/Playground/ShowJsonTrait.php" line="49" class="Tests\Feature\Playground\Lead\Api\Http\Controllers\Playground\RegionRouteTest" classname="Tests.Feature.Playground.Lead.Api.Http.Controllers.Playground.RegionRouteTest" assertions="109" time="0.344881"/>
        <testcase name="test_json_guest_cannot_store" file="/app/vendor/gammamatrix/playground-test/src/Feature/Http/Controllers/Resource/Playground/StoreJsonTrait.php" line="43" class="Tests\Feature\Playground\Lead\Api\Http\Controllers\Playground\RegionRouteTest" classname="Tests.Feature.Playground.Lead.Api.Http.Controllers.Playground.RegionRouteTest" assertions="3" time="0.348128"/>
        <testcase name="test_json_store_as_admin_without_payload_and_fail_validation" file="/app/vendor/gammamatrix/playground-test/src/Feature/Http/Controllers/Resource/Playground/StoreJsonTrait.php" line="66" class="Tests\Feature\Playground\Lead\Api\Http\Controllers\Playground\RegionRouteTest" classname="Tests.Feature.Playground.Lead.Api.Http.Controllers.Playground.RegionRouteTest" assertions="5" time="0.339323"/>
        <testcase name="test_json_store_as_admin_and_succeed" file="/app/vendor/gammamatrix/playground-test/src/Feature/Http/Controllers/Resource/Playground/StoreJsonTrait.php" line="92" class="Tests\Feature\Playground\Lead\Api\Http\Controllers\Playground\RegionRouteTest" classname="Tests.Feature.Playground.Lead.Api.Http.Controllers.Playground.RegionRouteTest" assertions="3" time="0.371306"/>
        <testcase name="test_json_guest_cannot_unlock" file="/app/vendor/gammamatrix/playground-test/src/Feature/Http/Controllers/Resource/Playground/UnlockJsonTrait.php" line="36" class="Tests\Feature\Playground\Lead\Api\Http\Controllers\Playground\RegionRouteTest" classname="Tests.Feature.Playground.Lead.Api.Http.Controllers.Playground.RegionRouteTest" assertions="3" time="0.343553"/>
        <testcase name="test_json_unlock_as_admin_and_succeed" file="/app/vendor/gammamatrix/playground-test/src/Feature/Http/Controllers/Resource/Playground/UnlockJsonTrait.php" line="68" class="Tests\Feature\Playground\Lead\Api\Http\Controllers\Playground\RegionRouteTest" classname="Tests.Feature.Playground.Lead.Api.Http.Controllers.Playground.RegionRouteTest" assertions="110" time="0.376243"/>
        <testcase name="test_json_unlock_as_admin_and_succeed_with_no_redirect" file="/app/vendor/gammamatrix/playground-test/src/Feature/Http/Controllers/Resource/Playground/UnlockJsonTrait.php" line="104" class="Tests\Feature\Playground\Lead\Api\Http\Controllers\Playground\RegionRouteTest" classname="Tests.Feature.Playground.Lead.Api.Http.Controllers.Playground.RegionRouteTest" assertions="110" time="0.348915"/>
        <testcase name="test_json_unlock_as_user_and_get_denied" file="/app/vendor/gammamatrix/playground-test/src/Feature/Http/Controllers/Resource/Playground/UnlockJsonTrait.php" line="145" class="Tests\Feature\Playground\Lead\Api\Http\Controllers\Playground\RegionRouteTest" classname="Tests.Feature.Playground.Lead.Api.Http.Controllers.Playground.RegionRouteTest" assertions="3" time="0.350174"/>
        <testcase name="test_json_guest_cannot_update" file="/app/vendor/gammamatrix/playground-test/src/Feature/Http/Controllers/Resource/Playground/UpdateJsonTrait.php" line="45" class="Tests\Feature\Playground\Lead\Api\Http\Controllers\Playground\RegionRouteTest" classname="Tests.Feature.Playground.Lead.Api.Http.Controllers.Playground.RegionRouteTest" assertions="1" time="0.325356"/>
        <testcase name="test_json_update_as_admin_without_payload_and_fail_validation" file="/app/vendor/gammamatrix/playground-test/src/Feature/Http/Controllers/Resource/Playground/UpdateJsonTrait.php" line="65" class="Tests\Feature\Playground\Lead\Api\Http\Controllers\Playground\RegionRouteTest" classname="Tests.Feature.Playground.Lead.Api.Http.Controllers.Playground.RegionRouteTest" assertions="4" time="0.353655"/>
        <testcase name="test_json_admin_can_update" file="/app/vendor/gammamatrix/playground-test/src/Feature/Http/Controllers/Resource/Playground/UpdateJsonTrait.php" line="90" class="Tests\Feature\Playground\Lead\Api\Http\Controllers\Playground\RegionRouteTest" classname="Tests.Feature.Playground.Lead.Api.Http.Controllers.Playground.RegionRouteTest" assertions="112" time="0.415252"/>
      </testsuite>
      <testsuite name="Tests\Feature\Playground\Lead\Api\Http\Controllers\Playground\ReportRouteTest" file="/app/tests/Feature/Http/Controllers/Playground/ReportRouteTest.php" tests="35" assertions="1075" errors="0" failures="0" skipped="0" time="12.235063">
        <testcase name="test_json_guest_cannot_get_create_info" file="/app/vendor/gammamatrix/playground-test/src/Feature/Http/Controllers/Resource/Playground/CreateJsonTrait.php" line="38" class="Tests\Feature\Playground\Lead\Api\Http\Controllers\Playground\ReportRouteTest" classname="Tests.Feature.Playground.Lead.Api.Http.Controllers.Playground.ReportRouteTest" assertions="1" time="0.337454"/>
        <testcase name="test_json_admin_can_get_create_info" file="/app/vendor/gammamatrix/playground-test/src/Feature/Http/Controllers/Resource/Playground/CreateJsonTrait.php" line="53" class="Tests\Feature\Playground\Lead\Api\Http\Controllers\Playground\ReportRouteTest" classname="Tests.Feature.Playground.Lead.Api.Http.Controllers.Playground.ReportRouteTest" assertions="108" time="0.343924"/>
        <testcase name="test_json_get_create_info_as_admin_with_invalid_parameter_and_fail_validation" file="/app/vendor/gammamatrix/playground-test/src/Feature/Http/Controllers/Resource/Playground/CreateJsonTrait.php" line="73" class="Tests\Feature\Playground\Lead\Api\Http\Controllers\Playground\ReportRouteTest" classname="Tests.Feature.Playground.Lead.Api.Http.Controllers.Playground.ReportRouteTest" assertions="4" time="0.361846"/>
        <testcase name="test_json_guest_cannot_destroy" file="/app/vendor/gammamatrix/playground-test/src/Feature/Http/Controllers/Resource/Playground/DestroyJsonTrait.php" line="31" class="Tests\Feature\Playground\Lead\Api\Http\Controllers\Playground\ReportRouteTest" classname="Tests.Feature.Playground.Lead.Api.Http.Controllers.Playground.ReportRouteTest" assertions="3" time="0.326842"/>
        <testcase name="test_json_destroy_as_admin_and_succeed" file="/app/vendor/gammamatrix/playground-test/src/Feature/Http/Controllers/Resource/Playground/DestroyJsonTrait.php" line="61" class="Tests\Feature\Playground\Lead\Api\Http\Controllers\Playground\ReportRouteTest" classname="Tests.Feature.Playground.Lead.Api.Http.Controllers.Playground.ReportRouteTest" assertions="5" time="0.337750"/>
        <testcase name="test_json_destroy_as_admin_and_succeed_with_force_delete" file="/app/vendor/gammamatrix/playground-test/src/Feature/Http/Controllers/Resource/Playground/DestroyJsonTrait.php" line="100" class="Tests\Feature\Playground\Lead\Api\Http\Controllers\Playground\ReportRouteTest" classname="Tests.Feature.Playground.Lead.Api.Http.Controllers.Playground.ReportRouteTest" assertions="4" time="0.361177"/>
        <testcase name="test_json_destroy_as_admin_and_succeed_with_no_content" file="/app/vendor/gammamatrix/playground-test/src/Feature/Http/Controllers/Resource/Playground/DestroyJsonTrait.php" line="132" class="Tests\Feature\Playground\Lead\Api\Http\Controllers\Playground\ReportRouteTest" classname="Tests.Feature.Playground.Lead.Api.Http.Controllers.Playground.ReportRouteTest" assertions="5" time="0.331744"/>
        <testcase name="test_json_destroy_as_admin_and_succeed_and_ignore_redirect" file="/app/vendor/gammamatrix/playground-test/src/Feature/Http/Controllers/Resource/Playground/DestroyJsonTrait.php" line="167" class="Tests\Feature\Playground\Lead\Api\Http\Controllers\Playground\ReportRouteTest" classname="Tests.Feature.Playground.Lead.Api.Http.Controllers.Playground.ReportRouteTest" assertions="5" time="0.339318"/>
        <testcase name="test_json_destroy_as_user_and_get_denied_and_no_force_delete_allowed" file="/app/vendor/gammamatrix/playground-test/src/Feature/Http/Controllers/Resource/Playground/DestroyJsonTrait.php" line="209" class="Tests\Feature\Playground\Lead\Api\Http\Controllers\Playground\ReportRouteTest" classname="Tests.Feature.Playground.Lead.Api.Http.Controllers.Playground.ReportRouteTest" assertions="3" time="0.358282"/>
        <testcase name="test_json_guest_cannot_get_edit_info" file="/app/vendor/gammamatrix/playground-test/src/Feature/Http/Controllers/Resource/Playground/EditJsonTrait.php" line="38" class="Tests\Feature\Playground\Lead\Api\Http\Controllers\Playground\ReportRouteTest" classname="Tests.Feature.Playground.Lead.Api.Http.Controllers.Playground.ReportRouteTest" assertions="1" time="0.320605"/>
        <testcase name="test_json_admin_can_get_edit_info" file="/app/vendor/gammamatrix/playground-test/src/Feature/Http/Controllers/Resource/Playground/EditJsonTrait.php" line="58" class="Tests\Feature\Playground\Lead\Api\Http\Controllers\Playground\ReportRouteTest" classname="Tests.Feature.Playground.Lead.Api.Http.Controllers.Playground.ReportRouteTest" assertions="4" time="0.353867"/>
        <testcase name="test_json_edit_as_admin_and_fail_validation_with_invalid_parameter" file="/app/vendor/gammamatrix/playground-test/src/Feature/Http/Controllers/Resource/Playground/EditJsonTrait.php" line="87" class="Tests\Feature\Playground\Lead\Api\Http\Controllers\Playground\ReportRouteTest" classname="Tests.Feature.Playground.Lead.Api.Http.Controllers.Playground.ReportRouteTest" assertions="4" time="0.375199"/>
        <testcase name="test_json_guest_cannot_get_index" file="/app/vendor/gammamatrix/playground-test/src/Feature/Http/Controllers/Resource/Playground/IndexJsonTrait.php" line="34" class="Tests\Feature\Playground\Lead\Api\Http\Controllers\Playground\ReportRouteTest" classname="Tests.Feature.Playground.Lead.Api.Http.Controllers.Playground.ReportRouteTest" assertions="1" time="0.324185"/>
        <testcase name="test_json_admin_can_get_index" file="/app/vendor/gammamatrix/playground-test/src/Feature/Http/Controllers/Resource/Playground/IndexJsonTrait.php" line="49" class="Tests\Feature\Playground\Lead\Api\Http\Controllers\Playground\ReportRouteTest" classname="Tests.Feature.Playground.Lead.Api.Http.Controllers.Playground.ReportRouteTest" assertions="115" time="0.349481"/>
        <testcase name="test_json_admin_can_get_index_with_filters" file="/app/vendor/gammamatrix/playground-test/src/Feature/Http/Controllers/Resource/Playground/IndexJsonTrait.php" line="85" class="Tests\Feature\Playground\Lead\Api\Http\Controllers\Playground\ReportRouteTest" classname="Tests.Feature.Playground.Lead.Api.Http.Controllers.Playground.ReportRouteTest" assertions="3" time="0.372596"/>
        <testcase name="test_json_guest_cannot_lock" file="/app/vendor/gammamatrix/playground-test/src/Feature/Http/Controllers/Resource/Playground/LockJsonTrait.php" line="36" class="Tests\Feature\Playground\Lead\Api\Http\Controllers\Playground\ReportRouteTest" classname="Tests.Feature.Playground.Lead.Api.Http.Controllers.Playground.ReportRouteTest" assertions="3" time="0.324485"/>
        <testcase name="test_json_lock_as_admin_and_succeed" file="/app/vendor/gammamatrix/playground-test/src/Feature/Http/Controllers/Resource/Playground/LockJsonTrait.php" line="66" class="Tests\Feature\Playground\Lead\Api\Http\Controllers\Playground\ReportRouteTest" classname="Tests.Feature.Playground.Lead.Api.Http.Controllers.Playground.ReportRouteTest" assertions="3" time="0.352324"/>
        <testcase name="test_json_lock_as_admin_and_succeed_with_no_redirect" file="/app/vendor/gammamatrix/playground-test/src/Feature/Http/Controllers/Resource/Playground/LockJsonTrait.php" line="98" class="Tests\Feature\Playground\Lead\Api\Http\Controllers\Playground\ReportRouteTest" classname="Tests.Feature.Playground.Lead.Api.Http.Controllers.Playground.ReportRouteTest" assertions="110" time="0.362741"/>
        <testcase name="test_json_lock_as_user_and_get_denied" file="/app/vendor/gammamatrix/playground-test/src/Feature/Http/Controllers/Resource/Playground/LockJsonTrait.php" line="143" class="Tests\Feature\Playground\Lead\Api\Http\Controllers\Playground\ReportRouteTest" classname="Tests.Feature.Playground.Lead.Api.Http.Controllers.Playground.ReportRouteTest" assertions="3" time="0.338337"/>
        <testcase name="test_json_guest_cannot_restore" file="/app/vendor/gammamatrix/playground-test/src/Feature/Http/Controllers/Resource/Playground/RestoreJsonTrait.php" line="32" class="Tests\Feature\Playground\Lead\Api\Http\Controllers\Playground\ReportRouteTest" classname="Tests.Feature.Playground.Lead.Api.Http.Controllers.Playground.ReportRouteTest" assertions="3" time="0.325903"/>
        <testcase name="test_json_restore_as_admin_and_succeed" file="/app/vendor/gammamatrix/playground-test/src/Feature/Http/Controllers/Resource/Playground/RestoreJsonTrait.php" line="64" class="Tests\Feature\Playground\Lead\Api\Http\Controllers\Playground\ReportRouteTest" classname="Tests.Feature.Playground.Lead.Api.Http.Controllers.Playground.ReportRouteTest" assertions="110" time="0.370063"/>
        <testcase name="test_json_restore_as_admin_and_succeed_with_no_redirect" file="/app/vendor/gammamatrix/playground-test/src/Feature/Http/Controllers/Resource/Playground/RestoreJsonTrait.php" line="100" class="Tests\Feature\Playground\Lead\Api\Http\Controllers\Playground\ReportRouteTest" classname="Tests.Feature.Playground.Lead.Api.Http.Controllers.Playground.ReportRouteTest" assertions="110" time="0.343307"/>
        <testcase name="test_json_restore_as_user_and_get_denied" file="/app/vendor/gammamatrix/playground-test/src/Feature/Http/Controllers/Resource/Playground/RestoreJsonTrait.php" line="143" class="Tests\Feature\Playground\Lead\Api\Http\Controllers\Playground\ReportRouteTest" classname="Tests.Feature.Playground.Lead.Api.Http.Controllers.Playground.ReportRouteTest" assertions="3" time="0.337406"/>
        <testcase name="test_json_guest_cannot_see_info" file="/app/vendor/gammamatrix/playground-test/src/Feature/Http/Controllers/Resource/Playground/ShowJsonTrait.php" line="29" class="Tests\Feature\Playground\Lead\Api\Http\Controllers\Playground\ReportRouteTest" classname="Tests.Feature.Playground.Lead.Api.Http.Controllers.Playground.ReportRouteTest" assertions="1" time="0.362730"/>
        <testcase name="test_json_show_info_for_admin" file="/app/vendor/gammamatrix/playground-test/src/Feature/Http/Controllers/Resource/Playground/ShowJsonTrait.php" line="49" class="Tests\Feature\Playground\Lead\Api\Http\Controllers\Playground\ReportRouteTest" classname="Tests.Feature.Playground.Lead.Api.Http.Controllers.Playground.ReportRouteTest" assertions="109" time="0.342343"/>
        <testcase name="test_json_guest_cannot_store" file="/app/vendor/gammamatrix/playground-test/src/Feature/Http/Controllers/Resource/Playground/StoreJsonTrait.php" line="43" class="Tests\Feature\Playground\Lead\Api\Http\Controllers\Playground\ReportRouteTest" classname="Tests.Feature.Playground.Lead.Api.Http.Controllers.Playground.ReportRouteTest" assertions="3" time="0.321794"/>
        <testcase name="test_json_store_as_admin_without_payload_and_fail_validation" file="/app/vendor/gammamatrix/playground-test/src/Feature/Http/Controllers/Resource/Playground/StoreJsonTrait.php" line="66" class="Tests\Feature\Playground\Lead\Api\Http\Controllers\Playground\ReportRouteTest" classname="Tests.Feature.Playground.Lead.Api.Http.Controllers.Playground.ReportRouteTest" assertions="5" time="0.364272"/>
        <testcase name="test_json_store_as_admin_and_succeed" file="/app/vendor/gammamatrix/playground-test/src/Feature/Http/Controllers/Resource/Playground/StoreJsonTrait.php" line="92" class="Tests\Feature\Playground\Lead\Api\Http\Controllers\Playground\ReportRouteTest" classname="Tests.Feature.Playground.Lead.Api.Http.Controllers.Playground.ReportRouteTest" assertions="3" time="0.370936"/>
        <testcase name="test_json_guest_cannot_unlock" file="/app/vendor/gammamatrix/playground-test/src/Feature/Http/Controllers/Resource/Playground/UnlockJsonTrait.php" line="36" class="Tests\Feature\Playground\Lead\Api\Http\Controllers\Playground\ReportRouteTest" classname="Tests.Feature.Playground.Lead.Api.Http.Controllers.Playground.ReportRouteTest" assertions="3" time="0.352342"/>
        <testcase name="test_json_unlock_as_admin_and_succeed" file="/app/vendor/gammamatrix/playground-test/src/Feature/Http/Controllers/Resource/Playground/UnlockJsonTrait.php" line="68" class="Tests\Feature\Playground\Lead\Api\Http\Controllers\Playground\ReportRouteTest" classname="Tests.Feature.Playground.Lead.Api.Http.Controllers.Playground.ReportRouteTest" assertions="110" time="0.366280"/>
        <testcase name="test_json_unlock_as_admin_and_succeed_with_no_redirect" file="/app/vendor/gammamatrix/playground-test/src/Feature/Http/Controllers/Resource/Playground/UnlockJsonTrait.php" line="104" class="Tests\Feature\Playground\Lead\Api\Http\Controllers\Playground\ReportRouteTest" classname="Tests.Feature.Playground.Lead.Api.Http.Controllers.Playground.ReportRouteTest" assertions="110" time="0.353932"/>
        <testcase name="test_json_unlock_as_user_and_get_denied" file="/app/vendor/gammamatrix/playground-test/src/Feature/Http/Controllers/Resource/Playground/UnlockJsonTrait.php" line="145" class="Tests\Feature\Playground\Lead\Api\Http\Controllers\Playground\ReportRouteTest" classname="Tests.Feature.Playground.Lead.Api.Http.Controllers.Playground.ReportRouteTest" assertions="3" time="0.361625"/>
        <testcase name="test_json_guest_cannot_update" file="/app/vendor/gammamatrix/playground-test/src/Feature/Http/Controllers/Resource/Playground/UpdateJsonTrait.php" line="45" class="Tests\Feature\Playground\Lead\Api\Http\Controllers\Playground\ReportRouteTest" classname="Tests.Feature.Playground.Lead.Api.Http.Controllers.Playground.ReportRouteTest" assertions="1" time="0.324273"/>
        <testcase name="test_json_update_as_admin_without_payload_and_fail_validation" file="/app/vendor/gammamatrix/playground-test/src/Feature/Http/Controllers/Resource/Playground/UpdateJsonTrait.php" line="65" class="Tests\Feature\Playground\Lead\Api\Http\Controllers\Playground\ReportRouteTest" classname="Tests.Feature.Playground.Lead.Api.Http.Controllers.Playground.ReportRouteTest" assertions="4" time="0.350109"/>
        <testcase name="test_json_admin_can_update" file="/app/vendor/gammamatrix/playground-test/src/Feature/Http/Controllers/Resource/Playground/UpdateJsonTrait.php" line="90" class="Tests\Feature\Playground\Lead\Api\Http\Controllers\Playground\ReportRouteTest" classname="Tests.Feature.Playground.Lead.Api.Http.Controllers.Playground.ReportRouteTest" assertions="112" time="0.415590"/>
      </testsuite>
      <testsuite name="Tests\Feature\Playground\Lead\Api\Http\Controllers\Playground\SourceRouteTest" file="/app/tests/Feature/Http/Controllers/Playground/SourceRouteTest.php" tests="35" assertions="1075" errors="0" failures="0" skipped="0" time="12.175258">
        <testcase name="test_json_guest_cannot_get_create_info" file="/app/vendor/gammamatrix/playground-test/src/Feature/Http/Controllers/Resource/Playground/CreateJsonTrait.php" line="38" class="Tests\Feature\Playground\Lead\Api\Http\Controllers\Playground\SourceRouteTest" classname="Tests.Feature.Playground.Lead.Api.Http.Controllers.Playground.SourceRouteTest" assertions="1" time="0.342938"/>
        <testcase name="test_json_admin_can_get_create_info" file="/app/vendor/gammamatrix/playground-test/src/Feature/Http/Controllers/Resource/Playground/CreateJsonTrait.php" line="53" class="Tests\Feature\Playground\Lead\Api\Http\Controllers\Playground\SourceRouteTest" classname="Tests.Feature.Playground.Lead.Api.Http.Controllers.Playground.SourceRouteTest" assertions="108" time="0.343360"/>
        <testcase name="test_json_get_create_info_as_admin_with_invalid_parameter_and_fail_validation" file="/app/vendor/gammamatrix/playground-test/src/Feature/Http/Controllers/Resource/Playground/CreateJsonTrait.php" line="73" class="Tests\Feature\Playground\Lead\Api\Http\Controllers\Playground\SourceRouteTest" classname="Tests.Feature.Playground.Lead.Api.Http.Controllers.Playground.SourceRouteTest" assertions="4" time="0.353714"/>
        <testcase name="test_json_guest_cannot_destroy" file="/app/vendor/gammamatrix/playground-test/src/Feature/Http/Controllers/Resource/Playground/DestroyJsonTrait.php" line="31" class="Tests\Feature\Playground\Lead\Api\Http\Controllers\Playground\SourceRouteTest" classname="Tests.Feature.Playground.Lead.Api.Http.Controllers.Playground.SourceRouteTest" assertions="3" time="0.322691"/>
        <testcase name="test_json_destroy_as_admin_and_succeed" file="/app/vendor/gammamatrix/playground-test/src/Feature/Http/Controllers/Resource/Playground/DestroyJsonTrait.php" line="61" class="Tests\Feature\Playground\Lead\Api\Http\Controllers\Playground\SourceRouteTest" classname="Tests.Feature.Playground.Lead.Api.Http.Controllers.Playground.SourceRouteTest" assertions="5" time="0.336232"/>
        <testcase name="test_json_destroy_as_admin_and_succeed_with_force_delete" file="/app/vendor/gammamatrix/playground-test/src/Feature/Http/Controllers/Resource/Playground/DestroyJsonTrait.php" line="100" class="Tests\Feature\Playground\Lead\Api\Http\Controllers\Playground\SourceRouteTest" classname="Tests.Feature.Playground.Lead.Api.Http.Controllers.Playground.SourceRouteTest" assertions="4" time="0.351099"/>
        <testcase name="test_json_destroy_as_admin_and_succeed_with_no_content" file="/app/vendor/gammamatrix/playground-test/src/Feature/Http/Controllers/Resource/Playground/DestroyJsonTrait.php" line="132" class="Tests\Feature\Playground\Lead\Api\Http\Controllers\Playground\SourceRouteTest" classname="Tests.Feature.Playground.Lead.Api.Http.Controllers.Playground.SourceRouteTest" assertions="5" time="0.334873"/>
        <testcase name="test_json_destroy_as_admin_and_succeed_and_ignore_redirect" file="/app/vendor/gammamatrix/playground-test/src/Feature/Http/Controllers/Resource/Playground/DestroyJsonTrait.php" line="167" class="Tests\Feature\Playground\Lead\Api\Http\Controllers\Playground\SourceRouteTest" classname="Tests.Feature.Playground.Lead.Api.Http.Controllers.Playground.SourceRouteTest" assertions="5" time="0.338088"/>
        <testcase name="test_json_destroy_as_user_and_get_denied_and_no_force_delete_allowed" file="/app/vendor/gammamatrix/playground-test/src/Feature/Http/Controllers/Resource/Playground/DestroyJsonTrait.php" line="209" class="Tests\Feature\Playground\Lead\Api\Http\Controllers\Playground\SourceRouteTest" classname="Tests.Feature.Playground.Lead.Api.Http.Controllers.Playground.SourceRouteTest" assertions="3" time="0.360345"/>
        <testcase name="test_json_guest_cannot_get_edit_info" file="/app/vendor/gammamatrix/playground-test/src/Feature/Http/Controllers/Resource/Playground/EditJsonTrait.php" line="38" class="Tests\Feature\Playground\Lead\Api\Http\Controllers\Playground\SourceRouteTest" classname="Tests.Feature.Playground.Lead.Api.Http.Controllers.Playground.SourceRouteTest" assertions="1" time="0.321299"/>
        <testcase name="test_json_admin_can_get_edit_info" file="/app/vendor/gammamatrix/playground-test/src/Feature/Http/Controllers/Resource/Playground/EditJsonTrait.php" line="58" class="Tests\Feature\Playground\Lead\Api\Http\Controllers\Playground\SourceRouteTest" classname="Tests.Feature.Playground.Lead.Api.Http.Controllers.Playground.SourceRouteTest" assertions="4" time="0.347428"/>
        <testcase name="test_json_edit_as_admin_and_fail_validation_with_invalid_parameter" file="/app/vendor/gammamatrix/playground-test/src/Feature/Http/Controllers/Resource/Playground/EditJsonTrait.php" line="87" class="Tests\Feature\Playground\Lead\Api\Http\Controllers\Playground\SourceRouteTest" classname="Tests.Feature.Playground.Lead.Api.Http.Controllers.Playground.SourceRouteTest" assertions="4" time="0.372708"/>
        <testcase name="test_json_guest_cannot_get_index" file="/app/vendor/gammamatrix/playground-test/src/Feature/Http/Controllers/Resource/Playground/IndexJsonTrait.php" line="34" class="Tests\Feature\Playground\Lead\Api\Http\Controllers\Playground\SourceRouteTest" classname="Tests.Feature.Playground.Lead.Api.Http.Controllers.Playground.SourceRouteTest" assertions="1" time="0.323864"/>
        <testcase name="test_json_admin_can_get_index" file="/app/vendor/gammamatrix/playground-test/src/Feature/Http/Controllers/Resource/Playground/IndexJsonTrait.php" line="49" class="Tests\Feature\Playground\Lead\Api\Http\Controllers\Playground\SourceRouteTest" classname="Tests.Feature.Playground.Lead.Api.Http.Controllers.Playground.SourceRouteTest" assertions="115" time="0.355604"/>
        <testcase name="test_json_admin_can_get_index_with_filters" file="/app/vendor/gammamatrix/playground-test/src/Feature/Http/Controllers/Resource/Playground/IndexJsonTrait.php" line="85" class="Tests\Feature\Playground\Lead\Api\Http\Controllers\Playground\SourceRouteTest" classname="Tests.Feature.Playground.Lead.Api.Http.Controllers.Playground.SourceRouteTest" assertions="3" time="0.374864"/>
        <testcase name="test_json_guest_cannot_lock" file="/app/vendor/gammamatrix/playground-test/src/Feature/Http/Controllers/Resource/Playground/LockJsonTrait.php" line="36" class="Tests\Feature\Playground\Lead\Api\Http\Controllers\Playground\SourceRouteTest" classname="Tests.Feature.Playground.Lead.Api.Http.Controllers.Playground.SourceRouteTest" assertions="3" time="0.322162"/>
        <testcase name="test_json_lock_as_admin_and_succeed" file="/app/vendor/gammamatrix/playground-test/src/Feature/Http/Controllers/Resource/Playground/LockJsonTrait.php" line="66" class="Tests\Feature\Playground\Lead\Api\Http\Controllers\Playground\SourceRouteTest" classname="Tests.Feature.Playground.Lead.Api.Http.Controllers.Playground.SourceRouteTest" assertions="3" time="0.353411"/>
        <testcase name="test_json_lock_as_admin_and_succeed_with_no_redirect" file="/app/vendor/gammamatrix/playground-test/src/Feature/Http/Controllers/Resource/Playground/LockJsonTrait.php" line="98" class="Tests\Feature\Playground\Lead\Api\Http\Controllers\Playground\SourceRouteTest" classname="Tests.Feature.Playground.Lead.Api.Http.Controllers.Playground.SourceRouteTest" assertions="110" time="0.368757"/>
        <testcase name="test_json_lock_as_user_and_get_denied" file="/app/vendor/gammamatrix/playground-test/src/Feature/Http/Controllers/Resource/Playground/LockJsonTrait.php" line="143" class="Tests\Feature\Playground\Lead\Api\Http\Controllers\Playground\SourceRouteTest" classname="Tests.Feature.Playground.Lead.Api.Http.Controllers.Playground.SourceRouteTest" assertions="3" time="0.331149"/>
        <testcase name="test_json_guest_cannot_restore" file="/app/vendor/gammamatrix/playground-test/src/Feature/Http/Controllers/Resource/Playground/RestoreJsonTrait.php" line="32" class="Tests\Feature\Playground\Lead\Api\Http\Controllers\Playground\SourceRouteTest" classname="Tests.Feature.Playground.Lead.Api.Http.Controllers.Playground.SourceRouteTest" assertions="3" time="0.327222"/>
        <testcase name="test_json_restore_as_admin_and_succeed" file="/app/vendor/gammamatrix/playground-test/src/Feature/Http/Controllers/Resource/Playground/RestoreJsonTrait.php" line="64" class="Tests\Feature\Playground\Lead\Api\Http\Controllers\Playground\SourceRouteTest" classname="Tests.Feature.Playground.Lead.Api.Http.Controllers.Playground.SourceRouteTest" assertions="110" time="0.363722"/>
        <testcase name="test_json_restore_as_admin_and_succeed_with_no_redirect" file="/app/vendor/gammamatrix/playground-test/src/Feature/Http/Controllers/Resource/Playground/RestoreJsonTrait.php" line="100" class="Tests\Feature\Playground\Lead\Api\Http\Controllers\Playground\SourceRouteTest" classname="Tests.Feature.Playground.Lead.Api.Http.Controllers.Playground.SourceRouteTest" assertions="110" time="0.344882"/>
        <testcase name="test_json_restore_as_user_and_get_denied" file="/app/vendor/gammamatrix/playground-test/src/Feature/Http/Controllers/Resource/Playground/RestoreJsonTrait.php" line="143" class="Tests\Feature\Playground\Lead\Api\Http\Controllers\Playground\SourceRouteTest" classname="Tests.Feature.Playground.Lead.Api.Http.Controllers.Playground.SourceRouteTest" assertions="3" time="0.340699"/>
        <testcase name="test_json_guest_cannot_see_info" file="/app/vendor/gammamatrix/playground-test/src/Feature/Http/Controllers/Resource/Playground/ShowJsonTrait.php" line="29" class="Tests\Feature\Playground\Lead\Api\Http\Controllers\Playground\SourceRouteTest" classname="Tests.Feature.Playground.Lead.Api.Http.Controllers.Playground.SourceRouteTest" assertions="1" time="0.352381"/>
        <testcase name="test_json_show_info_for_admin" file="/app/vendor/gammamatrix/playground-test/src/Feature/Http/Controllers/Resource/Playground/ShowJsonTrait.php" line="49" class="Tests\Feature\Playground\Lead\Api\Http\Controllers\Playground\SourceRouteTest" classname="Tests.Feature.Playground.Lead.Api.Http.Controllers.Playground.SourceRouteTest" assertions="109" time="0.339691"/>
        <testcase name="test_json_guest_cannot_store" file="/app/vendor/gammamatrix/playground-test/src/Feature/Http/Controllers/Resource/Playground/StoreJsonTrait.php" line="43" class="Tests\Feature\Playground\Lead\Api\Http\Controllers\Playground\SourceRouteTest" classname="Tests.Feature.Playground.Lead.Api.Http.Controllers.Playground.SourceRouteTest" assertions="3" time="0.316373"/>
        <testcase name="test_json_store_as_admin_without_payload_and_fail_validation" file="/app/vendor/gammamatrix/playground-test/src/Feature/Http/Controllers/Resource/Playground/StoreJsonTrait.php" line="66" class="Tests\Feature\Playground\Lead\Api\Http\Controllers\Playground\SourceRouteTest" classname="Tests.Feature.Playground.Lead.Api.Http.Controllers.Playground.SourceRouteTest" assertions="5" time="0.377957"/>
        <testcase name="test_json_store_as_admin_and_succeed" file="/app/vendor/gammamatrix/playground-test/src/Feature/Http/Controllers/Resource/Playground/StoreJsonTrait.php" line="92" class="Tests\Feature\Playground\Lead\Api\Http\Controllers\Playground\SourceRouteTest" classname="Tests.Feature.Playground.Lead.Api.Http.Controllers.Playground.SourceRouteTest" assertions="3" time="0.369244"/>
        <testcase name="test_json_guest_cannot_unlock" file="/app/vendor/gammamatrix/playground-test/src/Feature/Http/Controllers/Resource/Playground/UnlockJsonTrait.php" line="36" class="Tests\Feature\Playground\Lead\Api\Http\Controllers\Playground\SourceRouteTest" classname="Tests.Feature.Playground.Lead.Api.Http.Controllers.Playground.SourceRouteTest" assertions="3" time="0.322126"/>
        <testcase name="test_json_unlock_as_admin_and_succeed" file="/app/vendor/gammamatrix/playground-test/src/Feature/Http/Controllers/Resource/Playground/UnlockJsonTrait.php" line="68" class="Tests\Feature\Playground\Lead\Api\Http\Controllers\Playground\SourceRouteTest" classname="Tests.Feature.Playground.Lead.Api.Http.Controllers.Playground.SourceRouteTest" assertions="110" time="0.381420"/>
        <testcase name="test_json_unlock_as_admin_and_succeed_with_no_redirect" file="/app/vendor/gammamatrix/playground-test/src/Feature/Http/Controllers/Resource/Playground/UnlockJsonTrait.php" line="104" class="Tests\Feature\Playground\Lead\Api\Http\Controllers\Playground\SourceRouteTest" classname="Tests.Feature.Playground.Lead.Api.Http.Controllers.Playground.SourceRouteTest" assertions="110" time="0.350181"/>
        <testcase name="test_json_unlock_as_user_and_get_denied" file="/app/vendor/gammamatrix/playground-test/src/Feature/Http/Controllers/Resource/Playground/UnlockJsonTrait.php" line="145" class="Tests\Feature\Playground\Lead\Api\Http\Controllers\Playground\SourceRouteTest" classname="Tests.Feature.Playground.Lead.Api.Http.Controllers.Playground.SourceRouteTest" assertions="3" time="0.337761"/>
        <testcase name="test_json_guest_cannot_update" file="/app/vendor/gammamatrix/playground-test/src/Feature/Http/Controllers/Resource/Playground/UpdateJsonTrait.php" line="45" class="Tests\Feature\Playground\Lead\Api\Http\Controllers\Playground\SourceRouteTest" classname="Tests.Feature.Playground.Lead.Api.Http.Controllers.Playground.SourceRouteTest" assertions="1" time="0.352017"/>
        <testcase name="test_json_update_as_admin_without_payload_and_fail_validation" file="/app/vendor/gammamatrix/playground-test/src/Feature/Http/Controllers/Resource/Playground/UpdateJsonTrait.php" line="65" class="Tests\Feature\Playground\Lead\Api\Http\Controllers\Playground\SourceRouteTest" classname="Tests.Feature.Playground.Lead.Api.Http.Controllers.Playground.SourceRouteTest" assertions="4" time="0.356443"/>
        <testcase name="test_json_admin_can_update" file="/app/vendor/gammamatrix/playground-test/src/Feature/Http/Controllers/Resource/Playground/UpdateJsonTrait.php" line="90" class="Tests\Feature\Playground\Lead\Api\Http\Controllers\Playground\SourceRouteTest" classname="Tests.Feature.Playground.Lead.Api.Http.Controllers.Playground.SourceRouteTest" assertions="112" time="0.388550"/>
      </testsuite>
      <testsuite name="Tests\Feature\Playground\Lead\Api\Http\Controllers\Playground\TaskRouteTest" file="/app/tests/Feature/Http/Controllers/Playground/TaskRouteTest.php" tests="35" assertions="1075" errors="0" failures="0" skipped="0" time="12.304617">
        <testcase name="test_json_guest_cannot_get_create_info" file="/app/vendor/gammamatrix/playground-test/src/Feature/Http/Controllers/Resource/Playground/CreateJsonTrait.php" line="38" class="Tests\Feature\Playground\Lead\Api\Http\Controllers\Playground\TaskRouteTest" classname="Tests.Feature.Playground.Lead.Api.Http.Controllers.Playground.TaskRouteTest" assertions="1" time="0.354401"/>
        <testcase name="test_json_admin_can_get_create_info" file="/app/vendor/gammamatrix/playground-test/src/Feature/Http/Controllers/Resource/Playground/CreateJsonTrait.php" line="53" class="Tests\Feature\Playground\Lead\Api\Http\Controllers\Playground\TaskRouteTest" classname="Tests.Feature.Playground.Lead.Api.Http.Controllers.Playground.TaskRouteTest" assertions="108" time="0.345094"/>
        <testcase name="test_json_get_create_info_as_admin_with_invalid_parameter_and_fail_validation" file="/app/vendor/gammamatrix/playground-test/src/Feature/Http/Controllers/Resource/Playground/CreateJsonTrait.php" line="73" class="Tests\Feature\Playground\Lead\Api\Http\Controllers\Playground\TaskRouteTest" classname="Tests.Feature.Playground.Lead.Api.Http.Controllers.Playground.TaskRouteTest" assertions="4" time="0.366097"/>
        <testcase name="test_json_guest_cannot_destroy" file="/app/vendor/gammamatrix/playground-test/src/Feature/Http/Controllers/Resource/Playground/DestroyJsonTrait.php" line="31" class="Tests\Feature\Playground\Lead\Api\Http\Controllers\Playground\TaskRouteTest" classname="Tests.Feature.Playground.Lead.Api.Http.Controllers.Playground.TaskRouteTest" assertions="3" time="0.322062"/>
        <testcase name="test_json_destroy_as_admin_and_succeed" file="/app/vendor/gammamatrix/playground-test/src/Feature/Http/Controllers/Resource/Playground/DestroyJsonTrait.php" line="61" class="Tests\Feature\Playground\Lead\Api\Http\Controllers\Playground\TaskRouteTest" classname="Tests.Feature.Playground.Lead.Api.Http.Controllers.Playground.TaskRouteTest" assertions="5" time="0.336920"/>
        <testcase name="test_json_destroy_as_admin_and_succeed_with_force_delete" file="/app/vendor/gammamatrix/playground-test/src/Feature/Http/Controllers/Resource/Playground/DestroyJsonTrait.php" line="100" class="Tests\Feature\Playground\Lead\Api\Http\Controllers\Playground\TaskRouteTest" classname="Tests.Feature.Playground.Lead.Api.Http.Controllers.Playground.TaskRouteTest" assertions="4" time="0.371526"/>
        <testcase name="test_json_destroy_as_admin_and_succeed_with_no_content" file="/app/vendor/gammamatrix/playground-test/src/Feature/Http/Controllers/Resource/Playground/DestroyJsonTrait.php" line="132" class="Tests\Feature\Playground\Lead\Api\Http\Controllers\Playground\TaskRouteTest" classname="Tests.Feature.Playground.Lead.Api.Http.Controllers.Playground.TaskRouteTest" assertions="5" time="0.331422"/>
        <testcase name="test_json_destroy_as_admin_and_succeed_and_ignore_redirect" file="/app/vendor/gammamatrix/playground-test/src/Feature/Http/Controllers/Resource/Playground/DestroyJsonTrait.php" line="167" class="Tests\Feature\Playground\Lead\Api\Http\Controllers\Playground\TaskRouteTest" classname="Tests.Feature.Playground.Lead.Api.Http.Controllers.Playground.TaskRouteTest" assertions="5" time="0.342449"/>
        <testcase name="test_json_destroy_as_user_and_get_denied_and_no_force_delete_allowed" file="/app/vendor/gammamatrix/playground-test/src/Feature/Http/Controllers/Resource/Playground/DestroyJsonTrait.php" line="209" class="Tests\Feature\Playground\Lead\Api\Http\Controllers\Playground\TaskRouteTest" classname="Tests.Feature.Playground.Lead.Api.Http.Controllers.Playground.TaskRouteTest" assertions="3" time="0.362721"/>
        <testcase name="test_json_guest_cannot_get_edit_info" file="/app/vendor/gammamatrix/playground-test/src/Feature/Http/Controllers/Resource/Playground/EditJsonTrait.php" line="38" class="Tests\Feature\Playground\Lead\Api\Http\Controllers\Playground\TaskRouteTest" classname="Tests.Feature.Playground.Lead.Api.Http.Controllers.Playground.TaskRouteTest" assertions="1" time="0.327913"/>
        <testcase name="test_json_admin_can_get_edit_info" file="/app/vendor/gammamatrix/playground-test/src/Feature/Http/Controllers/Resource/Playground/EditJsonTrait.php" line="58" class="Tests\Feature\Playground\Lead\Api\Http\Controllers\Playground\TaskRouteTest" classname="Tests.Feature.Playground.Lead.Api.Http.Controllers.Playground.TaskRouteTest" assertions="4" time="0.348155"/>
        <testcase name="test_json_edit_as_admin_and_fail_validation_with_invalid_parameter" file="/app/vendor/gammamatrix/playground-test/src/Feature/Http/Controllers/Resource/Playground/EditJsonTrait.php" line="87" class="Tests\Feature\Playground\Lead\Api\Http\Controllers\Playground\TaskRouteTest" classname="Tests.Feature.Playground.Lead.Api.Http.Controllers.Playground.TaskRouteTest" assertions="4" time="0.395328"/>
        <testcase name="test_json_guest_cannot_get_index" file="/app/vendor/gammamatrix/playground-test/src/Feature/Http/Controllers/Resource/Playground/IndexJsonTrait.php" line="34" class="Tests\Feature\Playground\Lead\Api\Http\Controllers\Playground\TaskRouteTest" classname="Tests.Feature.Playground.Lead.Api.Http.Controllers.Playground.TaskRouteTest" assertions="1" time="0.337082"/>
        <testcase name="test_json_admin_can_get_index" file="/app/vendor/gammamatrix/playground-test/src/Feature/Http/Controllers/Resource/Playground/IndexJsonTrait.php" line="49" class="Tests\Feature\Playground\Lead\Api\Http\Controllers\Playground\TaskRouteTest" classname="Tests.Feature.Playground.Lead.Api.Http.Controllers.Playground.TaskRouteTest" assertions="115" time="0.345057"/>
        <testcase name="test_json_admin_can_get_index_with_filters" file="/app/vendor/gammamatrix/playground-test/src/Feature/Http/Controllers/Resource/Playground/IndexJsonTrait.php" line="85" class="Tests\Feature\Playground\Lead\Api\Http\Controllers\Playground\TaskRouteTest" classname="Tests.Feature.Playground.Lead.Api.Http.Controllers.Playground.TaskRouteTest" assertions="3" time="0.369458"/>
        <testcase name="test_json_guest_cannot_lock" file="/app/vendor/gammamatrix/playground-test/src/Feature/Http/Controllers/Resource/Playground/LockJsonTrait.php" line="36" class="Tests\Feature\Playground\Lead\Api\Http\Controllers\Playground\TaskRouteTest" classname="Tests.Feature.Playground.Lead.Api.Http.Controllers.Playground.TaskRouteTest" assertions="3" time="0.327181"/>
        <testcase name="test_json_lock_as_admin_and_succeed" file="/app/vendor/gammamatrix/playground-test/src/Feature/Http/Controllers/Resource/Playground/LockJsonTrait.php" line="66" class="Tests\Feature\Playground\Lead\Api\Http\Controllers\Playground\TaskRouteTest" classname="Tests.Feature.Playground.Lead.Api.Http.Controllers.Playground.TaskRouteTest" assertions="3" time="0.342231"/>
        <testcase name="test_json_lock_as_admin_and_succeed_with_no_redirect" file="/app/vendor/gammamatrix/playground-test/src/Feature/Http/Controllers/Resource/Playground/LockJsonTrait.php" line="98" class="Tests\Feature\Playground\Lead\Api\Http\Controllers\Playground\TaskRouteTest" classname="Tests.Feature.Playground.Lead.Api.Http.Controllers.Playground.TaskRouteTest" assertions="110" time="0.370838"/>
        <testcase name="test_json_lock_as_user_and_get_denied" file="/app/vendor/gammamatrix/playground-test/src/Feature/Http/Controllers/Resource/Playground/LockJsonTrait.php" line="143" class="Tests\Feature\Playground\Lead\Api\Http\Controllers\Playground\TaskRouteTest" classname="Tests.Feature.Playground.Lead.Api.Http.Controllers.Playground.TaskRouteTest" assertions="3" time="0.334944"/>
        <testcase name="test_json_guest_cannot_restore" file="/app/vendor/gammamatrix/playground-test/src/Feature/Http/Controllers/Resource/Playground/RestoreJsonTrait.php" line="32" class="Tests\Feature\Playground\Lead\Api\Http\Controllers\Playground\TaskRouteTest" classname="Tests.Feature.Playground.Lead.Api.Http.Controllers.Playground.TaskRouteTest" assertions="3" time="0.328038"/>
        <testcase name="test_json_restore_as_admin_and_succeed" file="/app/vendor/gammamatrix/playground-test/src/Feature/Http/Controllers/Resource/Playground/RestoreJsonTrait.php" line="64" class="Tests\Feature\Playground\Lead\Api\Http\Controllers\Playground\TaskRouteTest" classname="Tests.Feature.Playground.Lead.Api.Http.Controllers.Playground.TaskRouteTest" assertions="110" time="0.377132"/>
        <testcase name="test_json_restore_as_admin_and_succeed_with_no_redirect" file="/app/vendor/gammamatrix/playground-test/src/Feature/Http/Controllers/Resource/Playground/RestoreJsonTrait.php" line="100" class="Tests\Feature\Playground\Lead\Api\Http\Controllers\Playground\TaskRouteTest" classname="Tests.Feature.Playground.Lead.Api.Http.Controllers.Playground.TaskRouteTest" assertions="110" time="0.344696"/>
        <testcase name="test_json_restore_as_user_and_get_denied" file="/app/vendor/gammamatrix/playground-test/src/Feature/Http/Controllers/Resource/Playground/RestoreJsonTrait.php" line="143" class="Tests\Feature\Playground\Lead\Api\Http\Controllers\Playground\TaskRouteTest" classname="Tests.Feature.Playground.Lead.Api.Http.Controllers.Playground.TaskRouteTest" assertions="3" time="0.344937"/>
        <testcase name="test_json_guest_cannot_see_info" file="/app/vendor/gammamatrix/playground-test/src/Feature/Http/Controllers/Resource/Playground/ShowJsonTrait.php" line="29" class="Tests\Feature\Playground\Lead\Api\Http\Controllers\Playground\TaskRouteTest" classname="Tests.Feature.Playground.Lead.Api.Http.Controllers.Playground.TaskRouteTest" assertions="1" time="0.362643"/>
        <testcase name="test_json_show_info_for_admin" file="/app/vendor/gammamatrix/playground-test/src/Feature/Http/Controllers/Resource/Playground/ShowJsonTrait.php" line="49" class="Tests\Feature\Playground\Lead\Api\Http\Controllers\Playground\TaskRouteTest" classname="Tests.Feature.Playground.Lead.Api.Http.Controllers.Playground.TaskRouteTest" assertions="109" time="0.345039"/>
        <testcase name="test_json_guest_cannot_store" file="/app/vendor/gammamatrix/playground-test/src/Feature/Http/Controllers/Resource/Playground/StoreJsonTrait.php" line="43" class="Tests\Feature\Playground\Lead\Api\Http\Controllers\Playground\TaskRouteTest" classname="Tests.Feature.Playground.Lead.Api.Http.Controllers.Playground.TaskRouteTest" assertions="3" time="0.319774"/>
        <testcase name="test_json_store_as_admin_without_payload_and_fail_validation" file="/app/vendor/gammamatrix/playground-test/src/Feature/Http/Controllers/Resource/Playground/StoreJsonTrait.php" line="66" class="Tests\Feature\Playground\Lead\Api\Http\Controllers\Playground\TaskRouteTest" classname="Tests.Feature.Playground.Lead.Api.Http.Controllers.Playground.TaskRouteTest" assertions="5" time="0.380243"/>
        <testcase name="test_json_store_as_admin_and_succeed" file="/app/vendor/gammamatrix/playground-test/src/Feature/Http/Controllers/Resource/Playground/StoreJsonTrait.php" line="92" class="Tests\Feature\Playground\Lead\Api\Http\Controllers\Playground\TaskRouteTest" classname="Tests.Feature.Playground.Lead.Api.Http.Controllers.Playground.TaskRouteTest" assertions="3" time="0.370632"/>
        <testcase name="test_json_guest_cannot_unlock" file="/app/vendor/gammamatrix/playground-test/src/Feature/Http/Controllers/Resource/Playground/UnlockJsonTrait.php" line="36" class="Tests\Feature\Playground\Lead\Api\Http\Controllers\Playground\TaskRouteTest" classname="Tests.Feature.Playground.Lead.Api.Http.Controllers.Playground.TaskRouteTest" assertions="3" time="0.324001"/>
        <testcase name="test_json_unlock_as_admin_and_succeed" file="/app/vendor/gammamatrix/playground-test/src/Feature/Http/Controllers/Resource/Playground/UnlockJsonTrait.php" line="68" class="Tests\Feature\Playground\Lead\Api\Http\Controllers\Playground\TaskRouteTest" classname="Tests.Feature.Playground.Lead.Api.Http.Controllers.Playground.TaskRouteTest" assertions="110" time="0.392640"/>
        <testcase name="test_json_unlock_as_admin_and_succeed_with_no_redirect" file="/app/vendor/gammamatrix/playground-test/src/Feature/Http/Controllers/Resource/Playground/UnlockJsonTrait.php" line="104" class="Tests\Feature\Playground\Lead\Api\Http\Controllers\Playground\TaskRouteTest" classname="Tests.Feature.Playground.Lead.Api.Http.Controllers.Playground.TaskRouteTest" assertions="110" time="0.347028"/>
        <testcase name="test_json_unlock_as_user_and_get_denied" file="/app/vendor/gammamatrix/playground-test/src/Feature/Http/Controllers/Resource/Playground/UnlockJsonTrait.php" line="145" class="Tests\Feature\Playground\Lead\Api\Http\Controllers\Playground\TaskRouteTest" classname="Tests.Feature.Playground.Lead.Api.Http.Controllers.Playground.TaskRouteTest" assertions="3" time="0.335654"/>
        <testcase name="test_json_guest_cannot_update" file="/app/vendor/gammamatrix/playground-test/src/Feature/Http/Controllers/Resource/Playground/UpdateJsonTrait.php" line="45" class="Tests\Feature\Playground\Lead\Api\Http\Controllers\Playground\TaskRouteTest" classname="Tests.Feature.Playground.Lead.Api.Http.Controllers.Playground.TaskRouteTest" assertions="1" time="0.357231"/>
        <testcase name="test_json_update_as_admin_without_payload_and_fail_validation" file="/app/vendor/gammamatrix/playground-test/src/Feature/Http/Controllers/Resource/Playground/UpdateJsonTrait.php" line="65" class="Tests\Feature\Playground\Lead\Api\Http\Controllers\Playground\TaskRouteTest" classname="Tests.Feature.Playground.Lead.Api.Http.Controllers.Playground.TaskRouteTest" assertions="4" time="0.352706"/>
        <testcase name="test_json_admin_can_update" file="/app/vendor/gammamatrix/playground-test/src/Feature/Http/Controllers/Resource/Playground/UpdateJsonTrait.php" line="90" class="Tests\Feature\Playground\Lead\Api\Http\Controllers\Playground\TaskRouteTest" classname="Tests.Feature.Playground.Lead.Api.Http.Controllers.Playground.TaskRouteTest" assertions="112" time="0.391343"/>
      </testsuite>
      <testsuite name="Tests\Feature\Playground\Lead\Api\Http\Controllers\Playground\TeamRouteTest" file="/app/tests/Feature/Http/Controllers/Playground/TeamRouteTest.php" tests="35" assertions="1075" errors="0" failures="0" skipped="0" time="12.386748">
        <testcase name="test_json_guest_cannot_get_create_info" file="/app/vendor/gammamatrix/playground-test/src/Feature/Http/Controllers/Resource/Playground/CreateJsonTrait.php" line="38" class="Tests\Feature\Playground\Lead\Api\Http\Controllers\Playground\TeamRouteTest" classname="Tests.Feature.Playground.Lead.Api.Http.Controllers.Playground.TeamRouteTest" assertions="1" time="0.372175"/>
        <testcase name="test_json_admin_can_get_create_info" file="/app/vendor/gammamatrix/playground-test/src/Feature/Http/Controllers/Resource/Playground/CreateJsonTrait.php" line="53" class="Tests\Feature\Playground\Lead\Api\Http\Controllers\Playground\TeamRouteTest" classname="Tests.Feature.Playground.Lead.Api.Http.Controllers.Playground.TeamRouteTest" assertions="108" time="0.343287"/>
        <testcase name="test_json_get_create_info_as_admin_with_invalid_parameter_and_fail_validation" file="/app/vendor/gammamatrix/playground-test/src/Feature/Http/Controllers/Resource/Playground/CreateJsonTrait.php" line="73" class="Tests\Feature\Playground\Lead\Api\Http\Controllers\Playground\TeamRouteTest" classname="Tests.Feature.Playground.Lead.Api.Http.Controllers.Playground.TeamRouteTest" assertions="4" time="0.332424"/>
        <testcase name="test_json_guest_cannot_destroy" file="/app/vendor/gammamatrix/playground-test/src/Feature/Http/Controllers/Resource/Playground/DestroyJsonTrait.php" line="31" class="Tests\Feature\Playground\Lead\Api\Http\Controllers\Playground\TeamRouteTest" classname="Tests.Feature.Playground.Lead.Api.Http.Controllers.Playground.TeamRouteTest" assertions="3" time="0.353753"/>
        <testcase name="test_json_destroy_as_admin_and_succeed" file="/app/vendor/gammamatrix/playground-test/src/Feature/Http/Controllers/Resource/Playground/DestroyJsonTrait.php" line="61" class="Tests\Feature\Playground\Lead\Api\Http\Controllers\Playground\TeamRouteTest" classname="Tests.Feature.Playground.Lead.Api.Http.Controllers.Playground.TeamRouteTest" assertions="5" time="0.338909"/>
        <testcase name="test_json_destroy_as_admin_and_succeed_with_force_delete" file="/app/vendor/gammamatrix/playground-test/src/Feature/Http/Controllers/Resource/Playground/DestroyJsonTrait.php" line="100" class="Tests\Feature\Playground\Lead\Api\Http\Controllers\Playground\TeamRouteTest" classname="Tests.Feature.Playground.Lead.Api.Http.Controllers.Playground.TeamRouteTest" assertions="4" time="0.339451"/>
        <testcase name="test_json_destroy_as_admin_and_succeed_with_no_content" file="/app/vendor/gammamatrix/playground-test/src/Feature/Http/Controllers/Resource/Playground/DestroyJsonTrait.php" line="132" class="Tests\Feature\Playground\Lead\Api\Http\Controllers\Playground\TeamRouteTest" classname="Tests.Feature.Playground.Lead.Api.Http.Controllers.Playground.TeamRouteTest" assertions="5" time="0.364644"/>
        <testcase name="test_json_destroy_as_admin_and_succeed_and_ignore_redirect" file="/app/vendor/gammamatrix/playground-test/src/Feature/Http/Controllers/Resource/Playground/DestroyJsonTrait.php" line="167" class="Tests\Feature\Playground\Lead\Api\Http\Controllers\Playground\TeamRouteTest" classname="Tests.Feature.Playground.Lead.Api.Http.Controllers.Playground.TeamRouteTest" assertions="5" time="0.343010"/>
        <testcase name="test_json_destroy_as_user_and_get_denied_and_no_force_delete_allowed" file="/app/vendor/gammamatrix/playground-test/src/Feature/Http/Controllers/Resource/Playground/DestroyJsonTrait.php" line="209" class="Tests\Feature\Playground\Lead\Api\Http\Controllers\Playground\TeamRouteTest" classname="Tests.Feature.Playground.Lead.Api.Http.Controllers.Playground.TeamRouteTest" assertions="3" time="0.336272"/>
        <testcase name="test_json_guest_cannot_get_edit_info" file="/app/vendor/gammamatrix/playground-test/src/Feature/Http/Controllers/Resource/Playground/EditJsonTrait.php" line="38" class="Tests\Feature\Playground\Lead\Api\Http\Controllers\Playground\TeamRouteTest" classname="Tests.Feature.Playground.Lead.Api.Http.Controllers.Playground.TeamRouteTest" assertions="1" time="0.359385"/>
        <testcase name="test_json_admin_can_get_edit_info" file="/app/vendor/gammamatrix/playground-test/src/Feature/Http/Controllers/Resource/Playground/EditJsonTrait.php" line="58" class="Tests\Feature\Playground\Lead\Api\Http\Controllers\Playground\TeamRouteTest" classname="Tests.Feature.Playground.Lead.Api.Http.Controllers.Playground.TeamRouteTest" assertions="4" time="0.347325"/>
        <testcase name="test_json_edit_as_admin_and_fail_validation_with_invalid_parameter" file="/app/vendor/gammamatrix/playground-test/src/Feature/Http/Controllers/Resource/Playground/EditJsonTrait.php" line="87" class="Tests\Feature\Playground\Lead\Api\Http\Controllers\Playground\TeamRouteTest" classname="Tests.Feature.Playground.Lead.Api.Http.Controllers.Playground.TeamRouteTest" assertions="4" time="0.357617"/>
        <testcase name="test_json_guest_cannot_get_index" file="/app/vendor/gammamatrix/playground-test/src/Feature/Http/Controllers/Resource/Playground/IndexJsonTrait.php" line="34" class="Tests\Feature\Playground\Lead\Api\Http\Controllers\Playground\TeamRouteTest" classname="Tests.Feature.Playground.Lead.Api.Http.Controllers.Playground.TeamRouteTest" assertions="1" time="0.358921"/>
        <testcase name="test_json_admin_can_get_index" file="/app/vendor/gammamatrix/playground-test/src/Feature/Http/Controllers/Resource/Playground/IndexJsonTrait.php" line="49" class="Tests\Feature\Playground\Lead\Api\Http\Controllers\Playground\TeamRouteTest" classname="Tests.Feature.Playground.Lead.Api.Http.Controllers.Playground.TeamRouteTest" assertions="115" time="0.350297"/>
        <testcase name="test_json_admin_can_get_index_with_filters" file="/app/vendor/gammamatrix/playground-test/src/Feature/Http/Controllers/Resource/Playground/IndexJsonTrait.php" line="85" class="Tests\Feature\Playground\Lead\Api\Http\Controllers\Playground\TeamRouteTest" classname="Tests.Feature.Playground.Lead.Api.Http.Controllers.Playground.TeamRouteTest" assertions="3" time="0.346280"/>
        <testcase name="test_json_guest_cannot_lock" file="/app/vendor/gammamatrix/playground-test/src/Feature/Http/Controllers/Resource/Playground/LockJsonTrait.php" line="36" class="Tests\Feature\Playground\Lead\Api\Http\Controllers\Playground\TeamRouteTest" classname="Tests.Feature.Playground.Lead.Api.Http.Controllers.Playground.TeamRouteTest" assertions="3" time="0.369187"/>
        <testcase name="test_json_lock_as_admin_and_succeed" file="/app/vendor/gammamatrix/playground-test/src/Feature/Http/Controllers/Resource/Playground/LockJsonTrait.php" line="66" class="Tests\Feature\Playground\Lead\Api\Http\Controllers\Playground\TeamRouteTest" classname="Tests.Feature.Playground.Lead.Api.Http.Controllers.Playground.TeamRouteTest" assertions="3" time="0.347628"/>
        <testcase name="test_json_lock_as_admin_and_succeed_with_no_redirect" file="/app/vendor/gammamatrix/playground-test/src/Feature/Http/Controllers/Resource/Playground/LockJsonTrait.php" line="98" class="Tests\Feature\Playground\Lead\Api\Http\Controllers\Playground\TeamRouteTest" classname="Tests.Feature.Playground.Lead.Api.Http.Controllers.Playground.TeamRouteTest" assertions="110" time="0.350567"/>
        <testcase name="test_json_lock_as_user_and_get_denied" file="/app/vendor/gammamatrix/playground-test/src/Feature/Http/Controllers/Resource/Playground/LockJsonTrait.php" line="143" class="Tests\Feature\Playground\Lead\Api\Http\Controllers\Playground\TeamRouteTest" classname="Tests.Feature.Playground.Lead.Api.Http.Controllers.Playground.TeamRouteTest" assertions="3" time="0.370555"/>
        <testcase name="test_json_guest_cannot_restore" file="/app/vendor/gammamatrix/playground-test/src/Feature/Http/Controllers/Resource/Playground/RestoreJsonTrait.php" line="32" class="Tests\Feature\Playground\Lead\Api\Http\Controllers\Playground\TeamRouteTest" classname="Tests.Feature.Playground.Lead.Api.Http.Controllers.Playground.TeamRouteTest" assertions="3" time="0.324824"/>
        <testcase name="test_json_restore_as_admin_and_succeed" file="/app/vendor/gammamatrix/playground-test/src/Feature/Http/Controllers/Resource/Playground/RestoreJsonTrait.php" line="64" class="Tests\Feature\Playground\Lead\Api\Http\Controllers\Playground\TeamRouteTest" classname="Tests.Feature.Playground.Lead.Api.Http.Controllers.Playground.TeamRouteTest" assertions="110" time="0.350328"/>
        <testcase name="test_json_restore_as_admin_and_succeed_with_no_redirect" file="/app/vendor/gammamatrix/playground-test/src/Feature/Http/Controllers/Resource/Playground/RestoreJsonTrait.php" line="100" class="Tests\Feature\Playground\Lead\Api\Http\Controllers\Playground\TeamRouteTest" classname="Tests.Feature.Playground.Lead.Api.Http.Controllers.Playground.TeamRouteTest" assertions="110" time="0.390664"/>
        <testcase name="test_json_restore_as_user_and_get_denied" file="/app/vendor/gammamatrix/playground-test/src/Feature/Http/Controllers/Resource/Playground/RestoreJsonTrait.php" line="143" class="Tests\Feature\Playground\Lead\Api\Http\Controllers\Playground\TeamRouteTest" classname="Tests.Feature.Playground.Lead.Api.Http.Controllers.Playground.TeamRouteTest" assertions="3" time="0.352114"/>
        <testcase name="test_json_guest_cannot_see_info" file="/app/vendor/gammamatrix/playground-test/src/Feature/Http/Controllers/Resource/Playground/ShowJsonTrait.php" line="29" class="Tests\Feature\Playground\Lead\Api\Http\Controllers\Playground\TeamRouteTest" classname="Tests.Feature.Playground.Lead.Api.Http.Controllers.Playground.TeamRouteTest" assertions="1" time="0.326373"/>
        <testcase name="test_json_show_info_for_admin" file="/app/vendor/gammamatrix/playground-test/src/Feature/Http/Controllers/Resource/Playground/ShowJsonTrait.php" line="49" class="Tests\Feature\Playground\Lead\Api\Http\Controllers\Playground\TeamRouteTest" classname="Tests.Feature.Playground.Lead.Api.Http.Controllers.Playground.TeamRouteTest" assertions="109" time="0.383306"/>
        <testcase name="test_json_guest_cannot_store" file="/app/vendor/gammamatrix/playground-test/src/Feature/Http/Controllers/Resource/Playground/StoreJsonTrait.php" line="43" class="Tests\Feature\Playground\Lead\Api\Http\Controllers\Playground\TeamRouteTest" classname="Tests.Feature.Playground.Lead.Api.Http.Controllers.Playground.TeamRouteTest" assertions="3" time="0.320391"/>
        <testcase name="test_json_store_as_admin_without_payload_and_fail_validation" file="/app/vendor/gammamatrix/playground-test/src/Feature/Http/Controllers/Resource/Playground/StoreJsonTrait.php" line="66" class="Tests\Feature\Playground\Lead\Api\Http\Controllers\Playground\TeamRouteTest" classname="Tests.Feature.Playground.Lead.Api.Http.Controllers.Playground.TeamRouteTest" assertions="5" time="0.340571"/>
        <testcase name="test_json_store_as_admin_and_succeed" file="/app/vendor/gammamatrix/playground-test/src/Feature/Http/Controllers/Resource/Playground/StoreJsonTrait.php" line="92" class="Tests\Feature\Playground\Lead\Api\Http\Controllers\Playground\TeamRouteTest" classname="Tests.Feature.Playground.Lead.Api.Http.Controllers.Playground.TeamRouteTest" assertions="3" time="0.412246"/>
        <testcase name="test_json_guest_cannot_unlock" file="/app/vendor/gammamatrix/playground-test/src/Feature/Http/Controllers/Resource/Playground/UnlockJsonTrait.php" line="36" class="Tests\Feature\Playground\Lead\Api\Http\Controllers\Playground\TeamRouteTest" classname="Tests.Feature.Playground.Lead.Api.Http.Controllers.Playground.TeamRouteTest" assertions="3" time="0.324765"/>
        <testcase name="test_json_unlock_as_admin_and_succeed" file="/app/vendor/gammamatrix/playground-test/src/Feature/Http/Controllers/Resource/Playground/UnlockJsonTrait.php" line="68" class="Tests\Feature\Playground\Lead\Api\Http\Controllers\Playground\TeamRouteTest" classname="Tests.Feature.Playground.Lead.Api.Http.Controllers.Playground.TeamRouteTest" assertions="110" time="0.388239"/>
        <testcase name="test_json_unlock_as_admin_and_succeed_with_no_redirect" file="/app/vendor/gammamatrix/playground-test/src/Feature/Http/Controllers/Resource/Playground/UnlockJsonTrait.php" line="104" class="Tests\Feature\Playground\Lead\Api\Http\Controllers\Playground\TeamRouteTest" classname="Tests.Feature.Playground.Lead.Api.Http.Controllers.Playground.TeamRouteTest" assertions="110" time="0.355485"/>
        <testcase name="test_json_unlock_as_user_and_get_denied" file="/app/vendor/gammamatrix/playground-test/src/Feature/Http/Controllers/Resource/Playground/UnlockJsonTrait.php" line="145" class="Tests\Feature\Playground\Lead\Api\Http\Controllers\Playground\TeamRouteTest" classname="Tests.Feature.Playground.Lead.Api.Http.Controllers.Playground.TeamRouteTest" assertions="3" time="0.343200"/>
        <testcase name="test_json_guest_cannot_update" file="/app/vendor/gammamatrix/playground-test/src/Feature/Http/Controllers/Resource/Playground/UpdateJsonTrait.php" line="45" class="Tests\Feature\Playground\Lead\Api\Http\Controllers\Playground\TeamRouteTest" classname="Tests.Feature.Playground.Lead.Api.Http.Controllers.Playground.TeamRouteTest" assertions="1" time="0.357684"/>
        <testcase name="test_json_update_as_admin_without_payload_and_fail_validation" file="/app/vendor/gammamatrix/playground-test/src/Feature/Http/Controllers/Resource/Playground/UpdateJsonTrait.php" line="65" class="Tests\Feature\Playground\Lead\Api\Http\Controllers\Playground\TeamRouteTest" classname="Tests.Feature.Playground.Lead.Api.Http.Controllers.Playground.TeamRouteTest" assertions="4" time="0.346943"/>
        <testcase name="test_json_admin_can_update" file="/app/vendor/gammamatrix/playground-test/src/Feature/Http/Controllers/Resource/Playground/UpdateJsonTrait.php" line="90" class="Tests\Feature\Playground\Lead\Api\Http\Controllers\Playground\TeamRouteTest" classname="Tests.Feature.Playground.Lead.Api.Http.Controllers.Playground.TeamRouteTest" assertions="112" time="0.387925"/>
      </testsuite>
      <testsuite name="Tests\Feature\Playground\Lead\Api\Http\Controllers\Playground\TeammateRouteTest" file="/app/tests/Feature/Http/Controllers/Playground/TeammateRouteTest.php" tests="35" assertions="1075" errors="0" failures="0" skipped="0" time="12.486587">
        <testcase name="test_json_guest_cannot_get_create_info" file="/app/vendor/gammamatrix/playground-test/src/Feature/Http/Controllers/Resource/Playground/CreateJsonTrait.php" line="38" class="Tests\Feature\Playground\Lead\Api\Http\Controllers\Playground\TeammateRouteTest" classname="Tests.Feature.Playground.Lead.Api.Http.Controllers.Playground.TeammateRouteTest" assertions="1" time="0.381264"/>
        <testcase name="test_json_admin_can_get_create_info" file="/app/vendor/gammamatrix/playground-test/src/Feature/Http/Controllers/Resource/Playground/CreateJsonTrait.php" line="53" class="Tests\Feature\Playground\Lead\Api\Http\Controllers\Playground\TeammateRouteTest" classname="Tests.Feature.Playground.Lead.Api.Http.Controllers.Playground.TeammateRouteTest" assertions="108" time="0.348102"/>
        <testcase name="test_json_get_create_info_as_admin_with_invalid_parameter_and_fail_validation" file="/app/vendor/gammamatrix/playground-test/src/Feature/Http/Controllers/Resource/Playground/CreateJsonTrait.php" line="73" class="Tests\Feature\Playground\Lead\Api\Http\Controllers\Playground\TeammateRouteTest" classname="Tests.Feature.Playground.Lead.Api.Http.Controllers.Playground.TeammateRouteTest" assertions="4" time="0.333200"/>
        <testcase name="test_json_guest_cannot_destroy" file="/app/vendor/gammamatrix/playground-test/src/Feature/Http/Controllers/Resource/Playground/DestroyJsonTrait.php" line="31" class="Tests\Feature\Playground\Lead\Api\Http\Controllers\Playground\TeammateRouteTest" classname="Tests.Feature.Playground.Lead.Api.Http.Controllers.Playground.TeammateRouteTest" assertions="3" time="0.359917"/>
        <testcase name="test_json_destroy_as_admin_and_succeed" file="/app/vendor/gammamatrix/playground-test/src/Feature/Http/Controllers/Resource/Playground/DestroyJsonTrait.php" line="61" class="Tests\Feature\Playground\Lead\Api\Http\Controllers\Playground\TeammateRouteTest" classname="Tests.Feature.Playground.Lead.Api.Http.Controllers.Playground.TeammateRouteTest" assertions="5" time="0.335631"/>
        <testcase name="test_json_destroy_as_admin_and_succeed_with_force_delete" file="/app/vendor/gammamatrix/playground-test/src/Feature/Http/Controllers/Resource/Playground/DestroyJsonTrait.php" line="100" class="Tests\Feature\Playground\Lead\Api\Http\Controllers\Playground\TeammateRouteTest" classname="Tests.Feature.Playground.Lead.Api.Http.Controllers.Playground.TeammateRouteTest" assertions="4" time="0.331534"/>
        <testcase name="test_json_destroy_as_admin_and_succeed_with_no_content" file="/app/vendor/gammamatrix/playground-test/src/Feature/Http/Controllers/Resource/Playground/DestroyJsonTrait.php" line="132" class="Tests\Feature\Playground\Lead\Api\Http\Controllers\Playground\TeammateRouteTest" classname="Tests.Feature.Playground.Lead.Api.Http.Controllers.Playground.TeammateRouteTest" assertions="5" time="0.378622"/>
        <testcase name="test_json_destroy_as_admin_and_succeed_and_ignore_redirect" file="/app/vendor/gammamatrix/playground-test/src/Feature/Http/Controllers/Resource/Playground/DestroyJsonTrait.php" line="167" class="Tests\Feature\Playground\Lead\Api\Http\Controllers\Playground\TeammateRouteTest" classname="Tests.Feature.Playground.Lead.Api.Http.Controllers.Playground.TeammateRouteTest" assertions="5" time="0.334095"/>
        <testcase name="test_json_destroy_as_user_and_get_denied_and_no_force_delete_allowed" file="/app/vendor/gammamatrix/playground-test/src/Feature/Http/Controllers/Resource/Playground/DestroyJsonTrait.php" line="209" class="Tests\Feature\Playground\Lead\Api\Http\Controllers\Playground\TeammateRouteTest" classname="Tests.Feature.Playground.Lead.Api.Http.Controllers.Playground.TeammateRouteTest" assertions="3" time="0.337031"/>
        <testcase name="test_json_guest_cannot_get_edit_info" file="/app/vendor/gammamatrix/playground-test/src/Feature/Http/Controllers/Resource/Playground/EditJsonTrait.php" line="38" class="Tests\Feature\Playground\Lead\Api\Http\Controllers\Playground\TeammateRouteTest" classname="Tests.Feature.Playground.Lead.Api.Http.Controllers.Playground.TeammateRouteTest" assertions="1" time="0.367663"/>
        <testcase name="test_json_admin_can_get_edit_info" file="/app/vendor/gammamatrix/playground-test/src/Feature/Http/Controllers/Resource/Playground/EditJsonTrait.php" line="58" class="Tests\Feature\Playground\Lead\Api\Http\Controllers\Playground\TeammateRouteTest" classname="Tests.Feature.Playground.Lead.Api.Http.Controllers.Playground.TeammateRouteTest" assertions="4" time="0.347162"/>
        <testcase name="test_json_edit_as_admin_and_fail_validation_with_invalid_parameter" file="/app/vendor/gammamatrix/playground-test/src/Feature/Http/Controllers/Resource/Playground/EditJsonTrait.php" line="87" class="Tests\Feature\Playground\Lead\Api\Http\Controllers\Playground\TeammateRouteTest" classname="Tests.Feature.Playground.Lead.Api.Http.Controllers.Playground.TeammateRouteTest" assertions="4" time="0.342735"/>
        <testcase name="test_json_guest_cannot_get_index" file="/app/vendor/gammamatrix/playground-test/src/Feature/Http/Controllers/Resource/Playground/IndexJsonTrait.php" line="34" class="Tests\Feature\Playground\Lead\Api\Http\Controllers\Playground\TeammateRouteTest" classname="Tests.Feature.Playground.Lead.Api.Http.Controllers.Playground.TeammateRouteTest" assertions="1" time="0.372059"/>
        <testcase name="test_json_admin_can_get_index" file="/app/vendor/gammamatrix/playground-test/src/Feature/Http/Controllers/Resource/Playground/IndexJsonTrait.php" line="49" class="Tests\Feature\Playground\Lead\Api\Http\Controllers\Playground\TeammateRouteTest" classname="Tests.Feature.Playground.Lead.Api.Http.Controllers.Playground.TeammateRouteTest" assertions="115" time="0.356434"/>
        <testcase name="test_json_admin_can_get_index_with_filters" file="/app/vendor/gammamatrix/playground-test/src/Feature/Http/Controllers/Resource/Playground/IndexJsonTrait.php" line="85" class="Tests\Feature\Playground\Lead\Api\Http\Controllers\Playground\TeammateRouteTest" classname="Tests.Feature.Playground.Lead.Api.Http.Controllers.Playground.TeammateRouteTest" assertions="3" time="0.345947"/>
        <testcase name="test_json_guest_cannot_lock" file="/app/vendor/gammamatrix/playground-test/src/Feature/Http/Controllers/Resource/Playground/LockJsonTrait.php" line="36" class="Tests\Feature\Playground\Lead\Api\Http\Controllers\Playground\TeammateRouteTest" classname="Tests.Feature.Playground.Lead.Api.Http.Controllers.Playground.TeammateRouteTest" assertions="3" time="0.368573"/>
        <testcase name="test_json_lock_as_admin_and_succeed" file="/app/vendor/gammamatrix/playground-test/src/Feature/Http/Controllers/Resource/Playground/LockJsonTrait.php" line="66" class="Tests\Feature\Playground\Lead\Api\Http\Controllers\Playground\TeammateRouteTest" classname="Tests.Feature.Playground.Lead.Api.Http.Controllers.Playground.TeammateRouteTest" assertions="3" time="0.348714"/>
        <testcase name="test_json_lock_as_admin_and_succeed_with_no_redirect" file="/app/vendor/gammamatrix/playground-test/src/Feature/Http/Controllers/Resource/Playground/LockJsonTrait.php" line="98" class="Tests\Feature\Playground\Lead\Api\Http\Controllers\Playground\TeammateRouteTest" classname="Tests.Feature.Playground.Lead.Api.Http.Controllers.Playground.TeammateRouteTest" assertions="110" time="0.346636"/>
        <testcase name="test_json_lock_as_user_and_get_denied" file="/app/vendor/gammamatrix/playground-test/src/Feature/Http/Controllers/Resource/Playground/LockJsonTrait.php" line="143" class="Tests\Feature\Playground\Lead\Api\Http\Controllers\Playground\TeammateRouteTest" classname="Tests.Feature.Playground.Lead.Api.Http.Controllers.Playground.TeammateRouteTest" assertions="3" time="0.375470"/>
        <testcase name="test_json_guest_cannot_restore" file="/app/vendor/gammamatrix/playground-test/src/Feature/Http/Controllers/Resource/Playground/RestoreJsonTrait.php" line="32" class="Tests\Feature\Playground\Lead\Api\Http\Controllers\Playground\TeammateRouteTest" classname="Tests.Feature.Playground.Lead.Api.Http.Controllers.Playground.TeammateRouteTest" assertions="3" time="0.324240"/>
        <testcase name="test_json_restore_as_admin_and_succeed" file="/app/vendor/gammamatrix/playground-test/src/Feature/Http/Controllers/Resource/Playground/RestoreJsonTrait.php" line="64" class="Tests\Feature\Playground\Lead\Api\Http\Controllers\Playground\TeammateRouteTest" classname="Tests.Feature.Playground.Lead.Api.Http.Controllers.Playground.TeammateRouteTest" assertions="110" time="0.347022"/>
        <testcase name="test_json_restore_as_admin_and_succeed_with_no_redirect" file="/app/vendor/gammamatrix/playground-test/src/Feature/Http/Controllers/Resource/Playground/RestoreJsonTrait.php" line="100" class="Tests\Feature\Playground\Lead\Api\Http\Controllers\Playground\TeammateRouteTest" classname="Tests.Feature.Playground.Lead.Api.Http.Controllers.Playground.TeammateRouteTest" assertions="110" time="0.389623"/>
        <testcase name="test_json_restore_as_user_and_get_denied" file="/app/vendor/gammamatrix/playground-test/src/Feature/Http/Controllers/Resource/Playground/RestoreJsonTrait.php" line="143" class="Tests\Feature\Playground\Lead\Api\Http\Controllers\Playground\TeammateRouteTest" classname="Tests.Feature.Playground.Lead.Api.Http.Controllers.Playground.TeammateRouteTest" assertions="3" time="0.333563"/>
        <testcase name="test_json_guest_cannot_see_info" file="/app/vendor/gammamatrix/playground-test/src/Feature/Http/Controllers/Resource/Playground/ShowJsonTrait.php" line="29" class="Tests\Feature\Playground\Lead\Api\Http\Controllers\Playground\TeammateRouteTest" classname="Tests.Feature.Playground.Lead.Api.Http.Controllers.Playground.TeammateRouteTest" assertions="1" time="0.332643"/>
        <testcase name="test_json_show_info_for_admin" file="/app/vendor/gammamatrix/playground-test/src/Feature/Http/Controllers/Resource/Playground/ShowJsonTrait.php" line="49" class="Tests\Feature\Playground\Lead\Api\Http\Controllers\Playground\TeammateRouteTest" classname="Tests.Feature.Playground.Lead.Api.Http.Controllers.Playground.TeammateRouteTest" assertions="109" time="0.394736"/>
        <testcase name="test_json_guest_cannot_store" file="/app/vendor/gammamatrix/playground-test/src/Feature/Http/Controllers/Resource/Playground/StoreJsonTrait.php" line="43" class="Tests\Feature\Playground\Lead\Api\Http\Controllers\Playground\TeammateRouteTest" classname="Tests.Feature.Playground.Lead.Api.Http.Controllers.Playground.TeammateRouteTest" assertions="3" time="0.325077"/>
        <testcase name="test_json_store_as_admin_without_payload_and_fail_validation" file="/app/vendor/gammamatrix/playground-test/src/Feature/Http/Controllers/Resource/Playground/StoreJsonTrait.php" line="66" class="Tests\Feature\Playground\Lead\Api\Http\Controllers\Playground\TeammateRouteTest" classname="Tests.Feature.Playground.Lead.Api.Http.Controllers.Playground.TeammateRouteTest" assertions="5" time="0.337149"/>
        <testcase name="test_json_store_as_admin_and_succeed" file="/app/vendor/gammamatrix/playground-test/src/Feature/Http/Controllers/Resource/Playground/StoreJsonTrait.php" line="92" class="Tests\Feature\Playground\Lead\Api\Http\Controllers\Playground\TeammateRouteTest" classname="Tests.Feature.Playground.Lead.Api.Http.Controllers.Playground.TeammateRouteTest" assertions="3" time="0.423375"/>
        <testcase name="test_json_guest_cannot_unlock" file="/app/vendor/gammamatrix/playground-test/src/Feature/Http/Controllers/Resource/Playground/UnlockJsonTrait.php" line="36" class="Tests\Feature\Playground\Lead\Api\Http\Controllers\Playground\TeammateRouteTest" classname="Tests.Feature.Playground.Lead.Api.Http.Controllers.Playground.TeammateRouteTest" assertions="3" time="0.337101"/>
        <testcase name="test_json_unlock_as_admin_and_succeed" file="/app/vendor/gammamatrix/playground-test/src/Feature/Http/Controllers/Resource/Playground/UnlockJsonTrait.php" line="68" class="Tests\Feature\Playground\Lead\Api\Http\Controllers\Playground\TeammateRouteTest" classname="Tests.Feature.Playground.Lead.Api.Http.Controllers.Playground.TeammateRouteTest" assertions="110" time="0.353962"/>
        <testcase name="test_json_unlock_as_admin_and_succeed_with_no_redirect" file="/app/vendor/gammamatrix/playground-test/src/Feature/Http/Controllers/Resource/Playground/UnlockJsonTrait.php" line="104" class="Tests\Feature\Playground\Lead\Api\Http\Controllers\Playground\TeammateRouteTest" classname="Tests.Feature.Playground.Lead.Api.Http.Controllers.Playground.TeammateRouteTest" assertions="110" time="0.407947"/>
        <testcase name="test_json_unlock_as_user_and_get_denied" file="/app/vendor/gammamatrix/playground-test/src/Feature/Http/Controllers/Resource/Playground/UnlockJsonTrait.php" line="145" class="Tests\Feature\Playground\Lead\Api\Http\Controllers\Playground\TeammateRouteTest" classname="Tests.Feature.Playground.Lead.Api.Http.Controllers.Playground.TeammateRouteTest" assertions="3" time="0.343063"/>
        <testcase name="test_json_guest_cannot_update" file="/app/vendor/gammamatrix/playground-test/src/Feature/Http/Controllers/Resource/Playground/UpdateJsonTrait.php" line="45" class="Tests\Feature\Playground\Lead\Api\Http\Controllers\Playground\TeammateRouteTest" classname="Tests.Feature.Playground.Lead.Api.Http.Controllers.Playground.TeammateRouteTest" assertions="1" time="0.340809"/>
        <testcase name="test_json_update_as_admin_without_payload_and_fail_validation" file="/app/vendor/gammamatrix/playground-test/src/Feature/Http/Controllers/Resource/Playground/UpdateJsonTrait.php" line="65" class="Tests\Feature\Playground\Lead\Api\Http\Controllers\Playground\TeammateRouteTest" classname="Tests.Feature.Playground.Lead.Api.Http.Controllers.Playground.TeammateRouteTest" assertions="4" time="0.382862"/>
        <testcase name="test_json_admin_can_update" file="/app/vendor/gammamatrix/playground-test/src/Feature/Http/Controllers/Resource/Playground/UpdateJsonTrait.php" line="90" class="Tests\Feature\Playground\Lead\Api\Http\Controllers\Playground\TeammateRouteTest" classname="Tests.Feature.Playground.Lead.Api.Http.Controllers.Playground.TeammateRouteTest" assertions="112" time="0.402625"/>
      </testsuite>
    </testsuite>
  </testsuite>
</testsuites>
