<?xml version="1.0" encoding="UTF-8"?>
<testsuites>
  <testsuite name="/app/phpunit.xml.dist" tests="399" assertions="11845" errors="0" failures="0" skipped="0" time="135.458365">
    <testsuite name="Unit" tests="13" assertions="18" errors="0" failures="0" skipped="0" time="0.854241">
      <testsuite name="Tests\Unit\Playground\Lead\Api\Http\Requests\Campaign\CreateRequestTest" file="/app/tests/Unit/Http/Requests/Campaign/CreateRequestTest.php" tests="1" assertions="1" errors="0" failures="0" skipped="0" time="0.334568">
        <testcase name="test_request_instance" file="/app/vendor/gammamatrix/playground-test/src/Unit/Http/Requests/RequestCase.php" line="41" class="Tests\Unit\Playground\Lead\Api\Http\Requests\Campaign\CreateRequestTest" classname="Tests.Unit.Playground.Lead.Api.Http.Requests.Campaign.CreateRequestTest" assertions="1" time="0.334568"/>
      </testsuite>
      <testsuite name="Tests\Unit\Playground\Lead\Api\Http\Requests\Campaign\StoreRequestTest" file="/app/tests/Unit/Http/Requests/Campaign/StoreRequestTest.php" tests="1" assertions="1" errors="0" failures="0" skipped="0" time="0.077990">
        <testcase name="test_request_instance" file="/app/vendor/gammamatrix/playground-test/src/Unit/Http/Requests/RequestCase.php" line="41" class="Tests\Unit\Playground\Lead\Api\Http\Requests\Campaign\StoreRequestTest" classname="Tests.Unit.Playground.Lead.Api.Http.Requests.Campaign.StoreRequestTest" assertions="1" time="0.077990"/>
      </testsuite>
      <testsuite name="Tests\Unit\Playground\Lead\Api\Http\Requests\Campaign\UpdateRequestTest" file="/app/tests/Unit/Http/Requests/Campaign/UpdateRequestTest.php" tests="1" assertions="1" errors="0" failures="0" skipped="0" time="0.040404">
        <testcase name="test_request_instance" file="/app/vendor/gammamatrix/playground-test/src/Unit/Http/Requests/RequestCase.php" line="41" class="Tests\Unit\Playground\Lead\Api\Http\Requests\Campaign\UpdateRequestTest" classname="Tests.Unit.Playground.Lead.Api.Http.Requests.Campaign.UpdateRequestTest" assertions="1" time="0.040404"/>
      </testsuite>
      <testsuite name="Tests\Unit\Playground\Lead\Api\Http\Requests\FormRequest\InstanceTest" file="/app/tests/Unit/Http/Requests/FormRequest/InstanceTest.php" tests="5" assertions="6" errors="0" failures="0" skipped="0" time="0.216710">
        <testcase name="test_FormRequest_authorize_without_user" file="/app/tests/Unit/Http/Requests/FormRequest/InstanceTest.php" line="21" class="Tests\Unit\Playground\Lead\Api\Http\Requests\FormRequest\InstanceTest" classname="Tests.Unit.Playground.Lead.Api.Http.Requests.FormRequest.InstanceTest" assertions="1" time="0.036751"/>
        <testcase name="test_RULES_is_empty_by_default" file="/app/tests/Unit/Http/Requests/FormRequest/InstanceTest.php" line="28" class="Tests\Unit\Playground\Lead\Api\Http\Requests\FormRequest\InstanceTest" classname="Tests.Unit.Playground.Lead.Api.Http.Requests.FormRequest.InstanceTest" assertions="2" time="0.037090"/>
        <testcase name="test_userHasAdminPrivileges_without_user" file="/app/tests/Unit/Http/Requests/FormRequest/InstanceTest.php" line="36" class="Tests\Unit\Playground\Lead\Api\Http\Requests\FormRequest\InstanceTest" classname="Tests.Unit.Playground.Lead.Api.Http.Requests.FormRequest.InstanceTest" assertions="1" time="0.038753"/>
        <testcase name="test_userHasAdminPrivileges_with_admin" file="/app/tests/Unit/Http/Requests/FormRequest/InstanceTest.php" line="43" class="Tests\Unit\Playground\Lead\Api\Http\Requests\FormRequest\InstanceTest" classname="Tests.Unit.Playground.Lead.Api.Http.Requests.FormRequest.InstanceTest" assertions="1" time="0.062929"/>
        <testcase name="test_userHasAdminPrivileges_with_default_laravel_user" file="/app/tests/Unit/Http/Requests/FormRequest/InstanceTest.php" line="55" class="Tests\Unit\Playground\Lead\Api\Http\Requests\FormRequest\InstanceTest" classname="Tests.Unit.Playground.Lead.Api.Http.Requests.FormRequest.InstanceTest" assertions="1" time="0.041187"/>
      </testsuite>
      <testsuite name="Tests\Unit\Playground\Lead\Api\Policies\CampaignPolicy\PolicyTest" file="/app/tests/Unit/Policies/CampaignPolicy/PolicyTest.php" tests="1" assertions="1" errors="0" failures="0" skipped="0" time="0.036300">
        <testcase name="test_policy_instance" file="/app/tests/Unit/Policies/CampaignPolicy/PolicyTest.php" line="18" class="Tests\Unit\Playground\Lead\Api\Policies\CampaignPolicy\PolicyTest" classname="Tests.Unit.Playground.Lead.Api.Policies.CampaignPolicy.PolicyTest" assertions="1" time="0.036300"/>
      </testsuite>
      <testsuite name="Tests\Unit\Playground\Lead\Api\ServiceProvider\InstanceTest" file="/app/tests/Unit/ServiceProvider/InstanceTest.php" tests="4" assertions="8" errors="0" failures="0" skipped="0" time="0.148268">
        <testcase name="test_version_matches" file="/app/tests/Unit/ServiceProvider/InstanceTest.php" line="20" class="Tests\Unit\Playground\Lead\Api\ServiceProvider\InstanceTest" classname="Tests.Unit.Playground.Lead.Api.ServiceProvider.InstanceTest" assertions="3" time="0.036084"/>
        <testcase name="test_setPolicies_with_empty_array" file="/app/tests/Unit/ServiceProvider/InstanceTest.php" line="29" class="Tests\Unit\Playground\Lead\Api\ServiceProvider\InstanceTest" classname="Tests.Unit.Playground.Lead.Api.ServiceProvider.InstanceTest" assertions="1" time="0.036289"/>
        <testcase name="test_setPolicies_with_invalid_model" file="/app/tests/Unit/ServiceProvider/InstanceTest.php" line="43" class="Tests\Unit\Playground\Lead\Api\ServiceProvider\InstanceTest" classname="Tests.Unit.Playground.Lead.Api.ServiceProvider.InstanceTest" assertions="2" time="0.038870"/>
        <testcase name="test_setPolicies_with_invalid_policy" file="/app/tests/Unit/ServiceProvider/InstanceTest.php" line="72" class="Tests\Unit\Playground\Lead\Api\ServiceProvider\InstanceTest" classname="Tests.Unit.Playground.Lead.Api.ServiceProvider.InstanceTest" assertions="2" time="0.037024"/>
      </testsuite>
    </testsuite>
    <testsuite name="Feature" tests="386" assertions="11827" errors="0" failures="0" skipped="0" time="134.604125">
      <testsuite name="Tests\Feature\Playground\Lead\Api\Console\Commands\About\CommandTest" file="/app/tests/Feature/Console/Commands/About/CommandTest.php" tests="1" assertions="2" errors="0" failures="0" skipped="0" time="0.234039">
        <testcase name="test_command_about_displays_package_information_and_succeed_with_code_0" file="/app/tests/Feature/Console/Commands/About/CommandTest.php" line="19" class="Tests\Feature\Playground\Lead\Api\Console\Commands\About\CommandTest" classname="Tests.Feature.Playground.Lead.Api.Console.Commands.About.CommandTest" assertions="2" time="0.234039"/>
      </testsuite>
      <testsuite name="Tests\Feature\Playground\Lead\Api\Http\Controllers\Playground\CampaignRouteTest" file="/app/tests/Feature/Http/Controllers/Playground/CampaignRouteTest.php" tests="35" assertions="1075" errors="0" failures="0" skipped="0" time="12.061719">
        <testcase name="test_json_guest_cannot_get_create_info" file="/app/vendor/gammamatrix/playground-test/src/Feature/Http/Controllers/Resource/Playground/CreateJsonTrait.php" line="38" class="Tests\Feature\Playground\Lead\Api\Http\Controllers\Playground\CampaignRouteTest" classname="Tests.Feature.Playground.Lead.Api.Http.Controllers.Playground.CampaignRouteTest" assertions="1" time="0.397041"/>
        <testcase name="test_json_admin_can_get_create_info" file="/app/vendor/gammamatrix/playground-test/src/Feature/Http/Controllers/Resource/Playground/CreateJsonTrait.php" line="53" class="Tests\Feature\Playground\Lead\Api\Http\Controllers\Playground\CampaignRouteTest" classname="Tests.Feature.Playground.Lead.Api.Http.Controllers.Playground.CampaignRouteTest" assertions="108" time="0.362684"/>
        <testcase name="test_json_get_create_info_as_admin_with_invalid_parameter_and_fail_validation" file="/app/vendor/gammamatrix/playground-test/src/Feature/Http/Controllers/Resource/Playground/CreateJsonTrait.php" line="73" class="Tests\Feature\Playground\Lead\Api\Http\Controllers\Playground\CampaignRouteTest" classname="Tests.Feature.Playground.Lead.Api.Http.Controllers.Playground.CampaignRouteTest" assertions="4" time="0.331670"/>
        <testcase name="test_json_guest_cannot_destroy" file="/app/vendor/gammamatrix/playground-test/src/Feature/Http/Controllers/Resource/Playground/DestroyJsonTrait.php" line="31" class="Tests\Feature\Playground\Lead\Api\Http\Controllers\Playground\CampaignRouteTest" classname="Tests.Feature.Playground.Lead.Api.Http.Controllers.Playground.CampaignRouteTest" assertions="3" time="0.320049"/>
        <testcase name="test_json_destroy_as_admin_and_succeed" file="/app/vendor/gammamatrix/playground-test/src/Feature/Http/Controllers/Resource/Playground/DestroyJsonTrait.php" line="61" class="Tests\Feature\Playground\Lead\Api\Http\Controllers\Playground\CampaignRouteTest" classname="Tests.Feature.Playground.Lead.Api.Http.Controllers.Playground.CampaignRouteTest" assertions="5" time="0.341351"/>
        <testcase name="test_json_destroy_as_admin_and_succeed_with_force_delete" file="/app/vendor/gammamatrix/playground-test/src/Feature/Http/Controllers/Resource/Playground/DestroyJsonTrait.php" line="100" class="Tests\Feature\Playground\Lead\Api\Http\Controllers\Playground\CampaignRouteTest" classname="Tests.Feature.Playground.Lead.Api.Http.Controllers.Playground.CampaignRouteTest" assertions="4" time="0.330845"/>
        <testcase name="test_json_destroy_as_admin_and_succeed_with_no_content" file="/app/vendor/gammamatrix/playground-test/src/Feature/Http/Controllers/Resource/Playground/DestroyJsonTrait.php" line="132" class="Tests\Feature\Playground\Lead\Api\Http\Controllers\Playground\CampaignRouteTest" classname="Tests.Feature.Playground.Lead.Api.Http.Controllers.Playground.CampaignRouteTest" assertions="5" time="0.341040"/>
        <testcase name="test_json_destroy_as_admin_and_succeed_and_ignore_redirect" file="/app/vendor/gammamatrix/playground-test/src/Feature/Http/Controllers/Resource/Playground/DestroyJsonTrait.php" line="167" class="Tests\Feature\Playground\Lead\Api\Http\Controllers\Playground\CampaignRouteTest" classname="Tests.Feature.Playground.Lead.Api.Http.Controllers.Playground.CampaignRouteTest" assertions="5" time="0.333168"/>
        <testcase name="test_json_destroy_as_user_and_get_denied_and_no_force_delete_allowed" file="/app/vendor/gammamatrix/playground-test/src/Feature/Http/Controllers/Resource/Playground/DestroyJsonTrait.php" line="209" class="Tests\Feature\Playground\Lead\Api\Http\Controllers\Playground\CampaignRouteTest" classname="Tests.Feature.Playground.Lead.Api.Http.Controllers.Playground.CampaignRouteTest" assertions="3" time="0.328235"/>
        <testcase name="test_json_guest_cannot_get_edit_info" file="/app/vendor/gammamatrix/playground-test/src/Feature/Http/Controllers/Resource/Playground/EditJsonTrait.php" line="38" class="Tests\Feature\Playground\Lead\Api\Http\Controllers\Playground\CampaignRouteTest" classname="Tests.Feature.Playground.Lead.Api.Http.Controllers.Playground.CampaignRouteTest" assertions="1" time="0.321123"/>
        <testcase name="test_json_admin_can_get_edit_info" file="/app/vendor/gammamatrix/playground-test/src/Feature/Http/Controllers/Resource/Playground/EditJsonTrait.php" line="58" class="Tests\Feature\Playground\Lead\Api\Http\Controllers\Playground\CampaignRouteTest" classname="Tests.Feature.Playground.Lead.Api.Http.Controllers.Playground.CampaignRouteTest" assertions="4" time="0.353010"/>
        <testcase name="test_json_edit_as_admin_and_fail_validation_with_invalid_parameter" file="/app/vendor/gammamatrix/playground-test/src/Feature/Http/Controllers/Resource/Playground/EditJsonTrait.php" line="87" class="Tests\Feature\Playground\Lead\Api\Http\Controllers\Playground\CampaignRouteTest" classname="Tests.Feature.Playground.Lead.Api.Http.Controllers.Playground.CampaignRouteTest" assertions="4" time="0.340758"/>
        <testcase name="test_json_guest_cannot_get_index" file="/app/vendor/gammamatrix/playground-test/src/Feature/Http/Controllers/Resource/Playground/IndexJsonTrait.php" line="34" class="Tests\Feature\Playground\Lead\Api\Http\Controllers\Playground\CampaignRouteTest" classname="Tests.Feature.Playground.Lead.Api.Http.Controllers.Playground.CampaignRouteTest" assertions="1" time="0.319138"/>
        <testcase name="test_json_admin_can_get_index" file="/app/vendor/gammamatrix/playground-test/src/Feature/Http/Controllers/Resource/Playground/IndexJsonTrait.php" line="49" class="Tests\Feature\Playground\Lead\Api\Http\Controllers\Playground\CampaignRouteTest" classname="Tests.Feature.Playground.Lead.Api.Http.Controllers.Playground.CampaignRouteTest" assertions="115" time="0.418905"/>
        <testcase name="test_json_admin_can_get_index_with_filters" file="/app/vendor/gammamatrix/playground-test/src/Feature/Http/Controllers/Resource/Playground/IndexJsonTrait.php" line="85" class="Tests\Feature\Playground\Lead\Api\Http\Controllers\Playground\CampaignRouteTest" classname="Tests.Feature.Playground.Lead.Api.Http.Controllers.Playground.CampaignRouteTest" assertions="3" time="0.344722"/>
        <testcase name="test_json_guest_cannot_lock" file="/app/vendor/gammamatrix/playground-test/src/Feature/Http/Controllers/Resource/Playground/LockJsonTrait.php" line="36" class="Tests\Feature\Playground\Lead\Api\Http\Controllers\Playground\CampaignRouteTest" classname="Tests.Feature.Playground.Lead.Api.Http.Controllers.Playground.CampaignRouteTest" assertions="3" time="0.335749"/>
        <testcase name="test_json_lock_as_admin_and_succeed" file="/app/vendor/gammamatrix/playground-test/src/Feature/Http/Controllers/Resource/Playground/LockJsonTrait.php" line="66" class="Tests\Feature\Playground\Lead\Api\Http\Controllers\Playground\CampaignRouteTest" classname="Tests.Feature.Playground.Lead.Api.Http.Controllers.Playground.CampaignRouteTest" assertions="3" time="0.346979"/>
        <testcase name="test_json_lock_as_admin_and_succeed_with_no_redirect" file="/app/vendor/gammamatrix/playground-test/src/Feature/Http/Controllers/Resource/Playground/LockJsonTrait.php" line="98" class="Tests\Feature\Playground\Lead\Api\Http\Controllers\Playground\CampaignRouteTest" classname="Tests.Feature.Playground.Lead.Api.Http.Controllers.Playground.CampaignRouteTest" assertions="110" time="0.345111"/>
        <testcase name="test_json_lock_as_user_and_get_denied" file="/app/vendor/gammamatrix/playground-test/src/Feature/Http/Controllers/Resource/Playground/LockJsonTrait.php" line="143" class="Tests\Feature\Playground\Lead\Api\Http\Controllers\Playground\CampaignRouteTest" classname="Tests.Feature.Playground.Lead.Api.Http.Controllers.Playground.CampaignRouteTest" assertions="3" time="0.334475"/>
        <testcase name="test_json_guest_cannot_restore" file="/app/vendor/gammamatrix/playground-test/src/Feature/Http/Controllers/Resource/Playground/RestoreJsonTrait.php" line="32" class="Tests\Feature\Playground\Lead\Api\Http\Controllers\Playground\CampaignRouteTest" classname="Tests.Feature.Playground.Lead.Api.Http.Controllers.Playground.CampaignRouteTest" assertions="3" time="0.325375"/>
        <testcase name="test_json_restore_as_admin_and_succeed" file="/app/vendor/gammamatrix/playground-test/src/Feature/Http/Controllers/Resource/Playground/RestoreJsonTrait.php" line="64" class="Tests\Feature\Playground\Lead\Api\Http\Controllers\Playground\CampaignRouteTest" classname="Tests.Feature.Playground.Lead.Api.Http.Controllers.Playground.CampaignRouteTest" assertions="110" time="0.348299"/>
        <testcase name="test_json_restore_as_admin_and_succeed_with_no_redirect" file="/app/vendor/gammamatrix/playground-test/src/Feature/Http/Controllers/Resource/Playground/RestoreJsonTrait.php" line="100" class="Tests\Feature\Playground\Lead\Api\Http\Controllers\Playground\CampaignRouteTest" classname="Tests.Feature.Playground.Lead.Api.Http.Controllers.Playground.CampaignRouteTest" assertions="110" time="0.341097"/>
        <testcase name="test_json_restore_as_user_and_get_denied" file="/app/vendor/gammamatrix/playground-test/src/Feature/Http/Controllers/Resource/Playground/RestoreJsonTrait.php" line="143" class="Tests\Feature\Playground\Lead\Api\Http\Controllers\Playground\CampaignRouteTest" classname="Tests.Feature.Playground.Lead.Api.Http.Controllers.Playground.CampaignRouteTest" assertions="3" time="0.338811"/>
        <testcase name="test_json_guest_cannot_see_info" file="/app/vendor/gammamatrix/playground-test/src/Feature/Http/Controllers/Resource/Playground/ShowJsonTrait.php" line="29" class="Tests\Feature\Playground\Lead\Api\Http\Controllers\Playground\CampaignRouteTest" classname="Tests.Feature.Playground.Lead.Api.Http.Controllers.Playground.CampaignRouteTest" assertions="1" time="0.322045"/>
        <testcase name="test_json_show_info_for_admin" file="/app/vendor/gammamatrix/playground-test/src/Feature/Http/Controllers/Resource/Playground/ShowJsonTrait.php" line="49" class="Tests\Feature\Playground\Lead\Api\Http\Controllers\Playground\CampaignRouteTest" classname="Tests.Feature.Playground.Lead.Api.Http.Controllers.Playground.CampaignRouteTest" assertions="109" time="0.346211"/>
        <testcase name="test_json_guest_cannot_store" file="/app/vendor/gammamatrix/playground-test/src/Feature/Http/Controllers/Resource/Playground/StoreJsonTrait.php" line="43" class="Tests\Feature\Playground\Lead\Api\Http\Controllers\Playground\CampaignRouteTest" classname="Tests.Feature.Playground.Lead.Api.Http.Controllers.Playground.CampaignRouteTest" assertions="3" time="0.323134"/>
        <testcase name="test_json_store_as_admin_without_payload_and_fail_validation" file="/app/vendor/gammamatrix/playground-test/src/Feature/Http/Controllers/Resource/Playground/StoreJsonTrait.php" line="66" class="Tests\Feature\Playground\Lead\Api\Http\Controllers\Playground\CampaignRouteTest" classname="Tests.Feature.Playground.Lead.Api.Http.Controllers.Playground.CampaignRouteTest" assertions="5" time="0.333626"/>
        <testcase name="test_json_store_as_admin_and_succeed" file="/app/vendor/gammamatrix/playground-test/src/Feature/Http/Controllers/Resource/Playground/StoreJsonTrait.php" line="92" class="Tests\Feature\Playground\Lead\Api\Http\Controllers\Playground\CampaignRouteTest" classname="Tests.Feature.Playground.Lead.Api.Http.Controllers.Playground.CampaignRouteTest" assertions="3" time="0.395656"/>
        <testcase name="test_json_guest_cannot_unlock" file="/app/vendor/gammamatrix/playground-test/src/Feature/Http/Controllers/Resource/Playground/UnlockJsonTrait.php" line="36" class="Tests\Feature\Playground\Lead\Api\Http\Controllers\Playground\CampaignRouteTest" classname="Tests.Feature.Playground.Lead.Api.Http.Controllers.Playground.CampaignRouteTest" assertions="3" time="0.327740"/>
        <testcase name="test_json_unlock_as_admin_and_succeed" file="/app/vendor/gammamatrix/playground-test/src/Feature/Http/Controllers/Resource/Playground/UnlockJsonTrait.php" line="68" class="Tests\Feature\Playground\Lead\Api\Http\Controllers\Playground\CampaignRouteTest" classname="Tests.Feature.Playground.Lead.Api.Http.Controllers.Playground.CampaignRouteTest" assertions="110" time="0.357517"/>
        <testcase name="test_json_unlock_as_admin_and_succeed_with_no_redirect" file="/app/vendor/gammamatrix/playground-test/src/Feature/Http/Controllers/Resource/Playground/UnlockJsonTrait.php" line="104" class="Tests\Feature\Playground\Lead\Api\Http\Controllers\Playground\CampaignRouteTest" classname="Tests.Feature.Playground.Lead.Api.Http.Controllers.Playground.CampaignRouteTest" assertions="110" time="0.347283"/>
        <testcase name="test_json_unlock_as_user_and_get_denied" file="/app/vendor/gammamatrix/playground-test/src/Feature/Http/Controllers/Resource/Playground/UnlockJsonTrait.php" line="145" class="Tests\Feature\Playground\Lead\Api\Http\Controllers\Playground\CampaignRouteTest" classname="Tests.Feature.Playground.Lead.Api.Http.Controllers.Playground.CampaignRouteTest" assertions="3" time="0.341741"/>
        <testcase name="test_json_guest_cannot_update" file="/app/vendor/gammamatrix/playground-test/src/Feature/Http/Controllers/Resource/Playground/UpdateJsonTrait.php" line="45" class="Tests\Feature\Playground\Lead\Api\Http\Controllers\Playground\CampaignRouteTest" classname="Tests.Feature.Playground.Lead.Api.Http.Controllers.Playground.CampaignRouteTest" assertions="1" time="0.334959"/>
        <testcase name="test_json_update_as_admin_without_payload_and_fail_validation" file="/app/vendor/gammamatrix/playground-test/src/Feature/Http/Controllers/Resource/Playground/UpdateJsonTrait.php" line="65" class="Tests\Feature\Playground\Lead\Api\Http\Controllers\Playground\CampaignRouteTest" classname="Tests.Feature.Playground.Lead.Api.Http.Controllers.Playground.CampaignRouteTest" assertions="4" time="0.343964"/>
        <testcase name="test_json_admin_can_update" file="/app/vendor/gammamatrix/playground-test/src/Feature/Http/Controllers/Resource/Playground/UpdateJsonTrait.php" line="90" class="Tests\Feature\Playground\Lead\Api\Http\Controllers\Playground\CampaignRouteTest" classname="Tests.Feature.Playground.Lead.Api.Http.Controllers.Playground.CampaignRouteTest" assertions="112" time="0.388212"/>
      </testsuite>
      <testsuite name="Tests\Feature\Playground\Lead\Api\Http\Controllers\Playground\GoalRouteTest" file="/app/tests/Feature/Http/Controllers/Playground/GoalRouteTest.php" tests="35" assertions="1075" errors="0" failures="0" skipped="0" time="12.014085">
        <testcase name="test_json_guest_cannot_get_create_info" file="/app/vendor/gammamatrix/playground-test/src/Feature/Http/Controllers/Resource/Playground/CreateJsonTrait.php" line="38" class="Tests\Feature\Playground\Lead\Api\Http\Controllers\Playground\GoalRouteTest" classname="Tests.Feature.Playground.Lead.Api.Http.Controllers.Playground.GoalRouteTest" assertions="1" time="0.344912"/>
        <testcase name="test_json_admin_can_get_create_info" file="/app/vendor/gammamatrix/playground-test/src/Feature/Http/Controllers/Resource/Playground/CreateJsonTrait.php" line="53" class="Tests\Feature\Playground\Lead\Api\Http\Controllers\Playground\GoalRouteTest" classname="Tests.Feature.Playground.Lead.Api.Http.Controllers.Playground.GoalRouteTest" assertions="108" time="0.344997"/>
        <testcase name="test_json_get_create_info_as_admin_with_invalid_parameter_and_fail_validation" file="/app/vendor/gammamatrix/playground-test/src/Feature/Http/Controllers/Resource/Playground/CreateJsonTrait.php" line="73" class="Tests\Feature\Playground\Lead\Api\Http\Controllers\Playground\GoalRouteTest" classname="Tests.Feature.Playground.Lead.Api.Http.Controllers.Playground.GoalRouteTest" assertions="4" time="0.349540"/>
        <testcase name="test_json_guest_cannot_destroy" file="/app/vendor/gammamatrix/playground-test/src/Feature/Http/Controllers/Resource/Playground/DestroyJsonTrait.php" line="31" class="Tests\Feature\Playground\Lead\Api\Http\Controllers\Playground\GoalRouteTest" classname="Tests.Feature.Playground.Lead.Api.Http.Controllers.Playground.GoalRouteTest" assertions="3" time="0.339687"/>
        <testcase name="test_json_destroy_as_admin_and_succeed" file="/app/vendor/gammamatrix/playground-test/src/Feature/Http/Controllers/Resource/Playground/DestroyJsonTrait.php" line="61" class="Tests\Feature\Playground\Lead\Api\Http\Controllers\Playground\GoalRouteTest" classname="Tests.Feature.Playground.Lead.Api.Http.Controllers.Playground.GoalRouteTest" assertions="5" time="0.347478"/>
        <testcase name="test_json_destroy_as_admin_and_succeed_with_force_delete" file="/app/vendor/gammamatrix/playground-test/src/Feature/Http/Controllers/Resource/Playground/DestroyJsonTrait.php" line="100" class="Tests\Feature\Playground\Lead\Api\Http\Controllers\Playground\GoalRouteTest" classname="Tests.Feature.Playground.Lead.Api.Http.Controllers.Playground.GoalRouteTest" assertions="4" time="0.342712"/>
        <testcase name="test_json_destroy_as_admin_and_succeed_with_no_content" file="/app/vendor/gammamatrix/playground-test/src/Feature/Http/Controllers/Resource/Playground/DestroyJsonTrait.php" line="132" class="Tests\Feature\Playground\Lead\Api\Http\Controllers\Playground\GoalRouteTest" classname="Tests.Feature.Playground.Lead.Api.Http.Controllers.Playground.GoalRouteTest" assertions="5" time="0.351746"/>
        <testcase name="test_json_destroy_as_admin_and_succeed_and_ignore_redirect" file="/app/vendor/gammamatrix/playground-test/src/Feature/Http/Controllers/Resource/Playground/DestroyJsonTrait.php" line="167" class="Tests\Feature\Playground\Lead\Api\Http\Controllers\Playground\GoalRouteTest" classname="Tests.Feature.Playground.Lead.Api.Http.Controllers.Playground.GoalRouteTest" assertions="5" time="0.343783"/>
        <testcase name="test_json_destroy_as_user_and_get_denied_and_no_force_delete_allowed" file="/app/vendor/gammamatrix/playground-test/src/Feature/Http/Controllers/Resource/Playground/DestroyJsonTrait.php" line="209" class="Tests\Feature\Playground\Lead\Api\Http\Controllers\Playground\GoalRouteTest" classname="Tests.Feature.Playground.Lead.Api.Http.Controllers.Playground.GoalRouteTest" assertions="3" time="0.362615"/>
        <testcase name="test_json_guest_cannot_get_edit_info" file="/app/vendor/gammamatrix/playground-test/src/Feature/Http/Controllers/Resource/Playground/EditJsonTrait.php" line="38" class="Tests\Feature\Playground\Lead\Api\Http\Controllers\Playground\GoalRouteTest" classname="Tests.Feature.Playground.Lead.Api.Http.Controllers.Playground.GoalRouteTest" assertions="1" time="0.325021"/>
        <testcase name="test_json_admin_can_get_edit_info" file="/app/vendor/gammamatrix/playground-test/src/Feature/Http/Controllers/Resource/Playground/EditJsonTrait.php" line="58" class="Tests\Feature\Playground\Lead\Api\Http\Controllers\Playground\GoalRouteTest" classname="Tests.Feature.Playground.Lead.Api.Http.Controllers.Playground.GoalRouteTest" assertions="4" time="0.350734"/>
        <testcase name="test_json_edit_as_admin_and_fail_validation_with_invalid_parameter" file="/app/vendor/gammamatrix/playground-test/src/Feature/Http/Controllers/Resource/Playground/EditJsonTrait.php" line="87" class="Tests\Feature\Playground\Lead\Api\Http\Controllers\Playground\GoalRouteTest" classname="Tests.Feature.Playground.Lead.Api.Http.Controllers.Playground.GoalRouteTest" assertions="4" time="0.343466"/>
        <testcase name="test_json_guest_cannot_get_index" file="/app/vendor/gammamatrix/playground-test/src/Feature/Http/Controllers/Resource/Playground/IndexJsonTrait.php" line="34" class="Tests\Feature\Playground\Lead\Api\Http\Controllers\Playground\GoalRouteTest" classname="Tests.Feature.Playground.Lead.Api.Http.Controllers.Playground.GoalRouteTest" assertions="1" time="0.324725"/>
        <testcase name="test_json_admin_can_get_index" file="/app/vendor/gammamatrix/playground-test/src/Feature/Http/Controllers/Resource/Playground/IndexJsonTrait.php" line="49" class="Tests\Feature\Playground\Lead\Api\Http\Controllers\Playground\GoalRouteTest" classname="Tests.Feature.Playground.Lead.Api.Http.Controllers.Playground.GoalRouteTest" assertions="115" time="0.347418"/>
        <testcase name="test_json_admin_can_get_index_with_filters" file="/app/vendor/gammamatrix/playground-test/src/Feature/Http/Controllers/Resource/Playground/IndexJsonTrait.php" line="85" class="Tests\Feature\Playground\Lead\Api\Http\Controllers\Playground\GoalRouteTest" classname="Tests.Feature.Playground.Lead.Api.Http.Controllers.Playground.GoalRouteTest" assertions="3" time="0.347696"/>
        <testcase name="test_json_guest_cannot_lock" file="/app/vendor/gammamatrix/playground-test/src/Feature/Http/Controllers/Resource/Playground/LockJsonTrait.php" line="36" class="Tests\Feature\Playground\Lead\Api\Http\Controllers\Playground\GoalRouteTest" classname="Tests.Feature.Playground.Lead.Api.Http.Controllers.Playground.GoalRouteTest" assertions="3" time="0.332835"/>
        <testcase name="test_json_lock_as_admin_and_succeed" file="/app/vendor/gammamatrix/playground-test/src/Feature/Http/Controllers/Resource/Playground/LockJsonTrait.php" line="66" class="Tests\Feature\Playground\Lead\Api\Http\Controllers\Playground\GoalRouteTest" classname="Tests.Feature.Playground.Lead.Api.Http.Controllers.Playground.GoalRouteTest" assertions="3" time="0.340814"/>
        <testcase name="test_json_lock_as_admin_and_succeed_with_no_redirect" file="/app/vendor/gammamatrix/playground-test/src/Feature/Http/Controllers/Resource/Playground/LockJsonTrait.php" line="98" class="Tests\Feature\Playground\Lead\Api\Http\Controllers\Playground\GoalRouteTest" classname="Tests.Feature.Playground.Lead.Api.Http.Controllers.Playground.GoalRouteTest" assertions="110" time="0.340654"/>
        <testcase name="test_json_lock_as_user_and_get_denied" file="/app/vendor/gammamatrix/playground-test/src/Feature/Http/Controllers/Resource/Playground/LockJsonTrait.php" line="143" class="Tests\Feature\Playground\Lead\Api\Http\Controllers\Playground\GoalRouteTest" classname="Tests.Feature.Playground.Lead.Api.Http.Controllers.Playground.GoalRouteTest" assertions="3" time="0.338329"/>
        <testcase name="test_json_guest_cannot_restore" file="/app/vendor/gammamatrix/playground-test/src/Feature/Http/Controllers/Resource/Playground/RestoreJsonTrait.php" line="32" class="Tests\Feature\Playground\Lead\Api\Http\Controllers\Playground\GoalRouteTest" classname="Tests.Feature.Playground.Lead.Api.Http.Controllers.Playground.GoalRouteTest" assertions="3" time="0.322821"/>
        <testcase name="test_json_restore_as_admin_and_succeed" file="/app/vendor/gammamatrix/playground-test/src/Feature/Http/Controllers/Resource/Playground/RestoreJsonTrait.php" line="64" class="Tests\Feature\Playground\Lead\Api\Http\Controllers\Playground\GoalRouteTest" classname="Tests.Feature.Playground.Lead.Api.Http.Controllers.Playground.GoalRouteTest" assertions="110" time="0.343518"/>
        <testcase name="test_json_restore_as_admin_and_succeed_with_no_redirect" file="/app/vendor/gammamatrix/playground-test/src/Feature/Http/Controllers/Resource/Playground/RestoreJsonTrait.php" line="100" class="Tests\Feature\Playground\Lead\Api\Http\Controllers\Playground\GoalRouteTest" classname="Tests.Feature.Playground.Lead.Api.Http.Controllers.Playground.GoalRouteTest" assertions="110" time="0.363379"/>
        <testcase name="test_json_restore_as_user_and_get_denied" file="/app/vendor/gammamatrix/playground-test/src/Feature/Http/Controllers/Resource/Playground/RestoreJsonTrait.php" line="143" class="Tests\Feature\Playground\Lead\Api\Http\Controllers\Playground\GoalRouteTest" classname="Tests.Feature.Playground.Lead.Api.Http.Controllers.Playground.GoalRouteTest" assertions="3" time="0.339403"/>
        <testcase name="test_json_guest_cannot_see_info" file="/app/vendor/gammamatrix/playground-test/src/Feature/Http/Controllers/Resource/Playground/ShowJsonTrait.php" line="29" class="Tests\Feature\Playground\Lead\Api\Http\Controllers\Playground\GoalRouteTest" classname="Tests.Feature.Playground.Lead.Api.Http.Controllers.Playground.GoalRouteTest" assertions="1" time="0.328870"/>
        <testcase name="test_json_show_info_for_admin" file="/app/vendor/gammamatrix/playground-test/src/Feature/Http/Controllers/Resource/Playground/ShowJsonTrait.php" line="49" class="Tests\Feature\Playground\Lead\Api\Http\Controllers\Playground\GoalRouteTest" classname="Tests.Feature.Playground.Lead.Api.Http.Controllers.Playground.GoalRouteTest" assertions="109" time="0.345685"/>
        <testcase name="test_json_guest_cannot_store" file="/app/vendor/gammamatrix/playground-test/src/Feature/Http/Controllers/Resource/Playground/StoreJsonTrait.php" line="43" class="Tests\Feature\Playground\Lead\Api\Http\Controllers\Playground\GoalRouteTest" classname="Tests.Feature.Playground.Lead.Api.Http.Controllers.Playground.GoalRouteTest" assertions="3" time="0.321099"/>
        <testcase name="test_json_store_as_admin_without_payload_and_fail_validation" file="/app/vendor/gammamatrix/playground-test/src/Feature/Http/Controllers/Resource/Playground/StoreJsonTrait.php" line="66" class="Tests\Feature\Playground\Lead\Api\Http\Controllers\Playground\GoalRouteTest" classname="Tests.Feature.Playground.Lead.Api.Http.Controllers.Playground.GoalRouteTest" assertions="5" time="0.339316"/>
        <testcase name="test_json_store_as_admin_and_succeed" file="/app/vendor/gammamatrix/playground-test/src/Feature/Http/Controllers/Resource/Playground/StoreJsonTrait.php" line="92" class="Tests\Feature\Playground\Lead\Api\Http\Controllers\Playground\GoalRouteTest" classname="Tests.Feature.Playground.Lead.Api.Http.Controllers.Playground.GoalRouteTest" assertions="3" time="0.370212"/>
        <testcase name="test_json_guest_cannot_unlock" file="/app/vendor/gammamatrix/playground-test/src/Feature/Http/Controllers/Resource/Playground/UnlockJsonTrait.php" line="36" class="Tests\Feature\Playground\Lead\Api\Http\Controllers\Playground\GoalRouteTest" classname="Tests.Feature.Playground.Lead.Api.Http.Controllers.Playground.GoalRouteTest" assertions="3" time="0.322847"/>
        <testcase name="test_json_unlock_as_admin_and_succeed" file="/app/vendor/gammamatrix/playground-test/src/Feature/Http/Controllers/Resource/Playground/UnlockJsonTrait.php" line="68" class="Tests\Feature\Playground\Lead\Api\Http\Controllers\Playground\GoalRouteTest" classname="Tests.Feature.Playground.Lead.Api.Http.Controllers.Playground.GoalRouteTest" assertions="110" time="0.349717"/>
        <testcase name="test_json_unlock_as_admin_and_succeed_with_no_redirect" file="/app/vendor/gammamatrix/playground-test/src/Feature/Http/Controllers/Resource/Playground/UnlockJsonTrait.php" line="104" class="Tests\Feature\Playground\Lead\Api\Http\Controllers\Playground\GoalRouteTest" classname="Tests.Feature.Playground.Lead.Api.Http.Controllers.Playground.GoalRouteTest" assertions="110" time="0.353412"/>
        <testcase name="test_json_unlock_as_user_and_get_denied" file="/app/vendor/gammamatrix/playground-test/src/Feature/Http/Controllers/Resource/Playground/UnlockJsonTrait.php" line="145" class="Tests\Feature\Playground\Lead\Api\Http\Controllers\Playground\GoalRouteTest" classname="Tests.Feature.Playground.Lead.Api.Http.Controllers.Playground.GoalRouteTest" assertions="3" time="0.332077"/>
        <testcase name="test_json_guest_cannot_update" file="/app/vendor/gammamatrix/playground-test/src/Feature/Http/Controllers/Resource/Playground/UpdateJsonTrait.php" line="45" class="Tests\Feature\Playground\Lead\Api\Http\Controllers\Playground\GoalRouteTest" classname="Tests.Feature.Playground.Lead.Api.Http.Controllers.Playground.GoalRouteTest" assertions="1" time="0.328164"/>
        <testcase name="test_json_update_as_admin_without_payload_and_fail_validation" file="/app/vendor/gammamatrix/playground-test/src/Feature/Http/Controllers/Resource/Playground/UpdateJsonTrait.php" line="65" class="Tests\Feature\Playground\Lead\Api\Http\Controllers\Playground\GoalRouteTest" classname="Tests.Feature.Playground.Lead.Api.Http.Controllers.Playground.GoalRouteTest" assertions="4" time="0.350956"/>
        <testcase name="test_json_admin_can_update" file="/app/vendor/gammamatrix/playground-test/src/Feature/Http/Controllers/Resource/Playground/UpdateJsonTrait.php" line="90" class="Tests\Feature\Playground\Lead\Api\Http\Controllers\Playground\GoalRouteTest" classname="Tests.Feature.Playground.Lead.Api.Http.Controllers.Playground.GoalRouteTest" assertions="112" time="0.383448"/>
      </testsuite>
      <testsuite name="Tests\Feature\Playground\Lead\Api\Http\Controllers\Playground\LeadRouteTest" file="/app/tests/Feature/Http/Controllers/Playground/LeadRouteTest.php" tests="35" assertions="1075" errors="0" failures="0" skipped="0" time="12.040747">
        <testcase name="test_json_guest_cannot_get_create_info" file="/app/vendor/gammamatrix/playground-test/src/Feature/Http/Controllers/Resource/Playground/CreateJsonTrait.php" line="38" class="Tests\Feature\Playground\Lead\Api\Http\Controllers\Playground\LeadRouteTest" classname="Tests.Feature.Playground.Lead.Api.Http.Controllers.Playground.LeadRouteTest" assertions="1" time="0.342365"/>
        <testcase name="test_json_admin_can_get_create_info" file="/app/vendor/gammamatrix/playground-test/src/Feature/Http/Controllers/Resource/Playground/CreateJsonTrait.php" line="53" class="Tests\Feature\Playground\Lead\Api\Http\Controllers\Playground\LeadRouteTest" classname="Tests.Feature.Playground.Lead.Api.Http.Controllers.Playground.LeadRouteTest" assertions="108" time="0.338058"/>
        <testcase name="test_json_get_create_info_as_admin_with_invalid_parameter_and_fail_validation" file="/app/vendor/gammamatrix/playground-test/src/Feature/Http/Controllers/Resource/Playground/CreateJsonTrait.php" line="73" class="Tests\Feature\Playground\Lead\Api\Http\Controllers\Playground\LeadRouteTest" classname="Tests.Feature.Playground.Lead.Api.Http.Controllers.Playground.LeadRouteTest" assertions="4" time="0.328284"/>
        <testcase name="test_json_guest_cannot_destroy" file="/app/vendor/gammamatrix/playground-test/src/Feature/Http/Controllers/Resource/Playground/DestroyJsonTrait.php" line="31" class="Tests\Feature\Playground\Lead\Api\Http\Controllers\Playground\LeadRouteTest" classname="Tests.Feature.Playground.Lead.Api.Http.Controllers.Playground.LeadRouteTest" assertions="3" time="0.332699"/>
        <testcase name="test_json_destroy_as_admin_and_succeed" file="/app/vendor/gammamatrix/playground-test/src/Feature/Http/Controllers/Resource/Playground/DestroyJsonTrait.php" line="61" class="Tests\Feature\Playground\Lead\Api\Http\Controllers\Playground\LeadRouteTest" classname="Tests.Feature.Playground.Lead.Api.Http.Controllers.Playground.LeadRouteTest" assertions="5" time="0.333810"/>
        <testcase name="test_json_destroy_as_admin_and_succeed_with_force_delete" file="/app/vendor/gammamatrix/playground-test/src/Feature/Http/Controllers/Resource/Playground/DestroyJsonTrait.php" line="100" class="Tests\Feature\Playground\Lead\Api\Http\Controllers\Playground\LeadRouteTest" classname="Tests.Feature.Playground.Lead.Api.Http.Controllers.Playground.LeadRouteTest" assertions="4" time="0.328113"/>
        <testcase name="test_json_destroy_as_admin_and_succeed_with_no_content" file="/app/vendor/gammamatrix/playground-test/src/Feature/Http/Controllers/Resource/Playground/DestroyJsonTrait.php" line="132" class="Tests\Feature\Playground\Lead\Api\Http\Controllers\Playground\LeadRouteTest" classname="Tests.Feature.Playground.Lead.Api.Http.Controllers.Playground.LeadRouteTest" assertions="5" time="0.351077"/>
        <testcase name="test_json_destroy_as_admin_and_succeed_and_ignore_redirect" file="/app/vendor/gammamatrix/playground-test/src/Feature/Http/Controllers/Resource/Playground/DestroyJsonTrait.php" line="167" class="Tests\Feature\Playground\Lead\Api\Http\Controllers\Playground\LeadRouteTest" classname="Tests.Feature.Playground.Lead.Api.Http.Controllers.Playground.LeadRouteTest" assertions="5" time="0.333219"/>
        <testcase name="test_json_destroy_as_user_and_get_denied_and_no_force_delete_allowed" file="/app/vendor/gammamatrix/playground-test/src/Feature/Http/Controllers/Resource/Playground/DestroyJsonTrait.php" line="209" class="Tests\Feature\Playground\Lead\Api\Http\Controllers\Playground\LeadRouteTest" classname="Tests.Feature.Playground.Lead.Api.Http.Controllers.Playground.LeadRouteTest" assertions="3" time="0.330743"/>
        <testcase name="test_json_guest_cannot_get_edit_info" file="/app/vendor/gammamatrix/playground-test/src/Feature/Http/Controllers/Resource/Playground/EditJsonTrait.php" line="38" class="Tests\Feature\Playground\Lead\Api\Http\Controllers\Playground\LeadRouteTest" classname="Tests.Feature.Playground.Lead.Api.Http.Controllers.Playground.LeadRouteTest" assertions="1" time="0.329808"/>
        <testcase name="test_json_admin_can_get_edit_info" file="/app/vendor/gammamatrix/playground-test/src/Feature/Http/Controllers/Resource/Playground/EditJsonTrait.php" line="58" class="Tests\Feature\Playground\Lead\Api\Http\Controllers\Playground\LeadRouteTest" classname="Tests.Feature.Playground.Lead.Api.Http.Controllers.Playground.LeadRouteTest" assertions="4" time="0.361022"/>
        <testcase name="test_json_edit_as_admin_and_fail_validation_with_invalid_parameter" file="/app/vendor/gammamatrix/playground-test/src/Feature/Http/Controllers/Resource/Playground/EditJsonTrait.php" line="87" class="Tests\Feature\Playground\Lead\Api\Http\Controllers\Playground\LeadRouteTest" classname="Tests.Feature.Playground.Lead.Api.Http.Controllers.Playground.LeadRouteTest" assertions="4" time="0.342464"/>
        <testcase name="test_json_guest_cannot_get_index" file="/app/vendor/gammamatrix/playground-test/src/Feature/Http/Controllers/Resource/Playground/IndexJsonTrait.php" line="34" class="Tests\Feature\Playground\Lead\Api\Http\Controllers\Playground\LeadRouteTest" classname="Tests.Feature.Playground.Lead.Api.Http.Controllers.Playground.LeadRouteTest" assertions="1" time="0.333648"/>
        <testcase name="test_json_admin_can_get_index" file="/app/vendor/gammamatrix/playground-test/src/Feature/Http/Controllers/Resource/Playground/IndexJsonTrait.php" line="49" class="Tests\Feature\Playground\Lead\Api\Http\Controllers\Playground\LeadRouteTest" classname="Tests.Feature.Playground.Lead.Api.Http.Controllers.Playground.LeadRouteTest" assertions="115" time="0.352060"/>
        <testcase name="test_json_admin_can_get_index_with_filters" file="/app/vendor/gammamatrix/playground-test/src/Feature/Http/Controllers/Resource/Playground/IndexJsonTrait.php" line="85" class="Tests\Feature\Playground\Lead\Api\Http\Controllers\Playground\LeadRouteTest" classname="Tests.Feature.Playground.Lead.Api.Http.Controllers.Playground.LeadRouteTest" assertions="3" time="0.352920"/>
        <testcase name="test_json_guest_cannot_lock" file="/app/vendor/gammamatrix/playground-test/src/Feature/Http/Controllers/Resource/Playground/LockJsonTrait.php" line="36" class="Tests\Feature\Playground\Lead\Api\Http\Controllers\Playground\LeadRouteTest" classname="Tests.Feature.Playground.Lead.Api.Http.Controllers.Playground.LeadRouteTest" assertions="3" time="0.338504"/>
        <testcase name="test_json_lock_as_admin_and_succeed" file="/app/vendor/gammamatrix/playground-test/src/Feature/Http/Controllers/Resource/Playground/LockJsonTrait.php" line="66" class="Tests\Feature\Playground\Lead\Api\Http\Controllers\Playground\LeadRouteTest" classname="Tests.Feature.Playground.Lead.Api.Http.Controllers.Playground.LeadRouteTest" assertions="3" time="0.342628"/>
        <testcase name="test_json_lock_as_admin_and_succeed_with_no_redirect" file="/app/vendor/gammamatrix/playground-test/src/Feature/Http/Controllers/Resource/Playground/LockJsonTrait.php" line="98" class="Tests\Feature\Playground\Lead\Api\Http\Controllers\Playground\LeadRouteTest" classname="Tests.Feature.Playground.Lead.Api.Http.Controllers.Playground.LeadRouteTest" assertions="110" time="0.343287"/>
        <testcase name="test_json_lock_as_user_and_get_denied" file="/app/vendor/gammamatrix/playground-test/src/Feature/Http/Controllers/Resource/Playground/LockJsonTrait.php" line="143" class="Tests\Feature\Playground\Lead\Api\Http\Controllers\Playground\LeadRouteTest" classname="Tests.Feature.Playground.Lead.Api.Http.Controllers.Playground.LeadRouteTest" assertions="3" time="0.348898"/>
        <testcase name="test_json_guest_cannot_restore" file="/app/vendor/gammamatrix/playground-test/src/Feature/Http/Controllers/Resource/Playground/RestoreJsonTrait.php" line="32" class="Tests\Feature\Playground\Lead\Api\Http\Controllers\Playground\LeadRouteTest" classname="Tests.Feature.Playground.Lead.Api.Http.Controllers.Playground.LeadRouteTest" assertions="3" time="0.326243"/>
        <testcase name="test_json_restore_as_admin_and_succeed" file="/app/vendor/gammamatrix/playground-test/src/Feature/Http/Controllers/Resource/Playground/RestoreJsonTrait.php" line="64" class="Tests\Feature\Playground\Lead\Api\Http\Controllers\Playground\LeadRouteTest" classname="Tests.Feature.Playground.Lead.Api.Http.Controllers.Playground.LeadRouteTest" assertions="110" time="0.344631"/>
        <testcase name="test_json_restore_as_admin_and_succeed_with_no_redirect" file="/app/vendor/gammamatrix/playground-test/src/Feature/Http/Controllers/Resource/Playground/RestoreJsonTrait.php" line="100" class="Tests\Feature\Playground\Lead\Api\Http\Controllers\Playground\LeadRouteTest" classname="Tests.Feature.Playground.Lead.Api.Http.Controllers.Playground.LeadRouteTest" assertions="110" time="0.374126"/>
        <testcase name="test_json_restore_as_user_and_get_denied" file="/app/vendor/gammamatrix/playground-test/src/Feature/Http/Controllers/Resource/Playground/RestoreJsonTrait.php" line="143" class="Tests\Feature\Playground\Lead\Api\Http\Controllers\Playground\LeadRouteTest" classname="Tests.Feature.Playground.Lead.Api.Http.Controllers.Playground.LeadRouteTest" assertions="3" time="0.335981"/>
        <testcase name="test_json_guest_cannot_see_info" file="/app/vendor/gammamatrix/playground-test/src/Feature/Http/Controllers/Resource/Playground/ShowJsonTrait.php" line="29" class="Tests\Feature\Playground\Lead\Api\Http\Controllers\Playground\LeadRouteTest" classname="Tests.Feature.Playground.Lead.Api.Http.Controllers.Playground.LeadRouteTest" assertions="1" time="0.324492"/>
        <testcase name="test_json_show_info_for_admin" file="/app/vendor/gammamatrix/playground-test/src/Feature/Http/Controllers/Resource/Playground/ShowJsonTrait.php" line="49" class="Tests\Feature\Playground\Lead\Api\Http\Controllers\Playground\LeadRouteTest" classname="Tests.Feature.Playground.Lead.Api.Http.Controllers.Playground.LeadRouteTest" assertions="109" time="0.356151"/>
        <testcase name="test_json_guest_cannot_store" file="/app/vendor/gammamatrix/playground-test/src/Feature/Http/Controllers/Resource/Playground/StoreJsonTrait.php" line="43" class="Tests\Feature\Playground\Lead\Api\Http\Controllers\Playground\LeadRouteTest" classname="Tests.Feature.Playground.Lead.Api.Http.Controllers.Playground.LeadRouteTest" assertions="3" time="0.321499"/>
        <testcase name="test_json_store_as_admin_without_payload_and_fail_validation" file="/app/vendor/gammamatrix/playground-test/src/Feature/Http/Controllers/Resource/Playground/StoreJsonTrait.php" line="66" class="Tests\Feature\Playground\Lead\Api\Http\Controllers\Playground\LeadRouteTest" classname="Tests.Feature.Playground.Lead.Api.Http.Controllers.Playground.LeadRouteTest" assertions="5" time="0.339100"/>
        <testcase name="test_json_store_as_admin_and_succeed" file="/app/vendor/gammamatrix/playground-test/src/Feature/Http/Controllers/Resource/Playground/StoreJsonTrait.php" line="92" class="Tests\Feature\Playground\Lead\Api\Http\Controllers\Playground\LeadRouteTest" classname="Tests.Feature.Playground.Lead.Api.Http.Controllers.Playground.LeadRouteTest" assertions="3" time="0.379953"/>
        <testcase name="test_json_guest_cannot_unlock" file="/app/vendor/gammamatrix/playground-test/src/Feature/Http/Controllers/Resource/Playground/UnlockJsonTrait.php" line="36" class="Tests\Feature\Playground\Lead\Api\Http\Controllers\Playground\LeadRouteTest" classname="Tests.Feature.Playground.Lead.Api.Http.Controllers.Playground.LeadRouteTest" assertions="3" time="0.328638"/>
        <testcase name="test_json_unlock_as_admin_and_succeed" file="/app/vendor/gammamatrix/playground-test/src/Feature/Http/Controllers/Resource/Playground/UnlockJsonTrait.php" line="68" class="Tests\Feature\Playground\Lead\Api\Http\Controllers\Playground\LeadRouteTest" classname="Tests.Feature.Playground.Lead.Api.Http.Controllers.Playground.LeadRouteTest" assertions="110" time="0.354294"/>
        <testcase name="test_json_unlock_as_admin_and_succeed_with_no_redirect" file="/app/vendor/gammamatrix/playground-test/src/Feature/Http/Controllers/Resource/Playground/UnlockJsonTrait.php" line="104" class="Tests\Feature\Playground\Lead\Api\Http\Controllers\Playground\LeadRouteTest" classname="Tests.Feature.Playground.Lead.Api.Http.Controllers.Playground.LeadRouteTest" assertions="110" time="0.363285"/>
        <testcase name="test_json_unlock_as_user_and_get_denied" file="/app/vendor/gammamatrix/playground-test/src/Feature/Http/Controllers/Resource/Playground/UnlockJsonTrait.php" line="145" class="Tests\Feature\Playground\Lead\Api\Http\Controllers\Playground\LeadRouteTest" classname="Tests.Feature.Playground.Lead.Api.Http.Controllers.Playground.LeadRouteTest" assertions="3" time="0.343474"/>
        <testcase name="test_json_guest_cannot_update" file="/app/vendor/gammamatrix/playground-test/src/Feature/Http/Controllers/Resource/Playground/UpdateJsonTrait.php" line="45" class="Tests\Feature\Playground\Lead\Api\Http\Controllers\Playground\LeadRouteTest" classname="Tests.Feature.Playground.Lead.Api.Http.Controllers.Playground.LeadRouteTest" assertions="1" time="0.331372"/>
        <testcase name="test_json_update_as_admin_without_payload_and_fail_validation" file="/app/vendor/gammamatrix/playground-test/src/Feature/Http/Controllers/Resource/Playground/UpdateJsonTrait.php" line="65" class="Tests\Feature\Playground\Lead\Api\Http\Controllers\Playground\LeadRouteTest" classname="Tests.Feature.Playground.Lead.Api.Http.Controllers.Playground.LeadRouteTest" assertions="4" time="0.366951"/>
        <testcase name="test_json_admin_can_update" file="/app/vendor/gammamatrix/playground-test/src/Feature/Http/Controllers/Resource/Playground/UpdateJsonTrait.php" line="90" class="Tests\Feature\Playground\Lead\Api\Http\Controllers\Playground\LeadRouteTest" classname="Tests.Feature.Playground.Lead.Api.Http.Controllers.Playground.LeadRouteTest" assertions="112" time="0.386949"/>
      </testsuite>
      <testsuite name="Tests\Feature\Playground\Lead\Api\Http\Controllers\Playground\OpportunityRouteTest" file="/app/tests/Feature/Http/Controllers/Playground/OpportunityRouteTest.php" tests="35" assertions="1075" errors="0" failures="0" skipped="0" time="12.158789">
        <testcase name="test_json_guest_cannot_get_create_info" file="/app/vendor/gammamatrix/playground-test/src/Feature/Http/Controllers/Resource/Playground/CreateJsonTrait.php" line="38" class="Tests\Feature\Playground\Lead\Api\Http\Controllers\Playground\OpportunityRouteTest" classname="Tests.Feature.Playground.Lead.Api.Http.Controllers.Playground.OpportunityRouteTest" assertions="1" time="0.336389"/>
        <testcase name="test_json_admin_can_get_create_info" file="/app/vendor/gammamatrix/playground-test/src/Feature/Http/Controllers/Resource/Playground/CreateJsonTrait.php" line="53" class="Tests\Feature\Playground\Lead\Api\Http\Controllers\Playground\OpportunityRouteTest" classname="Tests.Feature.Playground.Lead.Api.Http.Controllers.Playground.OpportunityRouteTest" assertions="108" time="0.348962"/>
        <testcase name="test_json_get_create_info_as_admin_with_invalid_parameter_and_fail_validation" file="/app/vendor/gammamatrix/playground-test/src/Feature/Http/Controllers/Resource/Playground/CreateJsonTrait.php" line="73" class="Tests\Feature\Playground\Lead\Api\Http\Controllers\Playground\OpportunityRouteTest" classname="Tests.Feature.Playground.Lead.Api.Http.Controllers.Playground.OpportunityRouteTest" assertions="4" time="0.334449"/>
        <testcase name="test_json_guest_cannot_destroy" file="/app/vendor/gammamatrix/playground-test/src/Feature/Http/Controllers/Resource/Playground/DestroyJsonTrait.php" line="31" class="Tests\Feature\Playground\Lead\Api\Http\Controllers\Playground\OpportunityRouteTest" classname="Tests.Feature.Playground.Lead.Api.Http.Controllers.Playground.OpportunityRouteTest" assertions="3" time="0.327861"/>
        <testcase name="test_json_destroy_as_admin_and_succeed" file="/app/vendor/gammamatrix/playground-test/src/Feature/Http/Controllers/Resource/Playground/DestroyJsonTrait.php" line="61" class="Tests\Feature\Playground\Lead\Api\Http\Controllers\Playground\OpportunityRouteTest" classname="Tests.Feature.Playground.Lead.Api.Http.Controllers.Playground.OpportunityRouteTest" assertions="5" time="0.348438"/>
        <testcase name="test_json_destroy_as_admin_and_succeed_with_force_delete" file="/app/vendor/gammamatrix/playground-test/src/Feature/Http/Controllers/Resource/Playground/DestroyJsonTrait.php" line="100" class="Tests\Feature\Playground\Lead\Api\Http\Controllers\Playground\OpportunityRouteTest" classname="Tests.Feature.Playground.Lead.Api.Http.Controllers.Playground.OpportunityRouteTest" assertions="4" time="0.335574"/>
        <testcase name="test_json_destroy_as_admin_and_succeed_with_no_content" file="/app/vendor/gammamatrix/playground-test/src/Feature/Http/Controllers/Resource/Playground/DestroyJsonTrait.php" line="132" class="Tests\Feature\Playground\Lead\Api\Http\Controllers\Playground\OpportunityRouteTest" classname="Tests.Feature.Playground.Lead.Api.Http.Controllers.Playground.OpportunityRouteTest" assertions="5" time="0.333391"/>
        <testcase name="test_json_destroy_as_admin_and_succeed_and_ignore_redirect" file="/app/vendor/gammamatrix/playground-test/src/Feature/Http/Controllers/Resource/Playground/DestroyJsonTrait.php" line="167" class="Tests\Feature\Playground\Lead\Api\Http\Controllers\Playground\OpportunityRouteTest" classname="Tests.Feature.Playground.Lead.Api.Http.Controllers.Playground.OpportunityRouteTest" assertions="5" time="0.348974"/>
        <testcase name="test_json_destroy_as_user_and_get_denied_and_no_force_delete_allowed" file="/app/vendor/gammamatrix/playground-test/src/Feature/Http/Controllers/Resource/Playground/DestroyJsonTrait.php" line="209" class="Tests\Feature\Playground\Lead\Api\Http\Controllers\Playground\OpportunityRouteTest" classname="Tests.Feature.Playground.Lead.Api.Http.Controllers.Playground.OpportunityRouteTest" assertions="3" time="0.334713"/>
        <testcase name="test_json_guest_cannot_get_edit_info" file="/app/vendor/gammamatrix/playground-test/src/Feature/Http/Controllers/Resource/Playground/EditJsonTrait.php" line="38" class="Tests\Feature\Playground\Lead\Api\Http\Controllers\Playground\OpportunityRouteTest" classname="Tests.Feature.Playground.Lead.Api.Http.Controllers.Playground.OpportunityRouteTest" assertions="1" time="0.321014"/>
        <testcase name="test_json_admin_can_get_edit_info" file="/app/vendor/gammamatrix/playground-test/src/Feature/Http/Controllers/Resource/Playground/EditJsonTrait.php" line="58" class="Tests\Feature\Playground\Lead\Api\Http\Controllers\Playground\OpportunityRouteTest" classname="Tests.Feature.Playground.Lead.Api.Http.Controllers.Playground.OpportunityRouteTest" assertions="4" time="0.375390"/>
        <testcase name="test_json_edit_as_admin_and_fail_validation_with_invalid_parameter" file="/app/vendor/gammamatrix/playground-test/src/Feature/Http/Controllers/Resource/Playground/EditJsonTrait.php" line="87" class="Tests\Feature\Playground\Lead\Api\Http\Controllers\Playground\OpportunityRouteTest" classname="Tests.Feature.Playground.Lead.Api.Http.Controllers.Playground.OpportunityRouteTest" assertions="4" time="0.344522"/>
        <testcase name="test_json_guest_cannot_get_index" file="/app/vendor/gammamatrix/playground-test/src/Feature/Http/Controllers/Resource/Playground/IndexJsonTrait.php" line="34" class="Tests\Feature\Playground\Lead\Api\Http\Controllers\Playground\OpportunityRouteTest" classname="Tests.Feature.Playground.Lead.Api.Http.Controllers.Playground.OpportunityRouteTest" assertions="1" time="0.326177"/>
        <testcase name="test_json_admin_can_get_index" file="/app/vendor/gammamatrix/playground-test/src/Feature/Http/Controllers/Resource/Playground/IndexJsonTrait.php" line="49" class="Tests\Feature\Playground\Lead\Api\Http\Controllers\Playground\OpportunityRouteTest" classname="Tests.Feature.Playground.Lead.Api.Http.Controllers.Playground.OpportunityRouteTest" assertions="115" time="0.359316"/>
        <testcase name="test_json_admin_can_get_index_with_filters" file="/app/vendor/gammamatrix/playground-test/src/Feature/Http/Controllers/Resource/Playground/IndexJsonTrait.php" line="85" class="Tests\Feature\Playground\Lead\Api\Http\Controllers\Playground\OpportunityRouteTest" classname="Tests.Feature.Playground.Lead.Api.Http.Controllers.Playground.OpportunityRouteTest" assertions="3" time="0.357964"/>
        <testcase name="test_json_guest_cannot_lock" file="/app/vendor/gammamatrix/playground-test/src/Feature/Http/Controllers/Resource/Playground/LockJsonTrait.php" line="36" class="Tests\Feature\Playground\Lead\Api\Http\Controllers\Playground\OpportunityRouteTest" classname="Tests.Feature.Playground.Lead.Api.Http.Controllers.Playground.OpportunityRouteTest" assertions="3" time="0.343499"/>
        <testcase name="test_json_lock_as_admin_and_succeed" file="/app/vendor/gammamatrix/playground-test/src/Feature/Http/Controllers/Resource/Playground/LockJsonTrait.php" line="66" class="Tests\Feature\Playground\Lead\Api\Http\Controllers\Playground\OpportunityRouteTest" classname="Tests.Feature.Playground.Lead.Api.Http.Controllers.Playground.OpportunityRouteTest" assertions="3" time="0.346355"/>
        <testcase name="test_json_lock_as_admin_and_succeed_with_no_redirect" file="/app/vendor/gammamatrix/playground-test/src/Feature/Http/Controllers/Resource/Playground/LockJsonTrait.php" line="98" class="Tests\Feature\Playground\Lead\Api\Http\Controllers\Playground\OpportunityRouteTest" classname="Tests.Feature.Playground.Lead.Api.Http.Controllers.Playground.OpportunityRouteTest" assertions="110" time="0.348827"/>
        <testcase name="test_json_lock_as_user_and_get_denied" file="/app/vendor/gammamatrix/playground-test/src/Feature/Http/Controllers/Resource/Playground/LockJsonTrait.php" line="143" class="Tests\Feature\Playground\Lead\Api\Http\Controllers\Playground\OpportunityRouteTest" classname="Tests.Feature.Playground.Lead.Api.Http.Controllers.Playground.OpportunityRouteTest" assertions="3" time="0.361993"/>
        <testcase name="test_json_guest_cannot_restore" file="/app/vendor/gammamatrix/playground-test/src/Feature/Http/Controllers/Resource/Playground/RestoreJsonTrait.php" line="32" class="Tests\Feature\Playground\Lead\Api\Http\Controllers\Playground\OpportunityRouteTest" classname="Tests.Feature.Playground.Lead.Api.Http.Controllers.Playground.OpportunityRouteTest" assertions="3" time="0.332636"/>
        <testcase name="test_json_restore_as_admin_and_succeed" file="/app/vendor/gammamatrix/playground-test/src/Feature/Http/Controllers/Resource/Playground/RestoreJsonTrait.php" line="64" class="Tests\Feature\Playground\Lead\Api\Http\Controllers\Playground\OpportunityRouteTest" classname="Tests.Feature.Playground.Lead.Api.Http.Controllers.Playground.OpportunityRouteTest" assertions="110" time="0.345808"/>
        <testcase name="test_json_restore_as_admin_and_succeed_with_no_redirect" file="/app/vendor/gammamatrix/playground-test/src/Feature/Http/Controllers/Resource/Playground/RestoreJsonTrait.php" line="100" class="Tests\Feature\Playground\Lead\Api\Http\Controllers\Playground\OpportunityRouteTest" classname="Tests.Feature.Playground.Lead.Api.Http.Controllers.Playground.OpportunityRouteTest" assertions="110" time="0.374006"/>
        <testcase name="test_json_restore_as_user_and_get_denied" file="/app/vendor/gammamatrix/playground-test/src/Feature/Http/Controllers/Resource/Playground/RestoreJsonTrait.php" line="143" class="Tests\Feature\Playground\Lead\Api\Http\Controllers\Playground\OpportunityRouteTest" classname="Tests.Feature.Playground.Lead.Api.Http.Controllers.Playground.OpportunityRouteTest" assertions="3" time="0.352679"/>
        <testcase name="test_json_guest_cannot_see_info" file="/app/vendor/gammamatrix/playground-test/src/Feature/Http/Controllers/Resource/Playground/ShowJsonTrait.php" line="29" class="Tests\Feature\Playground\Lead\Api\Http\Controllers\Playground\OpportunityRouteTest" classname="Tests.Feature.Playground.Lead.Api.Http.Controllers.Playground.OpportunityRouteTest" assertions="1" time="0.327391"/>
        <testcase name="test_json_show_info_for_admin" file="/app/vendor/gammamatrix/playground-test/src/Feature/Http/Controllers/Resource/Playground/ShowJsonTrait.php" line="49" class="Tests\Feature\Playground\Lead\Api\Http\Controllers\Playground\OpportunityRouteTest" classname="Tests.Feature.Playground.Lead.Api.Http.Controllers.Playground.OpportunityRouteTest" assertions="109" time="0.358175"/>
        <testcase name="test_json_guest_cannot_store" file="/app/vendor/gammamatrix/playground-test/src/Feature/Http/Controllers/Resource/Playground/StoreJsonTrait.php" line="43" class="Tests\Feature\Playground\Lead\Api\Http\Controllers\Playground\OpportunityRouteTest" classname="Tests.Feature.Playground.Lead.Api.Http.Controllers.Playground.OpportunityRouteTest" assertions="3" time="0.321094"/>
        <testcase name="test_json_store_as_admin_without_payload_and_fail_validation" file="/app/vendor/gammamatrix/playground-test/src/Feature/Http/Controllers/Resource/Playground/StoreJsonTrait.php" line="66" class="Tests\Feature\Playground\Lead\Api\Http\Controllers\Playground\OpportunityRouteTest" classname="Tests.Feature.Playground.Lead.Api.Http.Controllers.Playground.OpportunityRouteTest" assertions="5" time="0.349879"/>
        <testcase name="test_json_store_as_admin_and_succeed" file="/app/vendor/gammamatrix/playground-test/src/Feature/Http/Controllers/Resource/Playground/StoreJsonTrait.php" line="92" class="Tests\Feature\Playground\Lead\Api\Http\Controllers\Playground\OpportunityRouteTest" classname="Tests.Feature.Playground.Lead.Api.Http.Controllers.Playground.OpportunityRouteTest" assertions="3" time="0.387775"/>
        <testcase name="test_json_guest_cannot_unlock" file="/app/vendor/gammamatrix/playground-test/src/Feature/Http/Controllers/Resource/Playground/UnlockJsonTrait.php" line="36" class="Tests\Feature\Playground\Lead\Api\Http\Controllers\Playground\OpportunityRouteTest" classname="Tests.Feature.Playground.Lead.Api.Http.Controllers.Playground.OpportunityRouteTest" assertions="3" time="0.325349"/>
        <testcase name="test_json_unlock_as_admin_and_succeed" file="/app/vendor/gammamatrix/playground-test/src/Feature/Http/Controllers/Resource/Playground/UnlockJsonTrait.php" line="68" class="Tests\Feature\Playground\Lead\Api\Http\Controllers\Playground\OpportunityRouteTest" classname="Tests.Feature.Playground.Lead.Api.Http.Controllers.Playground.OpportunityRouteTest" assertions="110" time="0.357520"/>
        <testcase name="test_json_unlock_as_admin_and_succeed_with_no_redirect" file="/app/vendor/gammamatrix/playground-test/src/Feature/Http/Controllers/Resource/Playground/UnlockJsonTrait.php" line="104" class="Tests\Feature\Playground\Lead\Api\Http\Controllers\Playground\OpportunityRouteTest" classname="Tests.Feature.Playground.Lead.Api.Http.Controllers.Playground.OpportunityRouteTest" assertions="110" time="0.361188"/>
        <testcase name="test_json_unlock_as_user_and_get_denied" file="/app/vendor/gammamatrix/playground-test/src/Feature/Http/Controllers/Resource/Playground/UnlockJsonTrait.php" line="145" class="Tests\Feature\Playground\Lead\Api\Http\Controllers\Playground\OpportunityRouteTest" classname="Tests.Feature.Playground.Lead.Api.Http.Controllers.Playground.OpportunityRouteTest" assertions="3" time="0.337357"/>
        <testcase name="test_json_guest_cannot_update" file="/app/vendor/gammamatrix/playground-test/src/Feature/Http/Controllers/Resource/Playground/UpdateJsonTrait.php" line="45" class="Tests\Feature\Playground\Lead\Api\Http\Controllers\Playground\OpportunityRouteTest" classname="Tests.Feature.Playground.Lead.Api.Http.Controllers.Playground.OpportunityRouteTest" assertions="1" time="0.331669"/>
        <testcase name="test_json_update_as_admin_without_payload_and_fail_validation" file="/app/vendor/gammamatrix/playground-test/src/Feature/Http/Controllers/Resource/Playground/UpdateJsonTrait.php" line="65" class="Tests\Feature\Playground\Lead\Api\Http\Controllers\Playground\OpportunityRouteTest" classname="Tests.Feature.Playground.Lead.Api.Http.Controllers.Playground.OpportunityRouteTest" assertions="4" time="0.372094"/>
        <testcase name="test_json_admin_can_update" file="/app/vendor/gammamatrix/playground-test/src/Feature/Http/Controllers/Resource/Playground/UpdateJsonTrait.php" line="90" class="Tests\Feature\Playground\Lead\Api\Http\Controllers\Playground\OpportunityRouteTest" classname="Tests.Feature.Playground.Lead.Api.Http.Controllers.Playground.OpportunityRouteTest" assertions="112" time="0.390362"/>
      </testsuite>
      <testsuite name="Tests\Feature\Playground\Lead\Api\Http\Controllers\Playground\PlanRouteTest" file="/app/tests/Feature/Http/Controllers/Playground/PlanRouteTest.php" tests="35" assertions="1075" errors="0" failures="0" skipped="0" time="12.163889">
        <testcase name="test_json_guest_cannot_get_create_info" file="/app/vendor/gammamatrix/playground-test/src/Feature/Http/Controllers/Resource/Playground/CreateJsonTrait.php" line="38" class="Tests\Feature\Playground\Lead\Api\Http\Controllers\Playground\PlanRouteTest" classname="Tests.Feature.Playground.Lead.Api.Http.Controllers.Playground.PlanRouteTest" assertions="1" time="0.337701"/>
        <testcase name="test_json_admin_can_get_create_info" file="/app/vendor/gammamatrix/playground-test/src/Feature/Http/Controllers/Resource/Playground/CreateJsonTrait.php" line="53" class="Tests\Feature\Playground\Lead\Api\Http\Controllers\Playground\PlanRouteTest" classname="Tests.Feature.Playground.Lead.Api.Http.Controllers.Playground.PlanRouteTest" assertions="108" time="0.363639"/>
        <testcase name="test_json_get_create_info_as_admin_with_invalid_parameter_and_fail_validation" file="/app/vendor/gammamatrix/playground-test/src/Feature/Http/Controllers/Resource/Playground/CreateJsonTrait.php" line="73" class="Tests\Feature\Playground\Lead\Api\Http\Controllers\Playground\PlanRouteTest" classname="Tests.Feature.Playground.Lead.Api.Http.Controllers.Playground.PlanRouteTest" assertions="4" time="0.333810"/>
        <testcase name="test_json_guest_cannot_destroy" file="/app/vendor/gammamatrix/playground-test/src/Feature/Http/Controllers/Resource/Playground/DestroyJsonTrait.php" line="31" class="Tests\Feature\Playground\Lead\Api\Http\Controllers\Playground\PlanRouteTest" classname="Tests.Feature.Playground.Lead.Api.Http.Controllers.Playground.PlanRouteTest" assertions="3" time="0.326042"/>
        <testcase name="test_json_destroy_as_admin_and_succeed" file="/app/vendor/gammamatrix/playground-test/src/Feature/Http/Controllers/Resource/Playground/DestroyJsonTrait.php" line="61" class="Tests\Feature\Playground\Lead\Api\Http\Controllers\Playground\PlanRouteTest" classname="Tests.Feature.Playground.Lead.Api.Http.Controllers.Playground.PlanRouteTest" assertions="5" time="0.356187"/>
        <testcase name="test_json_destroy_as_admin_and_succeed_with_force_delete" file="/app/vendor/gammamatrix/playground-test/src/Feature/Http/Controllers/Resource/Playground/DestroyJsonTrait.php" line="100" class="Tests\Feature\Playground\Lead\Api\Http\Controllers\Playground\PlanRouteTest" classname="Tests.Feature.Playground.Lead.Api.Http.Controllers.Playground.PlanRouteTest" assertions="4" time="0.329455"/>
        <testcase name="test_json_destroy_as_admin_and_succeed_with_no_content" file="/app/vendor/gammamatrix/playground-test/src/Feature/Http/Controllers/Resource/Playground/DestroyJsonTrait.php" line="132" class="Tests\Feature\Playground\Lead\Api\Http\Controllers\Playground\PlanRouteTest" classname="Tests.Feature.Playground.Lead.Api.Http.Controllers.Playground.PlanRouteTest" assertions="5" time="0.332059"/>
        <testcase name="test_json_destroy_as_admin_and_succeed_and_ignore_redirect" file="/app/vendor/gammamatrix/playground-test/src/Feature/Http/Controllers/Resource/Playground/DestroyJsonTrait.php" line="167" class="Tests\Feature\Playground\Lead\Api\Http\Controllers\Playground\PlanRouteTest" classname="Tests.Feature.Playground.Lead.Api.Http.Controllers.Playground.PlanRouteTest" assertions="5" time="0.355802"/>
        <testcase name="test_json_destroy_as_user_and_get_denied_and_no_force_delete_allowed" file="/app/vendor/gammamatrix/playground-test/src/Feature/Http/Controllers/Resource/Playground/DestroyJsonTrait.php" line="209" class="Tests\Feature\Playground\Lead\Api\Http\Controllers\Playground\PlanRouteTest" classname="Tests.Feature.Playground.Lead.Api.Http.Controllers.Playground.PlanRouteTest" assertions="3" time="0.332639"/>
        <testcase name="test_json_guest_cannot_get_edit_info" file="/app/vendor/gammamatrix/playground-test/src/Feature/Http/Controllers/Resource/Playground/EditJsonTrait.php" line="38" class="Tests\Feature\Playground\Lead\Api\Http\Controllers\Playground\PlanRouteTest" classname="Tests.Feature.Playground.Lead.Api.Http.Controllers.Playground.PlanRouteTest" assertions="1" time="0.324758"/>
        <testcase name="test_json_admin_can_get_edit_info" file="/app/vendor/gammamatrix/playground-test/src/Feature/Http/Controllers/Resource/Playground/EditJsonTrait.php" line="58" class="Tests\Feature\Playground\Lead\Api\Http\Controllers\Playground\PlanRouteTest" classname="Tests.Feature.Playground.Lead.Api.Http.Controllers.Playground.PlanRouteTest" assertions="4" time="0.375701"/>
        <testcase name="test_json_edit_as_admin_and_fail_validation_with_invalid_parameter" file="/app/vendor/gammamatrix/playground-test/src/Feature/Http/Controllers/Resource/Playground/EditJsonTrait.php" line="87" class="Tests\Feature\Playground\Lead\Api\Http\Controllers\Playground\PlanRouteTest" classname="Tests.Feature.Playground.Lead.Api.Http.Controllers.Playground.PlanRouteTest" assertions="4" time="0.347945"/>
        <testcase name="test_json_guest_cannot_get_index" file="/app/vendor/gammamatrix/playground-test/src/Feature/Http/Controllers/Resource/Playground/IndexJsonTrait.php" line="34" class="Tests\Feature\Playground\Lead\Api\Http\Controllers\Playground\PlanRouteTest" classname="Tests.Feature.Playground.Lead.Api.Http.Controllers.Playground.PlanRouteTest" assertions="1" time="0.321759"/>
        <testcase name="test_json_admin_can_get_index" file="/app/vendor/gammamatrix/playground-test/src/Feature/Http/Controllers/Resource/Playground/IndexJsonTrait.php" line="49" class="Tests\Feature\Playground\Lead\Api\Http\Controllers\Playground\PlanRouteTest" classname="Tests.Feature.Playground.Lead.Api.Http.Controllers.Playground.PlanRouteTest" assertions="115" time="0.373169"/>
        <testcase name="test_json_admin_can_get_index_with_filters" file="/app/vendor/gammamatrix/playground-test/src/Feature/Http/Controllers/Resource/Playground/IndexJsonTrait.php" line="85" class="Tests\Feature\Playground\Lead\Api\Http\Controllers\Playground\PlanRouteTest" classname="Tests.Feature.Playground.Lead.Api.Http.Controllers.Playground.PlanRouteTest" assertions="3" time="0.358081"/>
        <testcase name="test_json_guest_cannot_lock" file="/app/vendor/gammamatrix/playground-test/src/Feature/Http/Controllers/Resource/Playground/LockJsonTrait.php" line="36" class="Tests\Feature\Playground\Lead\Api\Http\Controllers\Playground\PlanRouteTest" classname="Tests.Feature.Playground.Lead.Api.Http.Controllers.Playground.PlanRouteTest" assertions="3" time="0.323280"/>
        <testcase name="test_json_lock_as_admin_and_succeed" file="/app/vendor/gammamatrix/playground-test/src/Feature/Http/Controllers/Resource/Playground/LockJsonTrait.php" line="66" class="Tests\Feature\Playground\Lead\Api\Http\Controllers\Playground\PlanRouteTest" classname="Tests.Feature.Playground.Lead.Api.Http.Controllers.Playground.PlanRouteTest" assertions="3" time="0.371765"/>
        <testcase name="test_json_lock_as_admin_and_succeed_with_no_redirect" file="/app/vendor/gammamatrix/playground-test/src/Feature/Http/Controllers/Resource/Playground/LockJsonTrait.php" line="98" class="Tests\Feature\Playground\Lead\Api\Http\Controllers\Playground\PlanRouteTest" classname="Tests.Feature.Playground.Lead.Api.Http.Controllers.Playground.PlanRouteTest" assertions="110" time="0.344123"/>
        <testcase name="test_json_lock_as_user_and_get_denied" file="/app/vendor/gammamatrix/playground-test/src/Feature/Http/Controllers/Resource/Playground/LockJsonTrait.php" line="143" class="Tests\Feature\Playground\Lead\Api\Http\Controllers\Playground\PlanRouteTest" classname="Tests.Feature.Playground.Lead.Api.Http.Controllers.Playground.PlanRouteTest" assertions="3" time="0.343533"/>
        <testcase name="test_json_guest_cannot_restore" file="/app/vendor/gammamatrix/playground-test/src/Feature/Http/Controllers/Resource/Playground/RestoreJsonTrait.php" line="32" class="Tests\Feature\Playground\Lead\Api\Http\Controllers\Playground\PlanRouteTest" classname="Tests.Feature.Playground.Lead.Api.Http.Controllers.Playground.PlanRouteTest" assertions="3" time="0.341024"/>
        <testcase name="test_json_restore_as_admin_and_succeed" file="/app/vendor/gammamatrix/playground-test/src/Feature/Http/Controllers/Resource/Playground/RestoreJsonTrait.php" line="64" class="Tests\Feature\Playground\Lead\Api\Http\Controllers\Playground\PlanRouteTest" classname="Tests.Feature.Playground.Lead.Api.Http.Controllers.Playground.PlanRouteTest" assertions="110" time="0.344835"/>
        <testcase name="test_json_restore_as_admin_and_succeed_with_no_redirect" file="/app/vendor/gammamatrix/playground-test/src/Feature/Http/Controllers/Resource/Playground/RestoreJsonTrait.php" line="100" class="Tests\Feature\Playground\Lead\Api\Http\Controllers\Playground\PlanRouteTest" classname="Tests.Feature.Playground.Lead.Api.Http.Controllers.Playground.PlanRouteTest" assertions="110" time="0.367723"/>
        <testcase name="test_json_restore_as_user_and_get_denied" file="/app/vendor/gammamatrix/playground-test/src/Feature/Http/Controllers/Resource/Playground/RestoreJsonTrait.php" line="143" class="Tests\Feature\Playground\Lead\Api\Http\Controllers\Playground\PlanRouteTest" classname="Tests.Feature.Playground.Lead.Api.Http.Controllers.Playground.PlanRouteTest" assertions="3" time="0.336519"/>
        <testcase name="test_json_guest_cannot_see_info" file="/app/vendor/gammamatrix/playground-test/src/Feature/Http/Controllers/Resource/Playground/ShowJsonTrait.php" line="29" class="Tests\Feature\Playground\Lead\Api\Http\Controllers\Playground\PlanRouteTest" classname="Tests.Feature.Playground.Lead.Api.Http.Controllers.Playground.PlanRouteTest" assertions="1" time="0.327805"/>
        <testcase name="test_json_show_info_for_admin" file="/app/vendor/gammamatrix/playground-test/src/Feature/Http/Controllers/Resource/Playground/ShowJsonTrait.php" line="49" class="Tests\Feature\Playground\Lead\Api\Http\Controllers\Playground\PlanRouteTest" classname="Tests.Feature.Playground.Lead.Api.Http.Controllers.Playground.PlanRouteTest" assertions="109" time="0.363333"/>
        <testcase name="test_json_guest_cannot_store" file="/app/vendor/gammamatrix/playground-test/src/Feature/Http/Controllers/Resource/Playground/StoreJsonTrait.php" line="43" class="Tests\Feature\Playground\Lead\Api\Http\Controllers\Playground\PlanRouteTest" classname="Tests.Feature.Playground.Lead.Api.Http.Controllers.Playground.PlanRouteTest" assertions="3" time="0.320756"/>
        <testcase name="test_json_store_as_admin_without_payload_and_fail_validation" file="/app/vendor/gammamatrix/playground-test/src/Feature/Http/Controllers/Resource/Playground/StoreJsonTrait.php" line="66" class="Tests\Feature\Playground\Lead\Api\Http\Controllers\Playground\PlanRouteTest" classname="Tests.Feature.Playground.Lead.Api.Http.Controllers.Playground.PlanRouteTest" assertions="5" time="0.338516"/>
        <testcase name="test_json_store_as_admin_and_succeed" file="/app/vendor/gammamatrix/playground-test/src/Feature/Http/Controllers/Resource/Playground/StoreJsonTrait.php" line="92" class="Tests\Feature\Playground\Lead\Api\Http\Controllers\Playground\PlanRouteTest" classname="Tests.Feature.Playground.Lead.Api.Http.Controllers.Playground.PlanRouteTest" assertions="3" time="0.389793"/>
        <testcase name="test_json_guest_cannot_unlock" file="/app/vendor/gammamatrix/playground-test/src/Feature/Http/Controllers/Resource/Playground/UnlockJsonTrait.php" line="36" class="Tests\Feature\Playground\Lead\Api\Http\Controllers\Playground\PlanRouteTest" classname="Tests.Feature.Playground.Lead.Api.Http.Controllers.Playground.PlanRouteTest" assertions="3" time="0.324952"/>
        <testcase name="test_json_unlock_as_admin_and_succeed" file="/app/vendor/gammamatrix/playground-test/src/Feature/Http/Controllers/Resource/Playground/UnlockJsonTrait.php" line="68" class="Tests\Feature\Playground\Lead\Api\Http\Controllers\Playground\PlanRouteTest" classname="Tests.Feature.Playground.Lead.Api.Http.Controllers.Playground.PlanRouteTest" assertions="110" time="0.356496"/>
        <testcase name="test_json_unlock_as_admin_and_succeed_with_no_redirect" file="/app/vendor/gammamatrix/playground-test/src/Feature/Http/Controllers/Resource/Playground/UnlockJsonTrait.php" line="104" class="Tests\Feature\Playground\Lead\Api\Http\Controllers\Playground\PlanRouteTest" classname="Tests.Feature.Playground.Lead.Api.Http.Controllers.Playground.PlanRouteTest" assertions="110" time="0.376845"/>
        <testcase name="test_json_unlock_as_user_and_get_denied" file="/app/vendor/gammamatrix/playground-test/src/Feature/Http/Controllers/Resource/Playground/UnlockJsonTrait.php" line="145" class="Tests\Feature\Playground\Lead\Api\Http\Controllers\Playground\PlanRouteTest" classname="Tests.Feature.Playground.Lead.Api.Http.Controllers.Playground.PlanRouteTest" assertions="3" time="0.333812"/>
        <testcase name="test_json_guest_cannot_update" file="/app/vendor/gammamatrix/playground-test/src/Feature/Http/Controllers/Resource/Playground/UpdateJsonTrait.php" line="45" class="Tests\Feature\Playground\Lead\Api\Http\Controllers\Playground\PlanRouteTest" classname="Tests.Feature.Playground.Lead.Api.Http.Controllers.Playground.PlanRouteTest" assertions="1" time="0.324614"/>
        <testcase name="test_json_update_as_admin_without_payload_and_fail_validation" file="/app/vendor/gammamatrix/playground-test/src/Feature/Http/Controllers/Resource/Playground/UpdateJsonTrait.php" line="65" class="Tests\Feature\Playground\Lead\Api\Http\Controllers\Playground\PlanRouteTest" classname="Tests.Feature.Playground.Lead.Api.Http.Controllers.Playground.PlanRouteTest" assertions="4" time="0.377853"/>
        <testcase name="test_json_admin_can_update" file="/app/vendor/gammamatrix/playground-test/src/Feature/Http/Controllers/Resource/Playground/UpdateJsonTrait.php" line="90" class="Tests\Feature\Playground\Lead\Api\Http\Controllers\Playground\PlanRouteTest" classname="Tests.Feature.Playground.Lead.Api.Http.Controllers.Playground.PlanRouteTest" assertions="112" time="0.387567"/>
      </testsuite>
      <testsuite name="Tests\Feature\Playground\Lead\Api\Http\Controllers\Playground\RegionRouteTest" file="/app/tests/Feature/Http/Controllers/Playground/RegionRouteTest.php" tests="35" assertions="1075" errors="0" failures="0" skipped="0" time="12.203161">
        <testcase name="test_json_guest_cannot_get_create_info" file="/app/vendor/gammamatrix/playground-test/src/Feature/Http/Controllers/Resource/Playground/CreateJsonTrait.php" line="38" class="Tests\Feature\Playground\Lead\Api\Http\Controllers\Playground\RegionRouteTest" classname="Tests.Feature.Playground.Lead.Api.Http.Controllers.Playground.RegionRouteTest" assertions="1" time="0.340000"/>
        <testcase name="test_json_admin_can_get_create_info" file="/app/vendor/gammamatrix/playground-test/src/Feature/Http/Controllers/Resource/Playground/CreateJsonTrait.php" line="53" class="Tests\Feature\Playground\Lead\Api\Http\Controllers\Playground\RegionRouteTest" classname="Tests.Feature.Playground.Lead.Api.Http.Controllers.Playground.RegionRouteTest" assertions="108" time="0.364834"/>
        <testcase name="test_json_get_create_info_as_admin_with_invalid_parameter_and_fail_validation" file="/app/vendor/gammamatrix/playground-test/src/Feature/Http/Controllers/Resource/Playground/CreateJsonTrait.php" line="73" class="Tests\Feature\Playground\Lead\Api\Http\Controllers\Playground\RegionRouteTest" classname="Tests.Feature.Playground.Lead.Api.Http.Controllers.Playground.RegionRouteTest" assertions="4" time="0.330506"/>
        <testcase name="test_json_guest_cannot_destroy" file="/app/vendor/gammamatrix/playground-test/src/Feature/Http/Controllers/Resource/Playground/DestroyJsonTrait.php" line="31" class="Tests\Feature\Playground\Lead\Api\Http\Controllers\Playground\RegionRouteTest" classname="Tests.Feature.Playground.Lead.Api.Http.Controllers.Playground.RegionRouteTest" assertions="3" time="0.326692"/>
        <testcase name="test_json_destroy_as_admin_and_succeed" file="/app/vendor/gammamatrix/playground-test/src/Feature/Http/Controllers/Resource/Playground/DestroyJsonTrait.php" line="61" class="Tests\Feature\Playground\Lead\Api\Http\Controllers\Playground\RegionRouteTest" classname="Tests.Feature.Playground.Lead.Api.Http.Controllers.Playground.RegionRouteTest" assertions="5" time="0.358625"/>
        <testcase name="test_json_destroy_as_admin_and_succeed_with_force_delete" file="/app/vendor/gammamatrix/playground-test/src/Feature/Http/Controllers/Resource/Playground/DestroyJsonTrait.php" line="100" class="Tests\Feature\Playground\Lead\Api\Http\Controllers\Playground\RegionRouteTest" classname="Tests.Feature.Playground.Lead.Api.Http.Controllers.Playground.RegionRouteTest" assertions="4" time="0.330833"/>
        <testcase name="test_json_destroy_as_admin_and_succeed_with_no_content" file="/app/vendor/gammamatrix/playground-test/src/Feature/Http/Controllers/Resource/Playground/DestroyJsonTrait.php" line="132" class="Tests\Feature\Playground\Lead\Api\Http\Controllers\Playground\RegionRouteTest" classname="Tests.Feature.Playground.Lead.Api.Http.Controllers.Playground.RegionRouteTest" assertions="5" time="0.334743"/>
        <testcase name="test_json_destroy_as_admin_and_succeed_and_ignore_redirect" file="/app/vendor/gammamatrix/playground-test/src/Feature/Http/Controllers/Resource/Playground/DestroyJsonTrait.php" line="167" class="Tests\Feature\Playground\Lead\Api\Http\Controllers\Playground\RegionRouteTest" classname="Tests.Feature.Playground.Lead.Api.Http.Controllers.Playground.RegionRouteTest" assertions="5" time="0.359715"/>
        <testcase name="test_json_destroy_as_user_and_get_denied_and_no_force_delete_allowed" file="/app/vendor/gammamatrix/playground-test/src/Feature/Http/Controllers/Resource/Playground/DestroyJsonTrait.php" line="209" class="Tests\Feature\Playground\Lead\Api\Http\Controllers\Playground\RegionRouteTest" classname="Tests.Feature.Playground.Lead.Api.Http.Controllers.Playground.RegionRouteTest" assertions="3" time="0.332078"/>
        <testcase name="test_json_guest_cannot_get_edit_info" file="/app/vendor/gammamatrix/playground-test/src/Feature/Http/Controllers/Resource/Playground/EditJsonTrait.php" line="38" class="Tests\Feature\Playground\Lead\Api\Http\Controllers\Playground\RegionRouteTest" classname="Tests.Feature.Playground.Lead.Api.Http.Controllers.Playground.RegionRouteTest" assertions="1" time="0.319722"/>
        <testcase name="test_json_admin_can_get_edit_info" file="/app/vendor/gammamatrix/playground-test/src/Feature/Http/Controllers/Resource/Playground/EditJsonTrait.php" line="58" class="Tests\Feature\Playground\Lead\Api\Http\Controllers\Playground\RegionRouteTest" classname="Tests.Feature.Playground.Lead.Api.Http.Controllers.Playground.RegionRouteTest" assertions="4" time="0.377991"/>
        <testcase name="test_json_edit_as_admin_and_fail_validation_with_invalid_parameter" file="/app/vendor/gammamatrix/playground-test/src/Feature/Http/Controllers/Resource/Playground/EditJsonTrait.php" line="87" class="Tests\Feature\Playground\Lead\Api\Http\Controllers\Playground\RegionRouteTest" classname="Tests.Feature.Playground.Lead.Api.Http.Controllers.Playground.RegionRouteTest" assertions="4" time="0.345755"/>
        <testcase name="test_json_guest_cannot_get_index" file="/app/vendor/gammamatrix/playground-test/src/Feature/Http/Controllers/Resource/Playground/IndexJsonTrait.php" line="34" class="Tests\Feature\Playground\Lead\Api\Http\Controllers\Playground\RegionRouteTest" classname="Tests.Feature.Playground.Lead.Api.Http.Controllers.Playground.RegionRouteTest" assertions="1" time="0.323192"/>
        <testcase name="test_json_admin_can_get_index" file="/app/vendor/gammamatrix/playground-test/src/Feature/Http/Controllers/Resource/Playground/IndexJsonTrait.php" line="49" class="Tests\Feature\Playground\Lead\Api\Http\Controllers\Playground\RegionRouteTest" classname="Tests.Feature.Playground.Lead.Api.Http.Controllers.Playground.RegionRouteTest" assertions="115" time="0.372593"/>
        <testcase name="test_json_admin_can_get_index_with_filters" file="/app/vendor/gammamatrix/playground-test/src/Feature/Http/Controllers/Resource/Playground/IndexJsonTrait.php" line="85" class="Tests\Feature\Playground\Lead\Api\Http\Controllers\Playground\RegionRouteTest" classname="Tests.Feature.Playground.Lead.Api.Http.Controllers.Playground.RegionRouteTest" assertions="3" time="0.358811"/>
        <testcase name="test_json_guest_cannot_lock" file="/app/vendor/gammamatrix/playground-test/src/Feature/Http/Controllers/Resource/Playground/LockJsonTrait.php" line="36" class="Tests\Feature\Playground\Lead\Api\Http\Controllers\Playground\RegionRouteTest" classname="Tests.Feature.Playground.Lead.Api.Http.Controllers.Playground.RegionRouteTest" assertions="3" time="0.323142"/>
        <testcase name="test_json_lock_as_admin_and_succeed" file="/app/vendor/gammamatrix/playground-test/src/Feature/Http/Controllers/Resource/Playground/LockJsonTrait.php" line="66" class="Tests\Feature\Playground\Lead\Api\Http\Controllers\Playground\RegionRouteTest" classname="Tests.Feature.Playground.Lead.Api.Http.Controllers.Playground.RegionRouteTest" assertions="3" time="0.367218"/>
        <testcase name="test_json_lock_as_admin_and_succeed_with_no_redirect" file="/app/vendor/gammamatrix/playground-test/src/Feature/Http/Controllers/Resource/Playground/LockJsonTrait.php" line="98" class="Tests\Feature\Playground\Lead\Api\Http\Controllers\Playground\RegionRouteTest" classname="Tests.Feature.Playground.Lead.Api.Http.Controllers.Playground.RegionRouteTest" assertions="110" time="0.343570"/>
        <testcase name="test_json_lock_as_user_and_get_denied" file="/app/vendor/gammamatrix/playground-test/src/Feature/Http/Controllers/Resource/Playground/LockJsonTrait.php" line="143" class="Tests\Feature\Playground\Lead\Api\Http\Controllers\Playground\RegionRouteTest" classname="Tests.Feature.Playground.Lead.Api.Http.Controllers.Playground.RegionRouteTest" assertions="3" time="0.344390"/>
        <testcase name="test_json_guest_cannot_restore" file="/app/vendor/gammamatrix/playground-test/src/Feature/Http/Controllers/Resource/Playground/RestoreJsonTrait.php" line="32" class="Tests\Feature\Playground\Lead\Api\Http\Controllers\Playground\RegionRouteTest" classname="Tests.Feature.Playground.Lead.Api.Http.Controllers.Playground.RegionRouteTest" assertions="3" time="0.347626"/>
        <testcase name="test_json_restore_as_admin_and_succeed" file="/app/vendor/gammamatrix/playground-test/src/Feature/Http/Controllers/Resource/Playground/RestoreJsonTrait.php" line="64" class="Tests\Feature\Playground\Lead\Api\Http\Controllers\Playground\RegionRouteTest" classname="Tests.Feature.Playground.Lead.Api.Http.Controllers.Playground.RegionRouteTest" assertions="110" time="0.349978"/>
        <testcase name="test_json_restore_as_admin_and_succeed_with_no_redirect" file="/app/vendor/gammamatrix/playground-test/src/Feature/Http/Controllers/Resource/Playground/RestoreJsonTrait.php" line="100" class="Tests\Feature\Playground\Lead\Api\Http\Controllers\Playground\RegionRouteTest" classname="Tests.Feature.Playground.Lead.Api.Http.Controllers.Playground.RegionRouteTest" assertions="110" time="0.343554"/>
        <testcase name="test_json_restore_as_user_and_get_denied" file="/app/vendor/gammamatrix/playground-test/src/Feature/Http/Controllers/Resource/Playground/RestoreJsonTrait.php" line="143" class="Tests\Feature\Playground\Lead\Api\Http\Controllers\Playground\RegionRouteTest" classname="Tests.Feature.Playground.Lead.Api.Http.Controllers.Playground.RegionRouteTest" assertions="3" time="0.366187"/>
        <testcase name="test_json_guest_cannot_see_info" file="/app/vendor/gammamatrix/playground-test/src/Feature/Http/Controllers/Resource/Playground/ShowJsonTrait.php" line="29" class="Tests\Feature\Playground\Lead\Api\Http\Controllers\Playground\RegionRouteTest" classname="Tests.Feature.Playground.Lead.Api.Http.Controllers.Playground.RegionRouteTest" assertions="1" time="0.324147"/>
        <testcase name="test_json_show_info_for_admin" file="/app/vendor/gammamatrix/playground-test/src/Feature/Http/Controllers/Resource/Playground/ShowJsonTrait.php" line="49" class="Tests\Feature\Playground\Lead\Api\Http\Controllers\Playground\RegionRouteTest" classname="Tests.Feature.Playground.Lead.Api.Http.Controllers.Playground.RegionRouteTest" assertions="109" time="0.340036"/>
        <testcase name="test_json_guest_cannot_store" file="/app/vendor/gammamatrix/playground-test/src/Feature/Http/Controllers/Resource/Playground/StoreJsonTrait.php" line="43" class="Tests\Feature\Playground\Lead\Api\Http\Controllers\Playground\RegionRouteTest" classname="Tests.Feature.Playground.Lead.Api.Http.Controllers.Playground.RegionRouteTest" assertions="3" time="0.338664"/>
        <testcase name="test_json_store_as_admin_without_payload_and_fail_validation" file="/app/vendor/gammamatrix/playground-test/src/Feature/Http/Controllers/Resource/Playground/StoreJsonTrait.php" line="66" class="Tests\Feature\Playground\Lead\Api\Http\Controllers\Playground\RegionRouteTest" classname="Tests.Feature.Playground.Lead.Api.Http.Controllers.Playground.RegionRouteTest" assertions="5" time="0.337859"/>
        <testcase name="test_json_store_as_admin_and_succeed" file="/app/vendor/gammamatrix/playground-test/src/Feature/Http/Controllers/Resource/Playground/StoreJsonTrait.php" line="92" class="Tests\Feature\Playground\Lead\Api\Http\Controllers\Playground\RegionRouteTest" classname="Tests.Feature.Playground.Lead.Api.Http.Controllers.Playground.RegionRouteTest" assertions="3" time="0.372693"/>
        <testcase name="test_json_guest_cannot_unlock" file="/app/vendor/gammamatrix/playground-test/src/Feature/Http/Controllers/Resource/Playground/UnlockJsonTrait.php" line="36" class="Tests\Feature\Playground\Lead\Api\Http\Controllers\Playground\RegionRouteTest" classname="Tests.Feature.Playground.Lead.Api.Http.Controllers.Playground.RegionRouteTest" assertions="3" time="0.351186"/>
        <testcase name="test_json_unlock_as_admin_and_succeed" file="/app/vendor/gammamatrix/playground-test/src/Feature/Http/Controllers/Resource/Playground/UnlockJsonTrait.php" line="68" class="Tests\Feature\Playground\Lead\Api\Http\Controllers\Playground\RegionRouteTest" classname="Tests.Feature.Playground.Lead.Api.Http.Controllers.Playground.RegionRouteTest" assertions="110" time="0.367037"/>
        <testcase name="test_json_unlock_as_admin_and_succeed_with_no_redirect" file="/app/vendor/gammamatrix/playground-test/src/Feature/Http/Controllers/Resource/Playground/UnlockJsonTrait.php" line="104" class="Tests\Feature\Playground\Lead\Api\Http\Controllers\Playground\RegionRouteTest" classname="Tests.Feature.Playground.Lead.Api.Http.Controllers.Playground.RegionRouteTest" assertions="110" time="0.348629"/>
        <testcase name="test_json_unlock_as_user_and_get_denied" file="/app/vendor/gammamatrix/playground-test/src/Feature/Http/Controllers/Resource/Playground/UnlockJsonTrait.php" line="145" class="Tests\Feature\Playground\Lead\Api\Http\Controllers\Playground\RegionRouteTest" classname="Tests.Feature.Playground.Lead.Api.Http.Controllers.Playground.RegionRouteTest" assertions="3" time="0.357690"/>
        <testcase name="test_json_guest_cannot_update" file="/app/vendor/gammamatrix/playground-test/src/Feature/Http/Controllers/Resource/Playground/UpdateJsonTrait.php" line="45" class="Tests\Feature\Playground\Lead\Api\Http\Controllers\Playground\RegionRouteTest" classname="Tests.Feature.Playground.Lead.Api.Http.Controllers.Playground.RegionRouteTest" assertions="1" time="0.325901"/>
        <testcase name="test_json_update_as_admin_without_payload_and_fail_validation" file="/app/vendor/gammamatrix/playground-test/src/Feature/Http/Controllers/Resource/Playground/UpdateJsonTrait.php" line="65" class="Tests\Feature\Playground\Lead\Api\Http\Controllers\Playground\RegionRouteTest" classname="Tests.Feature.Playground.Lead.Api.Http.Controllers.Playground.RegionRouteTest" assertions="4" time="0.361406"/>
        <testcase name="test_json_admin_can_update" file="/app/vendor/gammamatrix/playground-test/src/Feature/Http/Controllers/Resource/Playground/UpdateJsonTrait.php" line="90" class="Tests\Feature\Playground\Lead\Api\Http\Controllers\Playground\RegionRouteTest" classname="Tests.Feature.Playground.Lead.Api.Http.Controllers.Playground.RegionRouteTest" assertions="112" time="0.416159"/>
      </testsuite>
      <testsuite name="Tests\Feature\Playground\Lead\Api\Http\Controllers\Playground\ReportRouteTest" file="/app/tests/Feature/Http/Controllers/Playground/ReportRouteTest.php" tests="35" assertions="1075" errors="0" failures="0" skipped="0" time="12.319249">
        <testcase name="test_json_guest_cannot_get_create_info" file="/app/vendor/gammamatrix/playground-test/src/Feature/Http/Controllers/Resource/Playground/CreateJsonTrait.php" line="38" class="Tests\Feature\Playground\Lead\Api\Http\Controllers\Playground\ReportRouteTest" classname="Tests.Feature.Playground.Lead.Api.Http.Controllers.Playground.ReportRouteTest" assertions="1" time="0.339716"/>
        <testcase name="test_json_admin_can_get_create_info" file="/app/vendor/gammamatrix/playground-test/src/Feature/Http/Controllers/Resource/Playground/CreateJsonTrait.php" line="53" class="Tests\Feature\Playground\Lead\Api\Http\Controllers\Playground\ReportRouteTest" classname="Tests.Feature.Playground.Lead.Api.Http.Controllers.Playground.ReportRouteTest" assertions="108" time="0.373068"/>
        <testcase name="test_json_get_create_info_as_admin_with_invalid_parameter_and_fail_validation" file="/app/vendor/gammamatrix/playground-test/src/Feature/Http/Controllers/Resource/Playground/CreateJsonTrait.php" line="73" class="Tests\Feature\Playground\Lead\Api\Http\Controllers\Playground\ReportRouteTest" classname="Tests.Feature.Playground.Lead.Api.Http.Controllers.Playground.ReportRouteTest" assertions="4" time="0.331486"/>
        <testcase name="test_json_guest_cannot_destroy" file="/app/vendor/gammamatrix/playground-test/src/Feature/Http/Controllers/Resource/Playground/DestroyJsonTrait.php" line="31" class="Tests\Feature\Playground\Lead\Api\Http\Controllers\Playground\ReportRouteTest" classname="Tests.Feature.Playground.Lead.Api.Http.Controllers.Playground.ReportRouteTest" assertions="3" time="0.327474"/>
        <testcase name="test_json_destroy_as_admin_and_succeed" file="/app/vendor/gammamatrix/playground-test/src/Feature/Http/Controllers/Resource/Playground/DestroyJsonTrait.php" line="61" class="Tests\Feature\Playground\Lead\Api\Http\Controllers\Playground\ReportRouteTest" classname="Tests.Feature.Playground.Lead.Api.Http.Controllers.Playground.ReportRouteTest" assertions="5" time="0.366065"/>
        <testcase name="test_json_destroy_as_admin_and_succeed_with_force_delete" file="/app/vendor/gammamatrix/playground-test/src/Feature/Http/Controllers/Resource/Playground/DestroyJsonTrait.php" line="100" class="Tests\Feature\Playground\Lead\Api\Http\Controllers\Playground\ReportRouteTest" classname="Tests.Feature.Playground.Lead.Api.Http.Controllers.Playground.ReportRouteTest" assertions="4" time="0.332707"/>
        <testcase name="test_json_destroy_as_admin_and_succeed_with_no_content" file="/app/vendor/gammamatrix/playground-test/src/Feature/Http/Controllers/Resource/Playground/DestroyJsonTrait.php" line="132" class="Tests\Feature\Playground\Lead\Api\Http\Controllers\Playground\ReportRouteTest" classname="Tests.Feature.Playground.Lead.Api.Http.Controllers.Playground.ReportRouteTest" assertions="5" time="0.332024"/>
        <testcase name="test_json_destroy_as_admin_and_succeed_and_ignore_redirect" file="/app/vendor/gammamatrix/playground-test/src/Feature/Http/Controllers/Resource/Playground/DestroyJsonTrait.php" line="167" class="Tests\Feature\Playground\Lead\Api\Http\Controllers\Playground\ReportRouteTest" classname="Tests.Feature.Playground.Lead.Api.Http.Controllers.Playground.ReportRouteTest" assertions="5" time="0.370719"/>
        <testcase name="test_json_destroy_as_user_and_get_denied_and_no_force_delete_allowed" file="/app/vendor/gammamatrix/playground-test/src/Feature/Http/Controllers/Resource/Playground/DestroyJsonTrait.php" line="209" class="Tests\Feature\Playground\Lead\Api\Http\Controllers\Playground\ReportRouteTest" classname="Tests.Feature.Playground.Lead.Api.Http.Controllers.Playground.ReportRouteTest" assertions="3" time="0.336519"/>
        <testcase name="test_json_guest_cannot_get_edit_info" file="/app/vendor/gammamatrix/playground-test/src/Feature/Http/Controllers/Resource/Playground/EditJsonTrait.php" line="38" class="Tests\Feature\Playground\Lead\Api\Http\Controllers\Playground\ReportRouteTest" classname="Tests.Feature.Playground.Lead.Api.Http.Controllers.Playground.ReportRouteTest" assertions="1" time="0.318928"/>
        <testcase name="test_json_admin_can_get_edit_info" file="/app/vendor/gammamatrix/playground-test/src/Feature/Http/Controllers/Resource/Playground/EditJsonTrait.php" line="58" class="Tests\Feature\Playground\Lead\Api\Http\Controllers\Playground\ReportRouteTest" classname="Tests.Feature.Playground.Lead.Api.Http.Controllers.Playground.ReportRouteTest" assertions="4" time="0.378906"/>
        <testcase name="test_json_edit_as_admin_and_fail_validation_with_invalid_parameter" file="/app/vendor/gammamatrix/playground-test/src/Feature/Http/Controllers/Resource/Playground/EditJsonTrait.php" line="87" class="Tests\Feature\Playground\Lead\Api\Http\Controllers\Playground\ReportRouteTest" classname="Tests.Feature.Playground.Lead.Api.Http.Controllers.Playground.ReportRouteTest" assertions="4" time="0.346206"/>
        <testcase name="test_json_guest_cannot_get_index" file="/app/vendor/gammamatrix/playground-test/src/Feature/Http/Controllers/Resource/Playground/IndexJsonTrait.php" line="34" class="Tests\Feature\Playground\Lead\Api\Http\Controllers\Playground\ReportRouteTest" classname="Tests.Feature.Playground.Lead.Api.Http.Controllers.Playground.ReportRouteTest" assertions="1" time="0.324677"/>
        <testcase name="test_json_admin_can_get_index" file="/app/vendor/gammamatrix/playground-test/src/Feature/Http/Controllers/Resource/Playground/IndexJsonTrait.php" line="49" class="Tests\Feature\Playground\Lead\Api\Http\Controllers\Playground\ReportRouteTest" classname="Tests.Feature.Playground.Lead.Api.Http.Controllers.Playground.ReportRouteTest" assertions="115" time="0.384235"/>
        <testcase name="test_json_admin_can_get_index_with_filters" file="/app/vendor/gammamatrix/playground-test/src/Feature/Http/Controllers/Resource/Playground/IndexJsonTrait.php" line="85" class="Tests\Feature\Playground\Lead\Api\Http\Controllers\Playground\ReportRouteTest" classname="Tests.Feature.Playground.Lead.Api.Http.Controllers.Playground.ReportRouteTest" assertions="3" time="0.351826"/>
        <testcase name="test_json_guest_cannot_lock" file="/app/vendor/gammamatrix/playground-test/src/Feature/Http/Controllers/Resource/Playground/LockJsonTrait.php" line="36" class="Tests\Feature\Playground\Lead\Api\Http\Controllers\Playground\ReportRouteTest" classname="Tests.Feature.Playground.Lead.Api.Http.Controllers.Playground.ReportRouteTest" assertions="3" time="0.324425"/>
        <testcase name="test_json_lock_as_admin_and_succeed" file="/app/vendor/gammamatrix/playground-test/src/Feature/Http/Controllers/Resource/Playground/LockJsonTrait.php" line="66" class="Tests\Feature\Playground\Lead\Api\Http\Controllers\Playground\ReportRouteTest" classname="Tests.Feature.Playground.Lead.Api.Http.Controllers.Playground.ReportRouteTest" assertions="3" time="0.379442"/>
        <testcase name="test_json_lock_as_admin_and_succeed_with_no_redirect" file="/app/vendor/gammamatrix/playground-test/src/Feature/Http/Controllers/Resource/Playground/LockJsonTrait.php" line="98" class="Tests\Feature\Playground\Lead\Api\Http\Controllers\Playground\ReportRouteTest" classname="Tests.Feature.Playground.Lead.Api.Http.Controllers.Playground.ReportRouteTest" assertions="110" time="0.341984"/>
        <testcase name="test_json_lock_as_user_and_get_denied" file="/app/vendor/gammamatrix/playground-test/src/Feature/Http/Controllers/Resource/Playground/LockJsonTrait.php" line="143" class="Tests\Feature\Playground\Lead\Api\Http\Controllers\Playground\ReportRouteTest" classname="Tests.Feature.Playground.Lead.Api.Http.Controllers.Playground.ReportRouteTest" assertions="3" time="0.338201"/>
        <testcase name="test_json_guest_cannot_restore" file="/app/vendor/gammamatrix/playground-test/src/Feature/Http/Controllers/Resource/Playground/RestoreJsonTrait.php" line="32" class="Tests\Feature\Playground\Lead\Api\Http\Controllers\Playground\ReportRouteTest" classname="Tests.Feature.Playground.Lead.Api.Http.Controllers.Playground.ReportRouteTest" assertions="3" time="0.359020"/>
        <testcase name="test_json_restore_as_admin_and_succeed" file="/app/vendor/gammamatrix/playground-test/src/Feature/Http/Controllers/Resource/Playground/RestoreJsonTrait.php" line="64" class="Tests\Feature\Playground\Lead\Api\Http\Controllers\Playground\ReportRouteTest" classname="Tests.Feature.Playground.Lead.Api.Http.Controllers.Playground.ReportRouteTest" assertions="110" time="0.395914"/>
        <testcase name="test_json_restore_as_admin_and_succeed_with_no_redirect" file="/app/vendor/gammamatrix/playground-test/src/Feature/Http/Controllers/Resource/Playground/RestoreJsonTrait.php" line="100" class="Tests\Feature\Playground\Lead\Api\Http\Controllers\Playground\ReportRouteTest" classname="Tests.Feature.Playground.Lead.Api.Http.Controllers.Playground.ReportRouteTest" assertions="110" time="0.345241"/>
        <testcase name="test_json_restore_as_user_and_get_denied" file="/app/vendor/gammamatrix/playground-test/src/Feature/Http/Controllers/Resource/Playground/RestoreJsonTrait.php" line="143" class="Tests\Feature\Playground\Lead\Api\Http\Controllers\Playground\ReportRouteTest" classname="Tests.Feature.Playground.Lead.Api.Http.Controllers.Playground.ReportRouteTest" assertions="3" time="0.366379"/>
        <testcase name="test_json_guest_cannot_see_info" file="/app/vendor/gammamatrix/playground-test/src/Feature/Http/Controllers/Resource/Playground/ShowJsonTrait.php" line="29" class="Tests\Feature\Playground\Lead\Api\Http\Controllers\Playground\ReportRouteTest" classname="Tests.Feature.Playground.Lead.Api.Http.Controllers.Playground.ReportRouteTest" assertions="1" time="0.331360"/>
        <testcase name="test_json_show_info_for_admin" file="/app/vendor/gammamatrix/playground-test/src/Feature/Http/Controllers/Resource/Playground/ShowJsonTrait.php" line="49" class="Tests\Feature\Playground\Lead\Api\Http\Controllers\Playground\ReportRouteTest" classname="Tests.Feature.Playground.Lead.Api.Http.Controllers.Playground.ReportRouteTest" assertions="109" time="0.341881"/>
        <testcase name="test_json_guest_cannot_store" file="/app/vendor/gammamatrix/playground-test/src/Feature/Http/Controllers/Resource/Playground/StoreJsonTrait.php" line="43" class="Tests\Feature\Playground\Lead\Api\Http\Controllers\Playground\ReportRouteTest" classname="Tests.Feature.Playground.Lead.Api.Http.Controllers.Playground.ReportRouteTest" assertions="3" time="0.347331"/>
        <testcase name="test_json_store_as_admin_without_payload_and_fail_validation" file="/app/vendor/gammamatrix/playground-test/src/Feature/Http/Controllers/Resource/Playground/StoreJsonTrait.php" line="66" class="Tests\Feature\Playground\Lead\Api\Http\Controllers\Playground\ReportRouteTest" classname="Tests.Feature.Playground.Lead.Api.Http.Controllers.Playground.ReportRouteTest" assertions="5" time="0.341742"/>
        <testcase name="test_json_store_as_admin_and_succeed" file="/app/vendor/gammamatrix/playground-test/src/Feature/Http/Controllers/Resource/Playground/StoreJsonTrait.php" line="92" class="Tests\Feature\Playground\Lead\Api\Http\Controllers\Playground\ReportRouteTest" classname="Tests.Feature.Playground.Lead.Api.Http.Controllers.Playground.ReportRouteTest" assertions="3" time="0.367956"/>
        <testcase name="test_json_guest_cannot_unlock" file="/app/vendor/gammamatrix/playground-test/src/Feature/Http/Controllers/Resource/Playground/UnlockJsonTrait.php" line="36" class="Tests\Feature\Playground\Lead\Api\Http\Controllers\Playground\ReportRouteTest" classname="Tests.Feature.Playground.Lead.Api.Http.Controllers.Playground.ReportRouteTest" assertions="3" time="0.343896"/>
        <testcase name="test_json_unlock_as_admin_and_succeed" file="/app/vendor/gammamatrix/playground-test/src/Feature/Http/Controllers/Resource/Playground/UnlockJsonTrait.php" line="68" class="Tests\Feature\Playground\Lead\Api\Http\Controllers\Playground\ReportRouteTest" classname="Tests.Feature.Playground.Lead.Api.Http.Controllers.Playground.ReportRouteTest" assertions="110" time="0.364583"/>
        <testcase name="test_json_unlock_as_admin_and_succeed_with_no_redirect" file="/app/vendor/gammamatrix/playground-test/src/Feature/Http/Controllers/Resource/Playground/UnlockJsonTrait.php" line="104" class="Tests\Feature\Playground\Lead\Api\Http\Controllers\Playground\ReportRouteTest" classname="Tests.Feature.Playground.Lead.Api.Http.Controllers.Playground.ReportRouteTest" assertions="110" time="0.354528"/>
        <testcase name="test_json_unlock_as_user_and_get_denied" file="/app/vendor/gammamatrix/playground-test/src/Feature/Http/Controllers/Resource/Playground/UnlockJsonTrait.php" line="145" class="Tests\Feature\Playground\Lead\Api\Http\Controllers\Playground\ReportRouteTest" classname="Tests.Feature.Playground.Lead.Api.Http.Controllers.Playground.ReportRouteTest" assertions="3" time="0.366071"/>
        <testcase name="test_json_guest_cannot_update" file="/app/vendor/gammamatrix/playground-test/src/Feature/Http/Controllers/Resource/Playground/UpdateJsonTrait.php" line="45" class="Tests\Feature\Playground\Lead\Api\Http\Controllers\Playground\ReportRouteTest" classname="Tests.Feature.Playground.Lead.Api.Http.Controllers.Playground.ReportRouteTest" assertions="1" time="0.324570"/>
        <testcase name="test_json_update_as_admin_without_payload_and_fail_validation" file="/app/vendor/gammamatrix/playground-test/src/Feature/Http/Controllers/Resource/Playground/UpdateJsonTrait.php" line="65" class="Tests\Feature\Playground\Lead\Api\Http\Controllers\Playground\ReportRouteTest" classname="Tests.Feature.Playground.Lead.Api.Http.Controllers.Playground.ReportRouteTest" assertions="4" time="0.348785"/>
        <testcase name="test_json_admin_can_update" file="/app/vendor/gammamatrix/playground-test/src/Feature/Http/Controllers/Resource/Playground/UpdateJsonTrait.php" line="90" class="Tests\Feature\Playground\Lead\Api\Http\Controllers\Playground\ReportRouteTest" classname="Tests.Feature.Playground.Lead.Api.Http.Controllers.Playground.ReportRouteTest" assertions="112" time="0.421387"/>
      </testsuite>
      <testsuite name="Tests\Feature\Playground\Lead\Api\Http\Controllers\Playground\SourceRouteTest" file="/app/tests/Feature/Http/Controllers/Playground/SourceRouteTest.php" tests="35" assertions="1075" errors="0" failures="0" skipped="0" time="12.257379">
        <testcase name="test_json_guest_cannot_get_create_info" file="/app/vendor/gammamatrix/playground-test/src/Feature/Http/Controllers/Resource/Playground/CreateJsonTrait.php" line="38" class="Tests\Feature\Playground\Lead\Api\Http\Controllers\Playground\SourceRouteTest" classname="Tests.Feature.Playground.Lead.Api.Http.Controllers.Playground.SourceRouteTest" assertions="1" time="0.343031"/>
        <testcase name="test_json_admin_can_get_create_info" file="/app/vendor/gammamatrix/playground-test/src/Feature/Http/Controllers/Resource/Playground/CreateJsonTrait.php" line="53" class="Tests\Feature\Playground\Lead\Api\Http\Controllers\Playground\SourceRouteTest" classname="Tests.Feature.Playground.Lead.Api.Http.Controllers.Playground.SourceRouteTest" assertions="108" time="0.359244"/>
        <testcase name="test_json_get_create_info_as_admin_with_invalid_parameter_and_fail_validation" file="/app/vendor/gammamatrix/playground-test/src/Feature/Http/Controllers/Resource/Playground/CreateJsonTrait.php" line="73" class="Tests\Feature\Playground\Lead\Api\Http\Controllers\Playground\SourceRouteTest" classname="Tests.Feature.Playground.Lead.Api.Http.Controllers.Playground.SourceRouteTest" assertions="4" time="0.333898"/>
        <testcase name="test_json_guest_cannot_destroy" file="/app/vendor/gammamatrix/playground-test/src/Feature/Http/Controllers/Resource/Playground/DestroyJsonTrait.php" line="31" class="Tests\Feature\Playground\Lead\Api\Http\Controllers\Playground\SourceRouteTest" classname="Tests.Feature.Playground.Lead.Api.Http.Controllers.Playground.SourceRouteTest" assertions="3" time="0.320734"/>
        <testcase name="test_json_destroy_as_admin_and_succeed" file="/app/vendor/gammamatrix/playground-test/src/Feature/Http/Controllers/Resource/Playground/DestroyJsonTrait.php" line="61" class="Tests\Feature\Playground\Lead\Api\Http\Controllers\Playground\SourceRouteTest" classname="Tests.Feature.Playground.Lead.Api.Http.Controllers.Playground.SourceRouteTest" assertions="5" time="0.335469"/>
        <testcase name="test_json_destroy_as_admin_and_succeed_with_force_delete" file="/app/vendor/gammamatrix/playground-test/src/Feature/Http/Controllers/Resource/Playground/DestroyJsonTrait.php" line="100" class="Tests\Feature\Playground\Lead\Api\Http\Controllers\Playground\SourceRouteTest" classname="Tests.Feature.Playground.Lead.Api.Http.Controllers.Playground.SourceRouteTest" assertions="4" time="0.350900"/>
        <testcase name="test_json_destroy_as_admin_and_succeed_with_no_content" file="/app/vendor/gammamatrix/playground-test/src/Feature/Http/Controllers/Resource/Playground/DestroyJsonTrait.php" line="132" class="Tests\Feature\Playground\Lead\Api\Http\Controllers\Playground\SourceRouteTest" classname="Tests.Feature.Playground.Lead.Api.Http.Controllers.Playground.SourceRouteTest" assertions="5" time="0.335989"/>
        <testcase name="test_json_destroy_as_admin_and_succeed_and_ignore_redirect" file="/app/vendor/gammamatrix/playground-test/src/Feature/Http/Controllers/Resource/Playground/DestroyJsonTrait.php" line="167" class="Tests\Feature\Playground\Lead\Api\Http\Controllers\Playground\SourceRouteTest" classname="Tests.Feature.Playground.Lead.Api.Http.Controllers.Playground.SourceRouteTest" assertions="5" time="0.336324"/>
        <testcase name="test_json_destroy_as_user_and_get_denied_and_no_force_delete_allowed" file="/app/vendor/gammamatrix/playground-test/src/Feature/Http/Controllers/Resource/Playground/DestroyJsonTrait.php" line="209" class="Tests\Feature\Playground\Lead\Api\Http\Controllers\Playground\SourceRouteTest" classname="Tests.Feature.Playground.Lead.Api.Http.Controllers.Playground.SourceRouteTest" assertions="3" time="0.364574"/>
        <testcase name="test_json_guest_cannot_get_edit_info" file="/app/vendor/gammamatrix/playground-test/src/Feature/Http/Controllers/Resource/Playground/EditJsonTrait.php" line="38" class="Tests\Feature\Playground\Lead\Api\Http\Controllers\Playground\SourceRouteTest" classname="Tests.Feature.Playground.Lead.Api.Http.Controllers.Playground.SourceRouteTest" assertions="1" time="0.319419"/>
        <testcase name="test_json_admin_can_get_edit_info" file="/app/vendor/gammamatrix/playground-test/src/Feature/Http/Controllers/Resource/Playground/EditJsonTrait.php" line="58" class="Tests\Feature\Playground\Lead\Api\Http\Controllers\Playground\SourceRouteTest" classname="Tests.Feature.Playground.Lead.Api.Http.Controllers.Playground.SourceRouteTest" assertions="4" time="0.345971"/>
        <testcase name="test_json_edit_as_admin_and_fail_validation_with_invalid_parameter" file="/app/vendor/gammamatrix/playground-test/src/Feature/Http/Controllers/Resource/Playground/EditJsonTrait.php" line="87" class="Tests\Feature\Playground\Lead\Api\Http\Controllers\Playground\SourceRouteTest" classname="Tests.Feature.Playground.Lead.Api.Http.Controllers.Playground.SourceRouteTest" assertions="4" time="0.370306"/>
        <testcase name="test_json_guest_cannot_get_index" file="/app/vendor/gammamatrix/playground-test/src/Feature/Http/Controllers/Resource/Playground/IndexJsonTrait.php" line="34" class="Tests\Feature\Playground\Lead\Api\Http\Controllers\Playground\SourceRouteTest" classname="Tests.Feature.Playground.Lead.Api.Http.Controllers.Playground.SourceRouteTest" assertions="1" time="0.325325"/>
        <testcase name="test_json_admin_can_get_index" file="/app/vendor/gammamatrix/playground-test/src/Feature/Http/Controllers/Resource/Playground/IndexJsonTrait.php" line="49" class="Tests\Feature\Playground\Lead\Api\Http\Controllers\Playground\SourceRouteTest" classname="Tests.Feature.Playground.Lead.Api.Http.Controllers.Playground.SourceRouteTest" assertions="115" time="0.356187"/>
        <testcase name="test_json_admin_can_get_index_with_filters" file="/app/vendor/gammamatrix/playground-test/src/Feature/Http/Controllers/Resource/Playground/IndexJsonTrait.php" line="85" class="Tests\Feature\Playground\Lead\Api\Http\Controllers\Playground\SourceRouteTest" classname="Tests.Feature.Playground.Lead.Api.Http.Controllers.Playground.SourceRouteTest" assertions="3" time="0.373279"/>
        <testcase name="test_json_guest_cannot_lock" file="/app/vendor/gammamatrix/playground-test/src/Feature/Http/Controllers/Resource/Playground/LockJsonTrait.php" line="36" class="Tests\Feature\Playground\Lead\Api\Http\Controllers\Playground\SourceRouteTest" classname="Tests.Feature.Playground.Lead.Api.Http.Controllers.Playground.SourceRouteTest" assertions="3" time="0.324337"/>
        <testcase name="test_json_lock_as_admin_and_succeed" file="/app/vendor/gammamatrix/playground-test/src/Feature/Http/Controllers/Resource/Playground/LockJsonTrait.php" line="66" class="Tests\Feature\Playground\Lead\Api\Http\Controllers\Playground\SourceRouteTest" classname="Tests.Feature.Playground.Lead.Api.Http.Controllers.Playground.SourceRouteTest" assertions="3" time="0.386804"/>
        <testcase name="test_json_lock_as_admin_and_succeed_with_no_redirect" file="/app/vendor/gammamatrix/playground-test/src/Feature/Http/Controllers/Resource/Playground/LockJsonTrait.php" line="98" class="Tests\Feature\Playground\Lead\Api\Http\Controllers\Playground\SourceRouteTest" classname="Tests.Feature.Playground.Lead.Api.Http.Controllers.Playground.SourceRouteTest" assertions="110" time="0.342635"/>
        <testcase name="test_json_lock_as_user_and_get_denied" file="/app/vendor/gammamatrix/playground-test/src/Feature/Http/Controllers/Resource/Playground/LockJsonTrait.php" line="143" class="Tests\Feature\Playground\Lead\Api\Http\Controllers\Playground\SourceRouteTest" classname="Tests.Feature.Playground.Lead.Api.Http.Controllers.Playground.SourceRouteTest" assertions="3" time="0.335818"/>
        <testcase name="test_json_guest_cannot_restore" file="/app/vendor/gammamatrix/playground-test/src/Feature/Http/Controllers/Resource/Playground/RestoreJsonTrait.php" line="32" class="Tests\Feature\Playground\Lead\Api\Http\Controllers\Playground\SourceRouteTest" classname="Tests.Feature.Playground.Lead.Api.Http.Controllers.Playground.SourceRouteTest" assertions="3" time="0.354734"/>
        <testcase name="test_json_restore_as_admin_and_succeed" file="/app/vendor/gammamatrix/playground-test/src/Feature/Http/Controllers/Resource/Playground/RestoreJsonTrait.php" line="64" class="Tests\Feature\Playground\Lead\Api\Http\Controllers\Playground\SourceRouteTest" classname="Tests.Feature.Playground.Lead.Api.Http.Controllers.Playground.SourceRouteTest" assertions="110" time="0.348820"/>
        <testcase name="test_json_restore_as_admin_and_succeed_with_no_redirect" file="/app/vendor/gammamatrix/playground-test/src/Feature/Http/Controllers/Resource/Playground/RestoreJsonTrait.php" line="100" class="Tests\Feature\Playground\Lead\Api\Http\Controllers\Playground\SourceRouteTest" classname="Tests.Feature.Playground.Lead.Api.Http.Controllers.Playground.SourceRouteTest" assertions="110" time="0.345749"/>
        <testcase name="test_json_restore_as_user_and_get_denied" file="/app/vendor/gammamatrix/playground-test/src/Feature/Http/Controllers/Resource/Playground/RestoreJsonTrait.php" line="143" class="Tests\Feature\Playground\Lead\Api\Http\Controllers\Playground\SourceRouteTest" classname="Tests.Feature.Playground.Lead.Api.Http.Controllers.Playground.SourceRouteTest" assertions="3" time="0.369037"/>
        <testcase name="test_json_guest_cannot_see_info" file="/app/vendor/gammamatrix/playground-test/src/Feature/Http/Controllers/Resource/Playground/ShowJsonTrait.php" line="29" class="Tests\Feature\Playground\Lead\Api\Http\Controllers\Playground\SourceRouteTest" classname="Tests.Feature.Playground.Lead.Api.Http.Controllers.Playground.SourceRouteTest" assertions="1" time="0.327681"/>
        <testcase name="test_json_show_info_for_admin" file="/app/vendor/gammamatrix/playground-test/src/Feature/Http/Controllers/Resource/Playground/ShowJsonTrait.php" line="49" class="Tests\Feature\Playground\Lead\Api\Http\Controllers\Playground\SourceRouteTest" classname="Tests.Feature.Playground.Lead.Api.Http.Controllers.Playground.SourceRouteTest" assertions="109" time="0.340918"/>
        <testcase name="test_json_guest_cannot_store" file="/app/vendor/gammamatrix/playground-test/src/Feature/Http/Controllers/Resource/Playground/StoreJsonTrait.php" line="43" class="Tests\Feature\Playground\Lead\Api\Http\Controllers\Playground\SourceRouteTest" classname="Tests.Feature.Playground.Lead.Api.Http.Controllers.Playground.SourceRouteTest" assertions="3" time="0.356006"/>
        <testcase name="test_json_store_as_admin_without_payload_and_fail_validation" file="/app/vendor/gammamatrix/playground-test/src/Feature/Http/Controllers/Resource/Playground/StoreJsonTrait.php" line="66" class="Tests\Feature\Playground\Lead\Api\Http\Controllers\Playground\SourceRouteTest" classname="Tests.Feature.Playground.Lead.Api.Http.Controllers.Playground.SourceRouteTest" assertions="5" time="0.346080"/>
        <testcase name="test_json_store_as_admin_and_succeed" file="/app/vendor/gammamatrix/playground-test/src/Feature/Http/Controllers/Resource/Playground/StoreJsonTrait.php" line="92" class="Tests\Feature\Playground\Lead\Api\Http\Controllers\Playground\SourceRouteTest" classname="Tests.Feature.Playground.Lead.Api.Http.Controllers.Playground.SourceRouteTest" assertions="3" time="0.368528"/>
        <testcase name="test_json_guest_cannot_unlock" file="/app/vendor/gammamatrix/playground-test/src/Feature/Http/Controllers/Resource/Playground/UnlockJsonTrait.php" line="36" class="Tests\Feature\Playground\Lead\Api\Http\Controllers\Playground\SourceRouteTest" classname="Tests.Feature.Playground.Lead.Api.Http.Controllers.Playground.SourceRouteTest" assertions="3" time="0.363094"/>
        <testcase name="test_json_unlock_as_admin_and_succeed" file="/app/vendor/gammamatrix/playground-test/src/Feature/Http/Controllers/Resource/Playground/UnlockJsonTrait.php" line="68" class="Tests\Feature\Playground\Lead\Api\Http\Controllers\Playground\SourceRouteTest" classname="Tests.Feature.Playground.Lead.Api.Http.Controllers.Playground.SourceRouteTest" assertions="110" time="0.356093"/>
        <testcase name="test_json_unlock_as_admin_and_succeed_with_no_redirect" file="/app/vendor/gammamatrix/playground-test/src/Feature/Http/Controllers/Resource/Playground/UnlockJsonTrait.php" line="104" class="Tests\Feature\Playground\Lead\Api\Http\Controllers\Playground\SourceRouteTest" classname="Tests.Feature.Playground.Lead.Api.Http.Controllers.Playground.SourceRouteTest" assertions="110" time="0.348013"/>
        <testcase name="test_json_unlock_as_user_and_get_denied" file="/app/vendor/gammamatrix/playground-test/src/Feature/Http/Controllers/Resource/Playground/UnlockJsonTrait.php" line="145" class="Tests\Feature\Playground\Lead\Api\Http\Controllers\Playground\SourceRouteTest" classname="Tests.Feature.Playground.Lead.Api.Http.Controllers.Playground.SourceRouteTest" assertions="3" time="0.370902"/>
        <testcase name="test_json_guest_cannot_update" file="/app/vendor/gammamatrix/playground-test/src/Feature/Http/Controllers/Resource/Playground/UpdateJsonTrait.php" line="45" class="Tests\Feature\Playground\Lead\Api\Http\Controllers\Playground\SourceRouteTest" classname="Tests.Feature.Playground.Lead.Api.Http.Controllers.Playground.SourceRouteTest" assertions="1" time="0.323325"/>
        <testcase name="test_json_update_as_admin_without_payload_and_fail_validation" file="/app/vendor/gammamatrix/playground-test/src/Feature/Http/Controllers/Resource/Playground/UpdateJsonTrait.php" line="65" class="Tests\Feature\Playground\Lead\Api\Http\Controllers\Playground\SourceRouteTest" classname="Tests.Feature.Playground.Lead.Api.Http.Controllers.Playground.SourceRouteTest" assertions="4" time="0.353862"/>
        <testcase name="test_json_admin_can_update" file="/app/vendor/gammamatrix/playground-test/src/Feature/Http/Controllers/Resource/Playground/UpdateJsonTrait.php" line="90" class="Tests\Feature\Playground\Lead\Api\Http\Controllers\Playground\SourceRouteTest" classname="Tests.Feature.Playground.Lead.Api.Http.Controllers.Playground.SourceRouteTest" assertions="112" time="0.424292"/>
      </testsuite>
      <testsuite name="Tests\Feature\Playground\Lead\Api\Http\Controllers\Playground\TaskRouteTest" file="/app/tests/Feature/Http/Controllers/Playground/TaskRouteTest.php" tests="35" assertions="1075" errors="0" failures="0" skipped="0" time="12.363612">
        <testcase name="test_json_guest_cannot_get_create_info" file="/app/vendor/gammamatrix/playground-test/src/Feature/Http/Controllers/Resource/Playground/CreateJsonTrait.php" line="38" class="Tests\Feature\Playground\Lead\Api\Http\Controllers\Playground\TaskRouteTest" classname="Tests.Feature.Playground.Lead.Api.Http.Controllers.Playground.TaskRouteTest" assertions="1" time="0.338142"/>
        <testcase name="test_json_admin_can_get_create_info" file="/app/vendor/gammamatrix/playground-test/src/Feature/Http/Controllers/Resource/Playground/CreateJsonTrait.php" line="53" class="Tests\Feature\Playground\Lead\Api\Http\Controllers\Playground\TaskRouteTest" classname="Tests.Feature.Playground.Lead.Api.Http.Controllers.Playground.TaskRouteTest" assertions="108" time="0.343675"/>
        <testcase name="test_json_get_create_info_as_admin_with_invalid_parameter_and_fail_validation" file="/app/vendor/gammamatrix/playground-test/src/Feature/Http/Controllers/Resource/Playground/CreateJsonTrait.php" line="73" class="Tests\Feature\Playground\Lead\Api\Http\Controllers\Playground\TaskRouteTest" classname="Tests.Feature.Playground.Lead.Api.Http.Controllers.Playground.TaskRouteTest" assertions="4" time="0.372319"/>
        <testcase name="test_json_guest_cannot_destroy" file="/app/vendor/gammamatrix/playground-test/src/Feature/Http/Controllers/Resource/Playground/DestroyJsonTrait.php" line="31" class="Tests\Feature\Playground\Lead\Api\Http\Controllers\Playground\TaskRouteTest" classname="Tests.Feature.Playground.Lead.Api.Http.Controllers.Playground.TaskRouteTest" assertions="3" time="0.321749"/>
        <testcase name="test_json_destroy_as_admin_and_succeed" file="/app/vendor/gammamatrix/playground-test/src/Feature/Http/Controllers/Resource/Playground/DestroyJsonTrait.php" line="61" class="Tests\Feature\Playground\Lead\Api\Http\Controllers\Playground\TaskRouteTest" classname="Tests.Feature.Playground.Lead.Api.Http.Controllers.Playground.TaskRouteTest" assertions="5" time="0.335973"/>
        <testcase name="test_json_destroy_as_admin_and_succeed_with_force_delete" file="/app/vendor/gammamatrix/playground-test/src/Feature/Http/Controllers/Resource/Playground/DestroyJsonTrait.php" line="100" class="Tests\Feature\Playground\Lead\Api\Http\Controllers\Playground\TaskRouteTest" classname="Tests.Feature.Playground.Lead.Api.Http.Controllers.Playground.TaskRouteTest" assertions="4" time="0.366497"/>
        <testcase name="test_json_destroy_as_admin_and_succeed_with_no_content" file="/app/vendor/gammamatrix/playground-test/src/Feature/Http/Controllers/Resource/Playground/DestroyJsonTrait.php" line="132" class="Tests\Feature\Playground\Lead\Api\Http\Controllers\Playground\TaskRouteTest" classname="Tests.Feature.Playground.Lead.Api.Http.Controllers.Playground.TaskRouteTest" assertions="5" time="0.332610"/>
        <testcase name="test_json_destroy_as_admin_and_succeed_and_ignore_redirect" file="/app/vendor/gammamatrix/playground-test/src/Feature/Http/Controllers/Resource/Playground/DestroyJsonTrait.php" line="167" class="Tests\Feature\Playground\Lead\Api\Http\Controllers\Playground\TaskRouteTest" classname="Tests.Feature.Playground.Lead.Api.Http.Controllers.Playground.TaskRouteTest" assertions="5" time="0.364866"/>
        <testcase name="test_json_destroy_as_user_and_get_denied_and_no_force_delete_allowed" file="/app/vendor/gammamatrix/playground-test/src/Feature/Http/Controllers/Resource/Playground/DestroyJsonTrait.php" line="209" class="Tests\Feature\Playground\Lead\Api\Http\Controllers\Playground\TaskRouteTest" classname="Tests.Feature.Playground.Lead.Api.Http.Controllers.Playground.TaskRouteTest" assertions="3" time="0.369060"/>
        <testcase name="test_json_guest_cannot_get_edit_info" file="/app/vendor/gammamatrix/playground-test/src/Feature/Http/Controllers/Resource/Playground/EditJsonTrait.php" line="38" class="Tests\Feature\Playground\Lead\Api\Http\Controllers\Playground\TaskRouteTest" classname="Tests.Feature.Playground.Lead.Api.Http.Controllers.Playground.TaskRouteTest" assertions="1" time="0.325546"/>
        <testcase name="test_json_admin_can_get_edit_info" file="/app/vendor/gammamatrix/playground-test/src/Feature/Http/Controllers/Resource/Playground/EditJsonTrait.php" line="58" class="Tests\Feature\Playground\Lead\Api\Http\Controllers\Playground\TaskRouteTest" classname="Tests.Feature.Playground.Lead.Api.Http.Controllers.Playground.TaskRouteTest" assertions="4" time="0.347725"/>
        <testcase name="test_json_edit_as_admin_and_fail_validation_with_invalid_parameter" file="/app/vendor/gammamatrix/playground-test/src/Feature/Http/Controllers/Resource/Playground/EditJsonTrait.php" line="87" class="Tests\Feature\Playground\Lead\Api\Http\Controllers\Playground\TaskRouteTest" classname="Tests.Feature.Playground.Lead.Api.Http.Controllers.Playground.TaskRouteTest" assertions="4" time="0.385714"/>
        <testcase name="test_json_guest_cannot_get_index" file="/app/vendor/gammamatrix/playground-test/src/Feature/Http/Controllers/Resource/Playground/IndexJsonTrait.php" line="34" class="Tests\Feature\Playground\Lead\Api\Http\Controllers\Playground\TaskRouteTest" classname="Tests.Feature.Playground.Lead.Api.Http.Controllers.Playground.TaskRouteTest" assertions="1" time="0.323666"/>
        <testcase name="test_json_admin_can_get_index" file="/app/vendor/gammamatrix/playground-test/src/Feature/Http/Controllers/Resource/Playground/IndexJsonTrait.php" line="49" class="Tests\Feature\Playground\Lead\Api\Http\Controllers\Playground\TaskRouteTest" classname="Tests.Feature.Playground.Lead.Api.Http.Controllers.Playground.TaskRouteTest" assertions="115" time="0.351008"/>
        <testcase name="test_json_admin_can_get_index_with_filters" file="/app/vendor/gammamatrix/playground-test/src/Feature/Http/Controllers/Resource/Playground/IndexJsonTrait.php" line="85" class="Tests\Feature\Playground\Lead\Api\Http\Controllers\Playground\TaskRouteTest" classname="Tests.Feature.Playground.Lead.Api.Http.Controllers.Playground.TaskRouteTest" assertions="3" time="0.377205"/>
        <testcase name="test_json_guest_cannot_lock" file="/app/vendor/gammamatrix/playground-test/src/Feature/Http/Controllers/Resource/Playground/LockJsonTrait.php" line="36" class="Tests\Feature\Playground\Lead\Api\Http\Controllers\Playground\TaskRouteTest" classname="Tests.Feature.Playground.Lead.Api.Http.Controllers.Playground.TaskRouteTest" assertions="3" time="0.327302"/>
        <testcase name="test_json_lock_as_admin_and_succeed" file="/app/vendor/gammamatrix/playground-test/src/Feature/Http/Controllers/Resource/Playground/LockJsonTrait.php" line="66" class="Tests\Feature\Playground\Lead\Api\Http\Controllers\Playground\TaskRouteTest" classname="Tests.Feature.Playground.Lead.Api.Http.Controllers.Playground.TaskRouteTest" assertions="3" time="0.344458"/>
        <testcase name="test_json_lock_as_admin_and_succeed_with_no_redirect" file="/app/vendor/gammamatrix/playground-test/src/Feature/Http/Controllers/Resource/Playground/LockJsonTrait.php" line="98" class="Tests\Feature\Playground\Lead\Api\Http\Controllers\Playground\TaskRouteTest" classname="Tests.Feature.Playground.Lead.Api.Http.Controllers.Playground.TaskRouteTest" assertions="110" time="0.375309"/>
        <testcase name="test_json_lock_as_user_and_get_denied" file="/app/vendor/gammamatrix/playground-test/src/Feature/Http/Controllers/Resource/Playground/LockJsonTrait.php" line="143" class="Tests\Feature\Playground\Lead\Api\Http\Controllers\Playground\TaskRouteTest" classname="Tests.Feature.Playground.Lead.Api.Http.Controllers.Playground.TaskRouteTest" assertions="3" time="0.333090"/>
        <testcase name="test_json_guest_cannot_restore" file="/app/vendor/gammamatrix/playground-test/src/Feature/Http/Controllers/Resource/Playground/RestoreJsonTrait.php" line="32" class="Tests\Feature\Playground\Lead\Api\Http\Controllers\Playground\TaskRouteTest" classname="Tests.Feature.Playground.Lead.Api.Http.Controllers.Playground.TaskRouteTest" assertions="3" time="0.327196"/>
        <testcase name="test_json_restore_as_admin_and_succeed" file="/app/vendor/gammamatrix/playground-test/src/Feature/Http/Controllers/Resource/Playground/RestoreJsonTrait.php" line="64" class="Tests\Feature\Playground\Lead\Api\Http\Controllers\Playground\TaskRouteTest" classname="Tests.Feature.Playground.Lead.Api.Http.Controllers.Playground.TaskRouteTest" assertions="110" time="0.388390"/>
        <testcase name="test_json_restore_as_admin_and_succeed_with_no_redirect" file="/app/vendor/gammamatrix/playground-test/src/Feature/Http/Controllers/Resource/Playground/RestoreJsonTrait.php" line="100" class="Tests\Feature\Playground\Lead\Api\Http\Controllers\Playground\TaskRouteTest" classname="Tests.Feature.Playground.Lead.Api.Http.Controllers.Playground.TaskRouteTest" assertions="110" time="0.343969"/>
        <testcase name="test_json_restore_as_user_and_get_denied" file="/app/vendor/gammamatrix/playground-test/src/Feature/Http/Controllers/Resource/Playground/RestoreJsonTrait.php" line="143" class="Tests\Feature\Playground\Lead\Api\Http\Controllers\Playground\TaskRouteTest" classname="Tests.Feature.Playground.Lead.Api.Http.Controllers.Playground.TaskRouteTest" assertions="3" time="0.344385"/>
        <testcase name="test_json_guest_cannot_see_info" file="/app/vendor/gammamatrix/playground-test/src/Feature/Http/Controllers/Resource/Playground/ShowJsonTrait.php" line="29" class="Tests\Feature\Playground\Lead\Api\Http\Controllers\Playground\TaskRouteTest" classname="Tests.Feature.Playground.Lead.Api.Http.Controllers.Playground.TaskRouteTest" assertions="1" time="0.367229"/>
        <testcase name="test_json_show_info_for_admin" file="/app/vendor/gammamatrix/playground-test/src/Feature/Http/Controllers/Resource/Playground/ShowJsonTrait.php" line="49" class="Tests\Feature\Playground\Lead\Api\Http\Controllers\Playground\TaskRouteTest" classname="Tests.Feature.Playground.Lead.Api.Http.Controllers.Playground.TaskRouteTest" assertions="109" time="0.340038"/>
        <testcase name="test_json_guest_cannot_store" file="/app/vendor/gammamatrix/playground-test/src/Feature/Http/Controllers/Resource/Playground/StoreJsonTrait.php" line="43" class="Tests\Feature\Playground\Lead\Api\Http\Controllers\Playground\TaskRouteTest" classname="Tests.Feature.Playground.Lead.Api.Http.Controllers.Playground.TaskRouteTest" assertions="3" time="0.319972"/>
        <testcase name="test_json_store_as_admin_without_payload_and_fail_validation" file="/app/vendor/gammamatrix/playground-test/src/Feature/Http/Controllers/Resource/Playground/StoreJsonTrait.php" line="66" class="Tests\Feature\Playground\Lead\Api\Http\Controllers\Playground\TaskRouteTest" classname="Tests.Feature.Playground.Lead.Api.Http.Controllers.Playground.TaskRouteTest" assertions="5" time="0.384472"/>
        <testcase name="test_json_store_as_admin_and_succeed" file="/app/vendor/gammamatrix/playground-test/src/Feature/Http/Controllers/Resource/Playground/StoreJsonTrait.php" line="92" class="Tests\Feature\Playground\Lead\Api\Http\Controllers\Playground\TaskRouteTest" classname="Tests.Feature.Playground.Lead.Api.Http.Controllers.Playground.TaskRouteTest" assertions="3" time="0.368445"/>
        <testcase name="test_json_guest_cannot_unlock" file="/app/vendor/gammamatrix/playground-test/src/Feature/Http/Controllers/Resource/Playground/UnlockJsonTrait.php" line="36" class="Tests\Feature\Playground\Lead\Api\Http\Controllers\Playground\TaskRouteTest" classname="Tests.Feature.Playground.Lead.Api.Http.Controllers.Playground.TaskRouteTest" assertions="3" time="0.323808"/>
        <testcase name="test_json_unlock_as_admin_and_succeed" file="/app/vendor/gammamatrix/playground-test/src/Feature/Http/Controllers/Resource/Playground/UnlockJsonTrait.php" line="68" class="Tests\Feature\Playground\Lead\Api\Http\Controllers\Playground\TaskRouteTest" classname="Tests.Feature.Playground.Lead.Api.Http.Controllers.Playground.TaskRouteTest" assertions="110" time="0.385099"/>
        <testcase name="test_json_unlock_as_admin_and_succeed_with_no_redirect" file="/app/vendor/gammamatrix/playground-test/src/Feature/Http/Controllers/Resource/Playground/UnlockJsonTrait.php" line="104" class="Tests\Feature\Playground\Lead\Api\Http\Controllers\Playground\TaskRouteTest" classname="Tests.Feature.Playground.Lead.Api.Http.Controllers.Playground.TaskRouteTest" assertions="110" time="0.348449"/>
        <testcase name="test_json_unlock_as_user_and_get_denied" file="/app/vendor/gammamatrix/playground-test/src/Feature/Http/Controllers/Resource/Playground/UnlockJsonTrait.php" line="145" class="Tests\Feature\Playground\Lead\Api\Http\Controllers\Playground\TaskRouteTest" classname="Tests.Feature.Playground.Lead.Api.Http.Controllers.Playground.TaskRouteTest" assertions="3" time="0.380597"/>
        <testcase name="test_json_guest_cannot_update" file="/app/vendor/gammamatrix/playground-test/src/Feature/Http/Controllers/Resource/Playground/UpdateJsonTrait.php" line="45" class="Tests\Feature\Playground\Lead\Api\Http\Controllers\Playground\TaskRouteTest" classname="Tests.Feature.Playground.Lead.Api.Http.Controllers.Playground.TaskRouteTest" assertions="1" time="0.324180"/>
        <testcase name="test_json_update_as_admin_without_payload_and_fail_validation" file="/app/vendor/gammamatrix/playground-test/src/Feature/Http/Controllers/Resource/Playground/UpdateJsonTrait.php" line="65" class="Tests\Feature\Playground\Lead\Api\Http\Controllers\Playground\TaskRouteTest" classname="Tests.Feature.Playground.Lead.Api.Http.Controllers.Playground.TaskRouteTest" assertions="4" time="0.353113"/>
        <testcase name="test_json_admin_can_update" file="/app/vendor/gammamatrix/playground-test/src/Feature/Http/Controllers/Resource/Playground/UpdateJsonTrait.php" line="90" class="Tests\Feature\Playground\Lead\Api\Http\Controllers\Playground\TaskRouteTest" classname="Tests.Feature.Playground.Lead.Api.Http.Controllers.Playground.TaskRouteTest" assertions="112" time="0.428356"/>
      </testsuite>
      <testsuite name="Tests\Feature\Playground\Lead\Api\Http\Controllers\Playground\TeamRouteTest" file="/app/tests/Feature/Http/Controllers/Playground/TeamRouteTest.php" tests="35" assertions="1075" errors="0" failures="0" skipped="0" time="12.325148">
        <testcase name="test_json_guest_cannot_get_create_info" file="/app/vendor/gammamatrix/playground-test/src/Feature/Http/Controllers/Resource/Playground/CreateJsonTrait.php" line="38" class="Tests\Feature\Playground\Lead\Api\Http\Controllers\Playground\TeamRouteTest" classname="Tests.Feature.Playground.Lead.Api.Http.Controllers.Playground.TeamRouteTest" assertions="1" time="0.338865"/>
        <testcase name="test_json_admin_can_get_create_info" file="/app/vendor/gammamatrix/playground-test/src/Feature/Http/Controllers/Resource/Playground/CreateJsonTrait.php" line="53" class="Tests\Feature\Playground\Lead\Api\Http\Controllers\Playground\TeamRouteTest" classname="Tests.Feature.Playground.Lead.Api.Http.Controllers.Playground.TeamRouteTest" assertions="108" time="0.345687"/>
        <testcase name="test_json_get_create_info_as_admin_with_invalid_parameter_and_fail_validation" file="/app/vendor/gammamatrix/playground-test/src/Feature/Http/Controllers/Resource/Playground/CreateJsonTrait.php" line="73" class="Tests\Feature\Playground\Lead\Api\Http\Controllers\Playground\TeamRouteTest" classname="Tests.Feature.Playground.Lead.Api.Http.Controllers.Playground.TeamRouteTest" assertions="4" time="0.376583"/>
        <testcase name="test_json_guest_cannot_destroy" file="/app/vendor/gammamatrix/playground-test/src/Feature/Http/Controllers/Resource/Playground/DestroyJsonTrait.php" line="31" class="Tests\Feature\Playground\Lead\Api\Http\Controllers\Playground\TeamRouteTest" classname="Tests.Feature.Playground.Lead.Api.Http.Controllers.Playground.TeamRouteTest" assertions="3" time="0.320896"/>
        <testcase name="test_json_destroy_as_admin_and_succeed" file="/app/vendor/gammamatrix/playground-test/src/Feature/Http/Controllers/Resource/Playground/DestroyJsonTrait.php" line="61" class="Tests\Feature\Playground\Lead\Api\Http\Controllers\Playground\TeamRouteTest" classname="Tests.Feature.Playground.Lead.Api.Http.Controllers.Playground.TeamRouteTest" assertions="5" time="0.338248"/>
        <testcase name="test_json_destroy_as_admin_and_succeed_with_force_delete" file="/app/vendor/gammamatrix/playground-test/src/Feature/Http/Controllers/Resource/Playground/DestroyJsonTrait.php" line="100" class="Tests\Feature\Playground\Lead\Api\Http\Controllers\Playground\TeamRouteTest" classname="Tests.Feature.Playground.Lead.Api.Http.Controllers.Playground.TeamRouteTest" assertions="4" time="0.373954"/>
        <testcase name="test_json_destroy_as_admin_and_succeed_with_no_content" file="/app/vendor/gammamatrix/playground-test/src/Feature/Http/Controllers/Resource/Playground/DestroyJsonTrait.php" line="132" class="Tests\Feature\Playground\Lead\Api\Http\Controllers\Playground\TeamRouteTest" classname="Tests.Feature.Playground.Lead.Api.Http.Controllers.Playground.TeamRouteTest" assertions="5" time="0.332935"/>
        <testcase name="test_json_destroy_as_admin_and_succeed_and_ignore_redirect" file="/app/vendor/gammamatrix/playground-test/src/Feature/Http/Controllers/Resource/Playground/DestroyJsonTrait.php" line="167" class="Tests\Feature\Playground\Lead\Api\Http\Controllers\Playground\TeamRouteTest" classname="Tests.Feature.Playground.Lead.Api.Http.Controllers.Playground.TeamRouteTest" assertions="5" time="0.343542"/>
        <testcase name="test_json_destroy_as_user_and_get_denied_and_no_force_delete_allowed" file="/app/vendor/gammamatrix/playground-test/src/Feature/Http/Controllers/Resource/Playground/DestroyJsonTrait.php" line="209" class="Tests\Feature\Playground\Lead\Api\Http\Controllers\Playground\TeamRouteTest" classname="Tests.Feature.Playground.Lead.Api.Http.Controllers.Playground.TeamRouteTest" assertions="3" time="0.359991"/>
        <testcase name="test_json_guest_cannot_get_edit_info" file="/app/vendor/gammamatrix/playground-test/src/Feature/Http/Controllers/Resource/Playground/EditJsonTrait.php" line="38" class="Tests\Feature\Playground\Lead\Api\Http\Controllers\Playground\TeamRouteTest" classname="Tests.Feature.Playground.Lead.Api.Http.Controllers.Playground.TeamRouteTest" assertions="1" time="0.322644"/>
        <testcase name="test_json_admin_can_get_edit_info" file="/app/vendor/gammamatrix/playground-test/src/Feature/Http/Controllers/Resource/Playground/EditJsonTrait.php" line="58" class="Tests\Feature\Playground\Lead\Api\Http\Controllers\Playground\TeamRouteTest" classname="Tests.Feature.Playground.Lead.Api.Http.Controllers.Playground.TeamRouteTest" assertions="4" time="0.347004"/>
        <testcase name="test_json_edit_as_admin_and_fail_validation_with_invalid_parameter" file="/app/vendor/gammamatrix/playground-test/src/Feature/Http/Controllers/Resource/Playground/EditJsonTrait.php" line="87" class="Tests\Feature\Playground\Lead\Api\Http\Controllers\Playground\TeamRouteTest" classname="Tests.Feature.Playground.Lead.Api.Http.Controllers.Playground.TeamRouteTest" assertions="4" time="0.398571"/>
        <testcase name="test_json_guest_cannot_get_index" file="/app/vendor/gammamatrix/playground-test/src/Feature/Http/Controllers/Resource/Playground/IndexJsonTrait.php" line="34" class="Tests\Feature\Playground\Lead\Api\Http\Controllers\Playground\TeamRouteTest" classname="Tests.Feature.Playground.Lead.Api.Http.Controllers.Playground.TeamRouteTest" assertions="1" time="0.324109"/>
        <testcase name="test_json_admin_can_get_index" file="/app/vendor/gammamatrix/playground-test/src/Feature/Http/Controllers/Resource/Playground/IndexJsonTrait.php" line="49" class="Tests\Feature\Playground\Lead\Api\Http\Controllers\Playground\TeamRouteTest" classname="Tests.Feature.Playground.Lead.Api.Http.Controllers.Playground.TeamRouteTest" assertions="115" time="0.350740"/>
        <testcase name="test_json_admin_can_get_index_with_filters" file="/app/vendor/gammamatrix/playground-test/src/Feature/Http/Controllers/Resource/Playground/IndexJsonTrait.php" line="85" class="Tests\Feature\Playground\Lead\Api\Http\Controllers\Playground\TeamRouteTest" classname="Tests.Feature.Playground.Lead.Api.Http.Controllers.Playground.TeamRouteTest" assertions="3" time="0.386965"/>
        <testcase name="test_json_guest_cannot_lock" file="/app/vendor/gammamatrix/playground-test/src/Feature/Http/Controllers/Resource/Playground/LockJsonTrait.php" line="36" class="Tests\Feature\Playground\Lead\Api\Http\Controllers\Playground\TeamRouteTest" classname="Tests.Feature.Playground.Lead.Api.Http.Controllers.Playground.TeamRouteTest" assertions="3" time="0.325712"/>
        <testcase name="test_json_lock_as_admin_and_succeed" file="/app/vendor/gammamatrix/playground-test/src/Feature/Http/Controllers/Resource/Playground/LockJsonTrait.php" line="66" class="Tests\Feature\Playground\Lead\Api\Http\Controllers\Playground\TeamRouteTest" classname="Tests.Feature.Playground.Lead.Api.Http.Controllers.Playground.TeamRouteTest" assertions="3" time="0.345354"/>
        <testcase name="test_json_lock_as_admin_and_succeed_with_no_redirect" file="/app/vendor/gammamatrix/playground-test/src/Feature/Http/Controllers/Resource/Playground/LockJsonTrait.php" line="98" class="Tests\Feature\Playground\Lead\Api\Http\Controllers\Playground\TeamRouteTest" classname="Tests.Feature.Playground.Lead.Api.Http.Controllers.Playground.TeamRouteTest" assertions="110" time="0.388941"/>
        <testcase name="test_json_lock_as_user_and_get_denied" file="/app/vendor/gammamatrix/playground-test/src/Feature/Http/Controllers/Resource/Playground/LockJsonTrait.php" line="143" class="Tests\Feature\Playground\Lead\Api\Http\Controllers\Playground\TeamRouteTest" classname="Tests.Feature.Playground.Lead.Api.Http.Controllers.Playground.TeamRouteTest" assertions="3" time="0.334108"/>
        <testcase name="test_json_guest_cannot_restore" file="/app/vendor/gammamatrix/playground-test/src/Feature/Http/Controllers/Resource/Playground/RestoreJsonTrait.php" line="32" class="Tests\Feature\Playground\Lead\Api\Http\Controllers\Playground\TeamRouteTest" classname="Tests.Feature.Playground.Lead.Api.Http.Controllers.Playground.TeamRouteTest" assertions="3" time="0.326660"/>
        <testcase name="test_json_restore_as_admin_and_succeed" file="/app/vendor/gammamatrix/playground-test/src/Feature/Http/Controllers/Resource/Playground/RestoreJsonTrait.php" line="64" class="Tests\Feature\Playground\Lead\Api\Http\Controllers\Playground\TeamRouteTest" classname="Tests.Feature.Playground.Lead.Api.Http.Controllers.Playground.TeamRouteTest" assertions="110" time="0.384850"/>
        <testcase name="test_json_restore_as_admin_and_succeed_with_no_redirect" file="/app/vendor/gammamatrix/playground-test/src/Feature/Http/Controllers/Resource/Playground/RestoreJsonTrait.php" line="100" class="Tests\Feature\Playground\Lead\Api\Http\Controllers\Playground\TeamRouteTest" classname="Tests.Feature.Playground.Lead.Api.Http.Controllers.Playground.TeamRouteTest" assertions="110" time="0.343115"/>
        <testcase name="test_json_restore_as_user_and_get_denied" file="/app/vendor/gammamatrix/playground-test/src/Feature/Http/Controllers/Resource/Playground/RestoreJsonTrait.php" line="143" class="Tests\Feature\Playground\Lead\Api\Http\Controllers\Playground\TeamRouteTest" classname="Tests.Feature.Playground.Lead.Api.Http.Controllers.Playground.TeamRouteTest" assertions="3" time="0.346171"/>
        <testcase name="test_json_guest_cannot_see_info" file="/app/vendor/gammamatrix/playground-test/src/Feature/Http/Controllers/Resource/Playground/ShowJsonTrait.php" line="29" class="Tests\Feature\Playground\Lead\Api\Http\Controllers\Playground\TeamRouteTest" classname="Tests.Feature.Playground.Lead.Api.Http.Controllers.Playground.TeamRouteTest" assertions="1" time="0.356410"/>
        <testcase name="test_json_show_info_for_admin" file="/app/vendor/gammamatrix/playground-test/src/Feature/Http/Controllers/Resource/Playground/ShowJsonTrait.php" line="49" class="Tests\Feature\Playground\Lead\Api\Http\Controllers\Playground\TeamRouteTest" classname="Tests.Feature.Playground.Lead.Api.Http.Controllers.Playground.TeamRouteTest" assertions="109" time="0.350203"/>
        <testcase name="test_json_guest_cannot_store" file="/app/vendor/gammamatrix/playground-test/src/Feature/Http/Controllers/Resource/Playground/StoreJsonTrait.php" line="43" class="Tests\Feature\Playground\Lead\Api\Http\Controllers\Playground\TeamRouteTest" classname="Tests.Feature.Playground.Lead.Api.Http.Controllers.Playground.TeamRouteTest" assertions="3" time="0.318745"/>
        <testcase name="test_json_store_as_admin_without_payload_and_fail_validation" file="/app/vendor/gammamatrix/playground-test/src/Feature/Http/Controllers/Resource/Playground/StoreJsonTrait.php" line="66" class="Tests\Feature\Playground\Lead\Api\Http\Controllers\Playground\TeamRouteTest" classname="Tests.Feature.Playground.Lead.Api.Http.Controllers.Playground.TeamRouteTest" assertions="5" time="0.365839"/>
        <testcase name="test_json_store_as_admin_and_succeed" file="/app/vendor/gammamatrix/playground-test/src/Feature/Http/Controllers/Resource/Playground/StoreJsonTrait.php" line="92" class="Tests\Feature\Playground\Lead\Api\Http\Controllers\Playground\TeamRouteTest" classname="Tests.Feature.Playground.Lead.Api.Http.Controllers.Playground.TeamRouteTest" assertions="3" time="0.370197"/>
        <testcase name="test_json_guest_cannot_unlock" file="/app/vendor/gammamatrix/playground-test/src/Feature/Http/Controllers/Resource/Playground/UnlockJsonTrait.php" line="36" class="Tests\Feature\Playground\Lead\Api\Http\Controllers\Playground\TeamRouteTest" classname="Tests.Feature.Playground.Lead.Api.Http.Controllers.Playground.TeamRouteTest" assertions="3" time="0.324985"/>
        <testcase name="test_json_unlock_as_admin_and_succeed" file="/app/vendor/gammamatrix/playground-test/src/Feature/Http/Controllers/Resource/Playground/UnlockJsonTrait.php" line="68" class="Tests\Feature\Playground\Lead\Api\Http\Controllers\Playground\TeamRouteTest" classname="Tests.Feature.Playground.Lead.Api.Http.Controllers.Playground.TeamRouteTest" assertions="110" time="0.386031"/>
        <testcase name="test_json_unlock_as_admin_and_succeed_with_no_redirect" file="/app/vendor/gammamatrix/playground-test/src/Feature/Http/Controllers/Resource/Playground/UnlockJsonTrait.php" line="104" class="Tests\Feature\Playground\Lead\Api\Http\Controllers\Playground\TeamRouteTest" classname="Tests.Feature.Playground.Lead.Api.Http.Controllers.Playground.TeamRouteTest" assertions="110" time="0.354205"/>
        <testcase name="test_json_unlock_as_user_and_get_denied" file="/app/vendor/gammamatrix/playground-test/src/Feature/Http/Controllers/Resource/Playground/UnlockJsonTrait.php" line="145" class="Tests\Feature\Playground\Lead\Api\Http\Controllers\Playground\TeamRouteTest" classname="Tests.Feature.Playground.Lead.Api.Http.Controllers.Playground.TeamRouteTest" assertions="3" time="0.345070"/>
        <testcase name="test_json_guest_cannot_update" file="/app/vendor/gammamatrix/playground-test/src/Feature/Http/Controllers/Resource/Playground/UpdateJsonTrait.php" line="45" class="Tests\Feature\Playground\Lead\Api\Http\Controllers\Playground\TeamRouteTest" classname="Tests.Feature.Playground.Lead.Api.Http.Controllers.Playground.TeamRouteTest" assertions="1" time="0.358270"/>
        <testcase name="test_json_update_as_admin_without_payload_and_fail_validation" file="/app/vendor/gammamatrix/playground-test/src/Feature/Http/Controllers/Resource/Playground/UpdateJsonTrait.php" line="65" class="Tests\Feature\Playground\Lead\Api\Http\Controllers\Playground\TeamRouteTest" classname="Tests.Feature.Playground.Lead.Api.Http.Controllers.Playground.TeamRouteTest" assertions="4" time="0.350657"/>
        <testcase name="test_json_admin_can_update" file="/app/vendor/gammamatrix/playground-test/src/Feature/Http/Controllers/Resource/Playground/UpdateJsonTrait.php" line="90" class="Tests\Feature\Playground\Lead\Api\Http\Controllers\Playground\TeamRouteTest" classname="Tests.Feature.Playground.Lead.Api.Http.Controllers.Playground.TeamRouteTest" assertions="112" time="0.388891"/>
      </testsuite>
      <testsuite name="Tests\Feature\Playground\Lead\Api\Http\Controllers\Playground\TeammateRouteTest" file="/app/tests/Feature/Http/Controllers/Playground/TeammateRouteTest.php" tests="35" assertions="1075" errors="0" failures="0" skipped="0" time="12.462308">
        <testcase name="test_json_guest_cannot_get_create_info" file="/app/vendor/gammamatrix/playground-test/src/Feature/Http/Controllers/Resource/Playground/CreateJsonTrait.php" line="38" class="Tests\Feature\Playground\Lead\Api\Http\Controllers\Playground\TeammateRouteTest" classname="Tests.Feature.Playground.Lead.Api.Http.Controllers.Playground.TeammateRouteTest" assertions="1" time="0.372844"/>
        <testcase name="test_json_admin_can_get_create_info" file="/app/vendor/gammamatrix/playground-test/src/Feature/Http/Controllers/Resource/Playground/CreateJsonTrait.php" line="53" class="Tests\Feature\Playground\Lead\Api\Http\Controllers\Playground\TeammateRouteTest" classname="Tests.Feature.Playground.Lead.Api.Http.Controllers.Playground.TeammateRouteTest" assertions="108" time="0.345514"/>
        <testcase name="test_json_get_create_info_as_admin_with_invalid_parameter_and_fail_validation" file="/app/vendor/gammamatrix/playground-test/src/Feature/Http/Controllers/Resource/Playground/CreateJsonTrait.php" line="73" class="Tests\Feature\Playground\Lead\Api\Http\Controllers\Playground\TeammateRouteTest" classname="Tests.Feature.Playground.Lead.Api.Http.Controllers.Playground.TeammateRouteTest" assertions="4" time="0.332851"/>
        <testcase name="test_json_guest_cannot_destroy" file="/app/vendor/gammamatrix/playground-test/src/Feature/Http/Controllers/Resource/Playground/DestroyJsonTrait.php" line="31" class="Tests\Feature\Playground\Lead\Api\Http\Controllers\Playground\TeammateRouteTest" classname="Tests.Feature.Playground.Lead.Api.Http.Controllers.Playground.TeammateRouteTest" assertions="3" time="0.357518"/>
        <testcase name="test_json_destroy_as_admin_and_succeed" file="/app/vendor/gammamatrix/playground-test/src/Feature/Http/Controllers/Resource/Playground/DestroyJsonTrait.php" line="61" class="Tests\Feature\Playground\Lead\Api\Http\Controllers\Playground\TeammateRouteTest" classname="Tests.Feature.Playground.Lead.Api.Http.Controllers.Playground.TeammateRouteTest" assertions="5" time="0.338282"/>
        <testcase name="test_json_destroy_as_admin_and_succeed_with_force_delete" file="/app/vendor/gammamatrix/playground-test/src/Feature/Http/Controllers/Resource/Playground/DestroyJsonTrait.php" line="100" class="Tests\Feature\Playground\Lead\Api\Http\Controllers\Playground\TeammateRouteTest" classname="Tests.Feature.Playground.Lead.Api.Http.Controllers.Playground.TeammateRouteTest" assertions="4" time="0.333520"/>
        <testcase name="test_json_destroy_as_admin_and_succeed_with_no_content" file="/app/vendor/gammamatrix/playground-test/src/Feature/Http/Controllers/Resource/Playground/DestroyJsonTrait.php" line="132" class="Tests\Feature\Playground\Lead\Api\Http\Controllers\Playground\TeammateRouteTest" classname="Tests.Feature.Playground.Lead.Api.Http.Controllers.Playground.TeammateRouteTest" assertions="5" time="0.384348"/>
        <testcase name="test_json_destroy_as_admin_and_succeed_and_ignore_redirect" file="/app/vendor/gammamatrix/playground-test/src/Feature/Http/Controllers/Resource/Playground/DestroyJsonTrait.php" line="167" class="Tests\Feature\Playground\Lead\Api\Http\Controllers\Playground\TeammateRouteTest" classname="Tests.Feature.Playground.Lead.Api.Http.Controllers.Playground.TeammateRouteTest" assertions="5" time="0.331133"/>
        <testcase name="test_json_destroy_as_user_and_get_denied_and_no_force_delete_allowed" file="/app/vendor/gammamatrix/playground-test/src/Feature/Http/Controllers/Resource/Playground/DestroyJsonTrait.php" line="209" class="Tests\Feature\Playground\Lead\Api\Http\Controllers\Playground\TeammateRouteTest" classname="Tests.Feature.Playground.Lead.Api.Http.Controllers.Playground.TeammateRouteTest" assertions="3" time="0.337949"/>
        <testcase name="test_json_guest_cannot_get_edit_info" file="/app/vendor/gammamatrix/playground-test/src/Feature/Http/Controllers/Resource/Playground/EditJsonTrait.php" line="38" class="Tests\Feature\Playground\Lead\Api\Http\Controllers\Playground\TeammateRouteTest" classname="Tests.Feature.Playground.Lead.Api.Http.Controllers.Playground.TeammateRouteTest" assertions="1" time="0.360765"/>
        <testcase name="test_json_admin_can_get_edit_info" file="/app/vendor/gammamatrix/playground-test/src/Feature/Http/Controllers/Resource/Playground/EditJsonTrait.php" line="58" class="Tests\Feature\Playground\Lead\Api\Http\Controllers\Playground\TeammateRouteTest" classname="Tests.Feature.Playground.Lead.Api.Http.Controllers.Playground.TeammateRouteTest" assertions="4" time="0.347189"/>
        <testcase name="test_json_edit_as_admin_and_fail_validation_with_invalid_parameter" file="/app/vendor/gammamatrix/playground-test/src/Feature/Http/Controllers/Resource/Playground/EditJsonTrait.php" line="87" class="Tests\Feature\Playground\Lead\Api\Http\Controllers\Playground\TeammateRouteTest" classname="Tests.Feature.Playground.Lead.Api.Http.Controllers.Playground.TeammateRouteTest" assertions="4" time="0.342960"/>
        <testcase name="test_json_guest_cannot_get_index" file="/app/vendor/gammamatrix/playground-test/src/Feature/Http/Controllers/Resource/Playground/IndexJsonTrait.php" line="34" class="Tests\Feature\Playground\Lead\Api\Http\Controllers\Playground\TeammateRouteTest" classname="Tests.Feature.Playground.Lead.Api.Http.Controllers.Playground.TeammateRouteTest" assertions="1" time="0.371135"/>
        <testcase name="test_json_admin_can_get_index" file="/app/vendor/gammamatrix/playground-test/src/Feature/Http/Controllers/Resource/Playground/IndexJsonTrait.php" line="49" class="Tests\Feature\Playground\Lead\Api\Http\Controllers\Playground\TeammateRouteTest" classname="Tests.Feature.Playground.Lead.Api.Http.Controllers.Playground.TeammateRouteTest" assertions="115" time="0.356584"/>
        <testcase name="test_json_admin_can_get_index_with_filters" file="/app/vendor/gammamatrix/playground-test/src/Feature/Http/Controllers/Resource/Playground/IndexJsonTrait.php" line="85" class="Tests\Feature\Playground\Lead\Api\Http\Controllers\Playground\TeammateRouteTest" classname="Tests.Feature.Playground.Lead.Api.Http.Controllers.Playground.TeammateRouteTest" assertions="3" time="0.383317"/>
        <testcase name="test_json_guest_cannot_lock" file="/app/vendor/gammamatrix/playground-test/src/Feature/Http/Controllers/Resource/Playground/LockJsonTrait.php" line="36" class="Tests\Feature\Playground\Lead\Api\Http\Controllers\Playground\TeammateRouteTest" classname="Tests.Feature.Playground.Lead.Api.Http.Controllers.Playground.TeammateRouteTest" assertions="3" time="0.324949"/>
        <testcase name="test_json_lock_as_admin_and_succeed" file="/app/vendor/gammamatrix/playground-test/src/Feature/Http/Controllers/Resource/Playground/LockJsonTrait.php" line="66" class="Tests\Feature\Playground\Lead\Api\Http\Controllers\Playground\TeammateRouteTest" classname="Tests.Feature.Playground.Lead.Api.Http.Controllers.Playground.TeammateRouteTest" assertions="3" time="0.349935"/>
        <testcase name="test_json_lock_as_admin_and_succeed_with_no_redirect" file="/app/vendor/gammamatrix/playground-test/src/Feature/Http/Controllers/Resource/Playground/LockJsonTrait.php" line="98" class="Tests\Feature\Playground\Lead\Api\Http\Controllers\Playground\TeammateRouteTest" classname="Tests.Feature.Playground.Lead.Api.Http.Controllers.Playground.TeammateRouteTest" assertions="110" time="0.392395"/>
        <testcase name="test_json_lock_as_user_and_get_denied" file="/app/vendor/gammamatrix/playground-test/src/Feature/Http/Controllers/Resource/Playground/LockJsonTrait.php" line="143" class="Tests\Feature\Playground\Lead\Api\Http\Controllers\Playground\TeammateRouteTest" classname="Tests.Feature.Playground.Lead.Api.Http.Controllers.Playground.TeammateRouteTest" assertions="3" time="0.337582"/>
        <testcase name="test_json_guest_cannot_restore" file="/app/vendor/gammamatrix/playground-test/src/Feature/Http/Controllers/Resource/Playground/RestoreJsonTrait.php" line="32" class="Tests\Feature\Playground\Lead\Api\Http\Controllers\Playground\TeammateRouteTest" classname="Tests.Feature.Playground.Lead.Api.Http.Controllers.Playground.TeammateRouteTest" assertions="3" time="0.329184"/>
        <testcase name="test_json_restore_as_admin_and_succeed" file="/app/vendor/gammamatrix/playground-test/src/Feature/Http/Controllers/Resource/Playground/RestoreJsonTrait.php" line="64" class="Tests\Feature\Playground\Lead\Api\Http\Controllers\Playground\TeammateRouteTest" classname="Tests.Feature.Playground.Lead.Api.Http.Controllers.Playground.TeammateRouteTest" assertions="110" time="0.391904"/>
        <testcase name="test_json_restore_as_admin_and_succeed_with_no_redirect" file="/app/vendor/gammamatrix/playground-test/src/Feature/Http/Controllers/Resource/Playground/RestoreJsonTrait.php" line="100" class="Tests\Feature\Playground\Lead\Api\Http\Controllers\Playground\TeammateRouteTest" classname="Tests.Feature.Playground.Lead.Api.Http.Controllers.Playground.TeammateRouteTest" assertions="110" time="0.349238"/>
        <testcase name="test_json_restore_as_user_and_get_denied" file="/app/vendor/gammamatrix/playground-test/src/Feature/Http/Controllers/Resource/Playground/RestoreJsonTrait.php" line="143" class="Tests\Feature\Playground\Lead\Api\Http\Controllers\Playground\TeammateRouteTest" classname="Tests.Feature.Playground.Lead.Api.Http.Controllers.Playground.TeammateRouteTest" assertions="3" time="0.335062"/>
        <testcase name="test_json_guest_cannot_see_info" file="/app/vendor/gammamatrix/playground-test/src/Feature/Http/Controllers/Resource/Playground/ShowJsonTrait.php" line="29" class="Tests\Feature\Playground\Lead\Api\Http\Controllers\Playground\TeammateRouteTest" classname="Tests.Feature.Playground.Lead.Api.Http.Controllers.Playground.TeammateRouteTest" assertions="1" time="0.387262"/>
        <testcase name="test_json_show_info_for_admin" file="/app/vendor/gammamatrix/playground-test/src/Feature/Http/Controllers/Resource/Playground/ShowJsonTrait.php" line="49" class="Tests\Feature\Playground\Lead\Api\Http\Controllers\Playground\TeammateRouteTest" classname="Tests.Feature.Playground.Lead.Api.Http.Controllers.Playground.TeammateRouteTest" assertions="109" time="0.347141"/>
        <testcase name="test_json_guest_cannot_store" file="/app/vendor/gammamatrix/playground-test/src/Feature/Http/Controllers/Resource/Playground/StoreJsonTrait.php" line="43" class="Tests\Feature\Playground\Lead\Api\Http\Controllers\Playground\TeammateRouteTest" classname="Tests.Feature.Playground.Lead.Api.Http.Controllers.Playground.TeammateRouteTest" assertions="3" time="0.324754"/>
        <testcase name="test_json_store_as_admin_without_payload_and_fail_validation" file="/app/vendor/gammamatrix/playground-test/src/Feature/Http/Controllers/Resource/Playground/StoreJsonTrait.php" line="66" class="Tests\Feature\Playground\Lead\Api\Http\Controllers\Playground\TeammateRouteTest" classname="Tests.Feature.Playground.Lead.Api.Http.Controllers.Playground.TeammateRouteTest" assertions="5" time="0.380405"/>
        <testcase name="test_json_store_as_admin_and_succeed" file="/app/vendor/gammamatrix/playground-test/src/Feature/Http/Controllers/Resource/Playground/StoreJsonTrait.php" line="92" class="Tests\Feature\Playground\Lead\Api\Http\Controllers\Playground\TeammateRouteTest" classname="Tests.Feature.Playground.Lead.Api.Http.Controllers.Playground.TeammateRouteTest" assertions="3" time="0.380217"/>
        <testcase name="test_json_guest_cannot_unlock" file="/app/vendor/gammamatrix/playground-test/src/Feature/Http/Controllers/Resource/Playground/UnlockJsonTrait.php" line="36" class="Tests\Feature\Playground\Lead\Api\Http\Controllers\Playground\TeammateRouteTest" classname="Tests.Feature.Playground.Lead.Api.Http.Controllers.Playground.TeammateRouteTest" assertions="3" time="0.330761"/>
        <testcase name="test_json_unlock_as_admin_and_succeed" file="/app/vendor/gammamatrix/playground-test/src/Feature/Http/Controllers/Resource/Playground/UnlockJsonTrait.php" line="68" class="Tests\Feature\Playground\Lead\Api\Http\Controllers\Playground\TeammateRouteTest" classname="Tests.Feature.Playground.Lead.Api.Http.Controllers.Playground.TeammateRouteTest" assertions="110" time="0.385466"/>
        <testcase name="test_json_unlock_as_admin_and_succeed_with_no_redirect" file="/app/vendor/gammamatrix/playground-test/src/Feature/Http/Controllers/Resource/Playground/UnlockJsonTrait.php" line="104" class="Tests\Feature\Playground\Lead\Api\Http\Controllers\Playground\TeammateRouteTest" classname="Tests.Feature.Playground.Lead.Api.Http.Controllers.Playground.TeammateRouteTest" assertions="110" time="0.354316"/>
        <testcase name="test_json_unlock_as_user_and_get_denied" file="/app/vendor/gammamatrix/playground-test/src/Feature/Http/Controllers/Resource/Playground/UnlockJsonTrait.php" line="145" class="Tests\Feature\Playground\Lead\Api\Http\Controllers\Playground\TeammateRouteTest" classname="Tests.Feature.Playground.Lead.Api.Http.Controllers.Playground.TeammateRouteTest" assertions="3" time="0.338704"/>
        <testcase name="test_json_guest_cannot_update" file="/app/vendor/gammamatrix/playground-test/src/Feature/Http/Controllers/Resource/Playground/UpdateJsonTrait.php" line="45" class="Tests\Feature\Playground\Lead\Api\Http\Controllers\Playground\TeammateRouteTest" classname="Tests.Feature.Playground.Lead.Api.Http.Controllers.Playground.TeammateRouteTest" assertions="1" time="0.378352"/>
        <testcase name="test_json_update_as_admin_without_payload_and_fail_validation" file="/app/vendor/gammamatrix/playground-test/src/Feature/Http/Controllers/Resource/Playground/UpdateJsonTrait.php" line="65" class="Tests\Feature\Playground\Lead\Api\Http\Controllers\Playground\TeammateRouteTest" classname="Tests.Feature.Playground.Lead.Api.Http.Controllers.Playground.TeammateRouteTest" assertions="4" time="0.347994"/>
        <testcase name="test_json_admin_can_update" file="/app/vendor/gammamatrix/playground-test/src/Feature/Http/Controllers/Resource/Playground/UpdateJsonTrait.php" line="90" class="Tests\Feature\Playground\Lead\Api\Http\Controllers\Playground\TeammateRouteTest" classname="Tests.Feature.Playground.Lead.Api.Http.Controllers.Playground.TeammateRouteTest" assertions="112" time="0.400778"/>
      </testsuite>
    </testsuite>
  </testsuite>
</testsuites>
