<?xml version="1.0" encoding="UTF-8"?>
<testsuites>
  <testsuite name="/app/phpunit-ci.xml" tests="561" assertions="13602" errors="0" failures="0" skipped="0" time="158.348464">
    <testsuite name="Unit" tests="174" assertions="289" errors="0" failures="0" skipped="0" time="9.712154">
      <testsuite name="Tests\Unit\Playground\Lead\Api\Http\Requests\Campaign\CreateRequestTest" file="/app/tests/Unit/Http/Requests/Campaign/CreateRequestTest.php" tests="1" assertions="1" errors="0" failures="0" skipped="0" time="0.352045">
        <testcase name="test_request_instance" file="/app/vendor/gammamatrix/playground-test/src/Unit/Http/Requests/RequestCase.php" line="41" class="Tests\Unit\Playground\Lead\Api\Http\Requests\Campaign\CreateRequestTest" classname="Tests.Unit.Playground.Lead.Api.Http.Requests.Campaign.CreateRequestTest" assertions="1" time="0.352045"/>
      </testsuite>
      <testsuite name="Tests\Unit\Playground\Lead\Api\Http\Requests\Campaign\DestroyRequestTest" file="/app/tests/Unit/Http/Requests/Campaign/DestroyRequestTest.php" tests="1" assertions="1" errors="0" failures="0" skipped="0" time="0.044660">
        <testcase name="test_request_instance" file="/app/vendor/gammamatrix/playground-test/src/Unit/Http/Requests/RequestCase.php" line="41" class="Tests\Unit\Playground\Lead\Api\Http\Requests\Campaign\DestroyRequestTest" classname="Tests.Unit.Playground.Lead.Api.Http.Requests.Campaign.DestroyRequestTest" assertions="1" time="0.044660"/>
      </testsuite>
      <testsuite name="Tests\Unit\Playground\Lead\Api\Http\Requests\Campaign\EditRequestTest" file="/app/tests/Unit/Http/Requests/Campaign/EditRequestTest.php" tests="1" assertions="1" errors="0" failures="0" skipped="0" time="0.066145">
        <testcase name="test_request_instance" file="/app/vendor/gammamatrix/playground-test/src/Unit/Http/Requests/RequestCase.php" line="41" class="Tests\Unit\Playground\Lead\Api\Http\Requests\Campaign\EditRequestTest" classname="Tests.Unit.Playground.Lead.Api.Http.Requests.Campaign.EditRequestTest" assertions="1" time="0.066145"/>
      </testsuite>
      <testsuite name="Tests\Unit\Playground\Lead\Api\Http\Requests\Campaign\IndexRequestTest" file="/app/tests/Unit/Http/Requests/Campaign/IndexRequestTest.php" tests="1" assertions="1" errors="0" failures="0" skipped="0" time="0.134059">
        <testcase name="test_request_instance" file="/app/vendor/gammamatrix/playground-test/src/Unit/Http/Requests/RequestCase.php" line="41" class="Tests\Unit\Playground\Lead\Api\Http\Requests\Campaign\IndexRequestTest" classname="Tests.Unit.Playground.Lead.Api.Http.Requests.Campaign.IndexRequestTest" assertions="1" time="0.134059"/>
      </testsuite>
      <testsuite name="Tests\Unit\Playground\Lead\Api\Http\Requests\Campaign\LockRequestTest" file="/app/tests/Unit/Http/Requests/Campaign/LockRequestTest.php" tests="1" assertions="1" errors="0" failures="0" skipped="0" time="0.042083">
        <testcase name="test_request_instance" file="/app/vendor/gammamatrix/playground-test/src/Unit/Http/Requests/RequestCase.php" line="41" class="Tests\Unit\Playground\Lead\Api\Http\Requests\Campaign\LockRequestTest" classname="Tests.Unit.Playground.Lead.Api.Http.Requests.Campaign.LockRequestTest" assertions="1" time="0.042083"/>
      </testsuite>
      <testsuite name="Tests\Unit\Playground\Lead\Api\Http\Requests\Campaign\RestoreRequestTest" file="/app/tests/Unit/Http/Requests/Campaign/RestoreRequestTest.php" tests="1" assertions="1" errors="0" failures="0" skipped="0" time="0.041655">
        <testcase name="test_request_instance" file="/app/vendor/gammamatrix/playground-test/src/Unit/Http/Requests/RequestCase.php" line="41" class="Tests\Unit\Playground\Lead\Api\Http\Requests\Campaign\RestoreRequestTest" classname="Tests.Unit.Playground.Lead.Api.Http.Requests.Campaign.RestoreRequestTest" assertions="1" time="0.041655"/>
      </testsuite>
      <testsuite name="Tests\Unit\Playground\Lead\Api\Http\Requests\Campaign\ShowRequestTest" file="/app/tests/Unit/Http/Requests/Campaign/ShowRequestTest.php" tests="1" assertions="1" errors="0" failures="0" skipped="0" time="0.040676">
        <testcase name="test_request_instance" file="/app/vendor/gammamatrix/playground-test/src/Unit/Http/Requests/RequestCase.php" line="41" class="Tests\Unit\Playground\Lead\Api\Http\Requests\Campaign\ShowRequestTest" classname="Tests.Unit.Playground.Lead.Api.Http.Requests.Campaign.ShowRequestTest" assertions="1" time="0.040676"/>
      </testsuite>
      <testsuite name="Tests\Unit\Playground\Lead\Api\Http\Requests\Campaign\StoreRequestTest" file="/app/tests/Unit/Http/Requests/Campaign/StoreRequestTest.php" tests="3" assertions="8" errors="0" failures="0" skipped="0" time="0.147008">
        <testcase name="test_request_instance" file="/app/vendor/gammamatrix/playground-test/src/Unit/Http/Requests/RequestCase.php" line="41" class="Tests\Unit\Playground\Lead\Api\Http\Requests\Campaign\StoreRequestTest" classname="Tests.Unit.Playground.Lead.Api.Http.Requests.Campaign.StoreRequestTest" assertions="1" time="0.067355"/>
        <testcase name="test_StoreRequest_rules_with_optional_revisions_disabled" file="/app/tests/Unit/Http/Requests/Campaign/StoreRequestTest.php" line="19" class="Tests\Unit\Playground\Lead\Api\Http\Requests\Campaign\StoreRequestTest" classname="Tests.Unit.Playground.Lead.Api.Http.Requests.Campaign.StoreRequestTest" assertions="3" time="0.039829"/>
        <testcase name="test_StoreRequest_rules_with_optional_revisions_enabled" file="/app/tests/Unit/Http/Requests/Campaign/StoreRequestTest.php" line="29" class="Tests\Unit\Playground\Lead\Api\Http\Requests\Campaign\StoreRequestTest" classname="Tests.Unit.Playground.Lead.Api.Http.Requests.Campaign.StoreRequestTest" assertions="4" time="0.039825"/>
      </testsuite>
      <testsuite name="Tests\Unit\Playground\Lead\Api\Http\Requests\Campaign\UnlockRequestTest" file="/app/tests/Unit/Http/Requests/Campaign/UnlockRequestTest.php" tests="1" assertions="1" errors="0" failures="0" skipped="0" time="0.042433">
        <testcase name="test_request_instance" file="/app/vendor/gammamatrix/playground-test/src/Unit/Http/Requests/RequestCase.php" line="41" class="Tests\Unit\Playground\Lead\Api\Http\Requests\Campaign\UnlockRequestTest" classname="Tests.Unit.Playground.Lead.Api.Http.Requests.Campaign.UnlockRequestTest" assertions="1" time="0.042433"/>
      </testsuite>
      <testsuite name="Tests\Unit\Playground\Lead\Api\Http\Requests\Campaign\UpdateRequestTest" file="/app/tests/Unit/Http/Requests/Campaign/UpdateRequestTest.php" tests="3" assertions="8" errors="0" failures="0" skipped="0" time="0.147817">
        <testcase name="test_request_instance" file="/app/vendor/gammamatrix/playground-test/src/Unit/Http/Requests/RequestCase.php" line="41" class="Tests\Unit\Playground\Lead\Api\Http\Requests\Campaign\UpdateRequestTest" classname="Tests.Unit.Playground.Lead.Api.Http.Requests.Campaign.UpdateRequestTest" assertions="1" time="0.066934"/>
        <testcase name="test_UpdateRequest_rules_with_optional_revisions_disabled" file="/app/tests/Unit/Http/Requests/Campaign/UpdateRequestTest.php" line="19" class="Tests\Unit\Playground\Lead\Api\Http\Requests\Campaign\UpdateRequestTest" classname="Tests.Unit.Playground.Lead.Api.Http.Requests.Campaign.UpdateRequestTest" assertions="3" time="0.040480"/>
        <testcase name="test_UpdateRequest_rules_with_optional_revisions_enabled" file="/app/tests/Unit/Http/Requests/Campaign/UpdateRequestTest.php" line="29" class="Tests\Unit\Playground\Lead\Api\Http\Requests\Campaign\UpdateRequestTest" classname="Tests.Unit.Playground.Lead.Api.Http.Requests.Campaign.UpdateRequestTest" assertions="4" time="0.040403"/>
      </testsuite>
      <testsuite name="Tests\Unit\Playground\Lead\Api\Http\Requests\FormRequest\InstanceTest" file="/app/tests/Unit/Http/Requests/FormRequest/InstanceTest.php" tests="5" assertions="6" errors="0" failures="0" skipped="0" time="0.232953">
        <testcase name="test_FormRequest_authorize_without_user" file="/app/tests/Unit/Http/Requests/FormRequest/InstanceTest.php" line="21" class="Tests\Unit\Playground\Lead\Api\Http\Requests\FormRequest\InstanceTest" classname="Tests.Unit.Playground.Lead.Api.Http.Requests.FormRequest.InstanceTest" assertions="1" time="0.039125"/>
        <testcase name="test_RULES_is_empty_by_default" file="/app/tests/Unit/Http/Requests/FormRequest/InstanceTest.php" line="28" class="Tests\Unit\Playground\Lead\Api\Http\Requests\FormRequest\InstanceTest" classname="Tests.Unit.Playground.Lead.Api.Http.Requests.FormRequest.InstanceTest" assertions="2" time="0.042387"/>
        <testcase name="test_userHasAdminPrivileges_without_user" file="/app/tests/Unit/Http/Requests/FormRequest/InstanceTest.php" line="36" class="Tests\Unit\Playground\Lead\Api\Http\Requests\FormRequest\InstanceTest" classname="Tests.Unit.Playground.Lead.Api.Http.Requests.FormRequest.InstanceTest" assertions="1" time="0.040312"/>
        <testcase name="test_userHasAdminPrivileges_with_admin" file="/app/tests/Unit/Http/Requests/FormRequest/InstanceTest.php" line="43" class="Tests\Unit\Playground\Lead\Api\Http\Requests\FormRequest\InstanceTest" classname="Tests.Unit.Playground.Lead.Api.Http.Requests.FormRequest.InstanceTest" assertions="1" time="0.065487"/>
        <testcase name="test_userHasAdminPrivileges_with_default_laravel_user" file="/app/tests/Unit/Http/Requests/FormRequest/InstanceTest.php" line="55" class="Tests\Unit\Playground\Lead\Api\Http\Requests\FormRequest\InstanceTest" classname="Tests.Unit.Playground.Lead.Api.Http.Requests.FormRequest.InstanceTest" assertions="1" time="0.045641"/>
      </testsuite>
      <testsuite name="Tests\Unit\Playground\Lead\Api\Http\Requests\Goal\CreateRequestTest" file="/app/tests/Unit/Http/Requests/Goal/CreateRequestTest.php" tests="1" assertions="1" errors="0" failures="0" skipped="0" time="0.063039">
        <testcase name="test_request_instance" file="/app/vendor/gammamatrix/playground-test/src/Unit/Http/Requests/RequestCase.php" line="41" class="Tests\Unit\Playground\Lead\Api\Http\Requests\Goal\CreateRequestTest" classname="Tests.Unit.Playground.Lead.Api.Http.Requests.Goal.CreateRequestTest" assertions="1" time="0.063039"/>
      </testsuite>
      <testsuite name="Tests\Unit\Playground\Lead\Api\Http\Requests\Goal\DestroyRequestTest" file="/app/tests/Unit/Http/Requests/Goal/DestroyRequestTest.php" tests="1" assertions="1" errors="0" failures="0" skipped="0" time="0.043968">
        <testcase name="test_request_instance" file="/app/vendor/gammamatrix/playground-test/src/Unit/Http/Requests/RequestCase.php" line="41" class="Tests\Unit\Playground\Lead\Api\Http\Requests\Goal\DestroyRequestTest" classname="Tests.Unit.Playground.Lead.Api.Http.Requests.Goal.DestroyRequestTest" assertions="1" time="0.043968"/>
      </testsuite>
      <testsuite name="Tests\Unit\Playground\Lead\Api\Http\Requests\Goal\EditRequestTest" file="/app/tests/Unit/Http/Requests/Goal/EditRequestTest.php" tests="1" assertions="1" errors="0" failures="0" skipped="0" time="0.071976">
        <testcase name="test_request_instance" file="/app/vendor/gammamatrix/playground-test/src/Unit/Http/Requests/RequestCase.php" line="41" class="Tests\Unit\Playground\Lead\Api\Http\Requests\Goal\EditRequestTest" classname="Tests.Unit.Playground.Lead.Api.Http.Requests.Goal.EditRequestTest" assertions="1" time="0.071976"/>
      </testsuite>
      <testsuite name="Tests\Unit\Playground\Lead\Api\Http\Requests\Goal\IndexRequestTest" file="/app/tests/Unit/Http/Requests/Goal/IndexRequestTest.php" tests="1" assertions="1" errors="0" failures="0" skipped="0" time="0.130784">
        <testcase name="test_request_instance" file="/app/vendor/gammamatrix/playground-test/src/Unit/Http/Requests/RequestCase.php" line="41" class="Tests\Unit\Playground\Lead\Api\Http\Requests\Goal\IndexRequestTest" classname="Tests.Unit.Playground.Lead.Api.Http.Requests.Goal.IndexRequestTest" assertions="1" time="0.130784"/>
      </testsuite>
      <testsuite name="Tests\Unit\Playground\Lead\Api\Http\Requests\Goal\LockRequestTest" file="/app/tests/Unit/Http/Requests/Goal/LockRequestTest.php" tests="1" assertions="1" errors="0" failures="0" skipped="0" time="0.043111">
        <testcase name="test_request_instance" file="/app/vendor/gammamatrix/playground-test/src/Unit/Http/Requests/RequestCase.php" line="41" class="Tests\Unit\Playground\Lead\Api\Http\Requests\Goal\LockRequestTest" classname="Tests.Unit.Playground.Lead.Api.Http.Requests.Goal.LockRequestTest" assertions="1" time="0.043111"/>
      </testsuite>
      <testsuite name="Tests\Unit\Playground\Lead\Api\Http\Requests\Goal\RestoreRequestTest" file="/app/tests/Unit/Http/Requests/Goal/RestoreRequestTest.php" tests="1" assertions="1" errors="0" failures="0" skipped="0" time="0.042622">
        <testcase name="test_request_instance" file="/app/vendor/gammamatrix/playground-test/src/Unit/Http/Requests/RequestCase.php" line="41" class="Tests\Unit\Playground\Lead\Api\Http\Requests\Goal\RestoreRequestTest" classname="Tests.Unit.Playground.Lead.Api.Http.Requests.Goal.RestoreRequestTest" assertions="1" time="0.042622"/>
      </testsuite>
      <testsuite name="Tests\Unit\Playground\Lead\Api\Http\Requests\Goal\ShowRequestTest" file="/app/tests/Unit/Http/Requests/Goal/ShowRequestTest.php" tests="1" assertions="1" errors="0" failures="0" skipped="0" time="0.042146">
        <testcase name="test_request_instance" file="/app/vendor/gammamatrix/playground-test/src/Unit/Http/Requests/RequestCase.php" line="41" class="Tests\Unit\Playground\Lead\Api\Http\Requests\Goal\ShowRequestTest" classname="Tests.Unit.Playground.Lead.Api.Http.Requests.Goal.ShowRequestTest" assertions="1" time="0.042146"/>
      </testsuite>
      <testsuite name="Tests\Unit\Playground\Lead\Api\Http\Requests\Goal\StoreRequestTest" file="/app/tests/Unit/Http/Requests/Goal/StoreRequestTest.php" tests="3" assertions="8" errors="0" failures="0" skipped="0" time="0.153648">
        <testcase name="test_request_instance" file="/app/vendor/gammamatrix/playground-test/src/Unit/Http/Requests/RequestCase.php" line="41" class="Tests\Unit\Playground\Lead\Api\Http\Requests\Goal\StoreRequestTest" classname="Tests.Unit.Playground.Lead.Api.Http.Requests.Goal.StoreRequestTest" assertions="1" time="0.069929"/>
        <testcase name="test_StoreRequest_rules_with_optional_revisions_disabled" file="/app/tests/Unit/Http/Requests/Goal/StoreRequestTest.php" line="19" class="Tests\Unit\Playground\Lead\Api\Http\Requests\Goal\StoreRequestTest" classname="Tests.Unit.Playground.Lead.Api.Http.Requests.Goal.StoreRequestTest" assertions="3" time="0.042237"/>
        <testcase name="test_StoreRequest_rules_with_optional_revisions_enabled" file="/app/tests/Unit/Http/Requests/Goal/StoreRequestTest.php" line="29" class="Tests\Unit\Playground\Lead\Api\Http\Requests\Goal\StoreRequestTest" classname="Tests.Unit.Playground.Lead.Api.Http.Requests.Goal.StoreRequestTest" assertions="4" time="0.041482"/>
      </testsuite>
      <testsuite name="Tests\Unit\Playground\Lead\Api\Http\Requests\Goal\UnlockRequestTest" file="/app/tests/Unit/Http/Requests/Goal/UnlockRequestTest.php" tests="1" assertions="1" errors="0" failures="0" skipped="0" time="0.042529">
        <testcase name="test_request_instance" file="/app/vendor/gammamatrix/playground-test/src/Unit/Http/Requests/RequestCase.php" line="41" class="Tests\Unit\Playground\Lead\Api\Http\Requests\Goal\UnlockRequestTest" classname="Tests.Unit.Playground.Lead.Api.Http.Requests.Goal.UnlockRequestTest" assertions="1" time="0.042529"/>
      </testsuite>
      <testsuite name="Tests\Unit\Playground\Lead\Api\Http\Requests\Goal\UpdateRequestTest" file="/app/tests/Unit/Http/Requests/Goal/UpdateRequestTest.php" tests="3" assertions="8" errors="0" failures="0" skipped="0" time="0.149782">
        <testcase name="test_request_instance" file="/app/vendor/gammamatrix/playground-test/src/Unit/Http/Requests/RequestCase.php" line="41" class="Tests\Unit\Playground\Lead\Api\Http\Requests\Goal\UpdateRequestTest" classname="Tests.Unit.Playground.Lead.Api.Http.Requests.Goal.UpdateRequestTest" assertions="1" time="0.068263"/>
        <testcase name="test_UpdateRequest_rules_with_optional_revisions_disabled" file="/app/tests/Unit/Http/Requests/Goal/UpdateRequestTest.php" line="19" class="Tests\Unit\Playground\Lead\Api\Http\Requests\Goal\UpdateRequestTest" classname="Tests.Unit.Playground.Lead.Api.Http.Requests.Goal.UpdateRequestTest" assertions="3" time="0.041166"/>
        <testcase name="test_UpdateRequest_rules_with_optional_revisions_enabled" file="/app/tests/Unit/Http/Requests/Goal/UpdateRequestTest.php" line="29" class="Tests\Unit\Playground\Lead\Api\Http\Requests\Goal\UpdateRequestTest" classname="Tests.Unit.Playground.Lead.Api.Http.Requests.Goal.UpdateRequestTest" assertions="4" time="0.040353"/>
      </testsuite>
      <testsuite name="Tests\Unit\Playground\Lead\Api\Http\Requests\Lead\CreateRequestTest" file="/app/tests/Unit/Http/Requests/Lead/CreateRequestTest.php" tests="1" assertions="1" errors="0" failures="0" skipped="0" time="0.063884">
        <testcase name="test_request_instance" file="/app/vendor/gammamatrix/playground-test/src/Unit/Http/Requests/RequestCase.php" line="41" class="Tests\Unit\Playground\Lead\Api\Http\Requests\Lead\CreateRequestTest" classname="Tests.Unit.Playground.Lead.Api.Http.Requests.Lead.CreateRequestTest" assertions="1" time="0.063884"/>
      </testsuite>
      <testsuite name="Tests\Unit\Playground\Lead\Api\Http\Requests\Lead\DestroyRequestTest" file="/app/tests/Unit/Http/Requests/Lead/DestroyRequestTest.php" tests="1" assertions="1" errors="0" failures="0" skipped="0" time="0.043165">
        <testcase name="test_request_instance" file="/app/vendor/gammamatrix/playground-test/src/Unit/Http/Requests/RequestCase.php" line="41" class="Tests\Unit\Playground\Lead\Api\Http\Requests\Lead\DestroyRequestTest" classname="Tests.Unit.Playground.Lead.Api.Http.Requests.Lead.DestroyRequestTest" assertions="1" time="0.043165"/>
      </testsuite>
      <testsuite name="Tests\Unit\Playground\Lead\Api\Http\Requests\Lead\EditRequestTest" file="/app/tests/Unit/Http/Requests/Lead/EditRequestTest.php" tests="1" assertions="1" errors="0" failures="0" skipped="0" time="0.069486">
        <testcase name="test_request_instance" file="/app/vendor/gammamatrix/playground-test/src/Unit/Http/Requests/RequestCase.php" line="41" class="Tests\Unit\Playground\Lead\Api\Http\Requests\Lead\EditRequestTest" classname="Tests.Unit.Playground.Lead.Api.Http.Requests.Lead.EditRequestTest" assertions="1" time="0.069486"/>
      </testsuite>
      <testsuite name="Tests\Unit\Playground\Lead\Api\Http\Requests\Lead\IndexRequestTest" file="/app/tests/Unit/Http/Requests/Lead/IndexRequestTest.php" tests="1" assertions="1" errors="0" failures="0" skipped="0" time="0.128339">
        <testcase name="test_request_instance" file="/app/vendor/gammamatrix/playground-test/src/Unit/Http/Requests/RequestCase.php" line="41" class="Tests\Unit\Playground\Lead\Api\Http\Requests\Lead\IndexRequestTest" classname="Tests.Unit.Playground.Lead.Api.Http.Requests.Lead.IndexRequestTest" assertions="1" time="0.128339"/>
      </testsuite>
      <testsuite name="Tests\Unit\Playground\Lead\Api\Http\Requests\Lead\LockRequestTest" file="/app/tests/Unit/Http/Requests/Lead/LockRequestTest.php" tests="1" assertions="1" errors="0" failures="0" skipped="0" time="0.042174">
        <testcase name="test_request_instance" file="/app/vendor/gammamatrix/playground-test/src/Unit/Http/Requests/RequestCase.php" line="41" class="Tests\Unit\Playground\Lead\Api\Http\Requests\Lead\LockRequestTest" classname="Tests.Unit.Playground.Lead.Api.Http.Requests.Lead.LockRequestTest" assertions="1" time="0.042174"/>
      </testsuite>
      <testsuite name="Tests\Unit\Playground\Lead\Api\Http\Requests\Lead\RestoreRequestTest" file="/app/tests/Unit/Http/Requests/Lead/RestoreRequestTest.php" tests="1" assertions="1" errors="0" failures="0" skipped="0" time="0.042385">
        <testcase name="test_request_instance" file="/app/vendor/gammamatrix/playground-test/src/Unit/Http/Requests/RequestCase.php" line="41" class="Tests\Unit\Playground\Lead\Api\Http\Requests\Lead\RestoreRequestTest" classname="Tests.Unit.Playground.Lead.Api.Http.Requests.Lead.RestoreRequestTest" assertions="1" time="0.042385"/>
      </testsuite>
      <testsuite name="Tests\Unit\Playground\Lead\Api\Http\Requests\Lead\ShowRequestTest" file="/app/tests/Unit/Http/Requests/Lead/ShowRequestTest.php" tests="1" assertions="1" errors="0" failures="0" skipped="0" time="0.043225">
        <testcase name="test_request_instance" file="/app/vendor/gammamatrix/playground-test/src/Unit/Http/Requests/RequestCase.php" line="41" class="Tests\Unit\Playground\Lead\Api\Http\Requests\Lead\ShowRequestTest" classname="Tests.Unit.Playground.Lead.Api.Http.Requests.Lead.ShowRequestTest" assertions="1" time="0.043225"/>
      </testsuite>
      <testsuite name="Tests\Unit\Playground\Lead\Api\Http\Requests\Lead\StoreRequestTest" file="/app/tests/Unit/Http/Requests/Lead/StoreRequestTest.php" tests="3" assertions="8" errors="0" failures="0" skipped="0" time="0.148807">
        <testcase name="test_request_instance" file="/app/vendor/gammamatrix/playground-test/src/Unit/Http/Requests/RequestCase.php" line="41" class="Tests\Unit\Playground\Lead\Api\Http\Requests\Lead\StoreRequestTest" classname="Tests.Unit.Playground.Lead.Api.Http.Requests.Lead.StoreRequestTest" assertions="1" time="0.066661"/>
        <testcase name="test_StoreRequest_rules_with_optional_revisions_disabled" file="/app/tests/Unit/Http/Requests/Lead/StoreRequestTest.php" line="19" class="Tests\Unit\Playground\Lead\Api\Http\Requests\Lead\StoreRequestTest" classname="Tests.Unit.Playground.Lead.Api.Http.Requests.Lead.StoreRequestTest" assertions="3" time="0.040325"/>
        <testcase name="test_StoreRequest_rules_with_optional_revisions_enabled" file="/app/tests/Unit/Http/Requests/Lead/StoreRequestTest.php" line="29" class="Tests\Unit\Playground\Lead\Api\Http\Requests\Lead\StoreRequestTest" classname="Tests.Unit.Playground.Lead.Api.Http.Requests.Lead.StoreRequestTest" assertions="4" time="0.041822"/>
      </testsuite>
      <testsuite name="Tests\Unit\Playground\Lead\Api\Http\Requests\Lead\UnlockRequestTest" file="/app/tests/Unit/Http/Requests/Lead/UnlockRequestTest.php" tests="1" assertions="1" errors="0" failures="0" skipped="0" time="0.041505">
        <testcase name="test_request_instance" file="/app/vendor/gammamatrix/playground-test/src/Unit/Http/Requests/RequestCase.php" line="41" class="Tests\Unit\Playground\Lead\Api\Http\Requests\Lead\UnlockRequestTest" classname="Tests.Unit.Playground.Lead.Api.Http.Requests.Lead.UnlockRequestTest" assertions="1" time="0.041505"/>
      </testsuite>
      <testsuite name="Tests\Unit\Playground\Lead\Api\Http\Requests\Lead\UpdateRequestTest" file="/app/tests/Unit/Http/Requests/Lead/UpdateRequestTest.php" tests="3" assertions="8" errors="0" failures="0" skipped="0" time="0.148766">
        <testcase name="test_request_instance" file="/app/vendor/gammamatrix/playground-test/src/Unit/Http/Requests/RequestCase.php" line="41" class="Tests\Unit\Playground\Lead\Api\Http\Requests\Lead\UpdateRequestTest" classname="Tests.Unit.Playground.Lead.Api.Http.Requests.Lead.UpdateRequestTest" assertions="1" time="0.067712"/>
        <testcase name="test_UpdateRequest_rules_with_optional_revisions_disabled" file="/app/tests/Unit/Http/Requests/Lead/UpdateRequestTest.php" line="19" class="Tests\Unit\Playground\Lead\Api\Http\Requests\Lead\UpdateRequestTest" classname="Tests.Unit.Playground.Lead.Api.Http.Requests.Lead.UpdateRequestTest" assertions="3" time="0.040911"/>
        <testcase name="test_UpdateRequest_rules_with_optional_revisions_enabled" file="/app/tests/Unit/Http/Requests/Lead/UpdateRequestTest.php" line="29" class="Tests\Unit\Playground\Lead\Api\Http\Requests\Lead\UpdateRequestTest" classname="Tests.Unit.Playground.Lead.Api.Http.Requests.Lead.UpdateRequestTest" assertions="4" time="0.040144"/>
      </testsuite>
      <testsuite name="Tests\Unit\Playground\Lead\Api\Http\Requests\Opportunity\CreateRequestTest" file="/app/tests/Unit/Http/Requests/Opportunity/CreateRequestTest.php" tests="1" assertions="1" errors="0" failures="0" skipped="0" time="0.063962">
        <testcase name="test_request_instance" file="/app/vendor/gammamatrix/playground-test/src/Unit/Http/Requests/RequestCase.php" line="41" class="Tests\Unit\Playground\Lead\Api\Http\Requests\Opportunity\CreateRequestTest" classname="Tests.Unit.Playground.Lead.Api.Http.Requests.Opportunity.CreateRequestTest" assertions="1" time="0.063962"/>
      </testsuite>
      <testsuite name="Tests\Unit\Playground\Lead\Api\Http\Requests\Opportunity\DestroyRequestTest" file="/app/tests/Unit/Http/Requests/Opportunity/DestroyRequestTest.php" tests="1" assertions="1" errors="0" failures="0" skipped="0" time="0.043296">
        <testcase name="test_request_instance" file="/app/vendor/gammamatrix/playground-test/src/Unit/Http/Requests/RequestCase.php" line="41" class="Tests\Unit\Playground\Lead\Api\Http\Requests\Opportunity\DestroyRequestTest" classname="Tests.Unit.Playground.Lead.Api.Http.Requests.Opportunity.DestroyRequestTest" assertions="1" time="0.043296"/>
      </testsuite>
      <testsuite name="Tests\Unit\Playground\Lead\Api\Http\Requests\Opportunity\EditRequestTest" file="/app/tests/Unit/Http/Requests/Opportunity/EditRequestTest.php" tests="1" assertions="1" errors="0" failures="0" skipped="0" time="0.069665">
        <testcase name="test_request_instance" file="/app/vendor/gammamatrix/playground-test/src/Unit/Http/Requests/RequestCase.php" line="41" class="Tests\Unit\Playground\Lead\Api\Http\Requests\Opportunity\EditRequestTest" classname="Tests.Unit.Playground.Lead.Api.Http.Requests.Opportunity.EditRequestTest" assertions="1" time="0.069665"/>
      </testsuite>
      <testsuite name="Tests\Unit\Playground\Lead\Api\Http\Requests\Opportunity\IndexRequestTest" file="/app/tests/Unit/Http/Requests/Opportunity/IndexRequestTest.php" tests="1" assertions="1" errors="0" failures="0" skipped="0" time="0.126139">
        <testcase name="test_request_instance" file="/app/vendor/gammamatrix/playground-test/src/Unit/Http/Requests/RequestCase.php" line="41" class="Tests\Unit\Playground\Lead\Api\Http\Requests\Opportunity\IndexRequestTest" classname="Tests.Unit.Playground.Lead.Api.Http.Requests.Opportunity.IndexRequestTest" assertions="1" time="0.126139"/>
      </testsuite>
      <testsuite name="Tests\Unit\Playground\Lead\Api\Http\Requests\Opportunity\LockRequestTest" file="/app/tests/Unit/Http/Requests/Opportunity/LockRequestTest.php" tests="1" assertions="1" errors="0" failures="0" skipped="0" time="0.042504">
        <testcase name="test_request_instance" file="/app/vendor/gammamatrix/playground-test/src/Unit/Http/Requests/RequestCase.php" line="41" class="Tests\Unit\Playground\Lead\Api\Http\Requests\Opportunity\LockRequestTest" classname="Tests.Unit.Playground.Lead.Api.Http.Requests.Opportunity.LockRequestTest" assertions="1" time="0.042504"/>
      </testsuite>
      <testsuite name="Tests\Unit\Playground\Lead\Api\Http\Requests\Opportunity\RestoreRequestTest" file="/app/tests/Unit/Http/Requests/Opportunity/RestoreRequestTest.php" tests="1" assertions="1" errors="0" failures="0" skipped="0" time="0.043975">
        <testcase name="test_request_instance" file="/app/vendor/gammamatrix/playground-test/src/Unit/Http/Requests/RequestCase.php" line="41" class="Tests\Unit\Playground\Lead\Api\Http\Requests\Opportunity\RestoreRequestTest" classname="Tests.Unit.Playground.Lead.Api.Http.Requests.Opportunity.RestoreRequestTest" assertions="1" time="0.043975"/>
      </testsuite>
      <testsuite name="Tests\Unit\Playground\Lead\Api\Http\Requests\Opportunity\ShowRequestTest" file="/app/tests/Unit/Http/Requests/Opportunity/ShowRequestTest.php" tests="1" assertions="1" errors="0" failures="0" skipped="0" time="0.041764">
        <testcase name="test_request_instance" file="/app/vendor/gammamatrix/playground-test/src/Unit/Http/Requests/RequestCase.php" line="41" class="Tests\Unit\Playground\Lead\Api\Http\Requests\Opportunity\ShowRequestTest" classname="Tests.Unit.Playground.Lead.Api.Http.Requests.Opportunity.ShowRequestTest" assertions="1" time="0.041764"/>
      </testsuite>
      <testsuite name="Tests\Unit\Playground\Lead\Api\Http\Requests\Opportunity\StoreRequestTest" file="/app/tests/Unit/Http/Requests/Opportunity/StoreRequestTest.php" tests="3" assertions="8" errors="0" failures="0" skipped="0" time="0.151407">
        <testcase name="test_request_instance" file="/app/vendor/gammamatrix/playground-test/src/Unit/Http/Requests/RequestCase.php" line="41" class="Tests\Unit\Playground\Lead\Api\Http\Requests\Opportunity\StoreRequestTest" classname="Tests.Unit.Playground.Lead.Api.Http.Requests.Opportunity.StoreRequestTest" assertions="1" time="0.069731"/>
        <testcase name="test_StoreRequest_rules_with_optional_revisions_disabled" file="/app/tests/Unit/Http/Requests/Opportunity/StoreRequestTest.php" line="19" class="Tests\Unit\Playground\Lead\Api\Http\Requests\Opportunity\StoreRequestTest" classname="Tests.Unit.Playground.Lead.Api.Http.Requests.Opportunity.StoreRequestTest" assertions="3" time="0.041211"/>
        <testcase name="test_StoreRequest_rules_with_optional_revisions_enabled" file="/app/tests/Unit/Http/Requests/Opportunity/StoreRequestTest.php" line="29" class="Tests\Unit\Playground\Lead\Api\Http\Requests\Opportunity\StoreRequestTest" classname="Tests.Unit.Playground.Lead.Api.Http.Requests.Opportunity.StoreRequestTest" assertions="4" time="0.040465"/>
      </testsuite>
      <testsuite name="Tests\Unit\Playground\Lead\Api\Http\Requests\Opportunity\UnlockRequestTest" file="/app/tests/Unit/Http/Requests/Opportunity/UnlockRequestTest.php" tests="1" assertions="1" errors="0" failures="0" skipped="0" time="0.041647">
        <testcase name="test_request_instance" file="/app/vendor/gammamatrix/playground-test/src/Unit/Http/Requests/RequestCase.php" line="41" class="Tests\Unit\Playground\Lead\Api\Http\Requests\Opportunity\UnlockRequestTest" classname="Tests.Unit.Playground.Lead.Api.Http.Requests.Opportunity.UnlockRequestTest" assertions="1" time="0.041647"/>
      </testsuite>
      <testsuite name="Tests\Unit\Playground\Lead\Api\Http\Requests\Opportunity\UpdateRequestTest" file="/app/tests/Unit/Http/Requests/Opportunity/UpdateRequestTest.php" tests="3" assertions="8" errors="0" failures="0" skipped="0" time="0.149667">
        <testcase name="test_request_instance" file="/app/vendor/gammamatrix/playground-test/src/Unit/Http/Requests/RequestCase.php" line="41" class="Tests\Unit\Playground\Lead\Api\Http\Requests\Opportunity\UpdateRequestTest" classname="Tests.Unit.Playground.Lead.Api.Http.Requests.Opportunity.UpdateRequestTest" assertions="1" time="0.067853"/>
        <testcase name="test_UpdateRequest_rules_with_optional_revisions_disabled" file="/app/tests/Unit/Http/Requests/Opportunity/UpdateRequestTest.php" line="19" class="Tests\Unit\Playground\Lead\Api\Http\Requests\Opportunity\UpdateRequestTest" classname="Tests.Unit.Playground.Lead.Api.Http.Requests.Opportunity.UpdateRequestTest" assertions="3" time="0.041567"/>
        <testcase name="test_UpdateRequest_rules_with_optional_revisions_enabled" file="/app/tests/Unit/Http/Requests/Opportunity/UpdateRequestTest.php" line="29" class="Tests\Unit\Playground\Lead\Api\Http\Requests\Opportunity\UpdateRequestTest" classname="Tests.Unit.Playground.Lead.Api.Http.Requests.Opportunity.UpdateRequestTest" assertions="4" time="0.040247"/>
      </testsuite>
      <testsuite name="Tests\Unit\Playground\Lead\Api\Http\Requests\Plan\CreateRequestTest" file="/app/tests/Unit/Http/Requests/Plan/CreateRequestTest.php" tests="1" assertions="1" errors="0" failures="0" skipped="0" time="0.065570">
        <testcase name="test_request_instance" file="/app/vendor/gammamatrix/playground-test/src/Unit/Http/Requests/RequestCase.php" line="41" class="Tests\Unit\Playground\Lead\Api\Http\Requests\Plan\CreateRequestTest" classname="Tests.Unit.Playground.Lead.Api.Http.Requests.Plan.CreateRequestTest" assertions="1" time="0.065570"/>
      </testsuite>
      <testsuite name="Tests\Unit\Playground\Lead\Api\Http\Requests\Plan\DestroyRequestTest" file="/app/tests/Unit/Http/Requests/Plan/DestroyRequestTest.php" tests="1" assertions="1" errors="0" failures="0" skipped="0" time="0.044209">
        <testcase name="test_request_instance" file="/app/vendor/gammamatrix/playground-test/src/Unit/Http/Requests/RequestCase.php" line="41" class="Tests\Unit\Playground\Lead\Api\Http\Requests\Plan\DestroyRequestTest" classname="Tests.Unit.Playground.Lead.Api.Http.Requests.Plan.DestroyRequestTest" assertions="1" time="0.044209"/>
      </testsuite>
      <testsuite name="Tests\Unit\Playground\Lead\Api\Http\Requests\Plan\EditRequestTest" file="/app/tests/Unit/Http/Requests/Plan/EditRequestTest.php" tests="1" assertions="1" errors="0" failures="0" skipped="0" time="0.071281">
        <testcase name="test_request_instance" file="/app/vendor/gammamatrix/playground-test/src/Unit/Http/Requests/RequestCase.php" line="41" class="Tests\Unit\Playground\Lead\Api\Http\Requests\Plan\EditRequestTest" classname="Tests.Unit.Playground.Lead.Api.Http.Requests.Plan.EditRequestTest" assertions="1" time="0.071281"/>
      </testsuite>
      <testsuite name="Tests\Unit\Playground\Lead\Api\Http\Requests\Plan\IndexRequestTest" file="/app/tests/Unit/Http/Requests/Plan/IndexRequestTest.php" tests="1" assertions="1" errors="0" failures="0" skipped="0" time="0.127223">
        <testcase name="test_request_instance" file="/app/vendor/gammamatrix/playground-test/src/Unit/Http/Requests/RequestCase.php" line="41" class="Tests\Unit\Playground\Lead\Api\Http\Requests\Plan\IndexRequestTest" classname="Tests.Unit.Playground.Lead.Api.Http.Requests.Plan.IndexRequestTest" assertions="1" time="0.127223"/>
      </testsuite>
      <testsuite name="Tests\Unit\Playground\Lead\Api\Http\Requests\Plan\LockRequestTest" file="/app/tests/Unit/Http/Requests/Plan/LockRequestTest.php" tests="1" assertions="1" errors="0" failures="0" skipped="0" time="0.043376">
        <testcase name="test_request_instance" file="/app/vendor/gammamatrix/playground-test/src/Unit/Http/Requests/RequestCase.php" line="41" class="Tests\Unit\Playground\Lead\Api\Http\Requests\Plan\LockRequestTest" classname="Tests.Unit.Playground.Lead.Api.Http.Requests.Plan.LockRequestTest" assertions="1" time="0.043376"/>
      </testsuite>
      <testsuite name="Tests\Unit\Playground\Lead\Api\Http\Requests\Plan\RestoreRequestTest" file="/app/tests/Unit/Http/Requests/Plan/RestoreRequestTest.php" tests="1" assertions="1" errors="0" failures="0" skipped="0" time="0.042638">
        <testcase name="test_request_instance" file="/app/vendor/gammamatrix/playground-test/src/Unit/Http/Requests/RequestCase.php" line="41" class="Tests\Unit\Playground\Lead\Api\Http\Requests\Plan\RestoreRequestTest" classname="Tests.Unit.Playground.Lead.Api.Http.Requests.Plan.RestoreRequestTest" assertions="1" time="0.042638"/>
      </testsuite>
      <testsuite name="Tests\Unit\Playground\Lead\Api\Http\Requests\Plan\ShowRequestTest" file="/app/tests/Unit/Http/Requests/Plan/ShowRequestTest.php" tests="1" assertions="1" errors="0" failures="0" skipped="0" time="0.044883">
        <testcase name="test_request_instance" file="/app/vendor/gammamatrix/playground-test/src/Unit/Http/Requests/RequestCase.php" line="41" class="Tests\Unit\Playground\Lead\Api\Http\Requests\Plan\ShowRequestTest" classname="Tests.Unit.Playground.Lead.Api.Http.Requests.Plan.ShowRequestTest" assertions="1" time="0.044883"/>
      </testsuite>
      <testsuite name="Tests\Unit\Playground\Lead\Api\Http\Requests\Plan\StoreRequestTest" file="/app/tests/Unit/Http/Requests/Plan/StoreRequestTest.php" tests="3" assertions="8" errors="0" failures="0" skipped="0" time="0.149110">
        <testcase name="test_request_instance" file="/app/vendor/gammamatrix/playground-test/src/Unit/Http/Requests/RequestCase.php" line="41" class="Tests\Unit\Playground\Lead\Api\Http\Requests\Plan\StoreRequestTest" classname="Tests.Unit.Playground.Lead.Api.Http.Requests.Plan.StoreRequestTest" assertions="1" time="0.067480"/>
        <testcase name="test_StoreRequest_rules_with_optional_revisions_disabled" file="/app/tests/Unit/Http/Requests/Plan/StoreRequestTest.php" line="19" class="Tests\Unit\Playground\Lead\Api\Http\Requests\Plan\StoreRequestTest" classname="Tests.Unit.Playground.Lead.Api.Http.Requests.Plan.StoreRequestTest" assertions="3" time="0.040827"/>
        <testcase name="test_StoreRequest_rules_with_optional_revisions_enabled" file="/app/tests/Unit/Http/Requests/Plan/StoreRequestTest.php" line="29" class="Tests\Unit\Playground\Lead\Api\Http\Requests\Plan\StoreRequestTest" classname="Tests.Unit.Playground.Lead.Api.Http.Requests.Plan.StoreRequestTest" assertions="4" time="0.040803"/>
      </testsuite>
      <testsuite name="Tests\Unit\Playground\Lead\Api\Http\Requests\Plan\UnlockRequestTest" file="/app/tests/Unit/Http/Requests/Plan/UnlockRequestTest.php" tests="1" assertions="1" errors="0" failures="0" skipped="0" time="0.042375">
        <testcase name="test_request_instance" file="/app/vendor/gammamatrix/playground-test/src/Unit/Http/Requests/RequestCase.php" line="41" class="Tests\Unit\Playground\Lead\Api\Http\Requests\Plan\UnlockRequestTest" classname="Tests.Unit.Playground.Lead.Api.Http.Requests.Plan.UnlockRequestTest" assertions="1" time="0.042375"/>
      </testsuite>
      <testsuite name="Tests\Unit\Playground\Lead\Api\Http\Requests\Plan\UpdateRequestTest" file="/app/tests/Unit/Http/Requests/Plan/UpdateRequestTest.php" tests="3" assertions="8" errors="0" failures="0" skipped="0" time="0.149027">
        <testcase name="test_request_instance" file="/app/vendor/gammamatrix/playground-test/src/Unit/Http/Requests/RequestCase.php" line="41" class="Tests\Unit\Playground\Lead\Api\Http\Requests\Plan\UpdateRequestTest" classname="Tests.Unit.Playground.Lead.Api.Http.Requests.Plan.UpdateRequestTest" assertions="1" time="0.068180"/>
        <testcase name="test_UpdateRequest_rules_with_optional_revisions_disabled" file="/app/tests/Unit/Http/Requests/Plan/UpdateRequestTest.php" line="19" class="Tests\Unit\Playground\Lead\Api\Http\Requests\Plan\UpdateRequestTest" classname="Tests.Unit.Playground.Lead.Api.Http.Requests.Plan.UpdateRequestTest" assertions="3" time="0.040483"/>
        <testcase name="test_UpdateRequest_rules_with_optional_revisions_enabled" file="/app/tests/Unit/Http/Requests/Plan/UpdateRequestTest.php" line="29" class="Tests\Unit\Playground\Lead\Api\Http\Requests\Plan\UpdateRequestTest" classname="Tests.Unit.Playground.Lead.Api.Http.Requests.Plan.UpdateRequestTest" assertions="4" time="0.040364"/>
      </testsuite>
      <testsuite name="Tests\Unit\Playground\Lead\Api\Http\Requests\Region\CreateRequestTest" file="/app/tests/Unit/Http/Requests/Region/CreateRequestTest.php" tests="1" assertions="1" errors="0" failures="0" skipped="0" time="0.064346">
        <testcase name="test_request_instance" file="/app/vendor/gammamatrix/playground-test/src/Unit/Http/Requests/RequestCase.php" line="41" class="Tests\Unit\Playground\Lead\Api\Http\Requests\Region\CreateRequestTest" classname="Tests.Unit.Playground.Lead.Api.Http.Requests.Region.CreateRequestTest" assertions="1" time="0.064346"/>
      </testsuite>
      <testsuite name="Tests\Unit\Playground\Lead\Api\Http\Requests\Region\DestroyRequestTest" file="/app/tests/Unit/Http/Requests/Region/DestroyRequestTest.php" tests="1" assertions="1" errors="0" failures="0" skipped="0" time="0.043758">
        <testcase name="test_request_instance" file="/app/vendor/gammamatrix/playground-test/src/Unit/Http/Requests/RequestCase.php" line="41" class="Tests\Unit\Playground\Lead\Api\Http\Requests\Region\DestroyRequestTest" classname="Tests.Unit.Playground.Lead.Api.Http.Requests.Region.DestroyRequestTest" assertions="1" time="0.043758"/>
      </testsuite>
      <testsuite name="Tests\Unit\Playground\Lead\Api\Http\Requests\Region\EditRequestTest" file="/app/tests/Unit/Http/Requests/Region/EditRequestTest.php" tests="1" assertions="1" errors="0" failures="0" skipped="0" time="0.071019">
        <testcase name="test_request_instance" file="/app/vendor/gammamatrix/playground-test/src/Unit/Http/Requests/RequestCase.php" line="41" class="Tests\Unit\Playground\Lead\Api\Http\Requests\Region\EditRequestTest" classname="Tests.Unit.Playground.Lead.Api.Http.Requests.Region.EditRequestTest" assertions="1" time="0.071019"/>
      </testsuite>
      <testsuite name="Tests\Unit\Playground\Lead\Api\Http\Requests\Region\IndexRequestTest" file="/app/tests/Unit/Http/Requests/Region/IndexRequestTest.php" tests="1" assertions="1" errors="0" failures="0" skipped="0" time="0.130616">
        <testcase name="test_request_instance" file="/app/vendor/gammamatrix/playground-test/src/Unit/Http/Requests/RequestCase.php" line="41" class="Tests\Unit\Playground\Lead\Api\Http\Requests\Region\IndexRequestTest" classname="Tests.Unit.Playground.Lead.Api.Http.Requests.Region.IndexRequestTest" assertions="1" time="0.130616"/>
      </testsuite>
      <testsuite name="Tests\Unit\Playground\Lead\Api\Http\Requests\Region\LockRequestTest" file="/app/tests/Unit/Http/Requests/Region/LockRequestTest.php" tests="1" assertions="1" errors="0" failures="0" skipped="0" time="0.042606">
        <testcase name="test_request_instance" file="/app/vendor/gammamatrix/playground-test/src/Unit/Http/Requests/RequestCase.php" line="41" class="Tests\Unit\Playground\Lead\Api\Http\Requests\Region\LockRequestTest" classname="Tests.Unit.Playground.Lead.Api.Http.Requests.Region.LockRequestTest" assertions="1" time="0.042606"/>
      </testsuite>
      <testsuite name="Tests\Unit\Playground\Lead\Api\Http\Requests\Region\RestoreRequestTest" file="/app/tests/Unit/Http/Requests/Region/RestoreRequestTest.php" tests="1" assertions="1" errors="0" failures="0" skipped="0" time="0.043420">
        <testcase name="test_request_instance" file="/app/vendor/gammamatrix/playground-test/src/Unit/Http/Requests/RequestCase.php" line="41" class="Tests\Unit\Playground\Lead\Api\Http\Requests\Region\RestoreRequestTest" classname="Tests.Unit.Playground.Lead.Api.Http.Requests.Region.RestoreRequestTest" assertions="1" time="0.043420"/>
      </testsuite>
      <testsuite name="Tests\Unit\Playground\Lead\Api\Http\Requests\Region\ShowRequestTest" file="/app/tests/Unit/Http/Requests/Region/ShowRequestTest.php" tests="1" assertions="1" errors="0" failures="0" skipped="0" time="0.042069">
        <testcase name="test_request_instance" file="/app/vendor/gammamatrix/playground-test/src/Unit/Http/Requests/RequestCase.php" line="41" class="Tests\Unit\Playground\Lead\Api\Http\Requests\Region\ShowRequestTest" classname="Tests.Unit.Playground.Lead.Api.Http.Requests.Region.ShowRequestTest" assertions="1" time="0.042069"/>
      </testsuite>
      <testsuite name="Tests\Unit\Playground\Lead\Api\Http\Requests\Region\StoreRequestTest" file="/app/tests/Unit/Http/Requests/Region/StoreRequestTest.php" tests="3" assertions="8" errors="0" failures="0" skipped="0" time="0.148327">
        <testcase name="test_request_instance" file="/app/vendor/gammamatrix/playground-test/src/Unit/Http/Requests/RequestCase.php" line="41" class="Tests\Unit\Playground\Lead\Api\Http\Requests\Region\StoreRequestTest" classname="Tests.Unit.Playground.Lead.Api.Http.Requests.Region.StoreRequestTest" assertions="1" time="0.067140"/>
        <testcase name="test_StoreRequest_rules_with_optional_revisions_disabled" file="/app/tests/Unit/Http/Requests/Region/StoreRequestTest.php" line="19" class="Tests\Unit\Playground\Lead\Api\Http\Requests\Region\StoreRequestTest" classname="Tests.Unit.Playground.Lead.Api.Http.Requests.Region.StoreRequestTest" assertions="3" time="0.040599"/>
        <testcase name="test_StoreRequest_rules_with_optional_revisions_enabled" file="/app/tests/Unit/Http/Requests/Region/StoreRequestTest.php" line="29" class="Tests\Unit\Playground\Lead\Api\Http\Requests\Region\StoreRequestTest" classname="Tests.Unit.Playground.Lead.Api.Http.Requests.Region.StoreRequestTest" assertions="4" time="0.040589"/>
      </testsuite>
      <testsuite name="Tests\Unit\Playground\Lead\Api\Http\Requests\Region\UnlockRequestTest" file="/app/tests/Unit/Http/Requests/Region/UnlockRequestTest.php" tests="1" assertions="1" errors="0" failures="0" skipped="0" time="0.042142">
        <testcase name="test_request_instance" file="/app/vendor/gammamatrix/playground-test/src/Unit/Http/Requests/RequestCase.php" line="41" class="Tests\Unit\Playground\Lead\Api\Http\Requests\Region\UnlockRequestTest" classname="Tests.Unit.Playground.Lead.Api.Http.Requests.Region.UnlockRequestTest" assertions="1" time="0.042142"/>
      </testsuite>
      <testsuite name="Tests\Unit\Playground\Lead\Api\Http\Requests\Region\UpdateRequestTest" file="/app/tests/Unit/Http/Requests/Region/UpdateRequestTest.php" tests="3" assertions="8" errors="0" failures="0" skipped="0" time="0.150959">
        <testcase name="test_request_instance" file="/app/vendor/gammamatrix/playground-test/src/Unit/Http/Requests/RequestCase.php" line="41" class="Tests\Unit\Playground\Lead\Api\Http\Requests\Region\UpdateRequestTest" classname="Tests.Unit.Playground.Lead.Api.Http.Requests.Region.UpdateRequestTest" assertions="1" time="0.067745"/>
        <testcase name="test_UpdateRequest_rules_with_optional_revisions_disabled" file="/app/tests/Unit/Http/Requests/Region/UpdateRequestTest.php" line="19" class="Tests\Unit\Playground\Lead\Api\Http\Requests\Region\UpdateRequestTest" classname="Tests.Unit.Playground.Lead.Api.Http.Requests.Region.UpdateRequestTest" assertions="3" time="0.042351"/>
        <testcase name="test_UpdateRequest_rules_with_optional_revisions_enabled" file="/app/tests/Unit/Http/Requests/Region/UpdateRequestTest.php" line="29" class="Tests\Unit\Playground\Lead\Api\Http\Requests\Region\UpdateRequestTest" classname="Tests.Unit.Playground.Lead.Api.Http.Requests.Region.UpdateRequestTest" assertions="4" time="0.040863"/>
      </testsuite>
      <testsuite name="Tests\Unit\Playground\Lead\Api\Http\Requests\Report\CreateRequestTest" file="/app/tests/Unit/Http/Requests/Report/CreateRequestTest.php" tests="1" assertions="1" errors="0" failures="0" skipped="0" time="0.064213">
        <testcase name="test_request_instance" file="/app/vendor/gammamatrix/playground-test/src/Unit/Http/Requests/RequestCase.php" line="41" class="Tests\Unit\Playground\Lead\Api\Http\Requests\Report\CreateRequestTest" classname="Tests.Unit.Playground.Lead.Api.Http.Requests.Report.CreateRequestTest" assertions="1" time="0.064213"/>
      </testsuite>
      <testsuite name="Tests\Unit\Playground\Lead\Api\Http\Requests\Report\DestroyRequestTest" file="/app/tests/Unit/Http/Requests/Report/DestroyRequestTest.php" tests="1" assertions="1" errors="0" failures="0" skipped="0" time="0.043690">
        <testcase name="test_request_instance" file="/app/vendor/gammamatrix/playground-test/src/Unit/Http/Requests/RequestCase.php" line="41" class="Tests\Unit\Playground\Lead\Api\Http\Requests\Report\DestroyRequestTest" classname="Tests.Unit.Playground.Lead.Api.Http.Requests.Report.DestroyRequestTest" assertions="1" time="0.043690"/>
      </testsuite>
      <testsuite name="Tests\Unit\Playground\Lead\Api\Http\Requests\Report\EditRequestTest" file="/app/tests/Unit/Http/Requests/Report/EditRequestTest.php" tests="1" assertions="1" errors="0" failures="0" skipped="0" time="0.071432">
        <testcase name="test_request_instance" file="/app/vendor/gammamatrix/playground-test/src/Unit/Http/Requests/RequestCase.php" line="41" class="Tests\Unit\Playground\Lead\Api\Http\Requests\Report\EditRequestTest" classname="Tests.Unit.Playground.Lead.Api.Http.Requests.Report.EditRequestTest" assertions="1" time="0.071432"/>
      </testsuite>
      <testsuite name="Tests\Unit\Playground\Lead\Api\Http\Requests\Report\IndexRequestTest" file="/app/tests/Unit/Http/Requests/Report/IndexRequestTest.php" tests="1" assertions="1" errors="0" failures="0" skipped="0" time="0.129985">
        <testcase name="test_request_instance" file="/app/vendor/gammamatrix/playground-test/src/Unit/Http/Requests/RequestCase.php" line="41" class="Tests\Unit\Playground\Lead\Api\Http\Requests\Report\IndexRequestTest" classname="Tests.Unit.Playground.Lead.Api.Http.Requests.Report.IndexRequestTest" assertions="1" time="0.129985"/>
      </testsuite>
      <testsuite name="Tests\Unit\Playground\Lead\Api\Http\Requests\Report\LockRequestTest" file="/app/tests/Unit/Http/Requests/Report/LockRequestTest.php" tests="1" assertions="1" errors="0" failures="0" skipped="0" time="0.044569">
        <testcase name="test_request_instance" file="/app/vendor/gammamatrix/playground-test/src/Unit/Http/Requests/RequestCase.php" line="41" class="Tests\Unit\Playground\Lead\Api\Http\Requests\Report\LockRequestTest" classname="Tests.Unit.Playground.Lead.Api.Http.Requests.Report.LockRequestTest" assertions="1" time="0.044569"/>
      </testsuite>
      <testsuite name="Tests\Unit\Playground\Lead\Api\Http\Requests\Report\RestoreRequestTest" file="/app/tests/Unit/Http/Requests/Report/RestoreRequestTest.php" tests="1" assertions="1" errors="0" failures="0" skipped="0" time="0.042574">
        <testcase name="test_request_instance" file="/app/vendor/gammamatrix/playground-test/src/Unit/Http/Requests/RequestCase.php" line="41" class="Tests\Unit\Playground\Lead\Api\Http\Requests\Report\RestoreRequestTest" classname="Tests.Unit.Playground.Lead.Api.Http.Requests.Report.RestoreRequestTest" assertions="1" time="0.042574"/>
      </testsuite>
      <testsuite name="Tests\Unit\Playground\Lead\Api\Http\Requests\Report\ShowRequestTest" file="/app/tests/Unit/Http/Requests/Report/ShowRequestTest.php" tests="1" assertions="1" errors="0" failures="0" skipped="0" time="0.043541">
        <testcase name="test_request_instance" file="/app/vendor/gammamatrix/playground-test/src/Unit/Http/Requests/RequestCase.php" line="41" class="Tests\Unit\Playground\Lead\Api\Http\Requests\Report\ShowRequestTest" classname="Tests.Unit.Playground.Lead.Api.Http.Requests.Report.ShowRequestTest" assertions="1" time="0.043541"/>
      </testsuite>
      <testsuite name="Tests\Unit\Playground\Lead\Api\Http\Requests\Report\StoreRequestTest" file="/app/tests/Unit/Http/Requests/Report/StoreRequestTest.php" tests="3" assertions="8" errors="0" failures="0" skipped="0" time="0.149373">
        <testcase name="test_request_instance" file="/app/vendor/gammamatrix/playground-test/src/Unit/Http/Requests/RequestCase.php" line="41" class="Tests\Unit\Playground\Lead\Api\Http\Requests\Report\StoreRequestTest" classname="Tests.Unit.Playground.Lead.Api.Http.Requests.Report.StoreRequestTest" assertions="1" time="0.067532"/>
        <testcase name="test_StoreRequest_rules_with_optional_revisions_disabled" file="/app/tests/Unit/Http/Requests/Report/StoreRequestTest.php" line="19" class="Tests\Unit\Playground\Lead\Api\Http\Requests\Report\StoreRequestTest" classname="Tests.Unit.Playground.Lead.Api.Http.Requests.Report.StoreRequestTest" assertions="3" time="0.041030"/>
        <testcase name="test_StoreRequest_rules_with_optional_revisions_enabled" file="/app/tests/Unit/Http/Requests/Report/StoreRequestTest.php" line="29" class="Tests\Unit\Playground\Lead\Api\Http\Requests\Report\StoreRequestTest" classname="Tests.Unit.Playground.Lead.Api.Http.Requests.Report.StoreRequestTest" assertions="4" time="0.040812"/>
      </testsuite>
      <testsuite name="Tests\Unit\Playground\Lead\Api\Http\Requests\Report\UnlockRequestTest" file="/app/tests/Unit/Http/Requests/Report/UnlockRequestTest.php" tests="1" assertions="1" errors="0" failures="0" skipped="0" time="0.043120">
        <testcase name="test_request_instance" file="/app/vendor/gammamatrix/playground-test/src/Unit/Http/Requests/RequestCase.php" line="41" class="Tests\Unit\Playground\Lead\Api\Http\Requests\Report\UnlockRequestTest" classname="Tests.Unit.Playground.Lead.Api.Http.Requests.Report.UnlockRequestTest" assertions="1" time="0.043120"/>
      </testsuite>
      <testsuite name="Tests\Unit\Playground\Lead\Api\Http\Requests\Report\UpdateRequestTest" file="/app/tests/Unit/Http/Requests/Report/UpdateRequestTest.php" tests="3" assertions="8" errors="0" failures="0" skipped="0" time="0.147422">
        <testcase name="test_request_instance" file="/app/vendor/gammamatrix/playground-test/src/Unit/Http/Requests/RequestCase.php" line="41" class="Tests\Unit\Playground\Lead\Api\Http\Requests\Report\UpdateRequestTest" classname="Tests.Unit.Playground.Lead.Api.Http.Requests.Report.UpdateRequestTest" assertions="1" time="0.067044"/>
        <testcase name="test_UpdateRequest_rules_with_optional_revisions_disabled" file="/app/tests/Unit/Http/Requests/Report/UpdateRequestTest.php" line="19" class="Tests\Unit\Playground\Lead\Api\Http\Requests\Report\UpdateRequestTest" classname="Tests.Unit.Playground.Lead.Api.Http.Requests.Report.UpdateRequestTest" assertions="3" time="0.040136"/>
        <testcase name="test_UpdateRequest_rules_with_optional_revisions_enabled" file="/app/tests/Unit/Http/Requests/Report/UpdateRequestTest.php" line="29" class="Tests\Unit\Playground\Lead\Api\Http\Requests\Report\UpdateRequestTest" classname="Tests.Unit.Playground.Lead.Api.Http.Requests.Report.UpdateRequestTest" assertions="4" time="0.040242"/>
      </testsuite>
      <testsuite name="Tests\Unit\Playground\Lead\Api\Http\Requests\Source\CreateRequestTest" file="/app/tests/Unit/Http/Requests/Source/CreateRequestTest.php" tests="1" assertions="1" errors="0" failures="0" skipped="0" time="0.063254">
        <testcase name="test_request_instance" file="/app/vendor/gammamatrix/playground-test/src/Unit/Http/Requests/RequestCase.php" line="41" class="Tests\Unit\Playground\Lead\Api\Http\Requests\Source\CreateRequestTest" classname="Tests.Unit.Playground.Lead.Api.Http.Requests.Source.CreateRequestTest" assertions="1" time="0.063254"/>
      </testsuite>
      <testsuite name="Tests\Unit\Playground\Lead\Api\Http\Requests\Source\DestroyRequestTest" file="/app/tests/Unit/Http/Requests/Source/DestroyRequestTest.php" tests="1" assertions="1" errors="0" failures="0" skipped="0" time="0.043902">
        <testcase name="test_request_instance" file="/app/vendor/gammamatrix/playground-test/src/Unit/Http/Requests/RequestCase.php" line="41" class="Tests\Unit\Playground\Lead\Api\Http\Requests\Source\DestroyRequestTest" classname="Tests.Unit.Playground.Lead.Api.Http.Requests.Source.DestroyRequestTest" assertions="1" time="0.043902"/>
      </testsuite>
      <testsuite name="Tests\Unit\Playground\Lead\Api\Http\Requests\Source\EditRequestTest" file="/app/tests/Unit/Http/Requests/Source/EditRequestTest.php" tests="1" assertions="1" errors="0" failures="0" skipped="0" time="0.071754">
        <testcase name="test_request_instance" file="/app/vendor/gammamatrix/playground-test/src/Unit/Http/Requests/RequestCase.php" line="41" class="Tests\Unit\Playground\Lead\Api\Http\Requests\Source\EditRequestTest" classname="Tests.Unit.Playground.Lead.Api.Http.Requests.Source.EditRequestTest" assertions="1" time="0.071754"/>
      </testsuite>
      <testsuite name="Tests\Unit\Playground\Lead\Api\Http\Requests\Source\IndexRequestTest" file="/app/tests/Unit/Http/Requests/Source/IndexRequestTest.php" tests="1" assertions="1" errors="0" failures="0" skipped="0" time="0.129463">
        <testcase name="test_request_instance" file="/app/vendor/gammamatrix/playground-test/src/Unit/Http/Requests/RequestCase.php" line="41" class="Tests\Unit\Playground\Lead\Api\Http\Requests\Source\IndexRequestTest" classname="Tests.Unit.Playground.Lead.Api.Http.Requests.Source.IndexRequestTest" assertions="1" time="0.129463"/>
      </testsuite>
      <testsuite name="Tests\Unit\Playground\Lead\Api\Http\Requests\Source\LockRequestTest" file="/app/tests/Unit/Http/Requests/Source/LockRequestTest.php" tests="1" assertions="1" errors="0" failures="0" skipped="0" time="0.043504">
        <testcase name="test_request_instance" file="/app/vendor/gammamatrix/playground-test/src/Unit/Http/Requests/RequestCase.php" line="41" class="Tests\Unit\Playground\Lead\Api\Http\Requests\Source\LockRequestTest" classname="Tests.Unit.Playground.Lead.Api.Http.Requests.Source.LockRequestTest" assertions="1" time="0.043504"/>
      </testsuite>
      <testsuite name="Tests\Unit\Playground\Lead\Api\Http\Requests\Source\RestoreRequestTest" file="/app/tests/Unit/Http/Requests/Source/RestoreRequestTest.php" tests="1" assertions="1" errors="0" failures="0" skipped="0" time="0.045429">
        <testcase name="test_request_instance" file="/app/vendor/gammamatrix/playground-test/src/Unit/Http/Requests/RequestCase.php" line="41" class="Tests\Unit\Playground\Lead\Api\Http\Requests\Source\RestoreRequestTest" classname="Tests.Unit.Playground.Lead.Api.Http.Requests.Source.RestoreRequestTest" assertions="1" time="0.045429"/>
      </testsuite>
      <testsuite name="Tests\Unit\Playground\Lead\Api\Http\Requests\Source\ShowRequestTest" file="/app/tests/Unit/Http/Requests/Source/ShowRequestTest.php" tests="1" assertions="1" errors="0" failures="0" skipped="0" time="0.042426">
        <testcase name="test_request_instance" file="/app/vendor/gammamatrix/playground-test/src/Unit/Http/Requests/RequestCase.php" line="41" class="Tests\Unit\Playground\Lead\Api\Http\Requests\Source\ShowRequestTest" classname="Tests.Unit.Playground.Lead.Api.Http.Requests.Source.ShowRequestTest" assertions="1" time="0.042426"/>
      </testsuite>
      <testsuite name="Tests\Unit\Playground\Lead\Api\Http\Requests\Source\StoreRequestTest" file="/app/tests/Unit/Http/Requests/Source/StoreRequestTest.php" tests="3" assertions="8" errors="0" failures="0" skipped="0" time="0.148421">
        <testcase name="test_request_instance" file="/app/vendor/gammamatrix/playground-test/src/Unit/Http/Requests/RequestCase.php" line="41" class="Tests\Unit\Playground\Lead\Api\Http\Requests\Source\StoreRequestTest" classname="Tests.Unit.Playground.Lead.Api.Http.Requests.Source.StoreRequestTest" assertions="1" time="0.067802"/>
        <testcase name="test_StoreRequest_rules_with_optional_revisions_disabled" file="/app/tests/Unit/Http/Requests/Source/StoreRequestTest.php" line="19" class="Tests\Unit\Playground\Lead\Api\Http\Requests\Source\StoreRequestTest" classname="Tests.Unit.Playground.Lead.Api.Http.Requests.Source.StoreRequestTest" assertions="3" time="0.040448"/>
        <testcase name="test_StoreRequest_rules_with_optional_revisions_enabled" file="/app/tests/Unit/Http/Requests/Source/StoreRequestTest.php" line="29" class="Tests\Unit\Playground\Lead\Api\Http\Requests\Source\StoreRequestTest" classname="Tests.Unit.Playground.Lead.Api.Http.Requests.Source.StoreRequestTest" assertions="4" time="0.040172"/>
      </testsuite>
      <testsuite name="Tests\Unit\Playground\Lead\Api\Http\Requests\Source\UnlockRequestTest" file="/app/tests/Unit/Http/Requests/Source/UnlockRequestTest.php" tests="1" assertions="1" errors="0" failures="0" skipped="0" time="0.041990">
        <testcase name="test_request_instance" file="/app/vendor/gammamatrix/playground-test/src/Unit/Http/Requests/RequestCase.php" line="41" class="Tests\Unit\Playground\Lead\Api\Http\Requests\Source\UnlockRequestTest" classname="Tests.Unit.Playground.Lead.Api.Http.Requests.Source.UnlockRequestTest" assertions="1" time="0.041990"/>
      </testsuite>
      <testsuite name="Tests\Unit\Playground\Lead\Api\Http\Requests\Source\UpdateRequestTest" file="/app/tests/Unit/Http/Requests/Source/UpdateRequestTest.php" tests="3" assertions="8" errors="0" failures="0" skipped="0" time="0.150012">
        <testcase name="test_request_instance" file="/app/vendor/gammamatrix/playground-test/src/Unit/Http/Requests/RequestCase.php" line="41" class="Tests\Unit\Playground\Lead\Api\Http\Requests\Source\UpdateRequestTest" classname="Tests.Unit.Playground.Lead.Api.Http.Requests.Source.UpdateRequestTest" assertions="1" time="0.066759"/>
        <testcase name="test_UpdateRequest_rules_with_optional_revisions_disabled" file="/app/tests/Unit/Http/Requests/Source/UpdateRequestTest.php" line="19" class="Tests\Unit\Playground\Lead\Api\Http\Requests\Source\UpdateRequestTest" classname="Tests.Unit.Playground.Lead.Api.Http.Requests.Source.UpdateRequestTest" assertions="3" time="0.042530"/>
        <testcase name="test_UpdateRequest_rules_with_optional_revisions_enabled" file="/app/tests/Unit/Http/Requests/Source/UpdateRequestTest.php" line="29" class="Tests\Unit\Playground\Lead\Api\Http\Requests\Source\UpdateRequestTest" classname="Tests.Unit.Playground.Lead.Api.Http.Requests.Source.UpdateRequestTest" assertions="4" time="0.040722"/>
      </testsuite>
      <testsuite name="Tests\Unit\Playground\Lead\Api\Http\Requests\Task\CreateRequestTest" file="/app/tests/Unit/Http/Requests/Task/CreateRequestTest.php" tests="1" assertions="1" errors="0" failures="0" skipped="0" time="0.063625">
        <testcase name="test_request_instance" file="/app/vendor/gammamatrix/playground-test/src/Unit/Http/Requests/RequestCase.php" line="41" class="Tests\Unit\Playground\Lead\Api\Http\Requests\Task\CreateRequestTest" classname="Tests.Unit.Playground.Lead.Api.Http.Requests.Task.CreateRequestTest" assertions="1" time="0.063625"/>
      </testsuite>
      <testsuite name="Tests\Unit\Playground\Lead\Api\Http\Requests\Task\DestroyRequestTest" file="/app/tests/Unit/Http/Requests/Task/DestroyRequestTest.php" tests="1" assertions="1" errors="0" failures="0" skipped="0" time="0.043710">
        <testcase name="test_request_instance" file="/app/vendor/gammamatrix/playground-test/src/Unit/Http/Requests/RequestCase.php" line="41" class="Tests\Unit\Playground\Lead\Api\Http\Requests\Task\DestroyRequestTest" classname="Tests.Unit.Playground.Lead.Api.Http.Requests.Task.DestroyRequestTest" assertions="1" time="0.043710"/>
      </testsuite>
      <testsuite name="Tests\Unit\Playground\Lead\Api\Http\Requests\Task\EditRequestTest" file="/app/tests/Unit/Http/Requests/Task/EditRequestTest.php" tests="1" assertions="1" errors="0" failures="0" skipped="0" time="0.071479">
        <testcase name="test_request_instance" file="/app/vendor/gammamatrix/playground-test/src/Unit/Http/Requests/RequestCase.php" line="41" class="Tests\Unit\Playground\Lead\Api\Http\Requests\Task\EditRequestTest" classname="Tests.Unit.Playground.Lead.Api.Http.Requests.Task.EditRequestTest" assertions="1" time="0.071479"/>
      </testsuite>
      <testsuite name="Tests\Unit\Playground\Lead\Api\Http\Requests\Task\IndexRequestTest" file="/app/tests/Unit/Http/Requests/Task/IndexRequestTest.php" tests="1" assertions="1" errors="0" failures="0" skipped="0" time="0.128888">
        <testcase name="test_request_instance" file="/app/vendor/gammamatrix/playground-test/src/Unit/Http/Requests/RequestCase.php" line="41" class="Tests\Unit\Playground\Lead\Api\Http\Requests\Task\IndexRequestTest" classname="Tests.Unit.Playground.Lead.Api.Http.Requests.Task.IndexRequestTest" assertions="1" time="0.128888"/>
      </testsuite>
      <testsuite name="Tests\Unit\Playground\Lead\Api\Http\Requests\Task\LockRequestTest" file="/app/tests/Unit/Http/Requests/Task/LockRequestTest.php" tests="1" assertions="1" errors="0" failures="0" skipped="0" time="0.045202">
        <testcase name="test_request_instance" file="/app/vendor/gammamatrix/playground-test/src/Unit/Http/Requests/RequestCase.php" line="41" class="Tests\Unit\Playground\Lead\Api\Http\Requests\Task\LockRequestTest" classname="Tests.Unit.Playground.Lead.Api.Http.Requests.Task.LockRequestTest" assertions="1" time="0.045202"/>
      </testsuite>
      <testsuite name="Tests\Unit\Playground\Lead\Api\Http\Requests\Task\RestoreRequestTest" file="/app/tests/Unit/Http/Requests/Task/RestoreRequestTest.php" tests="1" assertions="1" errors="0" failures="0" skipped="0" time="0.045239">
        <testcase name="test_request_instance" file="/app/vendor/gammamatrix/playground-test/src/Unit/Http/Requests/RequestCase.php" line="41" class="Tests\Unit\Playground\Lead\Api\Http\Requests\Task\RestoreRequestTest" classname="Tests.Unit.Playground.Lead.Api.Http.Requests.Task.RestoreRequestTest" assertions="1" time="0.045239"/>
      </testsuite>
      <testsuite name="Tests\Unit\Playground\Lead\Api\Http\Requests\Task\ShowRequestTest" file="/app/tests/Unit/Http/Requests/Task/ShowRequestTest.php" tests="1" assertions="1" errors="0" failures="0" skipped="0" time="0.042847">
        <testcase name="test_request_instance" file="/app/vendor/gammamatrix/playground-test/src/Unit/Http/Requests/RequestCase.php" line="41" class="Tests\Unit\Playground\Lead\Api\Http\Requests\Task\ShowRequestTest" classname="Tests.Unit.Playground.Lead.Api.Http.Requests.Task.ShowRequestTest" assertions="1" time="0.042847"/>
      </testsuite>
      <testsuite name="Tests\Unit\Playground\Lead\Api\Http\Requests\Task\StoreRequestTest" file="/app/tests/Unit/Http/Requests/Task/StoreRequestTest.php" tests="3" assertions="8" errors="0" failures="0" skipped="0" time="0.151289">
        <testcase name="test_request_instance" file="/app/vendor/gammamatrix/playground-test/src/Unit/Http/Requests/RequestCase.php" line="41" class="Tests\Unit\Playground\Lead\Api\Http\Requests\Task\StoreRequestTest" classname="Tests.Unit.Playground.Lead.Api.Http.Requests.Task.StoreRequestTest" assertions="1" time="0.067816"/>
        <testcase name="test_StoreRequest_rules_with_optional_revisions_disabled" file="/app/tests/Unit/Http/Requests/Task/StoreRequestTest.php" line="19" class="Tests\Unit\Playground\Lead\Api\Http\Requests\Task\StoreRequestTest" classname="Tests.Unit.Playground.Lead.Api.Http.Requests.Task.StoreRequestTest" assertions="3" time="0.042369"/>
        <testcase name="test_StoreRequest_rules_with_optional_revisions_enabled" file="/app/tests/Unit/Http/Requests/Task/StoreRequestTest.php" line="29" class="Tests\Unit\Playground\Lead\Api\Http\Requests\Task\StoreRequestTest" classname="Tests.Unit.Playground.Lead.Api.Http.Requests.Task.StoreRequestTest" assertions="4" time="0.041103"/>
      </testsuite>
      <testsuite name="Tests\Unit\Playground\Lead\Api\Http\Requests\Task\UnlockRequestTest" file="/app/tests/Unit/Http/Requests/Task/UnlockRequestTest.php" tests="1" assertions="1" errors="0" failures="0" skipped="0" time="0.042458">
        <testcase name="test_request_instance" file="/app/vendor/gammamatrix/playground-test/src/Unit/Http/Requests/RequestCase.php" line="41" class="Tests\Unit\Playground\Lead\Api\Http\Requests\Task\UnlockRequestTest" classname="Tests.Unit.Playground.Lead.Api.Http.Requests.Task.UnlockRequestTest" assertions="1" time="0.042458"/>
      </testsuite>
      <testsuite name="Tests\Unit\Playground\Lead\Api\Http\Requests\Task\UpdateRequestTest" file="/app/tests/Unit/Http/Requests/Task/UpdateRequestTest.php" tests="3" assertions="8" errors="0" failures="0" skipped="0" time="0.150008">
        <testcase name="test_request_instance" file="/app/vendor/gammamatrix/playground-test/src/Unit/Http/Requests/RequestCase.php" line="41" class="Tests\Unit\Playground\Lead\Api\Http\Requests\Task\UpdateRequestTest" classname="Tests.Unit.Playground.Lead.Api.Http.Requests.Task.UpdateRequestTest" assertions="1" time="0.068036"/>
        <testcase name="test_UpdateRequest_rules_with_optional_revisions_disabled" file="/app/tests/Unit/Http/Requests/Task/UpdateRequestTest.php" line="19" class="Tests\Unit\Playground\Lead\Api\Http\Requests\Task\UpdateRequestTest" classname="Tests.Unit.Playground.Lead.Api.Http.Requests.Task.UpdateRequestTest" assertions="3" time="0.041242"/>
        <testcase name="test_UpdateRequest_rules_with_optional_revisions_enabled" file="/app/tests/Unit/Http/Requests/Task/UpdateRequestTest.php" line="29" class="Tests\Unit\Playground\Lead\Api\Http\Requests\Task\UpdateRequestTest" classname="Tests.Unit.Playground.Lead.Api.Http.Requests.Task.UpdateRequestTest" assertions="4" time="0.040730"/>
      </testsuite>
      <testsuite name="Tests\Unit\Playground\Lead\Api\Http\Requests\Team\CreateRequestTest" file="/app/tests/Unit/Http/Requests/Team/CreateRequestTest.php" tests="1" assertions="1" errors="0" failures="0" skipped="0" time="0.063933">
        <testcase name="test_request_instance" file="/app/vendor/gammamatrix/playground-test/src/Unit/Http/Requests/RequestCase.php" line="41" class="Tests\Unit\Playground\Lead\Api\Http\Requests\Team\CreateRequestTest" classname="Tests.Unit.Playground.Lead.Api.Http.Requests.Team.CreateRequestTest" assertions="1" time="0.063933"/>
      </testsuite>
      <testsuite name="Tests\Unit\Playground\Lead\Api\Http\Requests\Team\DestroyRequestTest" file="/app/tests/Unit/Http/Requests/Team/DestroyRequestTest.php" tests="1" assertions="1" errors="0" failures="0" skipped="0" time="0.044045">
        <testcase name="test_request_instance" file="/app/vendor/gammamatrix/playground-test/src/Unit/Http/Requests/RequestCase.php" line="41" class="Tests\Unit\Playground\Lead\Api\Http\Requests\Team\DestroyRequestTest" classname="Tests.Unit.Playground.Lead.Api.Http.Requests.Team.DestroyRequestTest" assertions="1" time="0.044045"/>
      </testsuite>
      <testsuite name="Tests\Unit\Playground\Lead\Api\Http\Requests\Team\EditRequestTest" file="/app/tests/Unit/Http/Requests/Team/EditRequestTest.php" tests="1" assertions="1" errors="0" failures="0" skipped="0" time="0.070647">
        <testcase name="test_request_instance" file="/app/vendor/gammamatrix/playground-test/src/Unit/Http/Requests/RequestCase.php" line="41" class="Tests\Unit\Playground\Lead\Api\Http\Requests\Team\EditRequestTest" classname="Tests.Unit.Playground.Lead.Api.Http.Requests.Team.EditRequestTest" assertions="1" time="0.070647"/>
      </testsuite>
      <testsuite name="Tests\Unit\Playground\Lead\Api\Http\Requests\Team\IndexRequestTest" file="/app/tests/Unit/Http/Requests/Team/IndexRequestTest.php" tests="1" assertions="1" errors="0" failures="0" skipped="0" time="0.129268">
        <testcase name="test_request_instance" file="/app/vendor/gammamatrix/playground-test/src/Unit/Http/Requests/RequestCase.php" line="41" class="Tests\Unit\Playground\Lead\Api\Http\Requests\Team\IndexRequestTest" classname="Tests.Unit.Playground.Lead.Api.Http.Requests.Team.IndexRequestTest" assertions="1" time="0.129268"/>
      </testsuite>
      <testsuite name="Tests\Unit\Playground\Lead\Api\Http\Requests\Team\LockRequestTest" file="/app/tests/Unit/Http/Requests/Team/LockRequestTest.php" tests="1" assertions="1" errors="0" failures="0" skipped="0" time="0.043147">
        <testcase name="test_request_instance" file="/app/vendor/gammamatrix/playground-test/src/Unit/Http/Requests/RequestCase.php" line="41" class="Tests\Unit\Playground\Lead\Api\Http\Requests\Team\LockRequestTest" classname="Tests.Unit.Playground.Lead.Api.Http.Requests.Team.LockRequestTest" assertions="1" time="0.043147"/>
      </testsuite>
      <testsuite name="Tests\Unit\Playground\Lead\Api\Http\Requests\Team\RestoreRequestTest" file="/app/tests/Unit/Http/Requests/Team/RestoreRequestTest.php" tests="1" assertions="1" errors="0" failures="0" skipped="0" time="0.044692">
        <testcase name="test_request_instance" file="/app/vendor/gammamatrix/playground-test/src/Unit/Http/Requests/RequestCase.php" line="41" class="Tests\Unit\Playground\Lead\Api\Http\Requests\Team\RestoreRequestTest" classname="Tests.Unit.Playground.Lead.Api.Http.Requests.Team.RestoreRequestTest" assertions="1" time="0.044692"/>
      </testsuite>
      <testsuite name="Tests\Unit\Playground\Lead\Api\Http\Requests\Team\ShowRequestTest" file="/app/tests/Unit/Http/Requests/Team/ShowRequestTest.php" tests="1" assertions="1" errors="0" failures="0" skipped="0" time="0.041903">
        <testcase name="test_request_instance" file="/app/vendor/gammamatrix/playground-test/src/Unit/Http/Requests/RequestCase.php" line="41" class="Tests\Unit\Playground\Lead\Api\Http\Requests\Team\ShowRequestTest" classname="Tests.Unit.Playground.Lead.Api.Http.Requests.Team.ShowRequestTest" assertions="1" time="0.041903"/>
      </testsuite>
      <testsuite name="Tests\Unit\Playground\Lead\Api\Http\Requests\Team\StoreRequestTest" file="/app/tests/Unit/Http/Requests/Team/StoreRequestTest.php" tests="3" assertions="8" errors="0" failures="0" skipped="0" time="0.149960">
        <testcase name="test_request_instance" file="/app/vendor/gammamatrix/playground-test/src/Unit/Http/Requests/RequestCase.php" line="41" class="Tests\Unit\Playground\Lead\Api\Http\Requests\Team\StoreRequestTest" classname="Tests.Unit.Playground.Lead.Api.Http.Requests.Team.StoreRequestTest" assertions="1" time="0.067978"/>
        <testcase name="test_StoreRequest_rules_with_optional_revisions_disabled" file="/app/tests/Unit/Http/Requests/Team/StoreRequestTest.php" line="19" class="Tests\Unit\Playground\Lead\Api\Http\Requests\Team\StoreRequestTest" classname="Tests.Unit.Playground.Lead.Api.Http.Requests.Team.StoreRequestTest" assertions="3" time="0.041224"/>
        <testcase name="test_StoreRequest_rules_with_optional_revisions_enabled" file="/app/tests/Unit/Http/Requests/Team/StoreRequestTest.php" line="29" class="Tests\Unit\Playground\Lead\Api\Http\Requests\Team\StoreRequestTest" classname="Tests.Unit.Playground.Lead.Api.Http.Requests.Team.StoreRequestTest" assertions="4" time="0.040759"/>
      </testsuite>
      <testsuite name="Tests\Unit\Playground\Lead\Api\Http\Requests\Team\UnlockRequestTest" file="/app/tests/Unit/Http/Requests/Team/UnlockRequestTest.php" tests="1" assertions="1" errors="0" failures="0" skipped="0" time="0.042507">
        <testcase name="test_request_instance" file="/app/vendor/gammamatrix/playground-test/src/Unit/Http/Requests/RequestCase.php" line="41" class="Tests\Unit\Playground\Lead\Api\Http\Requests\Team\UnlockRequestTest" classname="Tests.Unit.Playground.Lead.Api.Http.Requests.Team.UnlockRequestTest" assertions="1" time="0.042507"/>
      </testsuite>
      <testsuite name="Tests\Unit\Playground\Lead\Api\Http\Requests\Team\UpdateRequestTest" file="/app/tests/Unit/Http/Requests/Team/UpdateRequestTest.php" tests="3" assertions="8" errors="0" failures="0" skipped="0" time="0.151977">
        <testcase name="test_request_instance" file="/app/vendor/gammamatrix/playground-test/src/Unit/Http/Requests/RequestCase.php" line="41" class="Tests\Unit\Playground\Lead\Api\Http\Requests\Team\UpdateRequestTest" classname="Tests.Unit.Playground.Lead.Api.Http.Requests.Team.UpdateRequestTest" assertions="1" time="0.067790"/>
        <testcase name="test_UpdateRequest_rules_with_optional_revisions_disabled" file="/app/tests/Unit/Http/Requests/Team/UpdateRequestTest.php" line="19" class="Tests\Unit\Playground\Lead\Api\Http\Requests\Team\UpdateRequestTest" classname="Tests.Unit.Playground.Lead.Api.Http.Requests.Team.UpdateRequestTest" assertions="3" time="0.043374"/>
        <testcase name="test_UpdateRequest_rules_with_optional_revisions_enabled" file="/app/tests/Unit/Http/Requests/Team/UpdateRequestTest.php" line="29" class="Tests\Unit\Playground\Lead\Api\Http\Requests\Team\UpdateRequestTest" classname="Tests.Unit.Playground.Lead.Api.Http.Requests.Team.UpdateRequestTest" assertions="4" time="0.040814"/>
      </testsuite>
      <testsuite name="Tests\Unit\Playground\Lead\Api\Http\Requests\Teammate\CreateRequestTest" file="/app/tests/Unit/Http/Requests/Teammate/CreateRequestTest.php" tests="1" assertions="1" errors="0" failures="0" skipped="0" time="0.064616">
        <testcase name="test_request_instance" file="/app/vendor/gammamatrix/playground-test/src/Unit/Http/Requests/RequestCase.php" line="41" class="Tests\Unit\Playground\Lead\Api\Http\Requests\Teammate\CreateRequestTest" classname="Tests.Unit.Playground.Lead.Api.Http.Requests.Teammate.CreateRequestTest" assertions="1" time="0.064616"/>
      </testsuite>
      <testsuite name="Tests\Unit\Playground\Lead\Api\Http\Requests\Teammate\DestroyRequestTest" file="/app/tests/Unit/Http/Requests/Teammate/DestroyRequestTest.php" tests="1" assertions="1" errors="0" failures="0" skipped="0" time="0.043897">
        <testcase name="test_request_instance" file="/app/vendor/gammamatrix/playground-test/src/Unit/Http/Requests/RequestCase.php" line="41" class="Tests\Unit\Playground\Lead\Api\Http\Requests\Teammate\DestroyRequestTest" classname="Tests.Unit.Playground.Lead.Api.Http.Requests.Teammate.DestroyRequestTest" assertions="1" time="0.043897"/>
      </testsuite>
      <testsuite name="Tests\Unit\Playground\Lead\Api\Http\Requests\Teammate\EditRequestTest" file="/app/tests/Unit/Http/Requests/Teammate/EditRequestTest.php" tests="1" assertions="1" errors="0" failures="0" skipped="0" time="0.073225">
        <testcase name="test_request_instance" file="/app/vendor/gammamatrix/playground-test/src/Unit/Http/Requests/RequestCase.php" line="41" class="Tests\Unit\Playground\Lead\Api\Http\Requests\Teammate\EditRequestTest" classname="Tests.Unit.Playground.Lead.Api.Http.Requests.Teammate.EditRequestTest" assertions="1" time="0.073225"/>
      </testsuite>
      <testsuite name="Tests\Unit\Playground\Lead\Api\Http\Requests\Teammate\IndexRequestTest" file="/app/tests/Unit/Http/Requests/Teammate/IndexRequestTest.php" tests="1" assertions="1" errors="0" failures="0" skipped="0" time="0.132329">
        <testcase name="test_request_instance" file="/app/vendor/gammamatrix/playground-test/src/Unit/Http/Requests/RequestCase.php" line="41" class="Tests\Unit\Playground\Lead\Api\Http\Requests\Teammate\IndexRequestTest" classname="Tests.Unit.Playground.Lead.Api.Http.Requests.Teammate.IndexRequestTest" assertions="1" time="0.132329"/>
      </testsuite>
      <testsuite name="Tests\Unit\Playground\Lead\Api\Http\Requests\Teammate\LockRequestTest" file="/app/tests/Unit/Http/Requests/Teammate/LockRequestTest.php" tests="1" assertions="1" errors="0" failures="0" skipped="0" time="0.045776">
        <testcase name="test_request_instance" file="/app/vendor/gammamatrix/playground-test/src/Unit/Http/Requests/RequestCase.php" line="41" class="Tests\Unit\Playground\Lead\Api\Http\Requests\Teammate\LockRequestTest" classname="Tests.Unit.Playground.Lead.Api.Http.Requests.Teammate.LockRequestTest" assertions="1" time="0.045776"/>
      </testsuite>
      <testsuite name="Tests\Unit\Playground\Lead\Api\Http\Requests\Teammate\RestoreRequestTest" file="/app/tests/Unit/Http/Requests/Teammate/RestoreRequestTest.php" tests="1" assertions="1" errors="0" failures="0" skipped="0" time="0.042479">
        <testcase name="test_request_instance" file="/app/vendor/gammamatrix/playground-test/src/Unit/Http/Requests/RequestCase.php" line="41" class="Tests\Unit\Playground\Lead\Api\Http\Requests\Teammate\RestoreRequestTest" classname="Tests.Unit.Playground.Lead.Api.Http.Requests.Teammate.RestoreRequestTest" assertions="1" time="0.042479"/>
      </testsuite>
      <testsuite name="Tests\Unit\Playground\Lead\Api\Http\Requests\Teammate\ShowRequestTest" file="/app/tests/Unit/Http/Requests/Teammate/ShowRequestTest.php" tests="1" assertions="1" errors="0" failures="0" skipped="0" time="0.041509">
        <testcase name="test_request_instance" file="/app/vendor/gammamatrix/playground-test/src/Unit/Http/Requests/RequestCase.php" line="41" class="Tests\Unit\Playground\Lead\Api\Http\Requests\Teammate\ShowRequestTest" classname="Tests.Unit.Playground.Lead.Api.Http.Requests.Teammate.ShowRequestTest" assertions="1" time="0.041509"/>
      </testsuite>
      <testsuite name="Tests\Unit\Playground\Lead\Api\Http\Requests\Teammate\StoreRequestTest" file="/app/tests/Unit/Http/Requests/Teammate/StoreRequestTest.php" tests="3" assertions="8" errors="0" failures="0" skipped="0" time="0.148373">
        <testcase name="test_request_instance" file="/app/vendor/gammamatrix/playground-test/src/Unit/Http/Requests/RequestCase.php" line="41" class="Tests\Unit\Playground\Lead\Api\Http\Requests\Teammate\StoreRequestTest" classname="Tests.Unit.Playground.Lead.Api.Http.Requests.Teammate.StoreRequestTest" assertions="1" time="0.066395"/>
        <testcase name="test_StoreRequest_rules_with_optional_revisions_disabled" file="/app/tests/Unit/Http/Requests/Teammate/StoreRequestTest.php" line="19" class="Tests\Unit\Playground\Lead\Api\Http\Requests\Teammate\StoreRequestTest" classname="Tests.Unit.Playground.Lead.Api.Http.Requests.Teammate.StoreRequestTest" assertions="3" time="0.041715"/>
        <testcase name="test_StoreRequest_rules_with_optional_revisions_enabled" file="/app/tests/Unit/Http/Requests/Teammate/StoreRequestTest.php" line="29" class="Tests\Unit\Playground\Lead\Api\Http\Requests\Teammate\StoreRequestTest" classname="Tests.Unit.Playground.Lead.Api.Http.Requests.Teammate.StoreRequestTest" assertions="4" time="0.040264"/>
      </testsuite>
      <testsuite name="Tests\Unit\Playground\Lead\Api\Http\Requests\Teammate\UnlockRequestTest" file="/app/tests/Unit/Http/Requests/Teammate/UnlockRequestTest.php" tests="1" assertions="1" errors="0" failures="0" skipped="0" time="0.042350">
        <testcase name="test_request_instance" file="/app/vendor/gammamatrix/playground-test/src/Unit/Http/Requests/RequestCase.php" line="41" class="Tests\Unit\Playground\Lead\Api\Http\Requests\Teammate\UnlockRequestTest" classname="Tests.Unit.Playground.Lead.Api.Http.Requests.Teammate.UnlockRequestTest" assertions="1" time="0.042350"/>
      </testsuite>
      <testsuite name="Tests\Unit\Playground\Lead\Api\Http\Requests\Teammate\UpdateRequestTest" file="/app/tests/Unit/Http/Requests/Teammate/UpdateRequestTest.php" tests="3" assertions="8" errors="0" failures="0" skipped="0" time="0.150294">
        <testcase name="test_request_instance" file="/app/vendor/gammamatrix/playground-test/src/Unit/Http/Requests/RequestCase.php" line="41" class="Tests\Unit\Playground\Lead\Api\Http\Requests\Teammate\UpdateRequestTest" classname="Tests.Unit.Playground.Lead.Api.Http.Requests.Teammate.UpdateRequestTest" assertions="1" time="0.067958"/>
        <testcase name="test_UpdateRequest_rules_with_optional_revisions_disabled" file="/app/tests/Unit/Http/Requests/Teammate/UpdateRequestTest.php" line="19" class="Tests\Unit\Playground\Lead\Api\Http\Requests\Teammate\UpdateRequestTest" classname="Tests.Unit.Playground.Lead.Api.Http.Requests.Teammate.UpdateRequestTest" assertions="3" time="0.041294"/>
        <testcase name="test_UpdateRequest_rules_with_optional_revisions_enabled" file="/app/tests/Unit/Http/Requests/Teammate/UpdateRequestTest.php" line="29" class="Tests\Unit\Playground\Lead\Api\Http\Requests\Teammate\UpdateRequestTest" classname="Tests.Unit.Playground.Lead.Api.Http.Requests.Teammate.UpdateRequestTest" assertions="4" time="0.041042"/>
      </testsuite>
      <testsuite name="Tests\Unit\Playground\Lead\Api\Policies\CampaignPolicy\PolicyTest" file="/app/tests/Unit/Policies/CampaignPolicy/PolicyTest.php" tests="1" assertions="1" errors="0" failures="0" skipped="0" time="0.040045">
        <testcase name="test_policy_instance" file="/app/tests/Unit/Policies/CampaignPolicy/PolicyTest.php" line="19" class="Tests\Unit\Playground\Lead\Api\Policies\CampaignPolicy\PolicyTest" classname="Tests.Unit.Playground.Lead.Api.Policies.CampaignPolicy.PolicyTest" assertions="1" time="0.040045"/>
      </testsuite>
      <testsuite name="Tests\Unit\Playground\Lead\Api\Policies\GoalPolicy\PolicyTest" file="/app/tests/Unit/Policies/GoalPolicy/PolicyTest.php" tests="1" assertions="1" errors="0" failures="0" skipped="0" time="0.040419">
        <testcase name="test_policy_instance" file="/app/tests/Unit/Policies/GoalPolicy/PolicyTest.php" line="19" class="Tests\Unit\Playground\Lead\Api\Policies\GoalPolicy\PolicyTest" classname="Tests.Unit.Playground.Lead.Api.Policies.GoalPolicy.PolicyTest" assertions="1" time="0.040419"/>
      </testsuite>
      <testsuite name="Tests\Unit\Playground\Lead\Api\Policies\LeadPolicy\PolicyTest" file="/app/tests/Unit/Policies/LeadPolicy/PolicyTest.php" tests="1" assertions="1" errors="0" failures="0" skipped="0" time="0.040103">
        <testcase name="test_policy_instance" file="/app/tests/Unit/Policies/LeadPolicy/PolicyTest.php" line="19" class="Tests\Unit\Playground\Lead\Api\Policies\LeadPolicy\PolicyTest" classname="Tests.Unit.Playground.Lead.Api.Policies.LeadPolicy.PolicyTest" assertions="1" time="0.040103"/>
      </testsuite>
      <testsuite name="Tests\Unit\Playground\Lead\Api\Policies\OpportunityPolicy\PolicyTest" file="/app/tests/Unit/Policies/OpportunityPolicy/PolicyTest.php" tests="1" assertions="1" errors="0" failures="0" skipped="0" time="0.042114">
        <testcase name="test_policy_instance" file="/app/tests/Unit/Policies/OpportunityPolicy/PolicyTest.php" line="19" class="Tests\Unit\Playground\Lead\Api\Policies\OpportunityPolicy\PolicyTest" classname="Tests.Unit.Playground.Lead.Api.Policies.OpportunityPolicy.PolicyTest" assertions="1" time="0.042114"/>
      </testsuite>
      <testsuite name="Tests\Unit\Playground\Lead\Api\Policies\PlanPolicy\PolicyTest" file="/app/tests/Unit/Policies/PlanPolicy/PolicyTest.php" tests="1" assertions="1" errors="0" failures="0" skipped="0" time="0.040082">
        <testcase name="test_policy_instance" file="/app/tests/Unit/Policies/PlanPolicy/PolicyTest.php" line="19" class="Tests\Unit\Playground\Lead\Api\Policies\PlanPolicy\PolicyTest" classname="Tests.Unit.Playground.Lead.Api.Policies.PlanPolicy.PolicyTest" assertions="1" time="0.040082"/>
      </testsuite>
      <testsuite name="Tests\Unit\Playground\Lead\Api\Policies\RegionPolicy\PolicyTest" file="/app/tests/Unit/Policies/RegionPolicy/PolicyTest.php" tests="1" assertions="1" errors="0" failures="0" skipped="0" time="0.040190">
        <testcase name="test_policy_instance" file="/app/tests/Unit/Policies/RegionPolicy/PolicyTest.php" line="19" class="Tests\Unit\Playground\Lead\Api\Policies\RegionPolicy\PolicyTest" classname="Tests.Unit.Playground.Lead.Api.Policies.RegionPolicy.PolicyTest" assertions="1" time="0.040190"/>
      </testsuite>
      <testsuite name="Tests\Unit\Playground\Lead\Api\Policies\ReportPolicy\PolicyTest" file="/app/tests/Unit/Policies/ReportPolicy/PolicyTest.php" tests="1" assertions="1" errors="0" failures="0" skipped="0" time="0.042034">
        <testcase name="test_policy_instance" file="/app/tests/Unit/Policies/ReportPolicy/PolicyTest.php" line="19" class="Tests\Unit\Playground\Lead\Api\Policies\ReportPolicy\PolicyTest" classname="Tests.Unit.Playground.Lead.Api.Policies.ReportPolicy.PolicyTest" assertions="1" time="0.042034"/>
      </testsuite>
      <testsuite name="Tests\Unit\Playground\Lead\Api\Policies\SourcePolicy\PolicyTest" file="/app/tests/Unit/Policies/SourcePolicy/PolicyTest.php" tests="1" assertions="1" errors="0" failures="0" skipped="0" time="0.050688">
        <testcase name="test_policy_instance" file="/app/tests/Unit/Policies/SourcePolicy/PolicyTest.php" line="19" class="Tests\Unit\Playground\Lead\Api\Policies\SourcePolicy\PolicyTest" classname="Tests.Unit.Playground.Lead.Api.Policies.SourcePolicy.PolicyTest" assertions="1" time="0.050688"/>
      </testsuite>
      <testsuite name="Tests\Unit\Playground\Lead\Api\Policies\TaskPolicy\PolicyTest" file="/app/tests/Unit/Policies/TaskPolicy/PolicyTest.php" tests="1" assertions="1" errors="0" failures="0" skipped="0" time="0.040977">
        <testcase name="test_policy_instance" file="/app/tests/Unit/Policies/TaskPolicy/PolicyTest.php" line="19" class="Tests\Unit\Playground\Lead\Api\Policies\TaskPolicy\PolicyTest" classname="Tests.Unit.Playground.Lead.Api.Policies.TaskPolicy.PolicyTest" assertions="1" time="0.040977"/>
      </testsuite>
      <testsuite name="Tests\Unit\Playground\Lead\Api\Policies\TeamPolicy\PolicyTest" file="/app/tests/Unit/Policies/TeamPolicy/PolicyTest.php" tests="1" assertions="1" errors="0" failures="0" skipped="0" time="0.040120">
        <testcase name="test_policy_instance" file="/app/tests/Unit/Policies/TeamPolicy/PolicyTest.php" line="19" class="Tests\Unit\Playground\Lead\Api\Policies\TeamPolicy\PolicyTest" classname="Tests.Unit.Playground.Lead.Api.Policies.TeamPolicy.PolicyTest" assertions="1" time="0.040120"/>
      </testsuite>
      <testsuite name="Tests\Unit\Playground\Lead\Api\Policies\TeammatePolicy\PolicyTest" file="/app/tests/Unit/Policies/TeammatePolicy/PolicyTest.php" tests="1" assertions="1" errors="0" failures="0" skipped="0" time="0.040533">
        <testcase name="test_policy_instance" file="/app/tests/Unit/Policies/TeammatePolicy/PolicyTest.php" line="19" class="Tests\Unit\Playground\Lead\Api\Policies\TeammatePolicy\PolicyTest" classname="Tests.Unit.Playground.Lead.Api.Policies.TeammatePolicy.PolicyTest" assertions="1" time="0.040533"/>
      </testsuite>
      <testsuite name="Tests\Unit\Playground\Lead\Api\ServiceProvider\InstanceTest" file="/app/tests/Unit/ServiceProvider/InstanceTest.php" tests="4" assertions="8" errors="0" failures="0" skipped="0" time="0.163245">
        <testcase name="test_version_matches" file="/app/tests/Unit/ServiceProvider/InstanceTest.php" line="20" class="Tests\Unit\Playground\Lead\Api\ServiceProvider\InstanceTest" classname="Tests.Unit.Playground.Lead.Api.ServiceProvider.InstanceTest" assertions="3" time="0.039874"/>
        <testcase name="test_setPolicies_with_empty_array" file="/app/tests/Unit/ServiceProvider/InstanceTest.php" line="29" class="Tests\Unit\Playground\Lead\Api\ServiceProvider\InstanceTest" classname="Tests.Unit.Playground.Lead.Api.ServiceProvider.InstanceTest" assertions="1" time="0.039364"/>
        <testcase name="test_setPolicies_with_invalid_model" file="/app/tests/Unit/ServiceProvider/InstanceTest.php" line="43" class="Tests\Unit\Playground\Lead\Api\ServiceProvider\InstanceTest" classname="Tests.Unit.Playground.Lead.Api.ServiceProvider.InstanceTest" assertions="2" time="0.042693"/>
        <testcase name="test_setPolicies_with_invalid_policy" file="/app/tests/Unit/ServiceProvider/InstanceTest.php" line="72" class="Tests\Unit\Playground\Lead\Api\ServiceProvider\InstanceTest" classname="Tests.Unit.Playground.Lead.Api.ServiceProvider.InstanceTest" assertions="2" time="0.041313"/>
      </testsuite>
    </testsuite>
    <testsuite name="Feature" tests="387" assertions="13313" errors="0" failures="0" skipped="0" time="148.636309">
      <testsuite name="Tests\Feature\Playground\Lead\Api\Console\Commands\About\CommandTest" file="/app/tests/Feature/Console/Commands/About/CommandTest.php" tests="1" assertions="2" errors="0" failures="0" skipped="0" time="0.588151">
        <testcase name="test_command_about_displays_package_information_and_succeed" file="/app/tests/Feature/Console/Commands/About/CommandTest.php" line="20" class="Tests\Feature\Playground\Lead\Api\Console\Commands\About\CommandTest" classname="Tests.Feature.Playground.Lead.Api.Console.Commands.About.CommandTest" assertions="2" time="0.588151"/>
      </testsuite>
      <testsuite name="Tests\Feature\Playground\Lead\Api\Http\Controllers\Playground\CampaignRouteTest" file="/app/tests/Feature/Http/Controllers/Playground/CampaignRouteTest.php" tests="35" assertions="1210" errors="0" failures="0" skipped="0" time="13.156920">
        <testcase name="test_json_guest_cannot_get_create_info" file="/app/vendor/gammamatrix/playground-test/src/Feature/Http/Controllers/Resource/Playground/CreateJsonTrait.php" line="38" class="Tests\Feature\Playground\Lead\Api\Http\Controllers\Playground\CampaignRouteTest" classname="Tests.Feature.Playground.Lead.Api.Http.Controllers.Playground.CampaignRouteTest" assertions="1" time="0.398503"/>
        <testcase name="test_json_admin_can_get_create_info" file="/app/vendor/gammamatrix/playground-test/src/Feature/Http/Controllers/Resource/Playground/CreateJsonTrait.php" line="53" class="Tests\Feature\Playground\Lead\Api\Http\Controllers\Playground\CampaignRouteTest" classname="Tests.Feature.Playground.Lead.Api.Http.Controllers.Playground.CampaignRouteTest" assertions="123" time="0.399268"/>
        <testcase name="test_json_get_create_info_as_admin_with_invalid_parameter_and_fail_validation" file="/app/vendor/gammamatrix/playground-test/src/Feature/Http/Controllers/Resource/Playground/CreateJsonTrait.php" line="73" class="Tests\Feature\Playground\Lead\Api\Http\Controllers\Playground\CampaignRouteTest" classname="Tests.Feature.Playground.Lead.Api.Http.Controllers.Playground.CampaignRouteTest" assertions="4" time="0.365345"/>
        <testcase name="test_json_guest_cannot_destroy" file="/app/vendor/gammamatrix/playground-test/src/Feature/Http/Controllers/Resource/Playground/DestroyJsonTrait.php" line="31" class="Tests\Feature\Playground\Lead\Api\Http\Controllers\Playground\CampaignRouteTest" classname="Tests.Feature.Playground.Lead.Api.Http.Controllers.Playground.CampaignRouteTest" assertions="3" time="0.357732"/>
        <testcase name="test_json_destroy_as_admin_and_succeed" file="/app/vendor/gammamatrix/playground-test/src/Feature/Http/Controllers/Resource/Playground/DestroyJsonTrait.php" line="61" class="Tests\Feature\Playground\Lead\Api\Http\Controllers\Playground\CampaignRouteTest" classname="Tests.Feature.Playground.Lead.Api.Http.Controllers.Playground.CampaignRouteTest" assertions="5" time="0.367055"/>
        <testcase name="test_json_destroy_as_admin_and_succeed_with_force_delete" file="/app/vendor/gammamatrix/playground-test/src/Feature/Http/Controllers/Resource/Playground/DestroyJsonTrait.php" line="100" class="Tests\Feature\Playground\Lead\Api\Http\Controllers\Playground\CampaignRouteTest" classname="Tests.Feature.Playground.Lead.Api.Http.Controllers.Playground.CampaignRouteTest" assertions="4" time="0.360010"/>
        <testcase name="test_json_destroy_as_admin_and_succeed_with_no_content" file="/app/vendor/gammamatrix/playground-test/src/Feature/Http/Controllers/Resource/Playground/DestroyJsonTrait.php" line="132" class="Tests\Feature\Playground\Lead\Api\Http\Controllers\Playground\CampaignRouteTest" classname="Tests.Feature.Playground.Lead.Api.Http.Controllers.Playground.CampaignRouteTest" assertions="5" time="0.377391"/>
        <testcase name="test_json_destroy_as_admin_and_succeed_and_ignore_redirect" file="/app/vendor/gammamatrix/playground-test/src/Feature/Http/Controllers/Resource/Playground/DestroyJsonTrait.php" line="167" class="Tests\Feature\Playground\Lead\Api\Http\Controllers\Playground\CampaignRouteTest" classname="Tests.Feature.Playground.Lead.Api.Http.Controllers.Playground.CampaignRouteTest" assertions="5" time="0.388773"/>
        <testcase name="test_json_destroy_as_user_and_get_denied_and_no_force_delete_allowed" file="/app/vendor/gammamatrix/playground-test/src/Feature/Http/Controllers/Resource/Playground/DestroyJsonTrait.php" line="209" class="Tests\Feature\Playground\Lead\Api\Http\Controllers\Playground\CampaignRouteTest" classname="Tests.Feature.Playground.Lead.Api.Http.Controllers.Playground.CampaignRouteTest" assertions="3" time="0.378402"/>
        <testcase name="test_json_guest_cannot_get_edit_info" file="/app/vendor/gammamatrix/playground-test/src/Feature/Http/Controllers/Resource/Playground/EditJsonTrait.php" line="38" class="Tests\Feature\Playground\Lead\Api\Http\Controllers\Playground\CampaignRouteTest" classname="Tests.Feature.Playground.Lead.Api.Http.Controllers.Playground.CampaignRouteTest" assertions="1" time="0.368171"/>
        <testcase name="test_json_admin_can_get_edit_info" file="/app/vendor/gammamatrix/playground-test/src/Feature/Http/Controllers/Resource/Playground/EditJsonTrait.php" line="58" class="Tests\Feature\Playground\Lead\Api\Http\Controllers\Playground\CampaignRouteTest" classname="Tests.Feature.Playground.Lead.Api.Http.Controllers.Playground.CampaignRouteTest" assertions="4" time="0.400357"/>
        <testcase name="test_json_edit_as_admin_and_fail_validation_with_invalid_parameter" file="/app/vendor/gammamatrix/playground-test/src/Feature/Http/Controllers/Resource/Playground/EditJsonTrait.php" line="87" class="Tests\Feature\Playground\Lead\Api\Http\Controllers\Playground\CampaignRouteTest" classname="Tests.Feature.Playground.Lead.Api.Http.Controllers.Playground.CampaignRouteTest" assertions="4" time="0.373865"/>
        <testcase name="test_json_guest_cannot_get_index" file="/app/vendor/gammamatrix/playground-test/src/Feature/Http/Controllers/Resource/Playground/IndexJsonTrait.php" line="34" class="Tests\Feature\Playground\Lead\Api\Http\Controllers\Playground\CampaignRouteTest" classname="Tests.Feature.Playground.Lead.Api.Http.Controllers.Playground.CampaignRouteTest" assertions="1" time="0.350110"/>
        <testcase name="test_json_admin_can_get_index" file="/app/vendor/gammamatrix/playground-test/src/Feature/Http/Controllers/Resource/Playground/IndexJsonTrait.php" line="49" class="Tests\Feature\Playground\Lead\Api\Http\Controllers\Playground\CampaignRouteTest" classname="Tests.Feature.Playground.Lead.Api.Http.Controllers.Playground.CampaignRouteTest" assertions="130" time="0.392813"/>
        <testcase name="test_json_admin_can_get_index_with_filters" file="/app/vendor/gammamatrix/playground-test/src/Feature/Http/Controllers/Resource/Playground/IndexJsonTrait.php" line="85" class="Tests\Feature\Playground\Lead\Api\Http\Controllers\Playground\CampaignRouteTest" classname="Tests.Feature.Playground.Lead.Api.Http.Controllers.Playground.CampaignRouteTest" assertions="3" time="0.382706"/>
        <testcase name="test_json_guest_cannot_lock" file="/app/vendor/gammamatrix/playground-test/src/Feature/Http/Controllers/Resource/Playground/LockJsonTrait.php" line="36" class="Tests\Feature\Playground\Lead\Api\Http\Controllers\Playground\CampaignRouteTest" classname="Tests.Feature.Playground.Lead.Api.Http.Controllers.Playground.CampaignRouteTest" assertions="3" time="0.348714"/>
        <testcase name="test_json_lock_as_admin_and_succeed" file="/app/vendor/gammamatrix/playground-test/src/Feature/Http/Controllers/Resource/Playground/LockJsonTrait.php" line="66" class="Tests\Feature\Playground\Lead\Api\Http\Controllers\Playground\CampaignRouteTest" classname="Tests.Feature.Playground.Lead.Api.Http.Controllers.Playground.CampaignRouteTest" assertions="3" time="0.382933"/>
        <testcase name="test_json_lock_as_admin_and_succeed_with_no_redirect" file="/app/vendor/gammamatrix/playground-test/src/Feature/Http/Controllers/Resource/Playground/LockJsonTrait.php" line="98" class="Tests\Feature\Playground\Lead\Api\Http\Controllers\Playground\CampaignRouteTest" classname="Tests.Feature.Playground.Lead.Api.Http.Controllers.Playground.CampaignRouteTest" assertions="125" time="0.386354"/>
        <testcase name="test_json_lock_as_user_and_get_denied" file="/app/vendor/gammamatrix/playground-test/src/Feature/Http/Controllers/Resource/Playground/LockJsonTrait.php" line="143" class="Tests\Feature\Playground\Lead\Api\Http\Controllers\Playground\CampaignRouteTest" classname="Tests.Feature.Playground.Lead.Api.Http.Controllers.Playground.CampaignRouteTest" assertions="3" time="0.360098"/>
        <testcase name="test_json_guest_cannot_restore" file="/app/vendor/gammamatrix/playground-test/src/Feature/Http/Controllers/Resource/Playground/RestoreJsonTrait.php" line="32" class="Tests\Feature\Playground\Lead\Api\Http\Controllers\Playground\CampaignRouteTest" classname="Tests.Feature.Playground.Lead.Api.Http.Controllers.Playground.CampaignRouteTest" assertions="3" time="0.353931"/>
        <testcase name="test_json_restore_as_admin_and_succeed" file="/app/vendor/gammamatrix/playground-test/src/Feature/Http/Controllers/Resource/Playground/RestoreJsonTrait.php" line="64" class="Tests\Feature\Playground\Lead\Api\Http\Controllers\Playground\CampaignRouteTest" classname="Tests.Feature.Playground.Lead.Api.Http.Controllers.Playground.CampaignRouteTest" assertions="125" time="0.382931"/>
        <testcase name="test_json_restore_as_admin_and_succeed_with_no_redirect" file="/app/vendor/gammamatrix/playground-test/src/Feature/Http/Controllers/Resource/Playground/RestoreJsonTrait.php" line="100" class="Tests\Feature\Playground\Lead\Api\Http\Controllers\Playground\CampaignRouteTest" classname="Tests.Feature.Playground.Lead.Api.Http.Controllers.Playground.CampaignRouteTest" assertions="125" time="0.372237"/>
        <testcase name="test_json_restore_as_user_and_get_denied" file="/app/vendor/gammamatrix/playground-test/src/Feature/Http/Controllers/Resource/Playground/RestoreJsonTrait.php" line="143" class="Tests\Feature\Playground\Lead\Api\Http\Controllers\Playground\CampaignRouteTest" classname="Tests.Feature.Playground.Lead.Api.Http.Controllers.Playground.CampaignRouteTest" assertions="3" time="0.367107"/>
        <testcase name="test_json_guest_cannot_see_info" file="/app/vendor/gammamatrix/playground-test/src/Feature/Http/Controllers/Resource/Playground/ShowJsonTrait.php" line="29" class="Tests\Feature\Playground\Lead\Api\Http\Controllers\Playground\CampaignRouteTest" classname="Tests.Feature.Playground.Lead.Api.Http.Controllers.Playground.CampaignRouteTest" assertions="1" time="0.368516"/>
        <testcase name="test_json_show_info_for_admin" file="/app/vendor/gammamatrix/playground-test/src/Feature/Http/Controllers/Resource/Playground/ShowJsonTrait.php" line="49" class="Tests\Feature\Playground\Lead\Api\Http\Controllers\Playground\CampaignRouteTest" classname="Tests.Feature.Playground.Lead.Api.Http.Controllers.Playground.CampaignRouteTest" assertions="124" time="0.373520"/>
        <testcase name="test_json_guest_cannot_store" file="/app/vendor/gammamatrix/playground-test/src/Feature/Http/Controllers/Resource/Playground/StoreJsonTrait.php" line="43" class="Tests\Feature\Playground\Lead\Api\Http\Controllers\Playground\CampaignRouteTest" classname="Tests.Feature.Playground.Lead.Api.Http.Controllers.Playground.CampaignRouteTest" assertions="3" time="0.351831"/>
        <testcase name="test_json_store_as_admin_without_payload_and_fail_validation" file="/app/vendor/gammamatrix/playground-test/src/Feature/Http/Controllers/Resource/Playground/StoreJsonTrait.php" line="66" class="Tests\Feature\Playground\Lead\Api\Http\Controllers\Playground\CampaignRouteTest" classname="Tests.Feature.Playground.Lead.Api.Http.Controllers.Playground.CampaignRouteTest" assertions="5" time="0.362237"/>
        <testcase name="test_json_store_as_admin_and_succeed" file="/app/vendor/gammamatrix/playground-test/src/Feature/Http/Controllers/Resource/Playground/StoreJsonTrait.php" line="92" class="Tests\Feature\Playground\Lead\Api\Http\Controllers\Playground\CampaignRouteTest" classname="Tests.Feature.Playground.Lead.Api.Http.Controllers.Playground.CampaignRouteTest" assertions="3" time="0.427940"/>
        <testcase name="test_json_guest_cannot_unlock" file="/app/vendor/gammamatrix/playground-test/src/Feature/Http/Controllers/Resource/Playground/UnlockJsonTrait.php" line="36" class="Tests\Feature\Playground\Lead\Api\Http\Controllers\Playground\CampaignRouteTest" classname="Tests.Feature.Playground.Lead.Api.Http.Controllers.Playground.CampaignRouteTest" assertions="3" time="0.357962"/>
        <testcase name="test_json_unlock_as_admin_and_succeed" file="/app/vendor/gammamatrix/playground-test/src/Feature/Http/Controllers/Resource/Playground/UnlockJsonTrait.php" line="68" class="Tests\Feature\Playground\Lead\Api\Http\Controllers\Playground\CampaignRouteTest" classname="Tests.Feature.Playground.Lead.Api.Http.Controllers.Playground.CampaignRouteTest" assertions="125" time="0.379101"/>
        <testcase name="test_json_unlock_as_admin_and_succeed_with_no_redirect" file="/app/vendor/gammamatrix/playground-test/src/Feature/Http/Controllers/Resource/Playground/UnlockJsonTrait.php" line="104" class="Tests\Feature\Playground\Lead\Api\Http\Controllers\Playground\CampaignRouteTest" classname="Tests.Feature.Playground.Lead.Api.Http.Controllers.Playground.CampaignRouteTest" assertions="125" time="0.387983"/>
        <testcase name="test_json_unlock_as_user_and_get_denied" file="/app/vendor/gammamatrix/playground-test/src/Feature/Http/Controllers/Resource/Playground/UnlockJsonTrait.php" line="145" class="Tests\Feature\Playground\Lead\Api\Http\Controllers\Playground\CampaignRouteTest" classname="Tests.Feature.Playground.Lead.Api.Http.Controllers.Playground.CampaignRouteTest" assertions="3" time="0.362499"/>
        <testcase name="test_json_guest_cannot_update" file="/app/vendor/gammamatrix/playground-test/src/Feature/Http/Controllers/Resource/Playground/UpdateJsonTrait.php" line="45" class="Tests\Feature\Playground\Lead\Api\Http\Controllers\Playground\CampaignRouteTest" classname="Tests.Feature.Playground.Lead.Api.Http.Controllers.Playground.CampaignRouteTest" assertions="1" time="0.361906"/>
        <testcase name="test_json_update_as_admin_without_payload_and_fail_validation" file="/app/vendor/gammamatrix/playground-test/src/Feature/Http/Controllers/Resource/Playground/UpdateJsonTrait.php" line="65" class="Tests\Feature\Playground\Lead\Api\Http\Controllers\Playground\CampaignRouteTest" classname="Tests.Feature.Playground.Lead.Api.Http.Controllers.Playground.CampaignRouteTest" assertions="4" time="0.380069"/>
        <testcase name="test_json_admin_can_update" file="/app/vendor/gammamatrix/playground-test/src/Feature/Http/Controllers/Resource/Playground/UpdateJsonTrait.php" line="90" class="Tests\Feature\Playground\Lead\Api\Http\Controllers\Playground\CampaignRouteTest" classname="Tests.Feature.Playground.Lead.Api.Http.Controllers.Playground.CampaignRouteTest" assertions="127" time="0.428549"/>
      </testsuite>
      <testsuite name="Tests\Feature\Playground\Lead\Api\Http\Controllers\Playground\GoalRouteTest" file="/app/tests/Feature/Http/Controllers/Playground/GoalRouteTest.php" tests="35" assertions="1210" errors="0" failures="0" skipped="0" time="13.768790">
        <testcase name="test_json_guest_cannot_get_create_info" file="/app/vendor/gammamatrix/playground-test/src/Feature/Http/Controllers/Resource/Playground/CreateJsonTrait.php" line="38" class="Tests\Feature\Playground\Lead\Api\Http\Controllers\Playground\GoalRouteTest" classname="Tests.Feature.Playground.Lead.Api.Http.Controllers.Playground.GoalRouteTest" assertions="1" time="0.378271"/>
        <testcase name="test_json_admin_can_get_create_info" file="/app/vendor/gammamatrix/playground-test/src/Feature/Http/Controllers/Resource/Playground/CreateJsonTrait.php" line="53" class="Tests\Feature\Playground\Lead\Api\Http\Controllers\Playground\GoalRouteTest" classname="Tests.Feature.Playground.Lead.Api.Http.Controllers.Playground.GoalRouteTest" assertions="123" time="0.373107"/>
        <testcase name="test_json_get_create_info_as_admin_with_invalid_parameter_and_fail_validation" file="/app/vendor/gammamatrix/playground-test/src/Feature/Http/Controllers/Resource/Playground/CreateJsonTrait.php" line="73" class="Tests\Feature\Playground\Lead\Api\Http\Controllers\Playground\GoalRouteTest" classname="Tests.Feature.Playground.Lead.Api.Http.Controllers.Playground.GoalRouteTest" assertions="4" time="0.376307"/>
        <testcase name="test_json_guest_cannot_destroy" file="/app/vendor/gammamatrix/playground-test/src/Feature/Http/Controllers/Resource/Playground/DestroyJsonTrait.php" line="31" class="Tests\Feature\Playground\Lead\Api\Http\Controllers\Playground\GoalRouteTest" classname="Tests.Feature.Playground.Lead.Api.Http.Controllers.Playground.GoalRouteTest" assertions="3" time="0.378341"/>
        <testcase name="test_json_destroy_as_admin_and_succeed" file="/app/vendor/gammamatrix/playground-test/src/Feature/Http/Controllers/Resource/Playground/DestroyJsonTrait.php" line="61" class="Tests\Feature\Playground\Lead\Api\Http\Controllers\Playground\GoalRouteTest" classname="Tests.Feature.Playground.Lead.Api.Http.Controllers.Playground.GoalRouteTest" assertions="5" time="0.378984"/>
        <testcase name="test_json_destroy_as_admin_and_succeed_with_force_delete" file="/app/vendor/gammamatrix/playground-test/src/Feature/Http/Controllers/Resource/Playground/DestroyJsonTrait.php" line="100" class="Tests\Feature\Playground\Lead\Api\Http\Controllers\Playground\GoalRouteTest" classname="Tests.Feature.Playground.Lead.Api.Http.Controllers.Playground.GoalRouteTest" assertions="4" time="0.399364"/>
        <testcase name="test_json_destroy_as_admin_and_succeed_with_no_content" file="/app/vendor/gammamatrix/playground-test/src/Feature/Http/Controllers/Resource/Playground/DestroyJsonTrait.php" line="132" class="Tests\Feature\Playground\Lead\Api\Http\Controllers\Playground\GoalRouteTest" classname="Tests.Feature.Playground.Lead.Api.Http.Controllers.Playground.GoalRouteTest" assertions="5" time="0.399914"/>
        <testcase name="test_json_destroy_as_admin_and_succeed_and_ignore_redirect" file="/app/vendor/gammamatrix/playground-test/src/Feature/Http/Controllers/Resource/Playground/DestroyJsonTrait.php" line="167" class="Tests\Feature\Playground\Lead\Api\Http\Controllers\Playground\GoalRouteTest" classname="Tests.Feature.Playground.Lead.Api.Http.Controllers.Playground.GoalRouteTest" assertions="5" time="0.384188"/>
        <testcase name="test_json_destroy_as_user_and_get_denied_and_no_force_delete_allowed" file="/app/vendor/gammamatrix/playground-test/src/Feature/Http/Controllers/Resource/Playground/DestroyJsonTrait.php" line="209" class="Tests\Feature\Playground\Lead\Api\Http\Controllers\Playground\GoalRouteTest" classname="Tests.Feature.Playground.Lead.Api.Http.Controllers.Playground.GoalRouteTest" assertions="3" time="0.381295"/>
        <testcase name="test_json_guest_cannot_get_edit_info" file="/app/vendor/gammamatrix/playground-test/src/Feature/Http/Controllers/Resource/Playground/EditJsonTrait.php" line="38" class="Tests\Feature\Playground\Lead\Api\Http\Controllers\Playground\GoalRouteTest" classname="Tests.Feature.Playground.Lead.Api.Http.Controllers.Playground.GoalRouteTest" assertions="1" time="0.373846"/>
        <testcase name="test_json_admin_can_get_edit_info" file="/app/vendor/gammamatrix/playground-test/src/Feature/Http/Controllers/Resource/Playground/EditJsonTrait.php" line="58" class="Tests\Feature\Playground\Lead\Api\Http\Controllers\Playground\GoalRouteTest" classname="Tests.Feature.Playground.Lead.Api.Http.Controllers.Playground.GoalRouteTest" assertions="4" time="0.401936"/>
        <testcase name="test_json_edit_as_admin_and_fail_validation_with_invalid_parameter" file="/app/vendor/gammamatrix/playground-test/src/Feature/Http/Controllers/Resource/Playground/EditJsonTrait.php" line="87" class="Tests\Feature\Playground\Lead\Api\Http\Controllers\Playground\GoalRouteTest" classname="Tests.Feature.Playground.Lead.Api.Http.Controllers.Playground.GoalRouteTest" assertions="4" time="0.395148"/>
        <testcase name="test_json_guest_cannot_get_index" file="/app/vendor/gammamatrix/playground-test/src/Feature/Http/Controllers/Resource/Playground/IndexJsonTrait.php" line="34" class="Tests\Feature\Playground\Lead\Api\Http\Controllers\Playground\GoalRouteTest" classname="Tests.Feature.Playground.Lead.Api.Http.Controllers.Playground.GoalRouteTest" assertions="1" time="0.366296"/>
        <testcase name="test_json_admin_can_get_index" file="/app/vendor/gammamatrix/playground-test/src/Feature/Http/Controllers/Resource/Playground/IndexJsonTrait.php" line="49" class="Tests\Feature\Playground\Lead\Api\Http\Controllers\Playground\GoalRouteTest" classname="Tests.Feature.Playground.Lead.Api.Http.Controllers.Playground.GoalRouteTest" assertions="130" time="0.413622"/>
        <testcase name="test_json_admin_can_get_index_with_filters" file="/app/vendor/gammamatrix/playground-test/src/Feature/Http/Controllers/Resource/Playground/IndexJsonTrait.php" line="85" class="Tests\Feature\Playground\Lead\Api\Http\Controllers\Playground\GoalRouteTest" classname="Tests.Feature.Playground.Lead.Api.Http.Controllers.Playground.GoalRouteTest" assertions="3" time="0.418207"/>
        <testcase name="test_json_guest_cannot_lock" file="/app/vendor/gammamatrix/playground-test/src/Feature/Http/Controllers/Resource/Playground/LockJsonTrait.php" line="36" class="Tests\Feature\Playground\Lead\Api\Http\Controllers\Playground\GoalRouteTest" classname="Tests.Feature.Playground.Lead.Api.Http.Controllers.Playground.GoalRouteTest" assertions="3" time="0.374319"/>
        <testcase name="test_json_lock_as_admin_and_succeed" file="/app/vendor/gammamatrix/playground-test/src/Feature/Http/Controllers/Resource/Playground/LockJsonTrait.php" line="66" class="Tests\Feature\Playground\Lead\Api\Http\Controllers\Playground\GoalRouteTest" classname="Tests.Feature.Playground.Lead.Api.Http.Controllers.Playground.GoalRouteTest" assertions="3" time="0.400247"/>
        <testcase name="test_json_lock_as_admin_and_succeed_with_no_redirect" file="/app/vendor/gammamatrix/playground-test/src/Feature/Http/Controllers/Resource/Playground/LockJsonTrait.php" line="98" class="Tests\Feature\Playground\Lead\Api\Http\Controllers\Playground\GoalRouteTest" classname="Tests.Feature.Playground.Lead.Api.Http.Controllers.Playground.GoalRouteTest" assertions="125" time="0.391099"/>
        <testcase name="test_json_lock_as_user_and_get_denied" file="/app/vendor/gammamatrix/playground-test/src/Feature/Http/Controllers/Resource/Playground/LockJsonTrait.php" line="143" class="Tests\Feature\Playground\Lead\Api\Http\Controllers\Playground\GoalRouteTest" classname="Tests.Feature.Playground.Lead.Api.Http.Controllers.Playground.GoalRouteTest" assertions="3" time="0.382454"/>
        <testcase name="test_json_guest_cannot_restore" file="/app/vendor/gammamatrix/playground-test/src/Feature/Http/Controllers/Resource/Playground/RestoreJsonTrait.php" line="32" class="Tests\Feature\Playground\Lead\Api\Http\Controllers\Playground\GoalRouteTest" classname="Tests.Feature.Playground.Lead.Api.Http.Controllers.Playground.GoalRouteTest" assertions="3" time="0.385667"/>
        <testcase name="test_json_restore_as_admin_and_succeed" file="/app/vendor/gammamatrix/playground-test/src/Feature/Http/Controllers/Resource/Playground/RestoreJsonTrait.php" line="64" class="Tests\Feature\Playground\Lead\Api\Http\Controllers\Playground\GoalRouteTest" classname="Tests.Feature.Playground.Lead.Api.Http.Controllers.Playground.GoalRouteTest" assertions="125" time="0.397491"/>
        <testcase name="test_json_restore_as_admin_and_succeed_with_no_redirect" file="/app/vendor/gammamatrix/playground-test/src/Feature/Http/Controllers/Resource/Playground/RestoreJsonTrait.php" line="100" class="Tests\Feature\Playground\Lead\Api\Http\Controllers\Playground\GoalRouteTest" classname="Tests.Feature.Playground.Lead.Api.Http.Controllers.Playground.GoalRouteTest" assertions="125" time="0.419883"/>
        <testcase name="test_json_restore_as_user_and_get_denied" file="/app/vendor/gammamatrix/playground-test/src/Feature/Http/Controllers/Resource/Playground/RestoreJsonTrait.php" line="143" class="Tests\Feature\Playground\Lead\Api\Http\Controllers\Playground\GoalRouteTest" classname="Tests.Feature.Playground.Lead.Api.Http.Controllers.Playground.GoalRouteTest" assertions="3" time="0.388071"/>
        <testcase name="test_json_guest_cannot_see_info" file="/app/vendor/gammamatrix/playground-test/src/Feature/Http/Controllers/Resource/Playground/ShowJsonTrait.php" line="29" class="Tests\Feature\Playground\Lead\Api\Http\Controllers\Playground\GoalRouteTest" classname="Tests.Feature.Playground.Lead.Api.Http.Controllers.Playground.GoalRouteTest" assertions="1" time="0.372443"/>
        <testcase name="test_json_show_info_for_admin" file="/app/vendor/gammamatrix/playground-test/src/Feature/Http/Controllers/Resource/Playground/ShowJsonTrait.php" line="49" class="Tests\Feature\Playground\Lead\Api\Http\Controllers\Playground\GoalRouteTest" classname="Tests.Feature.Playground.Lead.Api.Http.Controllers.Playground.GoalRouteTest" assertions="124" time="0.401061"/>
        <testcase name="test_json_guest_cannot_store" file="/app/vendor/gammamatrix/playground-test/src/Feature/Http/Controllers/Resource/Playground/StoreJsonTrait.php" line="43" class="Tests\Feature\Playground\Lead\Api\Http\Controllers\Playground\GoalRouteTest" classname="Tests.Feature.Playground.Lead.Api.Http.Controllers.Playground.GoalRouteTest" assertions="3" time="0.374716"/>
        <testcase name="test_json_store_as_admin_without_payload_and_fail_validation" file="/app/vendor/gammamatrix/playground-test/src/Feature/Http/Controllers/Resource/Playground/StoreJsonTrait.php" line="66" class="Tests\Feature\Playground\Lead\Api\Http\Controllers\Playground\GoalRouteTest" classname="Tests.Feature.Playground.Lead.Api.Http.Controllers.Playground.GoalRouteTest" assertions="5" time="0.390867"/>
        <testcase name="test_json_store_as_admin_and_succeed" file="/app/vendor/gammamatrix/playground-test/src/Feature/Http/Controllers/Resource/Playground/StoreJsonTrait.php" line="92" class="Tests\Feature\Playground\Lead\Api\Http\Controllers\Playground\GoalRouteTest" classname="Tests.Feature.Playground.Lead.Api.Http.Controllers.Playground.GoalRouteTest" assertions="3" time="0.428257"/>
        <testcase name="test_json_guest_cannot_unlock" file="/app/vendor/gammamatrix/playground-test/src/Feature/Http/Controllers/Resource/Playground/UnlockJsonTrait.php" line="36" class="Tests\Feature\Playground\Lead\Api\Http\Controllers\Playground\GoalRouteTest" classname="Tests.Feature.Playground.Lead.Api.Http.Controllers.Playground.GoalRouteTest" assertions="3" time="0.370213"/>
        <testcase name="test_json_unlock_as_admin_and_succeed" file="/app/vendor/gammamatrix/playground-test/src/Feature/Http/Controllers/Resource/Playground/UnlockJsonTrait.php" line="68" class="Tests\Feature\Playground\Lead\Api\Http\Controllers\Playground\GoalRouteTest" classname="Tests.Feature.Playground.Lead.Api.Http.Controllers.Playground.GoalRouteTest" assertions="125" time="0.412618"/>
        <testcase name="test_json_unlock_as_admin_and_succeed_with_no_redirect" file="/app/vendor/gammamatrix/playground-test/src/Feature/Http/Controllers/Resource/Playground/UnlockJsonTrait.php" line="104" class="Tests\Feature\Playground\Lead\Api\Http\Controllers\Playground\GoalRouteTest" classname="Tests.Feature.Playground.Lead.Api.Http.Controllers.Playground.GoalRouteTest" assertions="125" time="0.401761"/>
        <testcase name="test_json_unlock_as_user_and_get_denied" file="/app/vendor/gammamatrix/playground-test/src/Feature/Http/Controllers/Resource/Playground/UnlockJsonTrait.php" line="145" class="Tests\Feature\Playground\Lead\Api\Http\Controllers\Playground\GoalRouteTest" classname="Tests.Feature.Playground.Lead.Api.Http.Controllers.Playground.GoalRouteTest" assertions="3" time="0.386993"/>
        <testcase name="test_json_guest_cannot_update" file="/app/vendor/gammamatrix/playground-test/src/Feature/Http/Controllers/Resource/Playground/UpdateJsonTrait.php" line="45" class="Tests\Feature\Playground\Lead\Api\Http\Controllers\Playground\GoalRouteTest" classname="Tests.Feature.Playground.Lead.Api.Http.Controllers.Playground.GoalRouteTest" assertions="1" time="0.393394"/>
        <testcase name="test_json_update_as_admin_without_payload_and_fail_validation" file="/app/vendor/gammamatrix/playground-test/src/Feature/Http/Controllers/Resource/Playground/UpdateJsonTrait.php" line="65" class="Tests\Feature\Playground\Lead\Api\Http\Controllers\Playground\GoalRouteTest" classname="Tests.Feature.Playground.Lead.Api.Http.Controllers.Playground.GoalRouteTest" assertions="4" time="0.401807"/>
        <testcase name="test_json_admin_can_update" file="/app/vendor/gammamatrix/playground-test/src/Feature/Http/Controllers/Resource/Playground/UpdateJsonTrait.php" line="90" class="Tests\Feature\Playground\Lead\Api\Http\Controllers\Playground\GoalRouteTest" classname="Tests.Feature.Playground.Lead.Api.Http.Controllers.Playground.GoalRouteTest" assertions="127" time="0.476601"/>
      </testsuite>
      <testsuite name="Tests\Feature\Playground\Lead\Api\Http\Controllers\Playground\LeadRouteTest" file="/app/tests/Feature/Http/Controllers/Playground/LeadRouteTest.php" tests="35" assertions="1210" errors="0" failures="0" skipped="0" time="13.394973">
        <testcase name="test_json_guest_cannot_get_create_info" file="/app/vendor/gammamatrix/playground-test/src/Feature/Http/Controllers/Resource/Playground/CreateJsonTrait.php" line="38" class="Tests\Feature\Playground\Lead\Api\Http\Controllers\Playground\LeadRouteTest" classname="Tests.Feature.Playground.Lead.Api.Http.Controllers.Playground.LeadRouteTest" assertions="1" time="0.389482"/>
        <testcase name="test_json_admin_can_get_create_info" file="/app/vendor/gammamatrix/playground-test/src/Feature/Http/Controllers/Resource/Playground/CreateJsonTrait.php" line="53" class="Tests\Feature\Playground\Lead\Api\Http\Controllers\Playground\LeadRouteTest" classname="Tests.Feature.Playground.Lead.Api.Http.Controllers.Playground.LeadRouteTest" assertions="123" time="0.391325"/>
        <testcase name="test_json_get_create_info_as_admin_with_invalid_parameter_and_fail_validation" file="/app/vendor/gammamatrix/playground-test/src/Feature/Http/Controllers/Resource/Playground/CreateJsonTrait.php" line="73" class="Tests\Feature\Playground\Lead\Api\Http\Controllers\Playground\LeadRouteTest" classname="Tests.Feature.Playground.Lead.Api.Http.Controllers.Playground.LeadRouteTest" assertions="4" time="0.379369"/>
        <testcase name="test_json_guest_cannot_destroy" file="/app/vendor/gammamatrix/playground-test/src/Feature/Http/Controllers/Resource/Playground/DestroyJsonTrait.php" line="31" class="Tests\Feature\Playground\Lead\Api\Http\Controllers\Playground\LeadRouteTest" classname="Tests.Feature.Playground.Lead.Api.Http.Controllers.Playground.LeadRouteTest" assertions="3" time="0.358992"/>
        <testcase name="test_json_destroy_as_admin_and_succeed" file="/app/vendor/gammamatrix/playground-test/src/Feature/Http/Controllers/Resource/Playground/DestroyJsonTrait.php" line="61" class="Tests\Feature\Playground\Lead\Api\Http\Controllers\Playground\LeadRouteTest" classname="Tests.Feature.Playground.Lead.Api.Http.Controllers.Playground.LeadRouteTest" assertions="5" time="0.375752"/>
        <testcase name="test_json_destroy_as_admin_and_succeed_with_force_delete" file="/app/vendor/gammamatrix/playground-test/src/Feature/Http/Controllers/Resource/Playground/DestroyJsonTrait.php" line="100" class="Tests\Feature\Playground\Lead\Api\Http\Controllers\Playground\LeadRouteTest" classname="Tests.Feature.Playground.Lead.Api.Http.Controllers.Playground.LeadRouteTest" assertions="4" time="0.360711"/>
        <testcase name="test_json_destroy_as_admin_and_succeed_with_no_content" file="/app/vendor/gammamatrix/playground-test/src/Feature/Http/Controllers/Resource/Playground/DestroyJsonTrait.php" line="132" class="Tests\Feature\Playground\Lead\Api\Http\Controllers\Playground\LeadRouteTest" classname="Tests.Feature.Playground.Lead.Api.Http.Controllers.Playground.LeadRouteTest" assertions="5" time="0.365530"/>
        <testcase name="test_json_destroy_as_admin_and_succeed_and_ignore_redirect" file="/app/vendor/gammamatrix/playground-test/src/Feature/Http/Controllers/Resource/Playground/DestroyJsonTrait.php" line="167" class="Tests\Feature\Playground\Lead\Api\Http\Controllers\Playground\LeadRouteTest" classname="Tests.Feature.Playground.Lead.Api.Http.Controllers.Playground.LeadRouteTest" assertions="5" time="0.376871"/>
        <testcase name="test_json_destroy_as_user_and_get_denied_and_no_force_delete_allowed" file="/app/vendor/gammamatrix/playground-test/src/Feature/Http/Controllers/Resource/Playground/DestroyJsonTrait.php" line="209" class="Tests\Feature\Playground\Lead\Api\Http\Controllers\Playground\LeadRouteTest" classname="Tests.Feature.Playground.Lead.Api.Http.Controllers.Playground.LeadRouteTest" assertions="3" time="0.368683"/>
        <testcase name="test_json_guest_cannot_get_edit_info" file="/app/vendor/gammamatrix/playground-test/src/Feature/Http/Controllers/Resource/Playground/EditJsonTrait.php" line="38" class="Tests\Feature\Playground\Lead\Api\Http\Controllers\Playground\LeadRouteTest" classname="Tests.Feature.Playground.Lead.Api.Http.Controllers.Playground.LeadRouteTest" assertions="1" time="0.362218"/>
        <testcase name="test_json_admin_can_get_edit_info" file="/app/vendor/gammamatrix/playground-test/src/Feature/Http/Controllers/Resource/Playground/EditJsonTrait.php" line="58" class="Tests\Feature\Playground\Lead\Api\Http\Controllers\Playground\LeadRouteTest" classname="Tests.Feature.Playground.Lead.Api.Http.Controllers.Playground.LeadRouteTest" assertions="4" time="0.412232"/>
        <testcase name="test_json_edit_as_admin_and_fail_validation_with_invalid_parameter" file="/app/vendor/gammamatrix/playground-test/src/Feature/Http/Controllers/Resource/Playground/EditJsonTrait.php" line="87" class="Tests\Feature\Playground\Lead\Api\Http\Controllers\Playground\LeadRouteTest" classname="Tests.Feature.Playground.Lead.Api.Http.Controllers.Playground.LeadRouteTest" assertions="4" time="0.383075"/>
        <testcase name="test_json_guest_cannot_get_index" file="/app/vendor/gammamatrix/playground-test/src/Feature/Http/Controllers/Resource/Playground/IndexJsonTrait.php" line="34" class="Tests\Feature\Playground\Lead\Api\Http\Controllers\Playground\LeadRouteTest" classname="Tests.Feature.Playground.Lead.Api.Http.Controllers.Playground.LeadRouteTest" assertions="1" time="0.367522"/>
        <testcase name="test_json_admin_can_get_index" file="/app/vendor/gammamatrix/playground-test/src/Feature/Http/Controllers/Resource/Playground/IndexJsonTrait.php" line="49" class="Tests\Feature\Playground\Lead\Api\Http\Controllers\Playground\LeadRouteTest" classname="Tests.Feature.Playground.Lead.Api.Http.Controllers.Playground.LeadRouteTest" assertions="130" time="0.388486"/>
        <testcase name="test_json_admin_can_get_index_with_filters" file="/app/vendor/gammamatrix/playground-test/src/Feature/Http/Controllers/Resource/Playground/IndexJsonTrait.php" line="85" class="Tests\Feature\Playground\Lead\Api\Http\Controllers\Playground\LeadRouteTest" classname="Tests.Feature.Playground.Lead.Api.Http.Controllers.Playground.LeadRouteTest" assertions="3" time="0.396095"/>
        <testcase name="test_json_guest_cannot_lock" file="/app/vendor/gammamatrix/playground-test/src/Feature/Http/Controllers/Resource/Playground/LockJsonTrait.php" line="36" class="Tests\Feature\Playground\Lead\Api\Http\Controllers\Playground\LeadRouteTest" classname="Tests.Feature.Playground.Lead.Api.Http.Controllers.Playground.LeadRouteTest" assertions="3" time="0.377491"/>
        <testcase name="test_json_lock_as_admin_and_succeed" file="/app/vendor/gammamatrix/playground-test/src/Feature/Http/Controllers/Resource/Playground/LockJsonTrait.php" line="66" class="Tests\Feature\Playground\Lead\Api\Http\Controllers\Playground\LeadRouteTest" classname="Tests.Feature.Playground.Lead.Api.Http.Controllers.Playground.LeadRouteTest" assertions="3" time="0.382543"/>
        <testcase name="test_json_lock_as_admin_and_succeed_with_no_redirect" file="/app/vendor/gammamatrix/playground-test/src/Feature/Http/Controllers/Resource/Playground/LockJsonTrait.php" line="98" class="Tests\Feature\Playground\Lead\Api\Http\Controllers\Playground\LeadRouteTest" classname="Tests.Feature.Playground.Lead.Api.Http.Controllers.Playground.LeadRouteTest" assertions="125" time="0.382693"/>
        <testcase name="test_json_lock_as_user_and_get_denied" file="/app/vendor/gammamatrix/playground-test/src/Feature/Http/Controllers/Resource/Playground/LockJsonTrait.php" line="143" class="Tests\Feature\Playground\Lead\Api\Http\Controllers\Playground\LeadRouteTest" classname="Tests.Feature.Playground.Lead.Api.Http.Controllers.Playground.LeadRouteTest" assertions="3" time="0.380282"/>
        <testcase name="test_json_guest_cannot_restore" file="/app/vendor/gammamatrix/playground-test/src/Feature/Http/Controllers/Resource/Playground/RestoreJsonTrait.php" line="32" class="Tests\Feature\Playground\Lead\Api\Http\Controllers\Playground\LeadRouteTest" classname="Tests.Feature.Playground.Lead.Api.Http.Controllers.Playground.LeadRouteTest" assertions="3" time="0.357170"/>
        <testcase name="test_json_restore_as_admin_and_succeed" file="/app/vendor/gammamatrix/playground-test/src/Feature/Http/Controllers/Resource/Playground/RestoreJsonTrait.php" line="64" class="Tests\Feature\Playground\Lead\Api\Http\Controllers\Playground\LeadRouteTest" classname="Tests.Feature.Playground.Lead.Api.Http.Controllers.Playground.LeadRouteTest" assertions="125" time="0.392472"/>
        <testcase name="test_json_restore_as_admin_and_succeed_with_no_redirect" file="/app/vendor/gammamatrix/playground-test/src/Feature/Http/Controllers/Resource/Playground/RestoreJsonTrait.php" line="100" class="Tests\Feature\Playground\Lead\Api\Http\Controllers\Playground\LeadRouteTest" classname="Tests.Feature.Playground.Lead.Api.Http.Controllers.Playground.LeadRouteTest" assertions="125" time="0.391469"/>
        <testcase name="test_json_restore_as_user_and_get_denied" file="/app/vendor/gammamatrix/playground-test/src/Feature/Http/Controllers/Resource/Playground/RestoreJsonTrait.php" line="143" class="Tests\Feature\Playground\Lead\Api\Http\Controllers\Playground\LeadRouteTest" classname="Tests.Feature.Playground.Lead.Api.Http.Controllers.Playground.LeadRouteTest" assertions="3" time="0.388105"/>
        <testcase name="test_json_guest_cannot_see_info" file="/app/vendor/gammamatrix/playground-test/src/Feature/Http/Controllers/Resource/Playground/ShowJsonTrait.php" line="29" class="Tests\Feature\Playground\Lead\Api\Http\Controllers\Playground\LeadRouteTest" classname="Tests.Feature.Playground.Lead.Api.Http.Controllers.Playground.LeadRouteTest" assertions="1" time="0.366916"/>
        <testcase name="test_json_show_info_for_admin" file="/app/vendor/gammamatrix/playground-test/src/Feature/Http/Controllers/Resource/Playground/ShowJsonTrait.php" line="49" class="Tests\Feature\Playground\Lead\Api\Http\Controllers\Playground\LeadRouteTest" classname="Tests.Feature.Playground.Lead.Api.Http.Controllers.Playground.LeadRouteTest" assertions="124" time="0.375000"/>
        <testcase name="test_json_guest_cannot_store" file="/app/vendor/gammamatrix/playground-test/src/Feature/Http/Controllers/Resource/Playground/StoreJsonTrait.php" line="43" class="Tests\Feature\Playground\Lead\Api\Http\Controllers\Playground\LeadRouteTest" classname="Tests.Feature.Playground.Lead.Api.Http.Controllers.Playground.LeadRouteTest" assertions="3" time="0.361490"/>
        <testcase name="test_json_store_as_admin_without_payload_and_fail_validation" file="/app/vendor/gammamatrix/playground-test/src/Feature/Http/Controllers/Resource/Playground/StoreJsonTrait.php" line="66" class="Tests\Feature\Playground\Lead\Api\Http\Controllers\Playground\LeadRouteTest" classname="Tests.Feature.Playground.Lead.Api.Http.Controllers.Playground.LeadRouteTest" assertions="5" time="0.386301"/>
        <testcase name="test_json_store_as_admin_and_succeed" file="/app/vendor/gammamatrix/playground-test/src/Feature/Http/Controllers/Resource/Playground/StoreJsonTrait.php" line="92" class="Tests\Feature\Playground\Lead\Api\Http\Controllers\Playground\LeadRouteTest" classname="Tests.Feature.Playground.Lead.Api.Http.Controllers.Playground.LeadRouteTest" assertions="3" time="0.411923"/>
        <testcase name="test_json_guest_cannot_unlock" file="/app/vendor/gammamatrix/playground-test/src/Feature/Http/Controllers/Resource/Playground/UnlockJsonTrait.php" line="36" class="Tests\Feature\Playground\Lead\Api\Http\Controllers\Playground\LeadRouteTest" classname="Tests.Feature.Playground.Lead.Api.Http.Controllers.Playground.LeadRouteTest" assertions="3" time="0.368110"/>
        <testcase name="test_json_unlock_as_admin_and_succeed" file="/app/vendor/gammamatrix/playground-test/src/Feature/Http/Controllers/Resource/Playground/UnlockJsonTrait.php" line="68" class="Tests\Feature\Playground\Lead\Api\Http\Controllers\Playground\LeadRouteTest" classname="Tests.Feature.Playground.Lead.Api.Http.Controllers.Playground.LeadRouteTest" assertions="125" time="0.398635"/>
        <testcase name="test_json_unlock_as_admin_and_succeed_with_no_redirect" file="/app/vendor/gammamatrix/playground-test/src/Feature/Http/Controllers/Resource/Playground/UnlockJsonTrait.php" line="104" class="Tests\Feature\Playground\Lead\Api\Http\Controllers\Playground\LeadRouteTest" classname="Tests.Feature.Playground.Lead.Api.Http.Controllers.Playground.LeadRouteTest" assertions="125" time="0.384561"/>
        <testcase name="test_json_unlock_as_user_and_get_denied" file="/app/vendor/gammamatrix/playground-test/src/Feature/Http/Controllers/Resource/Playground/UnlockJsonTrait.php" line="145" class="Tests\Feature\Playground\Lead\Api\Http\Controllers\Playground\LeadRouteTest" classname="Tests.Feature.Playground.Lead.Api.Http.Controllers.Playground.LeadRouteTest" assertions="3" time="0.404100"/>
        <testcase name="test_json_guest_cannot_update" file="/app/vendor/gammamatrix/playground-test/src/Feature/Http/Controllers/Resource/Playground/UpdateJsonTrait.php" line="45" class="Tests\Feature\Playground\Lead\Api\Http\Controllers\Playground\LeadRouteTest" classname="Tests.Feature.Playground.Lead.Api.Http.Controllers.Playground.LeadRouteTest" assertions="1" time="0.364522"/>
        <testcase name="test_json_update_as_admin_without_payload_and_fail_validation" file="/app/vendor/gammamatrix/playground-test/src/Feature/Http/Controllers/Resource/Playground/UpdateJsonTrait.php" line="65" class="Tests\Feature\Playground\Lead\Api\Http\Controllers\Playground\LeadRouteTest" classname="Tests.Feature.Playground.Lead.Api.Http.Controllers.Playground.LeadRouteTest" assertions="4" time="0.387791"/>
        <testcase name="test_json_admin_can_update" file="/app/vendor/gammamatrix/playground-test/src/Feature/Http/Controllers/Resource/Playground/UpdateJsonTrait.php" line="90" class="Tests\Feature\Playground\Lead\Api\Http\Controllers\Playground\LeadRouteTest" classname="Tests.Feature.Playground.Lead.Api.Http.Controllers.Playground.LeadRouteTest" assertions="127" time="0.457056"/>
      </testsuite>
      <testsuite name="Tests\Feature\Playground\Lead\Api\Http\Controllers\Playground\OpportunityRouteTest" file="/app/tests/Feature/Http/Controllers/Playground/OpportunityRouteTest.php" tests="35" assertions="1210" errors="0" failures="0" skipped="0" time="13.441302">
        <testcase name="test_json_guest_cannot_get_create_info" file="/app/vendor/gammamatrix/playground-test/src/Feature/Http/Controllers/Resource/Playground/CreateJsonTrait.php" line="38" class="Tests\Feature\Playground\Lead\Api\Http\Controllers\Playground\OpportunityRouteTest" classname="Tests.Feature.Playground.Lead.Api.Http.Controllers.Playground.OpportunityRouteTest" assertions="1" time="0.374799"/>
        <testcase name="test_json_admin_can_get_create_info" file="/app/vendor/gammamatrix/playground-test/src/Feature/Http/Controllers/Resource/Playground/CreateJsonTrait.php" line="53" class="Tests\Feature\Playground\Lead\Api\Http\Controllers\Playground\OpportunityRouteTest" classname="Tests.Feature.Playground.Lead.Api.Http.Controllers.Playground.OpportunityRouteTest" assertions="123" time="0.389650"/>
        <testcase name="test_json_get_create_info_as_admin_with_invalid_parameter_and_fail_validation" file="/app/vendor/gammamatrix/playground-test/src/Feature/Http/Controllers/Resource/Playground/CreateJsonTrait.php" line="73" class="Tests\Feature\Playground\Lead\Api\Http\Controllers\Playground\OpportunityRouteTest" classname="Tests.Feature.Playground.Lead.Api.Http.Controllers.Playground.OpportunityRouteTest" assertions="4" time="0.366820"/>
        <testcase name="test_json_guest_cannot_destroy" file="/app/vendor/gammamatrix/playground-test/src/Feature/Http/Controllers/Resource/Playground/DestroyJsonTrait.php" line="31" class="Tests\Feature\Playground\Lead\Api\Http\Controllers\Playground\OpportunityRouteTest" classname="Tests.Feature.Playground.Lead.Api.Http.Controllers.Playground.OpportunityRouteTest" assertions="3" time="0.365616"/>
        <testcase name="test_json_destroy_as_admin_and_succeed" file="/app/vendor/gammamatrix/playground-test/src/Feature/Http/Controllers/Resource/Playground/DestroyJsonTrait.php" line="61" class="Tests\Feature\Playground\Lead\Api\Http\Controllers\Playground\OpportunityRouteTest" classname="Tests.Feature.Playground.Lead.Api.Http.Controllers.Playground.OpportunityRouteTest" assertions="5" time="0.388058"/>
        <testcase name="test_json_destroy_as_admin_and_succeed_with_force_delete" file="/app/vendor/gammamatrix/playground-test/src/Feature/Http/Controllers/Resource/Playground/DestroyJsonTrait.php" line="100" class="Tests\Feature\Playground\Lead\Api\Http\Controllers\Playground\OpportunityRouteTest" classname="Tests.Feature.Playground.Lead.Api.Http.Controllers.Playground.OpportunityRouteTest" assertions="4" time="0.380493"/>
        <testcase name="test_json_destroy_as_admin_and_succeed_with_no_content" file="/app/vendor/gammamatrix/playground-test/src/Feature/Http/Controllers/Resource/Playground/DestroyJsonTrait.php" line="132" class="Tests\Feature\Playground\Lead\Api\Http\Controllers\Playground\OpportunityRouteTest" classname="Tests.Feature.Playground.Lead.Api.Http.Controllers.Playground.OpportunityRouteTest" assertions="5" time="0.388445"/>
        <testcase name="test_json_destroy_as_admin_and_succeed_and_ignore_redirect" file="/app/vendor/gammamatrix/playground-test/src/Feature/Http/Controllers/Resource/Playground/DestroyJsonTrait.php" line="167" class="Tests\Feature\Playground\Lead\Api\Http\Controllers\Playground\OpportunityRouteTest" classname="Tests.Feature.Playground.Lead.Api.Http.Controllers.Playground.OpportunityRouteTest" assertions="5" time="0.378901"/>
        <testcase name="test_json_destroy_as_user_and_get_denied_and_no_force_delete_allowed" file="/app/vendor/gammamatrix/playground-test/src/Feature/Http/Controllers/Resource/Playground/DestroyJsonTrait.php" line="209" class="Tests\Feature\Playground\Lead\Api\Http\Controllers\Playground\OpportunityRouteTest" classname="Tests.Feature.Playground.Lead.Api.Http.Controllers.Playground.OpportunityRouteTest" assertions="3" time="0.370078"/>
        <testcase name="test_json_guest_cannot_get_edit_info" file="/app/vendor/gammamatrix/playground-test/src/Feature/Http/Controllers/Resource/Playground/EditJsonTrait.php" line="38" class="Tests\Feature\Playground\Lead\Api\Http\Controllers\Playground\OpportunityRouteTest" classname="Tests.Feature.Playground.Lead.Api.Http.Controllers.Playground.OpportunityRouteTest" assertions="1" time="0.368091"/>
        <testcase name="test_json_admin_can_get_edit_info" file="/app/vendor/gammamatrix/playground-test/src/Feature/Http/Controllers/Resource/Playground/EditJsonTrait.php" line="58" class="Tests\Feature\Playground\Lead\Api\Http\Controllers\Playground\OpportunityRouteTest" classname="Tests.Feature.Playground.Lead.Api.Http.Controllers.Playground.OpportunityRouteTest" assertions="4" time="0.391369"/>
        <testcase name="test_json_edit_as_admin_and_fail_validation_with_invalid_parameter" file="/app/vendor/gammamatrix/playground-test/src/Feature/Http/Controllers/Resource/Playground/EditJsonTrait.php" line="87" class="Tests\Feature\Playground\Lead\Api\Http\Controllers\Playground\OpportunityRouteTest" classname="Tests.Feature.Playground.Lead.Api.Http.Controllers.Playground.OpportunityRouteTest" assertions="4" time="0.389956"/>
        <testcase name="test_json_guest_cannot_get_index" file="/app/vendor/gammamatrix/playground-test/src/Feature/Http/Controllers/Resource/Playground/IndexJsonTrait.php" line="34" class="Tests\Feature\Playground\Lead\Api\Http\Controllers\Playground\OpportunityRouteTest" classname="Tests.Feature.Playground.Lead.Api.Http.Controllers.Playground.OpportunityRouteTest" assertions="1" time="0.364116"/>
        <testcase name="test_json_admin_can_get_index" file="/app/vendor/gammamatrix/playground-test/src/Feature/Http/Controllers/Resource/Playground/IndexJsonTrait.php" line="49" class="Tests\Feature\Playground\Lead\Api\Http\Controllers\Playground\OpportunityRouteTest" classname="Tests.Feature.Playground.Lead.Api.Http.Controllers.Playground.OpportunityRouteTest" assertions="130" time="0.387377"/>
        <testcase name="test_json_admin_can_get_index_with_filters" file="/app/vendor/gammamatrix/playground-test/src/Feature/Http/Controllers/Resource/Playground/IndexJsonTrait.php" line="85" class="Tests\Feature\Playground\Lead\Api\Http\Controllers\Playground\OpportunityRouteTest" classname="Tests.Feature.Playground.Lead.Api.Http.Controllers.Playground.OpportunityRouteTest" assertions="3" time="0.418513"/>
        <testcase name="test_json_guest_cannot_lock" file="/app/vendor/gammamatrix/playground-test/src/Feature/Http/Controllers/Resource/Playground/LockJsonTrait.php" line="36" class="Tests\Feature\Playground\Lead\Api\Http\Controllers\Playground\OpportunityRouteTest" classname="Tests.Feature.Playground.Lead.Api.Http.Controllers.Playground.OpportunityRouteTest" assertions="3" time="0.362435"/>
        <testcase name="test_json_lock_as_admin_and_succeed" file="/app/vendor/gammamatrix/playground-test/src/Feature/Http/Controllers/Resource/Playground/LockJsonTrait.php" line="66" class="Tests\Feature\Playground\Lead\Api\Http\Controllers\Playground\OpportunityRouteTest" classname="Tests.Feature.Playground.Lead.Api.Http.Controllers.Playground.OpportunityRouteTest" assertions="3" time="0.383098"/>
        <testcase name="test_json_lock_as_admin_and_succeed_with_no_redirect" file="/app/vendor/gammamatrix/playground-test/src/Feature/Http/Controllers/Resource/Playground/LockJsonTrait.php" line="98" class="Tests\Feature\Playground\Lead\Api\Http\Controllers\Playground\OpportunityRouteTest" classname="Tests.Feature.Playground.Lead.Api.Http.Controllers.Playground.OpportunityRouteTest" assertions="125" time="0.391117"/>
        <testcase name="test_json_lock_as_user_and_get_denied" file="/app/vendor/gammamatrix/playground-test/src/Feature/Http/Controllers/Resource/Playground/LockJsonTrait.php" line="143" class="Tests\Feature\Playground\Lead\Api\Http\Controllers\Playground\OpportunityRouteTest" classname="Tests.Feature.Playground.Lead.Api.Http.Controllers.Playground.OpportunityRouteTest" assertions="3" time="0.382692"/>
        <testcase name="test_json_guest_cannot_restore" file="/app/vendor/gammamatrix/playground-test/src/Feature/Http/Controllers/Resource/Playground/RestoreJsonTrait.php" line="32" class="Tests\Feature\Playground\Lead\Api\Http\Controllers\Playground\OpportunityRouteTest" classname="Tests.Feature.Playground.Lead.Api.Http.Controllers.Playground.OpportunityRouteTest" assertions="3" time="0.361102"/>
        <testcase name="test_json_restore_as_admin_and_succeed" file="/app/vendor/gammamatrix/playground-test/src/Feature/Http/Controllers/Resource/Playground/RestoreJsonTrait.php" line="64" class="Tests\Feature\Playground\Lead\Api\Http\Controllers\Playground\OpportunityRouteTest" classname="Tests.Feature.Playground.Lead.Api.Http.Controllers.Playground.OpportunityRouteTest" assertions="125" time="0.401993"/>
        <testcase name="test_json_restore_as_admin_and_succeed_with_no_redirect" file="/app/vendor/gammamatrix/playground-test/src/Feature/Http/Controllers/Resource/Playground/RestoreJsonTrait.php" line="100" class="Tests\Feature\Playground\Lead\Api\Http\Controllers\Playground\OpportunityRouteTest" classname="Tests.Feature.Playground.Lead.Api.Http.Controllers.Playground.OpportunityRouteTest" assertions="125" time="0.386001"/>
        <testcase name="test_json_restore_as_user_and_get_denied" file="/app/vendor/gammamatrix/playground-test/src/Feature/Http/Controllers/Resource/Playground/RestoreJsonTrait.php" line="143" class="Tests\Feature\Playground\Lead\Api\Http\Controllers\Playground\OpportunityRouteTest" classname="Tests.Feature.Playground.Lead.Api.Http.Controllers.Playground.OpportunityRouteTest" assertions="3" time="0.389125"/>
        <testcase name="test_json_guest_cannot_see_info" file="/app/vendor/gammamatrix/playground-test/src/Feature/Http/Controllers/Resource/Playground/ShowJsonTrait.php" line="29" class="Tests\Feature\Playground\Lead\Api\Http\Controllers\Playground\OpportunityRouteTest" classname="Tests.Feature.Playground.Lead.Api.Http.Controllers.Playground.OpportunityRouteTest" assertions="1" time="0.356864"/>
        <testcase name="test_json_show_info_for_admin" file="/app/vendor/gammamatrix/playground-test/src/Feature/Http/Controllers/Resource/Playground/ShowJsonTrait.php" line="49" class="Tests\Feature\Playground\Lead\Api\Http\Controllers\Playground\OpportunityRouteTest" classname="Tests.Feature.Playground.Lead.Api.Http.Controllers.Playground.OpportunityRouteTest" assertions="124" time="0.387138"/>
        <testcase name="test_json_guest_cannot_store" file="/app/vendor/gammamatrix/playground-test/src/Feature/Http/Controllers/Resource/Playground/StoreJsonTrait.php" line="43" class="Tests\Feature\Playground\Lead\Api\Http\Controllers\Playground\OpportunityRouteTest" classname="Tests.Feature.Playground.Lead.Api.Http.Controllers.Playground.OpportunityRouteTest" assertions="3" time="0.369051"/>
        <testcase name="test_json_store_as_admin_without_payload_and_fail_validation" file="/app/vendor/gammamatrix/playground-test/src/Feature/Http/Controllers/Resource/Playground/StoreJsonTrait.php" line="66" class="Tests\Feature\Playground\Lead\Api\Http\Controllers\Playground\OpportunityRouteTest" classname="Tests.Feature.Playground.Lead.Api.Http.Controllers.Playground.OpportunityRouteTest" assertions="5" time="0.376972"/>
        <testcase name="test_json_store_as_admin_and_succeed" file="/app/vendor/gammamatrix/playground-test/src/Feature/Http/Controllers/Resource/Playground/StoreJsonTrait.php" line="92" class="Tests\Feature\Playground\Lead\Api\Http\Controllers\Playground\OpportunityRouteTest" classname="Tests.Feature.Playground.Lead.Api.Http.Controllers.Playground.OpportunityRouteTest" assertions="3" time="0.412139"/>
        <testcase name="test_json_guest_cannot_unlock" file="/app/vendor/gammamatrix/playground-test/src/Feature/Http/Controllers/Resource/Playground/UnlockJsonTrait.php" line="36" class="Tests\Feature\Playground\Lead\Api\Http\Controllers\Playground\OpportunityRouteTest" classname="Tests.Feature.Playground.Lead.Api.Http.Controllers.Playground.OpportunityRouteTest" assertions="3" time="0.373245"/>
        <testcase name="test_json_unlock_as_admin_and_succeed" file="/app/vendor/gammamatrix/playground-test/src/Feature/Http/Controllers/Resource/Playground/UnlockJsonTrait.php" line="68" class="Tests\Feature\Playground\Lead\Api\Http\Controllers\Playground\OpportunityRouteTest" classname="Tests.Feature.Playground.Lead.Api.Http.Controllers.Playground.OpportunityRouteTest" assertions="125" time="0.391604"/>
        <testcase name="test_json_unlock_as_admin_and_succeed_with_no_redirect" file="/app/vendor/gammamatrix/playground-test/src/Feature/Http/Controllers/Resource/Playground/UnlockJsonTrait.php" line="104" class="Tests\Feature\Playground\Lead\Api\Http\Controllers\Playground\OpportunityRouteTest" classname="Tests.Feature.Playground.Lead.Api.Http.Controllers.Playground.OpportunityRouteTest" assertions="125" time="0.397745"/>
        <testcase name="test_json_unlock_as_user_and_get_denied" file="/app/vendor/gammamatrix/playground-test/src/Feature/Http/Controllers/Resource/Playground/UnlockJsonTrait.php" line="145" class="Tests\Feature\Playground\Lead\Api\Http\Controllers\Playground\OpportunityRouteTest" classname="Tests.Feature.Playground.Lead.Api.Http.Controllers.Playground.OpportunityRouteTest" assertions="3" time="0.378662"/>
        <testcase name="test_json_guest_cannot_update" file="/app/vendor/gammamatrix/playground-test/src/Feature/Http/Controllers/Resource/Playground/UpdateJsonTrait.php" line="45" class="Tests\Feature\Playground\Lead\Api\Http\Controllers\Playground\OpportunityRouteTest" classname="Tests.Feature.Playground.Lead.Api.Http.Controllers.Playground.OpportunityRouteTest" assertions="1" time="0.362261"/>
        <testcase name="test_json_update_as_admin_without_payload_and_fail_validation" file="/app/vendor/gammamatrix/playground-test/src/Feature/Http/Controllers/Resource/Playground/UpdateJsonTrait.php" line="65" class="Tests\Feature\Playground\Lead\Api\Http\Controllers\Playground\OpportunityRouteTest" classname="Tests.Feature.Playground.Lead.Api.Http.Controllers.Playground.OpportunityRouteTest" assertions="4" time="0.405212"/>
        <testcase name="test_json_admin_can_update" file="/app/vendor/gammamatrix/playground-test/src/Feature/Http/Controllers/Resource/Playground/UpdateJsonTrait.php" line="90" class="Tests\Feature\Playground\Lead\Api\Http\Controllers\Playground\OpportunityRouteTest" classname="Tests.Feature.Playground.Lead.Api.Http.Controllers.Playground.OpportunityRouteTest" assertions="127" time="0.450562"/>
      </testsuite>
      <testsuite name="Tests\Feature\Playground\Lead\Api\Http\Controllers\Playground\PlanRouteTest" file="/app/tests/Feature/Http/Controllers/Playground/PlanRouteTest.php" tests="35" assertions="1210" errors="0" failures="0" skipped="0" time="13.606205">
        <testcase name="test_json_guest_cannot_get_create_info" file="/app/vendor/gammamatrix/playground-test/src/Feature/Http/Controllers/Resource/Playground/CreateJsonTrait.php" line="38" class="Tests\Feature\Playground\Lead\Api\Http\Controllers\Playground\PlanRouteTest" classname="Tests.Feature.Playground.Lead.Api.Http.Controllers.Playground.PlanRouteTest" assertions="1" time="0.404447"/>
        <testcase name="test_json_admin_can_get_create_info" file="/app/vendor/gammamatrix/playground-test/src/Feature/Http/Controllers/Resource/Playground/CreateJsonTrait.php" line="53" class="Tests\Feature\Playground\Lead\Api\Http\Controllers\Playground\PlanRouteTest" classname="Tests.Feature.Playground.Lead.Api.Http.Controllers.Playground.PlanRouteTest" assertions="123" time="0.380197"/>
        <testcase name="test_json_get_create_info_as_admin_with_invalid_parameter_and_fail_validation" file="/app/vendor/gammamatrix/playground-test/src/Feature/Http/Controllers/Resource/Playground/CreateJsonTrait.php" line="73" class="Tests\Feature\Playground\Lead\Api\Http\Controllers\Playground\PlanRouteTest" classname="Tests.Feature.Playground.Lead.Api.Http.Controllers.Playground.PlanRouteTest" assertions="4" time="0.366816"/>
        <testcase name="test_json_guest_cannot_destroy" file="/app/vendor/gammamatrix/playground-test/src/Feature/Http/Controllers/Resource/Playground/DestroyJsonTrait.php" line="31" class="Tests\Feature\Playground\Lead\Api\Http\Controllers\Playground\PlanRouteTest" classname="Tests.Feature.Playground.Lead.Api.Http.Controllers.Playground.PlanRouteTest" assertions="3" time="0.388513"/>
        <testcase name="test_json_destroy_as_admin_and_succeed" file="/app/vendor/gammamatrix/playground-test/src/Feature/Http/Controllers/Resource/Playground/DestroyJsonTrait.php" line="61" class="Tests\Feature\Playground\Lead\Api\Http\Controllers\Playground\PlanRouteTest" classname="Tests.Feature.Playground.Lead.Api.Http.Controllers.Playground.PlanRouteTest" assertions="5" time="0.376593"/>
        <testcase name="test_json_destroy_as_admin_and_succeed_with_force_delete" file="/app/vendor/gammamatrix/playground-test/src/Feature/Http/Controllers/Resource/Playground/DestroyJsonTrait.php" line="100" class="Tests\Feature\Playground\Lead\Api\Http\Controllers\Playground\PlanRouteTest" classname="Tests.Feature.Playground.Lead.Api.Http.Controllers.Playground.PlanRouteTest" assertions="4" time="0.367300"/>
        <testcase name="test_json_destroy_as_admin_and_succeed_with_no_content" file="/app/vendor/gammamatrix/playground-test/src/Feature/Http/Controllers/Resource/Playground/DestroyJsonTrait.php" line="132" class="Tests\Feature\Playground\Lead\Api\Http\Controllers\Playground\PlanRouteTest" classname="Tests.Feature.Playground.Lead.Api.Http.Controllers.Playground.PlanRouteTest" assertions="5" time="0.395855"/>
        <testcase name="test_json_destroy_as_admin_and_succeed_and_ignore_redirect" file="/app/vendor/gammamatrix/playground-test/src/Feature/Http/Controllers/Resource/Playground/DestroyJsonTrait.php" line="167" class="Tests\Feature\Playground\Lead\Api\Http\Controllers\Playground\PlanRouteTest" classname="Tests.Feature.Playground.Lead.Api.Http.Controllers.Playground.PlanRouteTest" assertions="5" time="0.382982"/>
        <testcase name="test_json_destroy_as_user_and_get_denied_and_no_force_delete_allowed" file="/app/vendor/gammamatrix/playground-test/src/Feature/Http/Controllers/Resource/Playground/DestroyJsonTrait.php" line="209" class="Tests\Feature\Playground\Lead\Api\Http\Controllers\Playground\PlanRouteTest" classname="Tests.Feature.Playground.Lead.Api.Http.Controllers.Playground.PlanRouteTest" assertions="3" time="0.382910"/>
        <testcase name="test_json_guest_cannot_get_edit_info" file="/app/vendor/gammamatrix/playground-test/src/Feature/Http/Controllers/Resource/Playground/EditJsonTrait.php" line="38" class="Tests\Feature\Playground\Lead\Api\Http\Controllers\Playground\PlanRouteTest" classname="Tests.Feature.Playground.Lead.Api.Http.Controllers.Playground.PlanRouteTest" assertions="1" time="0.358273"/>
        <testcase name="test_json_admin_can_get_edit_info" file="/app/vendor/gammamatrix/playground-test/src/Feature/Http/Controllers/Resource/Playground/EditJsonTrait.php" line="58" class="Tests\Feature\Playground\Lead\Api\Http\Controllers\Playground\PlanRouteTest" classname="Tests.Feature.Playground.Lead.Api.Http.Controllers.Playground.PlanRouteTest" assertions="4" time="0.387118"/>
        <testcase name="test_json_edit_as_admin_and_fail_validation_with_invalid_parameter" file="/app/vendor/gammamatrix/playground-test/src/Feature/Http/Controllers/Resource/Playground/EditJsonTrait.php" line="87" class="Tests\Feature\Playground\Lead\Api\Http\Controllers\Playground\PlanRouteTest" classname="Tests.Feature.Playground.Lead.Api.Http.Controllers.Playground.PlanRouteTest" assertions="4" time="0.399832"/>
        <testcase name="test_json_guest_cannot_get_index" file="/app/vendor/gammamatrix/playground-test/src/Feature/Http/Controllers/Resource/Playground/IndexJsonTrait.php" line="34" class="Tests\Feature\Playground\Lead\Api\Http\Controllers\Playground\PlanRouteTest" classname="Tests.Feature.Playground.Lead.Api.Http.Controllers.Playground.PlanRouteTest" assertions="1" time="0.362864"/>
        <testcase name="test_json_admin_can_get_index" file="/app/vendor/gammamatrix/playground-test/src/Feature/Http/Controllers/Resource/Playground/IndexJsonTrait.php" line="49" class="Tests\Feature\Playground\Lead\Api\Http\Controllers\Playground\PlanRouteTest" classname="Tests.Feature.Playground.Lead.Api.Http.Controllers.Playground.PlanRouteTest" assertions="130" time="0.391136"/>
        <testcase name="test_json_admin_can_get_index_with_filters" file="/app/vendor/gammamatrix/playground-test/src/Feature/Http/Controllers/Resource/Playground/IndexJsonTrait.php" line="85" class="Tests\Feature\Playground\Lead\Api\Http\Controllers\Playground\PlanRouteTest" classname="Tests.Feature.Playground.Lead.Api.Http.Controllers.Playground.PlanRouteTest" assertions="3" time="0.420268"/>
        <testcase name="test_json_guest_cannot_lock" file="/app/vendor/gammamatrix/playground-test/src/Feature/Http/Controllers/Resource/Playground/LockJsonTrait.php" line="36" class="Tests\Feature\Playground\Lead\Api\Http\Controllers\Playground\PlanRouteTest" classname="Tests.Feature.Playground.Lead.Api.Http.Controllers.Playground.PlanRouteTest" assertions="3" time="0.366328"/>
        <testcase name="test_json_lock_as_admin_and_succeed" file="/app/vendor/gammamatrix/playground-test/src/Feature/Http/Controllers/Resource/Playground/LockJsonTrait.php" line="66" class="Tests\Feature\Playground\Lead\Api\Http\Controllers\Playground\PlanRouteTest" classname="Tests.Feature.Playground.Lead.Api.Http.Controllers.Playground.PlanRouteTest" assertions="3" time="0.412731"/>
        <testcase name="test_json_lock_as_admin_and_succeed_with_no_redirect" file="/app/vendor/gammamatrix/playground-test/src/Feature/Http/Controllers/Resource/Playground/LockJsonTrait.php" line="98" class="Tests\Feature\Playground\Lead\Api\Http\Controllers\Playground\PlanRouteTest" classname="Tests.Feature.Playground.Lead.Api.Http.Controllers.Playground.PlanRouteTest" assertions="125" time="0.390608"/>
        <testcase name="test_json_lock_as_user_and_get_denied" file="/app/vendor/gammamatrix/playground-test/src/Feature/Http/Controllers/Resource/Playground/LockJsonTrait.php" line="143" class="Tests\Feature\Playground\Lead\Api\Http\Controllers\Playground\PlanRouteTest" classname="Tests.Feature.Playground.Lead.Api.Http.Controllers.Playground.PlanRouteTest" assertions="3" time="0.383030"/>
        <testcase name="test_json_guest_cannot_restore" file="/app/vendor/gammamatrix/playground-test/src/Feature/Http/Controllers/Resource/Playground/RestoreJsonTrait.php" line="32" class="Tests\Feature\Playground\Lead\Api\Http\Controllers\Playground\PlanRouteTest" classname="Tests.Feature.Playground.Lead.Api.Http.Controllers.Playground.PlanRouteTest" assertions="3" time="0.386461"/>
        <testcase name="test_json_restore_as_admin_and_succeed" file="/app/vendor/gammamatrix/playground-test/src/Feature/Http/Controllers/Resource/Playground/RestoreJsonTrait.php" line="64" class="Tests\Feature\Playground\Lead\Api\Http\Controllers\Playground\PlanRouteTest" classname="Tests.Feature.Playground.Lead.Api.Http.Controllers.Playground.PlanRouteTest" assertions="125" time="0.385390"/>
        <testcase name="test_json_restore_as_admin_and_succeed_with_no_redirect" file="/app/vendor/gammamatrix/playground-test/src/Feature/Http/Controllers/Resource/Playground/RestoreJsonTrait.php" line="100" class="Tests\Feature\Playground\Lead\Api\Http\Controllers\Playground\PlanRouteTest" classname="Tests.Feature.Playground.Lead.Api.Http.Controllers.Playground.PlanRouteTest" assertions="125" time="0.386769"/>
        <testcase name="test_json_restore_as_user_and_get_denied" file="/app/vendor/gammamatrix/playground-test/src/Feature/Http/Controllers/Resource/Playground/RestoreJsonTrait.php" line="143" class="Tests\Feature\Playground\Lead\Api\Http\Controllers\Playground\PlanRouteTest" classname="Tests.Feature.Playground.Lead.Api.Http.Controllers.Playground.PlanRouteTest" assertions="3" time="0.390132"/>
        <testcase name="test_json_guest_cannot_see_info" file="/app/vendor/gammamatrix/playground-test/src/Feature/Http/Controllers/Resource/Playground/ShowJsonTrait.php" line="29" class="Tests\Feature\Playground\Lead\Api\Http\Controllers\Playground\PlanRouteTest" classname="Tests.Feature.Playground.Lead.Api.Http.Controllers.Playground.PlanRouteTest" assertions="1" time="0.364867"/>
        <testcase name="test_json_show_info_for_admin" file="/app/vendor/gammamatrix/playground-test/src/Feature/Http/Controllers/Resource/Playground/ShowJsonTrait.php" line="49" class="Tests\Feature\Playground\Lead\Api\Http\Controllers\Playground\PlanRouteTest" classname="Tests.Feature.Playground.Lead.Api.Http.Controllers.Playground.PlanRouteTest" assertions="124" time="0.399315"/>
        <testcase name="test_json_guest_cannot_store" file="/app/vendor/gammamatrix/playground-test/src/Feature/Http/Controllers/Resource/Playground/StoreJsonTrait.php" line="43" class="Tests\Feature\Playground\Lead\Api\Http\Controllers\Playground\PlanRouteTest" classname="Tests.Feature.Playground.Lead.Api.Http.Controllers.Playground.PlanRouteTest" assertions="3" time="0.372801"/>
        <testcase name="test_json_store_as_admin_without_payload_and_fail_validation" file="/app/vendor/gammamatrix/playground-test/src/Feature/Http/Controllers/Resource/Playground/StoreJsonTrait.php" line="66" class="Tests\Feature\Playground\Lead\Api\Http\Controllers\Playground\PlanRouteTest" classname="Tests.Feature.Playground.Lead.Api.Http.Controllers.Playground.PlanRouteTest" assertions="5" time="0.377899"/>
        <testcase name="test_json_store_as_admin_and_succeed" file="/app/vendor/gammamatrix/playground-test/src/Feature/Http/Controllers/Resource/Playground/StoreJsonTrait.php" line="92" class="Tests\Feature\Playground\Lead\Api\Http\Controllers\Playground\PlanRouteTest" classname="Tests.Feature.Playground.Lead.Api.Http.Controllers.Playground.PlanRouteTest" assertions="3" time="0.440672"/>
        <testcase name="test_json_guest_cannot_unlock" file="/app/vendor/gammamatrix/playground-test/src/Feature/Http/Controllers/Resource/Playground/UnlockJsonTrait.php" line="36" class="Tests\Feature\Playground\Lead\Api\Http\Controllers\Playground\PlanRouteTest" classname="Tests.Feature.Playground.Lead.Api.Http.Controllers.Playground.PlanRouteTest" assertions="3" time="0.363016"/>
        <testcase name="test_json_unlock_as_admin_and_succeed" file="/app/vendor/gammamatrix/playground-test/src/Feature/Http/Controllers/Resource/Playground/UnlockJsonTrait.php" line="68" class="Tests\Feature\Playground\Lead\Api\Http\Controllers\Playground\PlanRouteTest" classname="Tests.Feature.Playground.Lead.Api.Http.Controllers.Playground.PlanRouteTest" assertions="125" time="0.418087"/>
        <testcase name="test_json_unlock_as_admin_and_succeed_with_no_redirect" file="/app/vendor/gammamatrix/playground-test/src/Feature/Http/Controllers/Resource/Playground/UnlockJsonTrait.php" line="104" class="Tests\Feature\Playground\Lead\Api\Http\Controllers\Playground\PlanRouteTest" classname="Tests.Feature.Playground.Lead.Api.Http.Controllers.Playground.PlanRouteTest" assertions="125" time="0.394335"/>
        <testcase name="test_json_unlock_as_user_and_get_denied" file="/app/vendor/gammamatrix/playground-test/src/Feature/Http/Controllers/Resource/Playground/UnlockJsonTrait.php" line="145" class="Tests\Feature\Playground\Lead\Api\Http\Controllers\Playground\PlanRouteTest" classname="Tests.Feature.Playground.Lead.Api.Http.Controllers.Playground.PlanRouteTest" assertions="3" time="0.378464"/>
        <testcase name="test_json_guest_cannot_update" file="/app/vendor/gammamatrix/playground-test/src/Feature/Http/Controllers/Resource/Playground/UpdateJsonTrait.php" line="45" class="Tests\Feature\Playground\Lead\Api\Http\Controllers\Playground\PlanRouteTest" classname="Tests.Feature.Playground.Lead.Api.Http.Controllers.Playground.PlanRouteTest" assertions="1" time="0.398427"/>
        <testcase name="test_json_update_as_admin_without_payload_and_fail_validation" file="/app/vendor/gammamatrix/playground-test/src/Feature/Http/Controllers/Resource/Playground/UpdateJsonTrait.php" line="65" class="Tests\Feature\Playground\Lead\Api\Http\Controllers\Playground\PlanRouteTest" classname="Tests.Feature.Playground.Lead.Api.Http.Controllers.Playground.PlanRouteTest" assertions="4" time="0.389072"/>
        <testcase name="test_json_admin_can_update" file="/app/vendor/gammamatrix/playground-test/src/Feature/Http/Controllers/Resource/Playground/UpdateJsonTrait.php" line="90" class="Tests\Feature\Playground\Lead\Api\Http\Controllers\Playground\PlanRouteTest" classname="Tests.Feature.Playground.Lead.Api.Http.Controllers.Playground.PlanRouteTest" assertions="127" time="0.442697"/>
      </testsuite>
      <testsuite name="Tests\Feature\Playground\Lead\Api\Http\Controllers\Playground\RegionRouteTest" file="/app/tests/Feature/Http/Controllers/Playground/RegionRouteTest.php" tests="35" assertions="1210" errors="0" failures="0" skipped="0" time="13.476147">
        <testcase name="test_json_guest_cannot_get_create_info" file="/app/vendor/gammamatrix/playground-test/src/Feature/Http/Controllers/Resource/Playground/CreateJsonTrait.php" line="38" class="Tests\Feature\Playground\Lead\Api\Http\Controllers\Playground\RegionRouteTest" classname="Tests.Feature.Playground.Lead.Api.Http.Controllers.Playground.RegionRouteTest" assertions="1" time="0.390936"/>
        <testcase name="test_json_admin_can_get_create_info" file="/app/vendor/gammamatrix/playground-test/src/Feature/Http/Controllers/Resource/Playground/CreateJsonTrait.php" line="53" class="Tests\Feature\Playground\Lead\Api\Http\Controllers\Playground\RegionRouteTest" classname="Tests.Feature.Playground.Lead.Api.Http.Controllers.Playground.RegionRouteTest" assertions="123" time="0.375202"/>
        <testcase name="test_json_get_create_info_as_admin_with_invalid_parameter_and_fail_validation" file="/app/vendor/gammamatrix/playground-test/src/Feature/Http/Controllers/Resource/Playground/CreateJsonTrait.php" line="73" class="Tests\Feature\Playground\Lead\Api\Http\Controllers\Playground\RegionRouteTest" classname="Tests.Feature.Playground.Lead.Api.Http.Controllers.Playground.RegionRouteTest" assertions="4" time="0.385529"/>
        <testcase name="test_json_guest_cannot_destroy" file="/app/vendor/gammamatrix/playground-test/src/Feature/Http/Controllers/Resource/Playground/DestroyJsonTrait.php" line="31" class="Tests\Feature\Playground\Lead\Api\Http\Controllers\Playground\RegionRouteTest" classname="Tests.Feature.Playground.Lead.Api.Http.Controllers.Playground.RegionRouteTest" assertions="3" time="0.359746"/>
        <testcase name="test_json_destroy_as_admin_and_succeed" file="/app/vendor/gammamatrix/playground-test/src/Feature/Http/Controllers/Resource/Playground/DestroyJsonTrait.php" line="61" class="Tests\Feature\Playground\Lead\Api\Http\Controllers\Playground\RegionRouteTest" classname="Tests.Feature.Playground.Lead.Api.Http.Controllers.Playground.RegionRouteTest" assertions="5" time="0.372977"/>
        <testcase name="test_json_destroy_as_admin_and_succeed_with_force_delete" file="/app/vendor/gammamatrix/playground-test/src/Feature/Http/Controllers/Resource/Playground/DestroyJsonTrait.php" line="100" class="Tests\Feature\Playground\Lead\Api\Http\Controllers\Playground\RegionRouteTest" classname="Tests.Feature.Playground.Lead.Api.Http.Controllers.Playground.RegionRouteTest" assertions="4" time="0.385616"/>
        <testcase name="test_json_destroy_as_admin_and_succeed_with_no_content" file="/app/vendor/gammamatrix/playground-test/src/Feature/Http/Controllers/Resource/Playground/DestroyJsonTrait.php" line="132" class="Tests\Feature\Playground\Lead\Api\Http\Controllers\Playground\RegionRouteTest" classname="Tests.Feature.Playground.Lead.Api.Http.Controllers.Playground.RegionRouteTest" assertions="5" time="0.374882"/>
        <testcase name="test_json_destroy_as_admin_and_succeed_and_ignore_redirect" file="/app/vendor/gammamatrix/playground-test/src/Feature/Http/Controllers/Resource/Playground/DestroyJsonTrait.php" line="167" class="Tests\Feature\Playground\Lead\Api\Http\Controllers\Playground\RegionRouteTest" classname="Tests.Feature.Playground.Lead.Api.Http.Controllers.Playground.RegionRouteTest" assertions="5" time="0.369365"/>
        <testcase name="test_json_destroy_as_user_and_get_denied_and_no_force_delete_allowed" file="/app/vendor/gammamatrix/playground-test/src/Feature/Http/Controllers/Resource/Playground/DestroyJsonTrait.php" line="209" class="Tests\Feature\Playground\Lead\Api\Http\Controllers\Playground\RegionRouteTest" classname="Tests.Feature.Playground.Lead.Api.Http.Controllers.Playground.RegionRouteTest" assertions="3" time="0.380433"/>
        <testcase name="test_json_guest_cannot_get_edit_info" file="/app/vendor/gammamatrix/playground-test/src/Feature/Http/Controllers/Resource/Playground/EditJsonTrait.php" line="38" class="Tests\Feature\Playground\Lead\Api\Http\Controllers\Playground\RegionRouteTest" classname="Tests.Feature.Playground.Lead.Api.Http.Controllers.Playground.RegionRouteTest" assertions="1" time="0.351513"/>
        <testcase name="test_json_admin_can_get_edit_info" file="/app/vendor/gammamatrix/playground-test/src/Feature/Http/Controllers/Resource/Playground/EditJsonTrait.php" line="58" class="Tests\Feature\Playground\Lead\Api\Http\Controllers\Playground\RegionRouteTest" classname="Tests.Feature.Playground.Lead.Api.Http.Controllers.Playground.RegionRouteTest" assertions="4" time="0.403984"/>
        <testcase name="test_json_edit_as_admin_and_fail_validation_with_invalid_parameter" file="/app/vendor/gammamatrix/playground-test/src/Feature/Http/Controllers/Resource/Playground/EditJsonTrait.php" line="87" class="Tests\Feature\Playground\Lead\Api\Http\Controllers\Playground\RegionRouteTest" classname="Tests.Feature.Playground.Lead.Api.Http.Controllers.Playground.RegionRouteTest" assertions="4" time="0.387388"/>
        <testcase name="test_json_guest_cannot_get_index" file="/app/vendor/gammamatrix/playground-test/src/Feature/Http/Controllers/Resource/Playground/IndexJsonTrait.php" line="34" class="Tests\Feature\Playground\Lead\Api\Http\Controllers\Playground\RegionRouteTest" classname="Tests.Feature.Playground.Lead.Api.Http.Controllers.Playground.RegionRouteTest" assertions="1" time="0.365021"/>
        <testcase name="test_json_admin_can_get_index" file="/app/vendor/gammamatrix/playground-test/src/Feature/Http/Controllers/Resource/Playground/IndexJsonTrait.php" line="49" class="Tests\Feature\Playground\Lead\Api\Http\Controllers\Playground\RegionRouteTest" classname="Tests.Feature.Playground.Lead.Api.Http.Controllers.Playground.RegionRouteTest" assertions="130" time="0.404796"/>
        <testcase name="test_json_admin_can_get_index_with_filters" file="/app/vendor/gammamatrix/playground-test/src/Feature/Http/Controllers/Resource/Playground/IndexJsonTrait.php" line="85" class="Tests\Feature\Playground\Lead\Api\Http\Controllers\Playground\RegionRouteTest" classname="Tests.Feature.Playground.Lead.Api.Http.Controllers.Playground.RegionRouteTest" assertions="3" time="0.384733"/>
        <testcase name="test_json_guest_cannot_lock" file="/app/vendor/gammamatrix/playground-test/src/Feature/Http/Controllers/Resource/Playground/LockJsonTrait.php" line="36" class="Tests\Feature\Playground\Lead\Api\Http\Controllers\Playground\RegionRouteTest" classname="Tests.Feature.Playground.Lead.Api.Http.Controllers.Playground.RegionRouteTest" assertions="3" time="0.359583"/>
        <testcase name="test_json_lock_as_admin_and_succeed" file="/app/vendor/gammamatrix/playground-test/src/Feature/Http/Controllers/Resource/Playground/LockJsonTrait.php" line="66" class="Tests\Feature\Playground\Lead\Api\Http\Controllers\Playground\RegionRouteTest" classname="Tests.Feature.Playground.Lead.Api.Http.Controllers.Playground.RegionRouteTest" assertions="3" time="0.396121"/>
        <testcase name="test_json_lock_as_admin_and_succeed_with_no_redirect" file="/app/vendor/gammamatrix/playground-test/src/Feature/Http/Controllers/Resource/Playground/LockJsonTrait.php" line="98" class="Tests\Feature\Playground\Lead\Api\Http\Controllers\Playground\RegionRouteTest" classname="Tests.Feature.Playground.Lead.Api.Http.Controllers.Playground.RegionRouteTest" assertions="125" time="0.383707"/>
        <testcase name="test_json_lock_as_user_and_get_denied" file="/app/vendor/gammamatrix/playground-test/src/Feature/Http/Controllers/Resource/Playground/LockJsonTrait.php" line="143" class="Tests\Feature\Playground\Lead\Api\Http\Controllers\Playground\RegionRouteTest" classname="Tests.Feature.Playground.Lead.Api.Http.Controllers.Playground.RegionRouteTest" assertions="3" time="0.398326"/>
        <testcase name="test_json_guest_cannot_restore" file="/app/vendor/gammamatrix/playground-test/src/Feature/Http/Controllers/Resource/Playground/RestoreJsonTrait.php" line="32" class="Tests\Feature\Playground\Lead\Api\Http\Controllers\Playground\RegionRouteTest" classname="Tests.Feature.Playground.Lead.Api.Http.Controllers.Playground.RegionRouteTest" assertions="3" time="0.371492"/>
        <testcase name="test_json_restore_as_admin_and_succeed" file="/app/vendor/gammamatrix/playground-test/src/Feature/Http/Controllers/Resource/Playground/RestoreJsonTrait.php" line="64" class="Tests\Feature\Playground\Lead\Api\Http\Controllers\Playground\RegionRouteTest" classname="Tests.Feature.Playground.Lead.Api.Http.Controllers.Playground.RegionRouteTest" assertions="125" time="0.379129"/>
        <testcase name="test_json_restore_as_admin_and_succeed_with_no_redirect" file="/app/vendor/gammamatrix/playground-test/src/Feature/Http/Controllers/Resource/Playground/RestoreJsonTrait.php" line="100" class="Tests\Feature\Playground\Lead\Api\Http\Controllers\Playground\RegionRouteTest" classname="Tests.Feature.Playground.Lead.Api.Http.Controllers.Playground.RegionRouteTest" assertions="125" time="0.400568"/>
        <testcase name="test_json_restore_as_user_and_get_denied" file="/app/vendor/gammamatrix/playground-test/src/Feature/Http/Controllers/Resource/Playground/RestoreJsonTrait.php" line="143" class="Tests\Feature\Playground\Lead\Api\Http\Controllers\Playground\RegionRouteTest" classname="Tests.Feature.Playground.Lead.Api.Http.Controllers.Playground.RegionRouteTest" assertions="3" time="0.378544"/>
        <testcase name="test_json_guest_cannot_see_info" file="/app/vendor/gammamatrix/playground-test/src/Feature/Http/Controllers/Resource/Playground/ShowJsonTrait.php" line="29" class="Tests\Feature\Playground\Lead\Api\Http\Controllers\Playground\RegionRouteTest" classname="Tests.Feature.Playground.Lead.Api.Http.Controllers.Playground.RegionRouteTest" assertions="1" time="0.357340"/>
        <testcase name="test_json_show_info_for_admin" file="/app/vendor/gammamatrix/playground-test/src/Feature/Http/Controllers/Resource/Playground/ShowJsonTrait.php" line="49" class="Tests\Feature\Playground\Lead\Api\Http\Controllers\Playground\RegionRouteTest" classname="Tests.Feature.Playground.Lead.Api.Http.Controllers.Playground.RegionRouteTest" assertions="124" time="0.399378"/>
        <testcase name="test_json_guest_cannot_store" file="/app/vendor/gammamatrix/playground-test/src/Feature/Http/Controllers/Resource/Playground/StoreJsonTrait.php" line="43" class="Tests\Feature\Playground\Lead\Api\Http\Controllers\Playground\RegionRouteTest" classname="Tests.Feature.Playground.Lead.Api.Http.Controllers.Playground.RegionRouteTest" assertions="3" time="0.367461"/>
        <testcase name="test_json_store_as_admin_without_payload_and_fail_validation" file="/app/vendor/gammamatrix/playground-test/src/Feature/Http/Controllers/Resource/Playground/StoreJsonTrait.php" line="66" class="Tests\Feature\Playground\Lead\Api\Http\Controllers\Playground\RegionRouteTest" classname="Tests.Feature.Playground.Lead.Api.Http.Controllers.Playground.RegionRouteTest" assertions="5" time="0.395902"/>
        <testcase name="test_json_store_as_admin_and_succeed" file="/app/vendor/gammamatrix/playground-test/src/Feature/Http/Controllers/Resource/Playground/StoreJsonTrait.php" line="92" class="Tests\Feature\Playground\Lead\Api\Http\Controllers\Playground\RegionRouteTest" classname="Tests.Feature.Playground.Lead.Api.Http.Controllers.Playground.RegionRouteTest" assertions="3" time="0.404374"/>
        <testcase name="test_json_guest_cannot_unlock" file="/app/vendor/gammamatrix/playground-test/src/Feature/Http/Controllers/Resource/Playground/UnlockJsonTrait.php" line="36" class="Tests\Feature\Playground\Lead\Api\Http\Controllers\Playground\RegionRouteTest" classname="Tests.Feature.Playground.Lead.Api.Http.Controllers.Playground.RegionRouteTest" assertions="3" time="0.358047"/>
        <testcase name="test_json_unlock_as_admin_and_succeed" file="/app/vendor/gammamatrix/playground-test/src/Feature/Http/Controllers/Resource/Playground/UnlockJsonTrait.php" line="68" class="Tests\Feature\Playground\Lead\Api\Http\Controllers\Playground\RegionRouteTest" classname="Tests.Feature.Playground.Lead.Api.Http.Controllers.Playground.RegionRouteTest" assertions="125" time="0.420814"/>
        <testcase name="test_json_unlock_as_admin_and_succeed_with_no_redirect" file="/app/vendor/gammamatrix/playground-test/src/Feature/Http/Controllers/Resource/Playground/UnlockJsonTrait.php" line="104" class="Tests\Feature\Playground\Lead\Api\Http\Controllers\Playground\RegionRouteTest" classname="Tests.Feature.Playground.Lead.Api.Http.Controllers.Playground.RegionRouteTest" assertions="125" time="0.421198"/>
        <testcase name="test_json_unlock_as_user_and_get_denied" file="/app/vendor/gammamatrix/playground-test/src/Feature/Http/Controllers/Resource/Playground/UnlockJsonTrait.php" line="145" class="Tests\Feature\Playground\Lead\Api\Http\Controllers\Playground\RegionRouteTest" classname="Tests.Feature.Playground.Lead.Api.Http.Controllers.Playground.RegionRouteTest" assertions="3" time="0.373934"/>
        <testcase name="test_json_guest_cannot_update" file="/app/vendor/gammamatrix/playground-test/src/Feature/Http/Controllers/Resource/Playground/UpdateJsonTrait.php" line="45" class="Tests\Feature\Playground\Lead\Api\Http\Controllers\Playground\RegionRouteTest" classname="Tests.Feature.Playground.Lead.Api.Http.Controllers.Playground.RegionRouteTest" assertions="1" time="0.378751"/>
        <testcase name="test_json_update_as_admin_without_payload_and_fail_validation" file="/app/vendor/gammamatrix/playground-test/src/Feature/Http/Controllers/Resource/Playground/UpdateJsonTrait.php" line="65" class="Tests\Feature\Playground\Lead\Api\Http\Controllers\Playground\RegionRouteTest" classname="Tests.Feature.Playground.Lead.Api.Http.Controllers.Playground.RegionRouteTest" assertions="4" time="0.386707"/>
        <testcase name="test_json_admin_can_update" file="/app/vendor/gammamatrix/playground-test/src/Feature/Http/Controllers/Resource/Playground/UpdateJsonTrait.php" line="90" class="Tests\Feature\Playground\Lead\Api\Http\Controllers\Playground\RegionRouteTest" classname="Tests.Feature.Playground.Lead.Api.Http.Controllers.Playground.RegionRouteTest" assertions="127" time="0.452650"/>
      </testsuite>
      <testsuite name="Tests\Feature\Playground\Lead\Api\Http\Controllers\Playground\ReportRouteTest" file="/app/tests/Feature/Http/Controllers/Playground/ReportRouteTest.php" tests="35" assertions="1210" errors="0" failures="0" skipped="0" time="13.269092">
        <testcase name="test_json_guest_cannot_get_create_info" file="/app/vendor/gammamatrix/playground-test/src/Feature/Http/Controllers/Resource/Playground/CreateJsonTrait.php" line="38" class="Tests\Feature\Playground\Lead\Api\Http\Controllers\Playground\ReportRouteTest" classname="Tests.Feature.Playground.Lead.Api.Http.Controllers.Playground.ReportRouteTest" assertions="1" time="0.382682"/>
        <testcase name="test_json_admin_can_get_create_info" file="/app/vendor/gammamatrix/playground-test/src/Feature/Http/Controllers/Resource/Playground/CreateJsonTrait.php" line="53" class="Tests\Feature\Playground\Lead\Api\Http\Controllers\Playground\ReportRouteTest" classname="Tests.Feature.Playground.Lead.Api.Http.Controllers.Playground.ReportRouteTest" assertions="123" time="0.373172"/>
        <testcase name="test_json_get_create_info_as_admin_with_invalid_parameter_and_fail_validation" file="/app/vendor/gammamatrix/playground-test/src/Feature/Http/Controllers/Resource/Playground/CreateJsonTrait.php" line="73" class="Tests\Feature\Playground\Lead\Api\Http\Controllers\Playground\ReportRouteTest" classname="Tests.Feature.Playground.Lead.Api.Http.Controllers.Playground.ReportRouteTest" assertions="4" time="0.384497"/>
        <testcase name="test_json_guest_cannot_destroy" file="/app/vendor/gammamatrix/playground-test/src/Feature/Http/Controllers/Resource/Playground/DestroyJsonTrait.php" line="31" class="Tests\Feature\Playground\Lead\Api\Http\Controllers\Playground\ReportRouteTest" classname="Tests.Feature.Playground.Lead.Api.Http.Controllers.Playground.ReportRouteTest" assertions="3" time="0.346430"/>
        <testcase name="test_json_destroy_as_admin_and_succeed" file="/app/vendor/gammamatrix/playground-test/src/Feature/Http/Controllers/Resource/Playground/DestroyJsonTrait.php" line="61" class="Tests\Feature\Playground\Lead\Api\Http\Controllers\Playground\ReportRouteTest" classname="Tests.Feature.Playground.Lead.Api.Http.Controllers.Playground.ReportRouteTest" assertions="5" time="0.366515"/>
        <testcase name="test_json_destroy_as_admin_and_succeed_with_force_delete" file="/app/vendor/gammamatrix/playground-test/src/Feature/Http/Controllers/Resource/Playground/DestroyJsonTrait.php" line="100" class="Tests\Feature\Playground\Lead\Api\Http\Controllers\Playground\ReportRouteTest" classname="Tests.Feature.Playground.Lead.Api.Http.Controllers.Playground.ReportRouteTest" assertions="4" time="0.374007"/>
        <testcase name="test_json_destroy_as_admin_and_succeed_with_no_content" file="/app/vendor/gammamatrix/playground-test/src/Feature/Http/Controllers/Resource/Playground/DestroyJsonTrait.php" line="132" class="Tests\Feature\Playground\Lead\Api\Http\Controllers\Playground\ReportRouteTest" classname="Tests.Feature.Playground.Lead.Api.Http.Controllers.Playground.ReportRouteTest" assertions="5" time="0.369310"/>
        <testcase name="test_json_destroy_as_admin_and_succeed_and_ignore_redirect" file="/app/vendor/gammamatrix/playground-test/src/Feature/Http/Controllers/Resource/Playground/DestroyJsonTrait.php" line="167" class="Tests\Feature\Playground\Lead\Api\Http\Controllers\Playground\ReportRouteTest" classname="Tests.Feature.Playground.Lead.Api.Http.Controllers.Playground.ReportRouteTest" assertions="5" time="0.393222"/>
        <testcase name="test_json_destroy_as_user_and_get_denied_and_no_force_delete_allowed" file="/app/vendor/gammamatrix/playground-test/src/Feature/Http/Controllers/Resource/Playground/DestroyJsonTrait.php" line="209" class="Tests\Feature\Playground\Lead\Api\Http\Controllers\Playground\ReportRouteTest" classname="Tests.Feature.Playground.Lead.Api.Http.Controllers.Playground.ReportRouteTest" assertions="3" time="0.357721"/>
        <testcase name="test_json_guest_cannot_get_edit_info" file="/app/vendor/gammamatrix/playground-test/src/Feature/Http/Controllers/Resource/Playground/EditJsonTrait.php" line="38" class="Tests\Feature\Playground\Lead\Api\Http\Controllers\Playground\ReportRouteTest" classname="Tests.Feature.Playground.Lead.Api.Http.Controllers.Playground.ReportRouteTest" assertions="1" time="0.346924"/>
        <testcase name="test_json_admin_can_get_edit_info" file="/app/vendor/gammamatrix/playground-test/src/Feature/Http/Controllers/Resource/Playground/EditJsonTrait.php" line="58" class="Tests\Feature\Playground\Lead\Api\Http\Controllers\Playground\ReportRouteTest" classname="Tests.Feature.Playground.Lead.Api.Http.Controllers.Playground.ReportRouteTest" assertions="4" time="0.395689"/>
        <testcase name="test_json_edit_as_admin_and_fail_validation_with_invalid_parameter" file="/app/vendor/gammamatrix/playground-test/src/Feature/Http/Controllers/Resource/Playground/EditJsonTrait.php" line="87" class="Tests\Feature\Playground\Lead\Api\Http\Controllers\Playground\ReportRouteTest" classname="Tests.Feature.Playground.Lead.Api.Http.Controllers.Playground.ReportRouteTest" assertions="4" time="0.381273"/>
        <testcase name="test_json_guest_cannot_get_index" file="/app/vendor/gammamatrix/playground-test/src/Feature/Http/Controllers/Resource/Playground/IndexJsonTrait.php" line="34" class="Tests\Feature\Playground\Lead\Api\Http\Controllers\Playground\ReportRouteTest" classname="Tests.Feature.Playground.Lead.Api.Http.Controllers.Playground.ReportRouteTest" assertions="1" time="0.356386"/>
        <testcase name="test_json_admin_can_get_index" file="/app/vendor/gammamatrix/playground-test/src/Feature/Http/Controllers/Resource/Playground/IndexJsonTrait.php" line="49" class="Tests\Feature\Playground\Lead\Api\Http\Controllers\Playground\ReportRouteTest" classname="Tests.Feature.Playground.Lead.Api.Http.Controllers.Playground.ReportRouteTest" assertions="130" time="0.403240"/>
        <testcase name="test_json_admin_can_get_index_with_filters" file="/app/vendor/gammamatrix/playground-test/src/Feature/Http/Controllers/Resource/Playground/IndexJsonTrait.php" line="85" class="Tests\Feature\Playground\Lead\Api\Http\Controllers\Playground\ReportRouteTest" classname="Tests.Feature.Playground.Lead.Api.Http.Controllers.Playground.ReportRouteTest" assertions="3" time="0.380787"/>
        <testcase name="test_json_guest_cannot_lock" file="/app/vendor/gammamatrix/playground-test/src/Feature/Http/Controllers/Resource/Playground/LockJsonTrait.php" line="36" class="Tests\Feature\Playground\Lead\Api\Http\Controllers\Playground\ReportRouteTest" classname="Tests.Feature.Playground.Lead.Api.Http.Controllers.Playground.ReportRouteTest" assertions="3" time="0.358831"/>
        <testcase name="test_json_lock_as_admin_and_succeed" file="/app/vendor/gammamatrix/playground-test/src/Feature/Http/Controllers/Resource/Playground/LockJsonTrait.php" line="66" class="Tests\Feature\Playground\Lead\Api\Http\Controllers\Playground\ReportRouteTest" classname="Tests.Feature.Playground.Lead.Api.Http.Controllers.Playground.ReportRouteTest" assertions="3" time="0.392290"/>
        <testcase name="test_json_lock_as_admin_and_succeed_with_no_redirect" file="/app/vendor/gammamatrix/playground-test/src/Feature/Http/Controllers/Resource/Playground/LockJsonTrait.php" line="98" class="Tests\Feature\Playground\Lead\Api\Http\Controllers\Playground\ReportRouteTest" classname="Tests.Feature.Playground.Lead.Api.Http.Controllers.Playground.ReportRouteTest" assertions="125" time="0.373451"/>
        <testcase name="test_json_lock_as_user_and_get_denied" file="/app/vendor/gammamatrix/playground-test/src/Feature/Http/Controllers/Resource/Playground/LockJsonTrait.php" line="143" class="Tests\Feature\Playground\Lead\Api\Http\Controllers\Playground\ReportRouteTest" classname="Tests.Feature.Playground.Lead.Api.Http.Controllers.Playground.ReportRouteTest" assertions="3" time="0.388806"/>
        <testcase name="test_json_guest_cannot_restore" file="/app/vendor/gammamatrix/playground-test/src/Feature/Http/Controllers/Resource/Playground/RestoreJsonTrait.php" line="32" class="Tests\Feature\Playground\Lead\Api\Http\Controllers\Playground\ReportRouteTest" classname="Tests.Feature.Playground.Lead.Api.Http.Controllers.Playground.ReportRouteTest" assertions="3" time="0.364957"/>
        <testcase name="test_json_restore_as_admin_and_succeed" file="/app/vendor/gammamatrix/playground-test/src/Feature/Http/Controllers/Resource/Playground/RestoreJsonTrait.php" line="64" class="Tests\Feature\Playground\Lead\Api\Http\Controllers\Playground\ReportRouteTest" classname="Tests.Feature.Playground.Lead.Api.Http.Controllers.Playground.ReportRouteTest" assertions="125" time="0.373177"/>
        <testcase name="test_json_restore_as_admin_and_succeed_with_no_redirect" file="/app/vendor/gammamatrix/playground-test/src/Feature/Http/Controllers/Resource/Playground/RestoreJsonTrait.php" line="100" class="Tests\Feature\Playground\Lead\Api\Http\Controllers\Playground\ReportRouteTest" classname="Tests.Feature.Playground.Lead.Api.Http.Controllers.Playground.ReportRouteTest" assertions="125" time="0.402824"/>
        <testcase name="test_json_restore_as_user_and_get_denied" file="/app/vendor/gammamatrix/playground-test/src/Feature/Http/Controllers/Resource/Playground/RestoreJsonTrait.php" line="143" class="Tests\Feature\Playground\Lead\Api\Http\Controllers\Playground\ReportRouteTest" classname="Tests.Feature.Playground.Lead.Api.Http.Controllers.Playground.ReportRouteTest" assertions="3" time="0.369650"/>
        <testcase name="test_json_guest_cannot_see_info" file="/app/vendor/gammamatrix/playground-test/src/Feature/Http/Controllers/Resource/Playground/ShowJsonTrait.php" line="29" class="Tests\Feature\Playground\Lead\Api\Http\Controllers\Playground\ReportRouteTest" classname="Tests.Feature.Playground.Lead.Api.Http.Controllers.Playground.ReportRouteTest" assertions="1" time="0.354406"/>
        <testcase name="test_json_show_info_for_admin" file="/app/vendor/gammamatrix/playground-test/src/Feature/Http/Controllers/Resource/Playground/ShowJsonTrait.php" line="49" class="Tests\Feature\Playground\Lead\Api\Http\Controllers\Playground\ReportRouteTest" classname="Tests.Feature.Playground.Lead.Api.Http.Controllers.Playground.ReportRouteTest" assertions="124" time="0.397668"/>
        <testcase name="test_json_guest_cannot_store" file="/app/vendor/gammamatrix/playground-test/src/Feature/Http/Controllers/Resource/Playground/StoreJsonTrait.php" line="43" class="Tests\Feature\Playground\Lead\Api\Http\Controllers\Playground\ReportRouteTest" classname="Tests.Feature.Playground.Lead.Api.Http.Controllers.Playground.ReportRouteTest" assertions="3" time="0.359533"/>
        <testcase name="test_json_store_as_admin_without_payload_and_fail_validation" file="/app/vendor/gammamatrix/playground-test/src/Feature/Http/Controllers/Resource/Playground/StoreJsonTrait.php" line="66" class="Tests\Feature\Playground\Lead\Api\Http\Controllers\Playground\ReportRouteTest" classname="Tests.Feature.Playground.Lead.Api.Http.Controllers.Playground.ReportRouteTest" assertions="5" time="0.392812"/>
        <testcase name="test_json_store_as_admin_and_succeed" file="/app/vendor/gammamatrix/playground-test/src/Feature/Http/Controllers/Resource/Playground/StoreJsonTrait.php" line="92" class="Tests\Feature\Playground\Lead\Api\Http\Controllers\Playground\ReportRouteTest" classname="Tests.Feature.Playground.Lead.Api.Http.Controllers.Playground.ReportRouteTest" assertions="3" time="0.399714"/>
        <testcase name="test_json_guest_cannot_unlock" file="/app/vendor/gammamatrix/playground-test/src/Feature/Http/Controllers/Resource/Playground/UnlockJsonTrait.php" line="36" class="Tests\Feature\Playground\Lead\Api\Http\Controllers\Playground\ReportRouteTest" classname="Tests.Feature.Playground.Lead.Api.Http.Controllers.Playground.ReportRouteTest" assertions="3" time="0.355698"/>
        <testcase name="test_json_unlock_as_admin_and_succeed" file="/app/vendor/gammamatrix/playground-test/src/Feature/Http/Controllers/Resource/Playground/UnlockJsonTrait.php" line="68" class="Tests\Feature\Playground\Lead\Api\Http\Controllers\Playground\ReportRouteTest" classname="Tests.Feature.Playground.Lead.Api.Http.Controllers.Playground.ReportRouteTest" assertions="125" time="0.415384"/>
        <testcase name="test_json_unlock_as_admin_and_succeed_with_no_redirect" file="/app/vendor/gammamatrix/playground-test/src/Feature/Http/Controllers/Resource/Playground/UnlockJsonTrait.php" line="104" class="Tests\Feature\Playground\Lead\Api\Http\Controllers\Playground\ReportRouteTest" classname="Tests.Feature.Playground.Lead.Api.Http.Controllers.Playground.ReportRouteTest" assertions="125" time="0.381266"/>
        <testcase name="test_json_unlock_as_user_and_get_denied" file="/app/vendor/gammamatrix/playground-test/src/Feature/Http/Controllers/Resource/Playground/UnlockJsonTrait.php" line="145" class="Tests\Feature\Playground\Lead\Api\Http\Controllers\Playground\ReportRouteTest" classname="Tests.Feature.Playground.Lead.Api.Http.Controllers.Playground.ReportRouteTest" assertions="3" time="0.367293"/>
        <testcase name="test_json_guest_cannot_update" file="/app/vendor/gammamatrix/playground-test/src/Feature/Http/Controllers/Resource/Playground/UpdateJsonTrait.php" line="45" class="Tests\Feature\Playground\Lead\Api\Http\Controllers\Playground\ReportRouteTest" classname="Tests.Feature.Playground.Lead.Api.Http.Controllers.Playground.ReportRouteTest" assertions="1" time="0.382193"/>
        <testcase name="test_json_update_as_admin_without_payload_and_fail_validation" file="/app/vendor/gammamatrix/playground-test/src/Feature/Http/Controllers/Resource/Playground/UpdateJsonTrait.php" line="65" class="Tests\Feature\Playground\Lead\Api\Http\Controllers\Playground\ReportRouteTest" classname="Tests.Feature.Playground.Lead.Api.Http.Controllers.Playground.ReportRouteTest" assertions="4" time="0.375510"/>
        <testcase name="test_json_admin_can_update" file="/app/vendor/gammamatrix/playground-test/src/Feature/Http/Controllers/Resource/Playground/UpdateJsonTrait.php" line="90" class="Tests\Feature\Playground\Lead\Api\Http\Controllers\Playground\ReportRouteTest" classname="Tests.Feature.Playground.Lead.Api.Http.Controllers.Playground.ReportRouteTest" assertions="127" time="0.451772"/>
      </testsuite>
      <testsuite name="Tests\Feature\Playground\Lead\Api\Http\Controllers\Playground\SourceRouteTest" file="/app/tests/Feature/Http/Controllers/Playground/SourceRouteTest.php" tests="35" assertions="1210" errors="0" failures="0" skipped="0" time="13.278826">
        <testcase name="test_json_guest_cannot_get_create_info" file="/app/vendor/gammamatrix/playground-test/src/Feature/Http/Controllers/Resource/Playground/CreateJsonTrait.php" line="38" class="Tests\Feature\Playground\Lead\Api\Http\Controllers\Playground\SourceRouteTest" classname="Tests.Feature.Playground.Lead.Api.Http.Controllers.Playground.SourceRouteTest" assertions="1" time="0.374511"/>
        <testcase name="test_json_admin_can_get_create_info" file="/app/vendor/gammamatrix/playground-test/src/Feature/Http/Controllers/Resource/Playground/CreateJsonTrait.php" line="53" class="Tests\Feature\Playground\Lead\Api\Http\Controllers\Playground\SourceRouteTest" classname="Tests.Feature.Playground.Lead.Api.Http.Controllers.Playground.SourceRouteTest" assertions="123" time="0.369293"/>
        <testcase name="test_json_get_create_info_as_admin_with_invalid_parameter_and_fail_validation" file="/app/vendor/gammamatrix/playground-test/src/Feature/Http/Controllers/Resource/Playground/CreateJsonTrait.php" line="73" class="Tests\Feature\Playground\Lead\Api\Http\Controllers\Playground\SourceRouteTest" classname="Tests.Feature.Playground.Lead.Api.Http.Controllers.Playground.SourceRouteTest" assertions="4" time="0.385016"/>
        <testcase name="test_json_guest_cannot_destroy" file="/app/vendor/gammamatrix/playground-test/src/Feature/Http/Controllers/Resource/Playground/DestroyJsonTrait.php" line="31" class="Tests\Feature\Playground\Lead\Api\Http\Controllers\Playground\SourceRouteTest" classname="Tests.Feature.Playground.Lead.Api.Http.Controllers.Playground.SourceRouteTest" assertions="3" time="0.349649"/>
        <testcase name="test_json_destroy_as_admin_and_succeed" file="/app/vendor/gammamatrix/playground-test/src/Feature/Http/Controllers/Resource/Playground/DestroyJsonTrait.php" line="61" class="Tests\Feature\Playground\Lead\Api\Http\Controllers\Playground\SourceRouteTest" classname="Tests.Feature.Playground.Lead.Api.Http.Controllers.Playground.SourceRouteTest" assertions="5" time="0.363957"/>
        <testcase name="test_json_destroy_as_admin_and_succeed_with_force_delete" file="/app/vendor/gammamatrix/playground-test/src/Feature/Http/Controllers/Resource/Playground/DestroyJsonTrait.php" line="100" class="Tests\Feature\Playground\Lead\Api\Http\Controllers\Playground\SourceRouteTest" classname="Tests.Feature.Playground.Lead.Api.Http.Controllers.Playground.SourceRouteTest" assertions="4" time="0.384240"/>
        <testcase name="test_json_destroy_as_admin_and_succeed_with_no_content" file="/app/vendor/gammamatrix/playground-test/src/Feature/Http/Controllers/Resource/Playground/DestroyJsonTrait.php" line="132" class="Tests\Feature\Playground\Lead\Api\Http\Controllers\Playground\SourceRouteTest" classname="Tests.Feature.Playground.Lead.Api.Http.Controllers.Playground.SourceRouteTest" assertions="5" time="0.372404"/>
        <testcase name="test_json_destroy_as_admin_and_succeed_and_ignore_redirect" file="/app/vendor/gammamatrix/playground-test/src/Feature/Http/Controllers/Resource/Playground/DestroyJsonTrait.php" line="167" class="Tests\Feature\Playground\Lead\Api\Http\Controllers\Playground\SourceRouteTest" classname="Tests.Feature.Playground.Lead.Api.Http.Controllers.Playground.SourceRouteTest" assertions="5" time="0.367426"/>
        <testcase name="test_json_destroy_as_user_and_get_denied_and_no_force_delete_allowed" file="/app/vendor/gammamatrix/playground-test/src/Feature/Http/Controllers/Resource/Playground/DestroyJsonTrait.php" line="209" class="Tests\Feature\Playground\Lead\Api\Http\Controllers\Playground\SourceRouteTest" classname="Tests.Feature.Playground.Lead.Api.Http.Controllers.Playground.SourceRouteTest" assertions="3" time="0.379152"/>
        <testcase name="test_json_guest_cannot_get_edit_info" file="/app/vendor/gammamatrix/playground-test/src/Feature/Http/Controllers/Resource/Playground/EditJsonTrait.php" line="38" class="Tests\Feature\Playground\Lead\Api\Http\Controllers\Playground\SourceRouteTest" classname="Tests.Feature.Playground.Lead.Api.Http.Controllers.Playground.SourceRouteTest" assertions="1" time="0.349176"/>
        <testcase name="test_json_admin_can_get_edit_info" file="/app/vendor/gammamatrix/playground-test/src/Feature/Http/Controllers/Resource/Playground/EditJsonTrait.php" line="58" class="Tests\Feature\Playground\Lead\Api\Http\Controllers\Playground\SourceRouteTest" classname="Tests.Feature.Playground.Lead.Api.Http.Controllers.Playground.SourceRouteTest" assertions="4" time="0.403006"/>
        <testcase name="test_json_edit_as_admin_and_fail_validation_with_invalid_parameter" file="/app/vendor/gammamatrix/playground-test/src/Feature/Http/Controllers/Resource/Playground/EditJsonTrait.php" line="87" class="Tests\Feature\Playground\Lead\Api\Http\Controllers\Playground\SourceRouteTest" classname="Tests.Feature.Playground.Lead.Api.Http.Controllers.Playground.SourceRouteTest" assertions="4" time="0.379093"/>
        <testcase name="test_json_guest_cannot_get_index" file="/app/vendor/gammamatrix/playground-test/src/Feature/Http/Controllers/Resource/Playground/IndexJsonTrait.php" line="34" class="Tests\Feature\Playground\Lead\Api\Http\Controllers\Playground\SourceRouteTest" classname="Tests.Feature.Playground.Lead.Api.Http.Controllers.Playground.SourceRouteTest" assertions="1" time="0.358726"/>
        <testcase name="test_json_admin_can_get_index" file="/app/vendor/gammamatrix/playground-test/src/Feature/Http/Controllers/Resource/Playground/IndexJsonTrait.php" line="49" class="Tests\Feature\Playground\Lead\Api\Http\Controllers\Playground\SourceRouteTest" classname="Tests.Feature.Playground.Lead.Api.Http.Controllers.Playground.SourceRouteTest" assertions="130" time="0.406335"/>
        <testcase name="test_json_admin_can_get_index_with_filters" file="/app/vendor/gammamatrix/playground-test/src/Feature/Http/Controllers/Resource/Playground/IndexJsonTrait.php" line="85" class="Tests\Feature\Playground\Lead\Api\Http\Controllers\Playground\SourceRouteTest" classname="Tests.Feature.Playground.Lead.Api.Http.Controllers.Playground.SourceRouteTest" assertions="3" time="0.378190"/>
        <testcase name="test_json_guest_cannot_lock" file="/app/vendor/gammamatrix/playground-test/src/Feature/Http/Controllers/Resource/Playground/LockJsonTrait.php" line="36" class="Tests\Feature\Playground\Lead\Api\Http\Controllers\Playground\SourceRouteTest" classname="Tests.Feature.Playground.Lead.Api.Http.Controllers.Playground.SourceRouteTest" assertions="3" time="0.354516"/>
        <testcase name="test_json_lock_as_admin_and_succeed" file="/app/vendor/gammamatrix/playground-test/src/Feature/Http/Controllers/Resource/Playground/LockJsonTrait.php" line="66" class="Tests\Feature\Playground\Lead\Api\Http\Controllers\Playground\SourceRouteTest" classname="Tests.Feature.Playground.Lead.Api.Http.Controllers.Playground.SourceRouteTest" assertions="3" time="0.400053"/>
        <testcase name="test_json_lock_as_admin_and_succeed_with_no_redirect" file="/app/vendor/gammamatrix/playground-test/src/Feature/Http/Controllers/Resource/Playground/LockJsonTrait.php" line="98" class="Tests\Feature\Playground\Lead\Api\Http\Controllers\Playground\SourceRouteTest" classname="Tests.Feature.Playground.Lead.Api.Http.Controllers.Playground.SourceRouteTest" assertions="125" time="0.375732"/>
        <testcase name="test_json_lock_as_user_and_get_denied" file="/app/vendor/gammamatrix/playground-test/src/Feature/Http/Controllers/Resource/Playground/LockJsonTrait.php" line="143" class="Tests\Feature\Playground\Lead\Api\Http\Controllers\Playground\SourceRouteTest" classname="Tests.Feature.Playground.Lead.Api.Http.Controllers.Playground.SourceRouteTest" assertions="3" time="0.400424"/>
        <testcase name="test_json_guest_cannot_restore" file="/app/vendor/gammamatrix/playground-test/src/Feature/Http/Controllers/Resource/Playground/RestoreJsonTrait.php" line="32" class="Tests\Feature\Playground\Lead\Api\Http\Controllers\Playground\SourceRouteTest" classname="Tests.Feature.Playground.Lead.Api.Http.Controllers.Playground.SourceRouteTest" assertions="3" time="0.356292"/>
        <testcase name="test_json_restore_as_admin_and_succeed" file="/app/vendor/gammamatrix/playground-test/src/Feature/Http/Controllers/Resource/Playground/RestoreJsonTrait.php" line="64" class="Tests\Feature\Playground\Lead\Api\Http\Controllers\Playground\SourceRouteTest" classname="Tests.Feature.Playground.Lead.Api.Http.Controllers.Playground.SourceRouteTest" assertions="125" time="0.374337"/>
        <testcase name="test_json_restore_as_admin_and_succeed_with_no_redirect" file="/app/vendor/gammamatrix/playground-test/src/Feature/Http/Controllers/Resource/Playground/RestoreJsonTrait.php" line="100" class="Tests\Feature\Playground\Lead\Api\Http\Controllers\Playground\SourceRouteTest" classname="Tests.Feature.Playground.Lead.Api.Http.Controllers.Playground.SourceRouteTest" assertions="125" time="0.407078"/>
        <testcase name="test_json_restore_as_user_and_get_denied" file="/app/vendor/gammamatrix/playground-test/src/Feature/Http/Controllers/Resource/Playground/RestoreJsonTrait.php" line="143" class="Tests\Feature\Playground\Lead\Api\Http\Controllers\Playground\SourceRouteTest" classname="Tests.Feature.Playground.Lead.Api.Http.Controllers.Playground.SourceRouteTest" assertions="3" time="0.368436"/>
        <testcase name="test_json_guest_cannot_see_info" file="/app/vendor/gammamatrix/playground-test/src/Feature/Http/Controllers/Resource/Playground/ShowJsonTrait.php" line="29" class="Tests\Feature\Playground\Lead\Api\Http\Controllers\Playground\SourceRouteTest" classname="Tests.Feature.Playground.Lead.Api.Http.Controllers.Playground.SourceRouteTest" assertions="1" time="0.356092"/>
        <testcase name="test_json_show_info_for_admin" file="/app/vendor/gammamatrix/playground-test/src/Feature/Http/Controllers/Resource/Playground/ShowJsonTrait.php" line="49" class="Tests\Feature\Playground\Lead\Api\Http\Controllers\Playground\SourceRouteTest" classname="Tests.Feature.Playground.Lead.Api.Http.Controllers.Playground.SourceRouteTest" assertions="124" time="0.406672"/>
        <testcase name="test_json_guest_cannot_store" file="/app/vendor/gammamatrix/playground-test/src/Feature/Http/Controllers/Resource/Playground/StoreJsonTrait.php" line="43" class="Tests\Feature\Playground\Lead\Api\Http\Controllers\Playground\SourceRouteTest" classname="Tests.Feature.Playground.Lead.Api.Http.Controllers.Playground.SourceRouteTest" assertions="3" time="0.348477"/>
        <testcase name="test_json_store_as_admin_without_payload_and_fail_validation" file="/app/vendor/gammamatrix/playground-test/src/Feature/Http/Controllers/Resource/Playground/StoreJsonTrait.php" line="66" class="Tests\Feature\Playground\Lead\Api\Http\Controllers\Playground\SourceRouteTest" classname="Tests.Feature.Playground.Lead.Api.Http.Controllers.Playground.SourceRouteTest" assertions="5" time="0.368525"/>
        <testcase name="test_json_store_as_admin_and_succeed" file="/app/vendor/gammamatrix/playground-test/src/Feature/Http/Controllers/Resource/Playground/StoreJsonTrait.php" line="92" class="Tests\Feature\Playground\Lead\Api\Http\Controllers\Playground\SourceRouteTest" classname="Tests.Feature.Playground.Lead.Api.Http.Controllers.Playground.SourceRouteTest" assertions="3" time="0.429414"/>
        <testcase name="test_json_guest_cannot_unlock" file="/app/vendor/gammamatrix/playground-test/src/Feature/Http/Controllers/Resource/Playground/UnlockJsonTrait.php" line="36" class="Tests\Feature\Playground\Lead\Api\Http\Controllers\Playground\SourceRouteTest" classname="Tests.Feature.Playground.Lead.Api.Http.Controllers.Playground.SourceRouteTest" assertions="3" time="0.357362"/>
        <testcase name="test_json_unlock_as_admin_and_succeed" file="/app/vendor/gammamatrix/playground-test/src/Feature/Http/Controllers/Resource/Playground/UnlockJsonTrait.php" line="68" class="Tests\Feature\Playground\Lead\Api\Http\Controllers\Playground\SourceRouteTest" classname="Tests.Feature.Playground.Lead.Api.Http.Controllers.Playground.SourceRouteTest" assertions="125" time="0.411901"/>
        <testcase name="test_json_unlock_as_admin_and_succeed_with_no_redirect" file="/app/vendor/gammamatrix/playground-test/src/Feature/Http/Controllers/Resource/Playground/UnlockJsonTrait.php" line="104" class="Tests\Feature\Playground\Lead\Api\Http\Controllers\Playground\SourceRouteTest" classname="Tests.Feature.Playground.Lead.Api.Http.Controllers.Playground.SourceRouteTest" assertions="125" time="0.384357"/>
        <testcase name="test_json_unlock_as_user_and_get_denied" file="/app/vendor/gammamatrix/playground-test/src/Feature/Http/Controllers/Resource/Playground/UnlockJsonTrait.php" line="145" class="Tests\Feature\Playground\Lead\Api\Http\Controllers\Playground\SourceRouteTest" classname="Tests.Feature.Playground.Lead.Api.Http.Controllers.Playground.SourceRouteTest" assertions="3" time="0.374525"/>
        <testcase name="test_json_guest_cannot_update" file="/app/vendor/gammamatrix/playground-test/src/Feature/Http/Controllers/Resource/Playground/UpdateJsonTrait.php" line="45" class="Tests\Feature\Playground\Lead\Api\Http\Controllers\Playground\SourceRouteTest" classname="Tests.Feature.Playground.Lead.Api.Http.Controllers.Playground.SourceRouteTest" assertions="1" time="0.378137"/>
        <testcase name="test_json_update_as_admin_without_payload_and_fail_validation" file="/app/vendor/gammamatrix/playground-test/src/Feature/Http/Controllers/Resource/Playground/UpdateJsonTrait.php" line="65" class="Tests\Feature\Playground\Lead\Api\Http\Controllers\Playground\SourceRouteTest" classname="Tests.Feature.Playground.Lead.Api.Http.Controllers.Playground.SourceRouteTest" assertions="4" time="0.380191"/>
        <testcase name="test_json_admin_can_update" file="/app/vendor/gammamatrix/playground-test/src/Feature/Http/Controllers/Resource/Playground/UpdateJsonTrait.php" line="90" class="Tests\Feature\Playground\Lead\Api\Http\Controllers\Playground\SourceRouteTest" classname="Tests.Feature.Playground.Lead.Api.Http.Controllers.Playground.SourceRouteTest" assertions="127" time="0.426129"/>
      </testsuite>
      <testsuite name="Tests\Feature\Playground\Lead\Api\Http\Controllers\Playground\TaskRouteTest" file="/app/tests/Feature/Http/Controllers/Playground/TaskRouteTest.php" tests="35" assertions="1210" errors="0" failures="0" skipped="0" time="13.342147">
        <testcase name="test_json_guest_cannot_get_create_info" file="/app/vendor/gammamatrix/playground-test/src/Feature/Http/Controllers/Resource/Playground/CreateJsonTrait.php" line="38" class="Tests\Feature\Playground\Lead\Api\Http\Controllers\Playground\TaskRouteTest" classname="Tests.Feature.Playground.Lead.Api.Http.Controllers.Playground.TaskRouteTest" assertions="1" time="0.410238"/>
        <testcase name="test_json_admin_can_get_create_info" file="/app/vendor/gammamatrix/playground-test/src/Feature/Http/Controllers/Resource/Playground/CreateJsonTrait.php" line="53" class="Tests\Feature\Playground\Lead\Api\Http\Controllers\Playground\TaskRouteTest" classname="Tests.Feature.Playground.Lead.Api.Http.Controllers.Playground.TaskRouteTest" assertions="123" time="0.377230"/>
        <testcase name="test_json_get_create_info_as_admin_with_invalid_parameter_and_fail_validation" file="/app/vendor/gammamatrix/playground-test/src/Feature/Http/Controllers/Resource/Playground/CreateJsonTrait.php" line="73" class="Tests\Feature\Playground\Lead\Api\Http\Controllers\Playground\TaskRouteTest" classname="Tests.Feature.Playground.Lead.Api.Http.Controllers.Playground.TaskRouteTest" assertions="4" time="0.385967"/>
        <testcase name="test_json_guest_cannot_destroy" file="/app/vendor/gammamatrix/playground-test/src/Feature/Http/Controllers/Resource/Playground/DestroyJsonTrait.php" line="31" class="Tests\Feature\Playground\Lead\Api\Http\Controllers\Playground\TaskRouteTest" classname="Tests.Feature.Playground.Lead.Api.Http.Controllers.Playground.TaskRouteTest" assertions="3" time="0.349145"/>
        <testcase name="test_json_destroy_as_admin_and_succeed" file="/app/vendor/gammamatrix/playground-test/src/Feature/Http/Controllers/Resource/Playground/DestroyJsonTrait.php" line="61" class="Tests\Feature\Playground\Lead\Api\Http\Controllers\Playground\TaskRouteTest" classname="Tests.Feature.Playground.Lead.Api.Http.Controllers.Playground.TaskRouteTest" assertions="5" time="0.364394"/>
        <testcase name="test_json_destroy_as_admin_and_succeed_with_force_delete" file="/app/vendor/gammamatrix/playground-test/src/Feature/Http/Controllers/Resource/Playground/DestroyJsonTrait.php" line="100" class="Tests\Feature\Playground\Lead\Api\Http\Controllers\Playground\TaskRouteTest" classname="Tests.Feature.Playground.Lead.Api.Http.Controllers.Playground.TaskRouteTest" assertions="4" time="0.391234"/>
        <testcase name="test_json_destroy_as_admin_and_succeed_with_no_content" file="/app/vendor/gammamatrix/playground-test/src/Feature/Http/Controllers/Resource/Playground/DestroyJsonTrait.php" line="132" class="Tests\Feature\Playground\Lead\Api\Http\Controllers\Playground\TaskRouteTest" classname="Tests.Feature.Playground.Lead.Api.Http.Controllers.Playground.TaskRouteTest" assertions="5" time="0.365766"/>
        <testcase name="test_json_destroy_as_admin_and_succeed_and_ignore_redirect" file="/app/vendor/gammamatrix/playground-test/src/Feature/Http/Controllers/Resource/Playground/DestroyJsonTrait.php" line="167" class="Tests\Feature\Playground\Lead\Api\Http\Controllers\Playground\TaskRouteTest" classname="Tests.Feature.Playground.Lead.Api.Http.Controllers.Playground.TaskRouteTest" assertions="5" time="0.361844"/>
        <testcase name="test_json_destroy_as_user_and_get_denied_and_no_force_delete_allowed" file="/app/vendor/gammamatrix/playground-test/src/Feature/Http/Controllers/Resource/Playground/DestroyJsonTrait.php" line="209" class="Tests\Feature\Playground\Lead\Api\Http\Controllers\Playground\TaskRouteTest" classname="Tests.Feature.Playground.Lead.Api.Http.Controllers.Playground.TaskRouteTest" assertions="3" time="0.387384"/>
        <testcase name="test_json_guest_cannot_get_edit_info" file="/app/vendor/gammamatrix/playground-test/src/Feature/Http/Controllers/Resource/Playground/EditJsonTrait.php" line="38" class="Tests\Feature\Playground\Lead\Api\Http\Controllers\Playground\TaskRouteTest" classname="Tests.Feature.Playground.Lead.Api.Http.Controllers.Playground.TaskRouteTest" assertions="1" time="0.345736"/>
        <testcase name="test_json_admin_can_get_edit_info" file="/app/vendor/gammamatrix/playground-test/src/Feature/Http/Controllers/Resource/Playground/EditJsonTrait.php" line="58" class="Tests\Feature\Playground\Lead\Api\Http\Controllers\Playground\TaskRouteTest" classname="Tests.Feature.Playground.Lead.Api.Http.Controllers.Playground.TaskRouteTest" assertions="4" time="0.370115"/>
        <testcase name="test_json_edit_as_admin_and_fail_validation_with_invalid_parameter" file="/app/vendor/gammamatrix/playground-test/src/Feature/Http/Controllers/Resource/Playground/EditJsonTrait.php" line="87" class="Tests\Feature\Playground\Lead\Api\Http\Controllers\Playground\TaskRouteTest" classname="Tests.Feature.Playground.Lead.Api.Http.Controllers.Playground.TaskRouteTest" assertions="4" time="0.406675"/>
        <testcase name="test_json_guest_cannot_get_index" file="/app/vendor/gammamatrix/playground-test/src/Feature/Http/Controllers/Resource/Playground/IndexJsonTrait.php" line="34" class="Tests\Feature\Playground\Lead\Api\Http\Controllers\Playground\TaskRouteTest" classname="Tests.Feature.Playground.Lead.Api.Http.Controllers.Playground.TaskRouteTest" assertions="1" time="0.361956"/>
        <testcase name="test_json_admin_can_get_index" file="/app/vendor/gammamatrix/playground-test/src/Feature/Http/Controllers/Resource/Playground/IndexJsonTrait.php" line="49" class="Tests\Feature\Playground\Lead\Api\Http\Controllers\Playground\TaskRouteTest" classname="Tests.Feature.Playground.Lead.Api.Http.Controllers.Playground.TaskRouteTest" assertions="130" time="0.406773"/>
        <testcase name="test_json_admin_can_get_index_with_filters" file="/app/vendor/gammamatrix/playground-test/src/Feature/Http/Controllers/Resource/Playground/IndexJsonTrait.php" line="85" class="Tests\Feature\Playground\Lead\Api\Http\Controllers\Playground\TaskRouteTest" classname="Tests.Feature.Playground.Lead.Api.Http.Controllers.Playground.TaskRouteTest" assertions="3" time="0.378829"/>
        <testcase name="test_json_guest_cannot_lock" file="/app/vendor/gammamatrix/playground-test/src/Feature/Http/Controllers/Resource/Playground/LockJsonTrait.php" line="36" class="Tests\Feature\Playground\Lead\Api\Http\Controllers\Playground\TaskRouteTest" classname="Tests.Feature.Playground.Lead.Api.Http.Controllers.Playground.TaskRouteTest" assertions="3" time="0.358609"/>
        <testcase name="test_json_lock_as_admin_and_succeed" file="/app/vendor/gammamatrix/playground-test/src/Feature/Http/Controllers/Resource/Playground/LockJsonTrait.php" line="66" class="Tests\Feature\Playground\Lead\Api\Http\Controllers\Playground\TaskRouteTest" classname="Tests.Feature.Playground.Lead.Api.Http.Controllers.Playground.TaskRouteTest" assertions="3" time="0.404104"/>
        <testcase name="test_json_lock_as_admin_and_succeed_with_no_redirect" file="/app/vendor/gammamatrix/playground-test/src/Feature/Http/Controllers/Resource/Playground/LockJsonTrait.php" line="98" class="Tests\Feature\Playground\Lead\Api\Http\Controllers\Playground\TaskRouteTest" classname="Tests.Feature.Playground.Lead.Api.Http.Controllers.Playground.TaskRouteTest" assertions="125" time="0.372429"/>
        <testcase name="test_json_lock_as_user_and_get_denied" file="/app/vendor/gammamatrix/playground-test/src/Feature/Http/Controllers/Resource/Playground/LockJsonTrait.php" line="143" class="Tests\Feature\Playground\Lead\Api\Http\Controllers\Playground\TaskRouteTest" classname="Tests.Feature.Playground.Lead.Api.Http.Controllers.Playground.TaskRouteTest" assertions="3" time="0.371998"/>
        <testcase name="test_json_guest_cannot_restore" file="/app/vendor/gammamatrix/playground-test/src/Feature/Http/Controllers/Resource/Playground/RestoreJsonTrait.php" line="32" class="Tests\Feature\Playground\Lead\Api\Http\Controllers\Playground\TaskRouteTest" classname="Tests.Feature.Playground.Lead.Api.Http.Controllers.Playground.TaskRouteTest" assertions="3" time="0.382575"/>
        <testcase name="test_json_restore_as_admin_and_succeed" file="/app/vendor/gammamatrix/playground-test/src/Feature/Http/Controllers/Resource/Playground/RestoreJsonTrait.php" line="64" class="Tests\Feature\Playground\Lead\Api\Http\Controllers\Playground\TaskRouteTest" classname="Tests.Feature.Playground.Lead.Api.Http.Controllers.Playground.TaskRouteTest" assertions="125" time="0.376332"/>
        <testcase name="test_json_restore_as_admin_and_succeed_with_no_redirect" file="/app/vendor/gammamatrix/playground-test/src/Feature/Http/Controllers/Resource/Playground/RestoreJsonTrait.php" line="100" class="Tests\Feature\Playground\Lead\Api\Http\Controllers\Playground\TaskRouteTest" classname="Tests.Feature.Playground.Lead.Api.Http.Controllers.Playground.TaskRouteTest" assertions="125" time="0.404678"/>
        <testcase name="test_json_restore_as_user_and_get_denied" file="/app/vendor/gammamatrix/playground-test/src/Feature/Http/Controllers/Resource/Playground/RestoreJsonTrait.php" line="143" class="Tests\Feature\Playground\Lead\Api\Http\Controllers\Playground\TaskRouteTest" classname="Tests.Feature.Playground.Lead.Api.Http.Controllers.Playground.TaskRouteTest" assertions="3" time="0.371776"/>
        <testcase name="test_json_guest_cannot_see_info" file="/app/vendor/gammamatrix/playground-test/src/Feature/Http/Controllers/Resource/Playground/ShowJsonTrait.php" line="29" class="Tests\Feature\Playground\Lead\Api\Http\Controllers\Playground\TaskRouteTest" classname="Tests.Feature.Playground.Lead.Api.Http.Controllers.Playground.TaskRouteTest" assertions="1" time="0.359019"/>
        <testcase name="test_json_show_info_for_admin" file="/app/vendor/gammamatrix/playground-test/src/Feature/Http/Controllers/Resource/Playground/ShowJsonTrait.php" line="49" class="Tests\Feature\Playground\Lead\Api\Http\Controllers\Playground\TaskRouteTest" classname="Tests.Feature.Playground.Lead.Api.Http.Controllers.Playground.TaskRouteTest" assertions="124" time="0.403896"/>
        <testcase name="test_json_guest_cannot_store" file="/app/vendor/gammamatrix/playground-test/src/Feature/Http/Controllers/Resource/Playground/StoreJsonTrait.php" line="43" class="Tests\Feature\Playground\Lead\Api\Http\Controllers\Playground\TaskRouteTest" classname="Tests.Feature.Playground.Lead.Api.Http.Controllers.Playground.TaskRouteTest" assertions="3" time="0.348930"/>
        <testcase name="test_json_store_as_admin_without_payload_and_fail_validation" file="/app/vendor/gammamatrix/playground-test/src/Feature/Http/Controllers/Resource/Playground/StoreJsonTrait.php" line="66" class="Tests\Feature\Playground\Lead\Api\Http\Controllers\Playground\TaskRouteTest" classname="Tests.Feature.Playground.Lead.Api.Http.Controllers.Playground.TaskRouteTest" assertions="5" time="0.369982"/>
        <testcase name="test_json_store_as_admin_and_succeed" file="/app/vendor/gammamatrix/playground-test/src/Feature/Http/Controllers/Resource/Playground/StoreJsonTrait.php" line="92" class="Tests\Feature\Playground\Lead\Api\Http\Controllers\Playground\TaskRouteTest" classname="Tests.Feature.Playground.Lead.Api.Http.Controllers.Playground.TaskRouteTest" assertions="3" time="0.436915"/>
        <testcase name="test_json_guest_cannot_unlock" file="/app/vendor/gammamatrix/playground-test/src/Feature/Http/Controllers/Resource/Playground/UnlockJsonTrait.php" line="36" class="Tests\Feature\Playground\Lead\Api\Http\Controllers\Playground\TaskRouteTest" classname="Tests.Feature.Playground.Lead.Api.Http.Controllers.Playground.TaskRouteTest" assertions="3" time="0.353674"/>
        <testcase name="test_json_unlock_as_admin_and_succeed" file="/app/vendor/gammamatrix/playground-test/src/Feature/Http/Controllers/Resource/Playground/UnlockJsonTrait.php" line="68" class="Tests\Feature\Playground\Lead\Api\Http\Controllers\Playground\TaskRouteTest" classname="Tests.Feature.Playground.Lead.Api.Http.Controllers.Playground.TaskRouteTest" assertions="125" time="0.380596"/>
        <testcase name="test_json_unlock_as_admin_and_succeed_with_no_redirect" file="/app/vendor/gammamatrix/playground-test/src/Feature/Http/Controllers/Resource/Playground/UnlockJsonTrait.php" line="104" class="Tests\Feature\Playground\Lead\Api\Http\Controllers\Playground\TaskRouteTest" classname="Tests.Feature.Playground.Lead.Api.Http.Controllers.Playground.TaskRouteTest" assertions="125" time="0.417598"/>
        <testcase name="test_json_unlock_as_user_and_get_denied" file="/app/vendor/gammamatrix/playground-test/src/Feature/Http/Controllers/Resource/Playground/UnlockJsonTrait.php" line="145" class="Tests\Feature\Playground\Lead\Api\Http\Controllers\Playground\TaskRouteTest" classname="Tests.Feature.Playground.Lead.Api.Http.Controllers.Playground.TaskRouteTest" assertions="3" time="0.376903"/>
        <testcase name="test_json_guest_cannot_update" file="/app/vendor/gammamatrix/playground-test/src/Feature/Http/Controllers/Resource/Playground/UpdateJsonTrait.php" line="45" class="Tests\Feature\Playground\Lead\Api\Http\Controllers\Playground\TaskRouteTest" classname="Tests.Feature.Playground.Lead.Api.Http.Controllers.Playground.TaskRouteTest" assertions="1" time="0.381566"/>
        <testcase name="test_json_update_as_admin_without_payload_and_fail_validation" file="/app/vendor/gammamatrix/playground-test/src/Feature/Http/Controllers/Resource/Playground/UpdateJsonTrait.php" line="65" class="Tests\Feature\Playground\Lead\Api\Http\Controllers\Playground\TaskRouteTest" classname="Tests.Feature.Playground.Lead.Api.Http.Controllers.Playground.TaskRouteTest" assertions="4" time="0.377572"/>
        <testcase name="test_json_admin_can_update" file="/app/vendor/gammamatrix/playground-test/src/Feature/Http/Controllers/Resource/Playground/UpdateJsonTrait.php" line="90" class="Tests\Feature\Playground\Lead\Api\Http\Controllers\Playground\TaskRouteTest" classname="Tests.Feature.Playground.Lead.Api.Http.Controllers.Playground.TaskRouteTest" assertions="127" time="0.429710"/>
      </testsuite>
      <testsuite name="Tests\Feature\Playground\Lead\Api\Http\Controllers\Playground\TeamRouteTest" file="/app/tests/Feature/Http/Controllers/Playground/TeamRouteTest.php" tests="35" assertions="1210" errors="0" failures="0" skipped="0" time="13.424075">
        <testcase name="test_json_guest_cannot_get_create_info" file="/app/vendor/gammamatrix/playground-test/src/Feature/Http/Controllers/Resource/Playground/CreateJsonTrait.php" line="38" class="Tests\Feature\Playground\Lead\Api\Http\Controllers\Playground\TeamRouteTest" classname="Tests.Feature.Playground.Lead.Api.Http.Controllers.Playground.TeamRouteTest" assertions="1" time="0.403064"/>
        <testcase name="test_json_admin_can_get_create_info" file="/app/vendor/gammamatrix/playground-test/src/Feature/Http/Controllers/Resource/Playground/CreateJsonTrait.php" line="53" class="Tests\Feature\Playground\Lead\Api\Http\Controllers\Playground\TeamRouteTest" classname="Tests.Feature.Playground.Lead.Api.Http.Controllers.Playground.TeamRouteTest" assertions="123" time="0.374773"/>
        <testcase name="test_json_get_create_info_as_admin_with_invalid_parameter_and_fail_validation" file="/app/vendor/gammamatrix/playground-test/src/Feature/Http/Controllers/Resource/Playground/CreateJsonTrait.php" line="73" class="Tests\Feature\Playground\Lead\Api\Http\Controllers\Playground\TeamRouteTest" classname="Tests.Feature.Playground.Lead.Api.Http.Controllers.Playground.TeamRouteTest" assertions="4" time="0.364388"/>
        <testcase name="test_json_guest_cannot_destroy" file="/app/vendor/gammamatrix/playground-test/src/Feature/Http/Controllers/Resource/Playground/DestroyJsonTrait.php" line="31" class="Tests\Feature\Playground\Lead\Api\Http\Controllers\Playground\TeamRouteTest" classname="Tests.Feature.Playground.Lead.Api.Http.Controllers.Playground.TeamRouteTest" assertions="3" time="0.367013"/>
        <testcase name="test_json_destroy_as_admin_and_succeed" file="/app/vendor/gammamatrix/playground-test/src/Feature/Http/Controllers/Resource/Playground/DestroyJsonTrait.php" line="61" class="Tests\Feature\Playground\Lead\Api\Http\Controllers\Playground\TeamRouteTest" classname="Tests.Feature.Playground.Lead.Api.Http.Controllers.Playground.TeamRouteTest" assertions="5" time="0.360461"/>
        <testcase name="test_json_destroy_as_admin_and_succeed_with_force_delete" file="/app/vendor/gammamatrix/playground-test/src/Feature/Http/Controllers/Resource/Playground/DestroyJsonTrait.php" line="100" class="Tests\Feature\Playground\Lead\Api\Http\Controllers\Playground\TeamRouteTest" classname="Tests.Feature.Playground.Lead.Api.Http.Controllers.Playground.TeamRouteTest" assertions="4" time="0.404216"/>
        <testcase name="test_json_destroy_as_admin_and_succeed_with_no_content" file="/app/vendor/gammamatrix/playground-test/src/Feature/Http/Controllers/Resource/Playground/DestroyJsonTrait.php" line="132" class="Tests\Feature\Playground\Lead\Api\Http\Controllers\Playground\TeamRouteTest" classname="Tests.Feature.Playground.Lead.Api.Http.Controllers.Playground.TeamRouteTest" assertions="5" time="0.369024"/>
        <testcase name="test_json_destroy_as_admin_and_succeed_and_ignore_redirect" file="/app/vendor/gammamatrix/playground-test/src/Feature/Http/Controllers/Resource/Playground/DestroyJsonTrait.php" line="167" class="Tests\Feature\Playground\Lead\Api\Http\Controllers\Playground\TeamRouteTest" classname="Tests.Feature.Playground.Lead.Api.Http.Controllers.Playground.TeamRouteTest" assertions="5" time="0.361504"/>
        <testcase name="test_json_destroy_as_user_and_get_denied_and_no_force_delete_allowed" file="/app/vendor/gammamatrix/playground-test/src/Feature/Http/Controllers/Resource/Playground/DestroyJsonTrait.php" line="209" class="Tests\Feature\Playground\Lead\Api\Http\Controllers\Playground\TeamRouteTest" classname="Tests.Feature.Playground.Lead.Api.Http.Controllers.Playground.TeamRouteTest" assertions="3" time="0.409917"/>
        <testcase name="test_json_guest_cannot_get_edit_info" file="/app/vendor/gammamatrix/playground-test/src/Feature/Http/Controllers/Resource/Playground/EditJsonTrait.php" line="38" class="Tests\Feature\Playground\Lead\Api\Http\Controllers\Playground\TeamRouteTest" classname="Tests.Feature.Playground.Lead.Api.Http.Controllers.Playground.TeamRouteTest" assertions="1" time="0.352592"/>
        <testcase name="test_json_admin_can_get_edit_info" file="/app/vendor/gammamatrix/playground-test/src/Feature/Http/Controllers/Resource/Playground/EditJsonTrait.php" line="58" class="Tests\Feature\Playground\Lead\Api\Http\Controllers\Playground\TeamRouteTest" classname="Tests.Feature.Playground.Lead.Api.Http.Controllers.Playground.TeamRouteTest" assertions="4" time="0.375799"/>
        <testcase name="test_json_edit_as_admin_and_fail_validation_with_invalid_parameter" file="/app/vendor/gammamatrix/playground-test/src/Feature/Http/Controllers/Resource/Playground/EditJsonTrait.php" line="87" class="Tests\Feature\Playground\Lead\Api\Http\Controllers\Playground\TeamRouteTest" classname="Tests.Feature.Playground.Lead.Api.Http.Controllers.Playground.TeamRouteTest" assertions="4" time="0.402201"/>
        <testcase name="test_json_guest_cannot_get_index" file="/app/vendor/gammamatrix/playground-test/src/Feature/Http/Controllers/Resource/Playground/IndexJsonTrait.php" line="34" class="Tests\Feature\Playground\Lead\Api\Http\Controllers\Playground\TeamRouteTest" classname="Tests.Feature.Playground.Lead.Api.Http.Controllers.Playground.TeamRouteTest" assertions="1" time="0.370773"/>
        <testcase name="test_json_admin_can_get_index" file="/app/vendor/gammamatrix/playground-test/src/Feature/Http/Controllers/Resource/Playground/IndexJsonTrait.php" line="49" class="Tests\Feature\Playground\Lead\Api\Http\Controllers\Playground\TeamRouteTest" classname="Tests.Feature.Playground.Lead.Api.Http.Controllers.Playground.TeamRouteTest" assertions="130" time="0.382227"/>
        <testcase name="test_json_admin_can_get_index_with_filters" file="/app/vendor/gammamatrix/playground-test/src/Feature/Http/Controllers/Resource/Playground/IndexJsonTrait.php" line="85" class="Tests\Feature\Playground\Lead\Api\Http\Controllers\Playground\TeamRouteTest" classname="Tests.Feature.Playground.Lead.Api.Http.Controllers.Playground.TeamRouteTest" assertions="3" time="0.417123"/>
        <testcase name="test_json_guest_cannot_lock" file="/app/vendor/gammamatrix/playground-test/src/Feature/Http/Controllers/Resource/Playground/LockJsonTrait.php" line="36" class="Tests\Feature\Playground\Lead\Api\Http\Controllers\Playground\TeamRouteTest" classname="Tests.Feature.Playground.Lead.Api.Http.Controllers.Playground.TeamRouteTest" assertions="3" time="0.348218"/>
        <testcase name="test_json_lock_as_admin_and_succeed" file="/app/vendor/gammamatrix/playground-test/src/Feature/Http/Controllers/Resource/Playground/LockJsonTrait.php" line="66" class="Tests\Feature\Playground\Lead\Api\Http\Controllers\Playground\TeamRouteTest" classname="Tests.Feature.Playground.Lead.Api.Http.Controllers.Playground.TeamRouteTest" assertions="3" time="0.419696"/>
        <testcase name="test_json_lock_as_admin_and_succeed_with_no_redirect" file="/app/vendor/gammamatrix/playground-test/src/Feature/Http/Controllers/Resource/Playground/LockJsonTrait.php" line="98" class="Tests\Feature\Playground\Lead\Api\Http\Controllers\Playground\TeamRouteTest" classname="Tests.Feature.Playground.Lead.Api.Http.Controllers.Playground.TeamRouteTest" assertions="125" time="0.376605"/>
        <testcase name="test_json_lock_as_user_and_get_denied" file="/app/vendor/gammamatrix/playground-test/src/Feature/Http/Controllers/Resource/Playground/LockJsonTrait.php" line="143" class="Tests\Feature\Playground\Lead\Api\Http\Controllers\Playground\TeamRouteTest" classname="Tests.Feature.Playground.Lead.Api.Http.Controllers.Playground.TeamRouteTest" assertions="3" time="0.369615"/>
        <testcase name="test_json_guest_cannot_restore" file="/app/vendor/gammamatrix/playground-test/src/Feature/Http/Controllers/Resource/Playground/RestoreJsonTrait.php" line="32" class="Tests\Feature\Playground\Lead\Api\Http\Controllers\Playground\TeamRouteTest" classname="Tests.Feature.Playground.Lead.Api.Http.Controllers.Playground.TeamRouteTest" assertions="3" time="0.384562"/>
        <testcase name="test_json_restore_as_admin_and_succeed" file="/app/vendor/gammamatrix/playground-test/src/Feature/Http/Controllers/Resource/Playground/RestoreJsonTrait.php" line="64" class="Tests\Feature\Playground\Lead\Api\Http\Controllers\Playground\TeamRouteTest" classname="Tests.Feature.Playground.Lead.Api.Http.Controllers.Playground.TeamRouteTest" assertions="125" time="0.377319"/>
        <testcase name="test_json_restore_as_admin_and_succeed_with_no_redirect" file="/app/vendor/gammamatrix/playground-test/src/Feature/Http/Controllers/Resource/Playground/RestoreJsonTrait.php" line="100" class="Tests\Feature\Playground\Lead\Api\Http\Controllers\Playground\TeamRouteTest" classname="Tests.Feature.Playground.Lead.Api.Http.Controllers.Playground.TeamRouteTest" assertions="125" time="0.374776"/>
        <testcase name="test_json_restore_as_user_and_get_denied" file="/app/vendor/gammamatrix/playground-test/src/Feature/Http/Controllers/Resource/Playground/RestoreJsonTrait.php" line="143" class="Tests\Feature\Playground\Lead\Api\Http\Controllers\Playground\TeamRouteTest" classname="Tests.Feature.Playground.Lead.Api.Http.Controllers.Playground.TeamRouteTest" assertions="3" time="0.395458"/>
        <testcase name="test_json_guest_cannot_see_info" file="/app/vendor/gammamatrix/playground-test/src/Feature/Http/Controllers/Resource/Playground/ShowJsonTrait.php" line="29" class="Tests\Feature\Playground\Lead\Api\Http\Controllers\Playground\TeamRouteTest" classname="Tests.Feature.Playground.Lead.Api.Http.Controllers.Playground.TeamRouteTest" assertions="1" time="0.359606"/>
        <testcase name="test_json_show_info_for_admin" file="/app/vendor/gammamatrix/playground-test/src/Feature/Http/Controllers/Resource/Playground/ShowJsonTrait.php" line="49" class="Tests\Feature\Playground\Lead\Api\Http\Controllers\Playground\TeamRouteTest" classname="Tests.Feature.Playground.Lead.Api.Http.Controllers.Playground.TeamRouteTest" assertions="124" time="0.420629"/>
        <testcase name="test_json_guest_cannot_store" file="/app/vendor/gammamatrix/playground-test/src/Feature/Http/Controllers/Resource/Playground/StoreJsonTrait.php" line="43" class="Tests\Feature\Playground\Lead\Api\Http\Controllers\Playground\TeamRouteTest" classname="Tests.Feature.Playground.Lead.Api.Http.Controllers.Playground.TeamRouteTest" assertions="3" time="0.343626"/>
        <testcase name="test_json_store_as_admin_without_payload_and_fail_validation" file="/app/vendor/gammamatrix/playground-test/src/Feature/Http/Controllers/Resource/Playground/StoreJsonTrait.php" line="66" class="Tests\Feature\Playground\Lead\Api\Http\Controllers\Playground\TeamRouteTest" classname="Tests.Feature.Playground.Lead.Api.Http.Controllers.Playground.TeamRouteTest" assertions="5" time="0.362241"/>
        <testcase name="test_json_store_as_admin_and_succeed" file="/app/vendor/gammamatrix/playground-test/src/Feature/Http/Controllers/Resource/Playground/StoreJsonTrait.php" line="92" class="Tests\Feature\Playground\Lead\Api\Http\Controllers\Playground\TeamRouteTest" classname="Tests.Feature.Playground.Lead.Api.Http.Controllers.Playground.TeamRouteTest" assertions="3" time="0.458156"/>
        <testcase name="test_json_guest_cannot_unlock" file="/app/vendor/gammamatrix/playground-test/src/Feature/Http/Controllers/Resource/Playground/UnlockJsonTrait.php" line="36" class="Tests\Feature\Playground\Lead\Api\Http\Controllers\Playground\TeamRouteTest" classname="Tests.Feature.Playground.Lead.Api.Http.Controllers.Playground.TeamRouteTest" assertions="3" time="0.354565"/>
        <testcase name="test_json_unlock_as_admin_and_succeed" file="/app/vendor/gammamatrix/playground-test/src/Feature/Http/Controllers/Resource/Playground/UnlockJsonTrait.php" line="68" class="Tests\Feature\Playground\Lead\Api\Http\Controllers\Playground\TeamRouteTest" classname="Tests.Feature.Playground.Lead.Api.Http.Controllers.Playground.TeamRouteTest" assertions="125" time="0.376011"/>
        <testcase name="test_json_unlock_as_admin_and_succeed_with_no_redirect" file="/app/vendor/gammamatrix/playground-test/src/Feature/Http/Controllers/Resource/Playground/UnlockJsonTrait.php" line="104" class="Tests\Feature\Playground\Lead\Api\Http\Controllers\Playground\TeamRouteTest" classname="Tests.Feature.Playground.Lead.Api.Http.Controllers.Playground.TeamRouteTest" assertions="125" time="0.420934"/>
        <testcase name="test_json_unlock_as_user_and_get_denied" file="/app/vendor/gammamatrix/playground-test/src/Feature/Http/Controllers/Resource/Playground/UnlockJsonTrait.php" line="145" class="Tests\Feature\Playground\Lead\Api\Http\Controllers\Playground\TeamRouteTest" classname="Tests.Feature.Playground.Lead.Api.Http.Controllers.Playground.TeamRouteTest" assertions="3" time="0.372597"/>
        <testcase name="test_json_guest_cannot_update" file="/app/vendor/gammamatrix/playground-test/src/Feature/Http/Controllers/Resource/Playground/UpdateJsonTrait.php" line="45" class="Tests\Feature\Playground\Lead\Api\Http\Controllers\Playground\TeamRouteTest" classname="Tests.Feature.Playground.Lead.Api.Http.Controllers.Playground.TeamRouteTest" assertions="1" time="0.352516"/>
        <testcase name="test_json_update_as_admin_without_payload_and_fail_validation" file="/app/vendor/gammamatrix/playground-test/src/Feature/Http/Controllers/Resource/Playground/UpdateJsonTrait.php" line="65" class="Tests\Feature\Playground\Lead\Api\Http\Controllers\Playground\TeamRouteTest" classname="Tests.Feature.Playground.Lead.Api.Http.Controllers.Playground.TeamRouteTest" assertions="4" time="0.408686"/>
        <testcase name="test_json_admin_can_update" file="/app/vendor/gammamatrix/playground-test/src/Feature/Http/Controllers/Resource/Playground/UpdateJsonTrait.php" line="90" class="Tests\Feature\Playground\Lead\Api\Http\Controllers\Playground\TeamRouteTest" classname="Tests.Feature.Playground.Lead.Api.Http.Controllers.Playground.TeamRouteTest" assertions="127" time="0.433185"/>
      </testsuite>
      <testsuite name="Tests\Feature\Playground\Lead\Api\Http\Controllers\Playground\TeammateRouteTest" file="/app/tests/Feature/Http/Controllers/Playground/TeammateRouteTest.php" tests="35" assertions="1210" errors="0" failures="0" skipped="0" time="13.518874">
        <testcase name="test_json_guest_cannot_get_create_info" file="/app/vendor/gammamatrix/playground-test/src/Feature/Http/Controllers/Resource/Playground/CreateJsonTrait.php" line="38" class="Tests\Feature\Playground\Lead\Api\Http\Controllers\Playground\TeammateRouteTest" classname="Tests.Feature.Playground.Lead.Api.Http.Controllers.Playground.TeammateRouteTest" assertions="1" time="0.403525"/>
        <testcase name="test_json_admin_can_get_create_info" file="/app/vendor/gammamatrix/playground-test/src/Feature/Http/Controllers/Resource/Playground/CreateJsonTrait.php" line="53" class="Tests\Feature\Playground\Lead\Api\Http\Controllers\Playground\TeammateRouteTest" classname="Tests.Feature.Playground.Lead.Api.Http.Controllers.Playground.TeammateRouteTest" assertions="123" time="0.370264"/>
        <testcase name="test_json_get_create_info_as_admin_with_invalid_parameter_and_fail_validation" file="/app/vendor/gammamatrix/playground-test/src/Feature/Http/Controllers/Resource/Playground/CreateJsonTrait.php" line="73" class="Tests\Feature\Playground\Lead\Api\Http\Controllers\Playground\TeammateRouteTest" classname="Tests.Feature.Playground.Lead.Api.Http.Controllers.Playground.TeammateRouteTest" assertions="4" time="0.365866"/>
        <testcase name="test_json_guest_cannot_destroy" file="/app/vendor/gammamatrix/playground-test/src/Feature/Http/Controllers/Resource/Playground/DestroyJsonTrait.php" line="31" class="Tests\Feature\Playground\Lead\Api\Http\Controllers\Playground\TeammateRouteTest" classname="Tests.Feature.Playground.Lead.Api.Http.Controllers.Playground.TeammateRouteTest" assertions="3" time="0.381735"/>
        <testcase name="test_json_destroy_as_admin_and_succeed" file="/app/vendor/gammamatrix/playground-test/src/Feature/Http/Controllers/Resource/Playground/DestroyJsonTrait.php" line="61" class="Tests\Feature\Playground\Lead\Api\Http\Controllers\Playground\TeammateRouteTest" classname="Tests.Feature.Playground.Lead.Api.Http.Controllers.Playground.TeammateRouteTest" assertions="5" time="0.359416"/>
        <testcase name="test_json_destroy_as_admin_and_succeed_with_force_delete" file="/app/vendor/gammamatrix/playground-test/src/Feature/Http/Controllers/Resource/Playground/DestroyJsonTrait.php" line="100" class="Tests\Feature\Playground\Lead\Api\Http\Controllers\Playground\TeammateRouteTest" classname="Tests.Feature.Playground.Lead.Api.Http.Controllers.Playground.TeammateRouteTest" assertions="4" time="0.374876"/>
        <testcase name="test_json_destroy_as_admin_and_succeed_with_no_content" file="/app/vendor/gammamatrix/playground-test/src/Feature/Http/Controllers/Resource/Playground/DestroyJsonTrait.php" line="132" class="Tests\Feature\Playground\Lead\Api\Http\Controllers\Playground\TeammateRouteTest" classname="Tests.Feature.Playground.Lead.Api.Http.Controllers.Playground.TeammateRouteTest" assertions="5" time="0.394779"/>
        <testcase name="test_json_destroy_as_admin_and_succeed_and_ignore_redirect" file="/app/vendor/gammamatrix/playground-test/src/Feature/Http/Controllers/Resource/Playground/DestroyJsonTrait.php" line="167" class="Tests\Feature\Playground\Lead\Api\Http\Controllers\Playground\TeammateRouteTest" classname="Tests.Feature.Playground.Lead.Api.Http.Controllers.Playground.TeammateRouteTest" assertions="5" time="0.364269"/>
        <testcase name="test_json_destroy_as_user_and_get_denied_and_no_force_delete_allowed" file="/app/vendor/gammamatrix/playground-test/src/Feature/Http/Controllers/Resource/Playground/DestroyJsonTrait.php" line="209" class="Tests\Feature\Playground\Lead\Api\Http\Controllers\Playground\TeammateRouteTest" classname="Tests.Feature.Playground.Lead.Api.Http.Controllers.Playground.TeammateRouteTest" assertions="3" time="0.405668"/>
        <testcase name="test_json_guest_cannot_get_edit_info" file="/app/vendor/gammamatrix/playground-test/src/Feature/Http/Controllers/Resource/Playground/EditJsonTrait.php" line="38" class="Tests\Feature\Playground\Lead\Api\Http\Controllers\Playground\TeammateRouteTest" classname="Tests.Feature.Playground.Lead.Api.Http.Controllers.Playground.TeammateRouteTest" assertions="1" time="0.360370"/>
        <testcase name="test_json_admin_can_get_edit_info" file="/app/vendor/gammamatrix/playground-test/src/Feature/Http/Controllers/Resource/Playground/EditJsonTrait.php" line="58" class="Tests\Feature\Playground\Lead\Api\Http\Controllers\Playground\TeammateRouteTest" classname="Tests.Feature.Playground.Lead.Api.Http.Controllers.Playground.TeammateRouteTest" assertions="4" time="0.374210"/>
        <testcase name="test_json_edit_as_admin_and_fail_validation_with_invalid_parameter" file="/app/vendor/gammamatrix/playground-test/src/Feature/Http/Controllers/Resource/Playground/EditJsonTrait.php" line="87" class="Tests\Feature\Playground\Lead\Api\Http\Controllers\Playground\TeammateRouteTest" classname="Tests.Feature.Playground.Lead.Api.Http.Controllers.Playground.TeammateRouteTest" assertions="4" time="0.409868"/>
        <testcase name="test_json_guest_cannot_get_index" file="/app/vendor/gammamatrix/playground-test/src/Feature/Http/Controllers/Resource/Playground/IndexJsonTrait.php" line="34" class="Tests\Feature\Playground\Lead\Api\Http\Controllers\Playground\TeammateRouteTest" classname="Tests.Feature.Playground.Lead.Api.Http.Controllers.Playground.TeammateRouteTest" assertions="1" time="0.363994"/>
        <testcase name="test_json_admin_can_get_index" file="/app/vendor/gammamatrix/playground-test/src/Feature/Http/Controllers/Resource/Playground/IndexJsonTrait.php" line="49" class="Tests\Feature\Playground\Lead\Api\Http\Controllers\Playground\TeammateRouteTest" classname="Tests.Feature.Playground.Lead.Api.Http.Controllers.Playground.TeammateRouteTest" assertions="130" time="0.388301"/>
        <testcase name="test_json_admin_can_get_index_with_filters" file="/app/vendor/gammamatrix/playground-test/src/Feature/Http/Controllers/Resource/Playground/IndexJsonTrait.php" line="85" class="Tests\Feature\Playground\Lead\Api\Http\Controllers\Playground\TeammateRouteTest" classname="Tests.Feature.Playground.Lead.Api.Http.Controllers.Playground.TeammateRouteTest" assertions="3" time="0.411970"/>
        <testcase name="test_json_guest_cannot_lock" file="/app/vendor/gammamatrix/playground-test/src/Feature/Http/Controllers/Resource/Playground/LockJsonTrait.php" line="36" class="Tests\Feature\Playground\Lead\Api\Http\Controllers\Playground\TeammateRouteTest" classname="Tests.Feature.Playground.Lead.Api.Http.Controllers.Playground.TeammateRouteTest" assertions="3" time="0.351292"/>
        <testcase name="test_json_lock_as_admin_and_succeed" file="/app/vendor/gammamatrix/playground-test/src/Feature/Http/Controllers/Resource/Playground/LockJsonTrait.php" line="66" class="Tests\Feature\Playground\Lead\Api\Http\Controllers\Playground\TeammateRouteTest" classname="Tests.Feature.Playground.Lead.Api.Http.Controllers.Playground.TeammateRouteTest" assertions="3" time="0.375658"/>
        <testcase name="test_json_lock_as_admin_and_succeed_with_no_redirect" file="/app/vendor/gammamatrix/playground-test/src/Feature/Http/Controllers/Resource/Playground/LockJsonTrait.php" line="98" class="Tests\Feature\Playground\Lead\Api\Http\Controllers\Playground\TeammateRouteTest" classname="Tests.Feature.Playground.Lead.Api.Http.Controllers.Playground.TeammateRouteTest" assertions="125" time="0.397458"/>
        <testcase name="test_json_lock_as_user_and_get_denied" file="/app/vendor/gammamatrix/playground-test/src/Feature/Http/Controllers/Resource/Playground/LockJsonTrait.php" line="143" class="Tests\Feature\Playground\Lead\Api\Http\Controllers\Playground\TeammateRouteTest" classname="Tests.Feature.Playground.Lead.Api.Http.Controllers.Playground.TeammateRouteTest" assertions="3" time="0.366977"/>
        <testcase name="test_json_guest_cannot_restore" file="/app/vendor/gammamatrix/playground-test/src/Feature/Http/Controllers/Resource/Playground/RestoreJsonTrait.php" line="32" class="Tests\Feature\Playground\Lead\Api\Http\Controllers\Playground\TeammateRouteTest" classname="Tests.Feature.Playground.Lead.Api.Http.Controllers.Playground.TeammateRouteTest" assertions="3" time="0.391677"/>
        <testcase name="test_json_restore_as_admin_and_succeed" file="/app/vendor/gammamatrix/playground-test/src/Feature/Http/Controllers/Resource/Playground/RestoreJsonTrait.php" line="64" class="Tests\Feature\Playground\Lead\Api\Http\Controllers\Playground\TeammateRouteTest" classname="Tests.Feature.Playground.Lead.Api.Http.Controllers.Playground.TeammateRouteTest" assertions="125" time="0.383985"/>
        <testcase name="test_json_restore_as_admin_and_succeed_with_no_redirect" file="/app/vendor/gammamatrix/playground-test/src/Feature/Http/Controllers/Resource/Playground/RestoreJsonTrait.php" line="100" class="Tests\Feature\Playground\Lead\Api\Http\Controllers\Playground\TeammateRouteTest" classname="Tests.Feature.Playground.Lead.Api.Http.Controllers.Playground.TeammateRouteTest" assertions="125" time="0.376953"/>
        <testcase name="test_json_restore_as_user_and_get_denied" file="/app/vendor/gammamatrix/playground-test/src/Feature/Http/Controllers/Resource/Playground/RestoreJsonTrait.php" line="143" class="Tests\Feature\Playground\Lead\Api\Http\Controllers\Playground\TeammateRouteTest" classname="Tests.Feature.Playground.Lead.Api.Http.Controllers.Playground.TeammateRouteTest" assertions="3" time="0.395854"/>
        <testcase name="test_json_guest_cannot_see_info" file="/app/vendor/gammamatrix/playground-test/src/Feature/Http/Controllers/Resource/Playground/ShowJsonTrait.php" line="29" class="Tests\Feature\Playground\Lead\Api\Http\Controllers\Playground\TeammateRouteTest" classname="Tests.Feature.Playground.Lead.Api.Http.Controllers.Playground.TeammateRouteTest" assertions="1" time="0.353621"/>
        <testcase name="test_json_show_info_for_admin" file="/app/vendor/gammamatrix/playground-test/src/Feature/Http/Controllers/Resource/Playground/ShowJsonTrait.php" line="49" class="Tests\Feature\Playground\Lead\Api\Http\Controllers\Playground\TeammateRouteTest" classname="Tests.Feature.Playground.Lead.Api.Http.Controllers.Playground.TeammateRouteTest" assertions="124" time="0.386491"/>
        <testcase name="test_json_guest_cannot_store" file="/app/vendor/gammamatrix/playground-test/src/Feature/Http/Controllers/Resource/Playground/StoreJsonTrait.php" line="43" class="Tests\Feature\Playground\Lead\Api\Http\Controllers\Playground\TeammateRouteTest" classname="Tests.Feature.Playground.Lead.Api.Http.Controllers.Playground.TeammateRouteTest" assertions="3" time="0.397586"/>
        <testcase name="test_json_store_as_admin_without_payload_and_fail_validation" file="/app/vendor/gammamatrix/playground-test/src/Feature/Http/Controllers/Resource/Playground/StoreJsonTrait.php" line="66" class="Tests\Feature\Playground\Lead\Api\Http\Controllers\Playground\TeammateRouteTest" classname="Tests.Feature.Playground.Lead.Api.Http.Controllers.Playground.TeammateRouteTest" assertions="5" time="0.364232"/>
        <testcase name="test_json_store_as_admin_and_succeed" file="/app/vendor/gammamatrix/playground-test/src/Feature/Http/Controllers/Resource/Playground/StoreJsonTrait.php" line="92" class="Tests\Feature\Playground\Lead\Api\Http\Controllers\Playground\TeammateRouteTest" classname="Tests.Feature.Playground.Lead.Api.Http.Controllers.Playground.TeammateRouteTest" assertions="3" time="0.453008"/>
        <testcase name="test_json_guest_cannot_unlock" file="/app/vendor/gammamatrix/playground-test/src/Feature/Http/Controllers/Resource/Playground/UnlockJsonTrait.php" line="36" class="Tests\Feature\Playground\Lead\Api\Http\Controllers\Playground\TeammateRouteTest" classname="Tests.Feature.Playground.Lead.Api.Http.Controllers.Playground.TeammateRouteTest" assertions="3" time="0.354176"/>
        <testcase name="test_json_unlock_as_admin_and_succeed" file="/app/vendor/gammamatrix/playground-test/src/Feature/Http/Controllers/Resource/Playground/UnlockJsonTrait.php" line="68" class="Tests\Feature\Playground\Lead\Api\Http\Controllers\Playground\TeammateRouteTest" classname="Tests.Feature.Playground.Lead.Api.Http.Controllers.Playground.TeammateRouteTest" assertions="125" time="0.374823"/>
        <testcase name="test_json_unlock_as_admin_and_succeed_with_no_redirect" file="/app/vendor/gammamatrix/playground-test/src/Feature/Http/Controllers/Resource/Playground/UnlockJsonTrait.php" line="104" class="Tests\Feature\Playground\Lead\Api\Http\Controllers\Playground\TeammateRouteTest" classname="Tests.Feature.Playground.Lead.Api.Http.Controllers.Playground.TeammateRouteTest" assertions="125" time="0.422870"/>
        <testcase name="test_json_unlock_as_user_and_get_denied" file="/app/vendor/gammamatrix/playground-test/src/Feature/Http/Controllers/Resource/Playground/UnlockJsonTrait.php" line="145" class="Tests\Feature\Playground\Lead\Api\Http\Controllers\Playground\TeammateRouteTest" classname="Tests.Feature.Playground.Lead.Api.Http.Controllers.Playground.TeammateRouteTest" assertions="3" time="0.379923"/>
        <testcase name="test_json_guest_cannot_update" file="/app/vendor/gammamatrix/playground-test/src/Feature/Http/Controllers/Resource/Playground/UpdateJsonTrait.php" line="45" class="Tests\Feature\Playground\Lead\Api\Http\Controllers\Playground\TeammateRouteTest" classname="Tests.Feature.Playground.Lead.Api.Http.Controllers.Playground.TeammateRouteTest" assertions="1" time="0.377694"/>
        <testcase name="test_json_update_as_admin_without_payload_and_fail_validation" file="/app/vendor/gammamatrix/playground-test/src/Feature/Http/Controllers/Resource/Playground/UpdateJsonTrait.php" line="65" class="Tests\Feature\Playground\Lead\Api\Http\Controllers\Playground\TeammateRouteTest" classname="Tests.Feature.Playground.Lead.Api.Http.Controllers.Playground.TeammateRouteTest" assertions="4" time="0.408241"/>
        <testcase name="test_json_admin_can_update" file="/app/vendor/gammamatrix/playground-test/src/Feature/Http/Controllers/Resource/Playground/UpdateJsonTrait.php" line="90" class="Tests\Feature\Playground\Lead\Api\Http\Controllers\Playground\TeammateRouteTest" classname="Tests.Feature.Playground.Lead.Api.Http.Controllers.Playground.TeammateRouteTest" assertions="127" time="0.477245"/>
      </testsuite>
      <testsuite name="Tests\Feature\Playground\Lead\Api\Http\Requests\FormRequest\InstanceTest" file="/app/tests/Feature/Http/Requests/FormRequest/InstanceTest.php" tests="1" assertions="1" errors="0" failures="0" skipped="0" time="0.370806">
        <testcase name="test_FormRequest_authorize_with_admin" file="/app/tests/Feature/Http/Requests/FormRequest/InstanceTest.php" line="21" class="Tests\Feature\Playground\Lead\Api\Http\Requests\FormRequest\InstanceTest" classname="Tests.Feature.Playground.Lead.Api.Http.Requests.FormRequest.InstanceTest" assertions="1" time="0.370806"/>
      </testsuite>
    </testsuite>
  </testsuite>
</testsuites>
